[35m[1mConsolidate compiler generated dependencies of target PointCloudProcessor[0m
[ 33%] Built target debug_vect_advertiser
[ 41%] Built target offboard_control
[ 50%] Built target vehicle_gps_position_listener
[ 83%] Built target sensor_combined_listener
[ 83%] Built target test_flight_control
[ 91%] [32mBuilding CXX object CMakeFiles/PointCloudProcessor.dir/src/PointCloudProcessor.cpp.o[0m
[01m[K/home/robmoemac/M-LADIS-sim/PX4 Aux/ws_sensor_combined/src/px4_ros_com/src/PointCloudProcessor.cpp:[m[K In member function â€˜[01m[Kvoid PointCloudProcessor::pointCloudCallback(sensor_msgs::msg::PointCloud2_<std::allocator<void> >::SharedPtr)[m[Kâ€™:
[01m[K/home/robmoemac/M-LADIS-sim/PX4 Aux/ws_sensor_combined/src/px4_ros_com/src/PointCloudProcessor.cpp:85:33:[m[K [01;31m[Kerror: [m[Kâ€˜[01m[Kpoints[m[Kâ€™ was not declared in this scope; did you mean â€˜[01m[KPoint[m[Kâ€™?
   85 |     std::vector<bool> processed([01;31m[Kpoints[m[K.size(), false);
      |                                 [01;31m[K^~~~~~[m[K
      |                                 [32m[KPoint[m[K
[01m[K/home/robmoemac/M-LADIS-sim/PX4 Aux/ws_sensor_combined/src/px4_ros_com/src/PointCloudProcessor.cpp:97:36:[m[K [01;31m[Kerror: [m[Kredeclaration of â€˜[01m[Kflann::Index<flann::L2<float> > kdTree[m[Kâ€™
   97 |     flann::Index<flann::L2<float>> [01;31m[KkdTree[m[K(dataset, flann::KDTreeIndexParams(4));
      |                                    [01;31m[K^~~~~~[m[K
[01m[K/home/robmoemac/M-LADIS-sim/PX4 Aux/ws_sensor_combined/src/px4_ros_com/src/PointCloudProcessor.cpp:74:36:[m[K [01;36m[Knote: [m[Kâ€˜[01m[Kflann::Index<flann::L2<float> > kdTree[m[Kâ€™ previously declared here
   74 |     flann::Index<flann::L2<float>> [01;36m[KkdTree[m[K(flann::KDTreeIndexParams(4)); // 4 is the branching factor
      |                                    [01;36m[K^~~~~~[m[K
gmake[2]: *** [CMakeFiles/PointCloudProcessor.dir/build.make:76: CMakeFiles/PointCloudProcessor.dir/src/PointCloudProcessor.cpp.o] Error 1
gmake[1]: *** [CMakeFiles/Makefile2:277: CMakeFiles/PointCloudProcessor.dir/all] Error 2
gmake: *** [Makefile:146: all] Error 2
