[01m[K/home/dserbin/Documents/M-LADIS-sim/PX4 Aux/ws_sensor_combined/src/px4_ros_com/src/examples/offboard/test_flight_control.cpp:32:78:[m[K [01;31m[Kerror: [m[Kâ€˜[01m[Kx[m[Kâ€™ does not name a type
   32 |         rclcpp::Publisher<TrajectorySetpoint>::SharedPtr waypoint_publisher_;[01;31m[Kx[m[K
      |                                                                              [01;31m[K^[m[K
[01m[K/home/dserbin/Documents/M-LADIS-sim/PX4 Aux/ws_sensor_combined/src/px4_ros_com/src/examples/offboard/test_flight_control.cpp:[m[K In constructor â€˜[01m[KTrajectorySetpointPublisher::TrajectorySetpointPublisher()[m[Kâ€™:
[01m[K/home/dserbin/Documents/M-LADIS-sim/PX4 Aux/ws_sensor_combined/src/px4_ros_com/src/examples/offboard/test_flight_control.cpp:23:54:[m[K [01;31m[Kerror: [m[Kâ€˜[01m[Kautonomy_waypoint_control[m[Kâ€™ was not declared in this scope
   23 |         waypoint_publisher_ = this->create_publisher<[01;31m[Kautonomy_waypoint_control[m[K>("/fmu/in/autonomy_waypoint", 10, [this](const           px4_msgs::msg::TrajectorySetpoint::SharedPtr msg));
      |                                                      [01;31m[K^~~~~~~~~~~~~~~~~~~~~~~~~[m[K
[01m[K/home/dserbin/Documents/M-LADIS-sim/PX4 Aux/ws_sensor_combined/src/px4_ros_com/src/examples/offboard/test_flight_control.cpp:[m[K In lambda function:
[01m[K/home/dserbin/Documents/M-LADIS-sim/PX4 Aux/ws_sensor_combined/src/px4_ros_com/src/examples/offboard/test_flight_control.cpp:23:186:[m[K [01;31m[Kerror: [m[Kexpected â€˜[01m[K{[m[Kâ€™ before â€˜[01m[K)[m[Kâ€™ token
   23 |         waypoint_publisher_ = this->create_publisher<autonomy_waypoint_control>("/fmu/in/autonomy_waypoint", 10, [this](const           px4_msgs::msg::TrajectorySetpoint::SharedPtr msg)[01;31m[K)[m[K;
      |                                                                                                                                                                                          [01;31m[K^[m[K
[01m[K/home/dserbin/Documents/M-LADIS-sim/PX4 Aux/ws_sensor_combined/src/px4_ros_com/src/examples/offboard/test_flight_control.cpp:23:182:[m[K [01;35m[Kwarning: [m[Kunused parameter â€˜[01m[Kmsg[m[Kâ€™ [[01;35m[K]8;;https://gcc.gnu.org/onlinedocs/gcc/Warning-Options.html#index-Wunused-parameter-Wunused-parameter]8;;[m[K]
   23 |         waypoint_publisher_ = this->create_publisher<autonomy_waypoint_control>("/fmu/in/autonomy_waypoint", 10, [this]([01;35m[Kconst           px4_msgs::msg::TrajectorySetpoint::SharedPtr msg[m[K));
      |                                                                                                                         [01;35m[K~~~~~~~~~~~~~~~~~~~~~~~~~~~~~~~~~~~~~~~~~~~~~~~~~~~~~~~~~~~~~^~~[m[K
[01m[K/home/dserbin/Documents/M-LADIS-sim/PX4 Aux/ws_sensor_combined/src/px4_ros_com/src/examples/offboard/test_flight_control.cpp:[m[K In constructor â€˜[01m[KTrajectorySetpointPublisher::TrajectorySetpointPublisher()[m[Kâ€™:
[01m[K/home/dserbin/Documents/M-LADIS-sim/PX4 Aux/ws_sensor_combined/src/px4_ros_com/src/examples/offboard/test_flight_control.cpp:23:80:[m[K [01;31m[Kerror: [m[Kno matching function for call to â€˜[01m[KTrajectorySetpointPublisher::create_publisher<<expression error> >(const char [26], int, TrajectorySetpointPublisher::TrajectorySetpointPublisher()::<lambda(px4_msgs::msg::TrajectorySetpoint_<std::allocator<void> >::SharedPtr)>)[m[Kâ€™
   23 |         waypoint_publisher_ = [01;31m[Kthis->create_publisher<autonomy_waypoint_control>("/fmu/in/autonomy_waypoint", 10, [this](const           px4_msgs::msg::TrajectorySetpoint::SharedPtr msg))[m[K;
      |                               [01;31m[K~~~~~~~~~~~~~~~~~~~~~~~~~~~~~~~~~~~~~~~~~~~~~~~~~^~~~~~~~~~~~~~~~~~~~~~~~~~~~~~~~~~~~~~~~~~~~~~~~~~~~~~~~~~~~~~~~~~~~~~~~~~~~~~~~~~~~~~~~~~~~~~~~~~~~~~~~~~~[m[K
In file included from [01m[K/opt/ros/humble/include/rclcpp/rclcpp/executors/single_threaded_executor.hpp:28[m[K,
                 from [01m[K/opt/ros/humble/include/rclcpp/rclcpp/executors.hpp:22[m[K,
                 from [01m[K/opt/ros/humble/include/rclcpp/rclcpp/rclcpp.hpp:155[m[K,
                 from [01m[K/home/dserbin/Documents/M-LADIS-sim/PX4 Aux/ws_sensor_combined/src/px4_ros_com/src/examples/offboard/test_flight_control.cpp:6[m[K:
[01m[K/opt/ros/humble/include/rclcpp/rclcpp/node.hpp:195:3:[m[K [01;36m[Knote: [m[Kcandidate: â€˜[01m[Ktemplate<class MessageT, class AllocatorT, class PublisherT> std::shared_ptr<PublisherT> rclcpp::Node::create_publisher(const string&, const rclcpp::QoS&, const rclcpp::PublisherOptionsWithAllocator<AllocatorT>&)[m[Kâ€™
  195 |   [01;36m[Kcreate_publisher[m[K(
      |   [01;36m[K^~~~~~~~~~~~~~~~[m[K
[01m[K/opt/ros/humble/include/rclcpp/rclcpp/node.hpp:195:3:[m[K [01;36m[Knote: [m[K  template argument deduction/substitution failed:
[01m[K/home/dserbin/Documents/M-LADIS-sim/PX4 Aux/ws_sensor_combined/src/px4_ros_com/src/examples/offboard/test_flight_control.cpp:23:80:[m[K [01;31m[Kerror: [m[Ktemplate argument 1 is invalid
   23 |         waypoint_publisher_ = [01;31m[Kthis->create_publisher<autonomy_waypoint_control>("/fmu/in/autonomy_waypoint", 10, [this](const           px4_msgs::msg::TrajectorySetpoint::SharedPtr msg))[m[K;
      |                               [01;31m[K~~~~~~~~~~~~~~~~~~~~~~~~~~~~~~~~~~~~~~~~~~~~~~~~~^~~~~~~~~~~~~~~~~~~~~~~~~~~~~~~~~~~~~~~~~~~~~~~~~~~~~~~~~~~~~~~~~~~~~~~~~~~~~~~~~~~~~~~~~~~~~~~~~~~~~~~~~~~[m[K
[01m[K/home/dserbin/Documents/M-LADIS-sim/PX4 Aux/ws_sensor_combined/src/px4_ros_com/src/examples/offboard/test_flight_control.cpp:27:82:[m[K [01;31m[Kerror: [m[Kâ€˜[01m[KpublishTrajectorySetpoint[m[Kâ€™ is not a member of â€˜[01m[KTrajectorySetpointPublisher[m[Kâ€™
   27 |                                          std::bind(&TrajectorySetpointPublisher::[01;31m[KpublishTrajectorySetpoint[m[K, this));
      |                                                                                  [01;31m[K^~~~~~~~~~~~~~~~~~~~~~~~~[m[K
gmake[2]: *** [CMakeFiles/test_flight_control.dir/build.make:76: CMakeFiles/test_flight_control.dir/src/examples/offboard/test_flight_control.cpp.o] Error 1
gmake[1]: *** [CMakeFiles/Makefile2:277: CMakeFiles/test_flight_control.dir/all] Error 2
gmake: *** [Makefile:146: all] Error 2
