[35m[1mConsolidate compiler generated dependencies of target test_flight_control[0m
[ 83%] Built target vehicle_gps_position_listener
[ 83%] Built target offboard_control
[ 83%] Built target sensor_combined_listener
[ 83%] Built target frame_transforms
[ 83%] Built target debug_vect_advertiser
[ 91%] [32mBuilding CXX object CMakeFiles/test_flight_control.dir/src/examples/offboard/test_flight_control.cpp.o[0m
[01m[K/home/dserbin/Documents/M-LADIS-sim/PX4 Aux/ws_sensor_combined/src/px4_ros_com/src/examples/offboard/test_flight_control.cpp:45:23:[m[K [01;31m[Kerror: [m[Kâ€˜[01m[Kyour_package_name[m[Kâ€™ was not declared in this scope
   45 |     rclcpp::Publisher<[01;31m[Kyour_package_name[m[K::msg::TrajectorySetpoint>::SharedPtr publisher_;
      |                       [01;31m[K^~~~~~~~~~~~~~~~~[m[K
[01m[K/home/dserbin/Documents/M-LADIS-sim/PX4 Aux/ws_sensor_combined/src/px4_ros_com/src/examples/offboard/test_flight_control.cpp:45:65:[m[K [01;31m[Kerror: [m[Ktemplate argument 1 is invalid
   45 |     rclcpp::Publisher<your_package_name::msg::TrajectorySetpoint[01;31m[K>[m[K::SharedPtr publisher_;
      |                                                                 [01;31m[K^[m[K
[01m[K/home/dserbin/Documents/M-LADIS-sim/PX4 Aux/ws_sensor_combined/src/px4_ros_com/src/examples/offboard/test_flight_control.cpp:45:68:[m[K [01;31m[Kerror: [m[Kexpected â€˜[01m[K;[m[Kâ€™ at end of member declaration
   45 |     rclcpp::Publisher<your_package_name::msg::TrajectorySetpoint>::[01;31m[KSharedPtr[m[K publisher_;
      |                                                                    [01;31m[K^~~~~~~~~[m[K
      |                                                                             [32m[K;[m[K
[01m[K/home/dserbin/Documents/M-LADIS-sim/PX4 Aux/ws_sensor_combined/src/px4_ros_com/src/examples/offboard/test_flight_control.cpp:45:78:[m[K [01;31m[Kerror: [m[Kâ€˜[01m[Kpublisher_[m[Kâ€™ does not name a type; did you mean â€˜[01m[Krmw_publisher_t[m[Kâ€™?
   45 |     rclcpp::Publisher<your_package_name::msg::TrajectorySetpoint>::SharedPtr [01;31m[Kpublisher_[m[K;
      |                                                                              [01;31m[K^~~~~~~~~~[m[K
      |                                                                              [32m[Krmw_publisher_t[m[K
[01m[K/home/dserbin/Documents/M-LADIS-sim/PX4 Aux/ws_sensor_combined/src/px4_ros_com/src/examples/offboard/test_flight_control.cpp:[m[K In member function â€˜[01m[Kvoid TrajectorySetpointPublisher::publishTrajectorySetpoint()[m[Kâ€™:
[01m[K/home/dserbin/Documents/M-LADIS-sim/PX4 Aux/ws_sensor_combined/src/px4_ros_com/src/examples/offboard/test_flight_control.cpp:34:24:[m[K [01;31m[Kerror: [m[Kâ€˜[01m[Kyour_package_name[m[Kâ€™ has not been declared
   34 |         auto message = [01;31m[Kyour_package_name[m[K::msg::TrajectorySetpoint();
      |                        [01;31m[K^~~~~~~~~~~~~~~~~[m[K
gmake[2]: *** [CMakeFiles/test_flight_control.dir/build.make:76: CMakeFiles/test_flight_control.dir/src/examples/offboard/test_flight_control.cpp.o] Error 1
gmake[1]: *** [CMakeFiles/Makefile2:277: CMakeFiles/test_flight_control.dir/all] Error 2
gmake: *** [Makefile:146: all] Error 2
