[0.078s] Invoking command in '/home/dserbin/Documents/M-LADIS-sim/PX4 Aux/ws_sensor_combined/build/px4_ros_com': CMAKE_PREFIX_PATH=/home/dserbin/Documents/M-LADIS-sim/PX4 Aux/ws_sensor_combined/install/px4_msgs:/home/dserbin/Documents/M-LADIS-sim/PX4 Aux/ws_sensor_combined/install/px4_ros_com:/opt/ros/humble LD_LIBRARY_PATH=/home/dserbin/Documents/M-LADIS-sim/PX4 Aux/ws_sensor_combined/install/px4_msgs/lib:/home/dserbin/Documents/M-LADIS-sim/PX4 Aux/ws_sensor_combined/install/px4_ros_com/lib:/opt/ros/humble/opt/rviz_ogre_vendor/lib:/opt/ros/humble/lib/x86_64-linux-gnu:/opt/ros/humble/lib /usr/bin/cmake --build /home/dserbin/Documents/M-LADIS-sim/PX4 Aux/ws_sensor_combined/build/px4_ros_com -- -j16 -l16
[0.139s] [35m[1mConsolidate compiler generated dependencies of target test_flight_control[0m
[0.157s] [ 83%] Built target vehicle_gps_position_listener
[0.157s] [ 83%] Built target offboard_control
[0.158s] [ 83%] Built target sensor_combined_listener
[0.158s] [ 83%] Built target frame_transforms
[0.158s] [ 83%] Built target debug_vect_advertiser
[0.163s] [ 91%] [32mBuilding CXX object CMakeFiles/test_flight_control.dir/src/examples/offboard/test_flight_control.cpp.o[0m
[3.120s] [01m[K/home/dserbin/Documents/M-LADIS-sim/PX4 Aux/ws_sensor_combined/src/px4_ros_com/src/examples/offboard/test_flight_control.cpp:45:23:[m[K [01;31m[Kerror: [m[Kâ€˜[01m[Kyour_package_name[m[Kâ€™ was not declared in this scope
[3.120s]    45 |     rclcpp::Publisher<[01;31m[Kyour_package_name[m[K::msg::TrajectorySetpoint>::SharedPtr publisher_;
[3.120s]       |                       [01;31m[K^~~~~~~~~~~~~~~~~[m[K
[3.120s] [01m[K/home/dserbin/Documents/M-LADIS-sim/PX4 Aux/ws_sensor_combined/src/px4_ros_com/src/examples/offboard/test_flight_control.cpp:45:65:[m[K [01;31m[Kerror: [m[Ktemplate argument 1 is invalid
[3.121s]    45 |     rclcpp::Publisher<your_package_name::msg::TrajectorySetpoint[01;31m[K>[m[K::SharedPtr publisher_;
[3.121s]       |                                                                 [01;31m[K^[m[K
[3.121s] [01m[K/home/dserbin/Documents/M-LADIS-sim/PX4 Aux/ws_sensor_combined/src/px4_ros_com/src/examples/offboard/test_flight_control.cpp:45:68:[m[K [01;31m[Kerror: [m[Kexpected â€˜[01m[K;[m[Kâ€™ at end of member declaration
[3.121s]    45 |     rclcpp::Publisher<your_package_name::msg::TrajectorySetpoint>::[01;31m[KSharedPtr[m[K publisher_;
[3.121s]       |                                                                    [01;31m[K^~~~~~~~~[m[K
[3.121s]       |                                                                             [32m[K;[m[K
[3.121s] [01m[K/home/dserbin/Documents/M-LADIS-sim/PX4 Aux/ws_sensor_combined/src/px4_ros_com/src/examples/offboard/test_flight_control.cpp:45:78:[m[K [01;31m[Kerror: [m[Kâ€˜[01m[Kpublisher_[m[Kâ€™ does not name a type; did you mean â€˜[01m[Krmw_publisher_t[m[Kâ€™?
[3.121s]    45 |     rclcpp::Publisher<your_package_name::msg::TrajectorySetpoint>::SharedPtr [01;31m[Kpublisher_[m[K;
[3.121s]       |                                                                              [01;31m[K^~~~~~~~~~[m[K
[3.121s]       |                                                                              [32m[Krmw_publisher_t[m[K
[3.139s] [01m[K/home/dserbin/Documents/M-LADIS-sim/PX4 Aux/ws_sensor_combined/src/px4_ros_com/src/examples/offboard/test_flight_control.cpp:[m[K In member function â€˜[01m[Kvoid TrajectorySetpointPublisher::publishTrajectorySetpoint()[m[Kâ€™:
[3.139s] [01m[K/home/dserbin/Documents/M-LADIS-sim/PX4 Aux/ws_sensor_combined/src/px4_ros_com/src/examples/offboard/test_flight_control.cpp:34:24:[m[K [01;31m[Kerror: [m[Kâ€˜[01m[Kyour_package_name[m[Kâ€™ has not been declared
[3.139s]    34 |         auto message = [01;31m[Kyour_package_name[m[K::msg::TrajectorySetpoint();
[3.139s]       |                        [01;31m[K^~~~~~~~~~~~~~~~~[m[K
[4.076s] gmake[2]: *** [CMakeFiles/test_flight_control.dir/build.make:76: CMakeFiles/test_flight_control.dir/src/examples/offboard/test_flight_control.cpp.o] Error 1
[4.077s] gmake[1]: *** [CMakeFiles/Makefile2:277: CMakeFiles/test_flight_control.dir/all] Error 2
[4.077s] gmake: *** [Makefile:146: all] Error 2
[4.081s] Invoked command in '/home/dserbin/Documents/M-LADIS-sim/PX4 Aux/ws_sensor_combined/build/px4_ros_com' returned '2': CMAKE_PREFIX_PATH=/home/dserbin/Documents/M-LADIS-sim/PX4 Aux/ws_sensor_combined/install/px4_msgs:/home/dserbin/Documents/M-LADIS-sim/PX4 Aux/ws_sensor_combined/install/px4_ros_com:/opt/ros/humble LD_LIBRARY_PATH=/home/dserbin/Documents/M-LADIS-sim/PX4 Aux/ws_sensor_combined/install/px4_msgs/lib:/home/dserbin/Documents/M-LADIS-sim/PX4 Aux/ws_sensor_combined/install/px4_ros_com/lib:/opt/ros/humble/opt/rviz_ogre_vendor/lib:/opt/ros/humble/lib/x86_64-linux-gnu:/opt/ros/humble/lib /usr/bin/cmake --build /home/dserbin/Documents/M-LADIS-sim/PX4 Aux/ws_sensor_combined/build/px4_ros_com -- -j16 -l16
