[35m[1mConsolidate compiler generated dependencies of target pc_conv[0m
[ 64%] Built target test_flight_control
[ 64%] Built target offboard_control
[ 64%] Built target sensor_combined_listener
[ 71%] Built target frame_transforms
[ 71%] Built target debug_vect_advertiser
[ 85%] Built target vehicle_gps_position_listener
[ 92%] [32mBuilding CXX object CMakeFiles/pc_conv.dir/src/examples/listeners/pc_conv.cpp.o[0m
[01m[K/home/dserbin/Documents/M-LADIS-sim/PX4 Aux/ws_sensor_combined/src/px4_ros_com/src/examples/listeners/pc_conv.cpp:6:19:[m[K [01;31m[Kerror: [m[Kâ€˜[01m[Ksensor_msgs[m[Kâ€™ was not declared in this scope
    6 | rclcpp::Publisher<[01;31m[Ksensor_msgs[m[K::msg::point_cloud2>::SharedPtr laser_scan_pub;
      |                   [01;31m[K^~~~~~~~~~~[m[K
[01m[K/home/dserbin/Documents/M-LADIS-sim/PX4 Aux/ws_sensor_combined/src/px4_ros_com/src/examples/listeners/pc_conv.cpp:6:49:[m[K [01;31m[Kerror: [m[Ktemplate argument 1 is invalid
    6 | rclcpp::Publisher<sensor_msgs::msg::point_cloud2[01;31m[K>[m[K::SharedPtr laser_scan_pub;
      |                                                 [01;31m[K^[m[K
[01m[K/home/dserbin/Documents/M-LADIS-sim/PX4 Aux/ws_sensor_combined/src/px4_ros_com/src/examples/listeners/pc_conv.cpp:6:62:[m[K [01;31m[Kerror: [m[Kexpected initializer before â€˜[01m[Klaser_scan_pub[m[Kâ€™
    6 | rclcpp::Publisher<sensor_msgs::msg::point_cloud2>::SharedPtr [01;31m[Klaser_scan_pub[m[K;
      |                                                              [01;31m[K^~~~~~~~~~~~~~[m[K
[01m[K/home/dserbin/Documents/M-LADIS-sim/PX4 Aux/ws_sensor_combined/src/px4_ros_com/src/examples/listeners/pc_conv.cpp:8:6:[m[K [01;31m[Kerror: [m[Kvariable or field â€˜[01m[Kcb[m[Kâ€™ declared void
    8 | void [01;31m[Kcb[m[K(Constpoint_cloud2StampedPtr &_msg)
      |      [01;31m[K^~[m[K
[01m[K/home/dserbin/Documents/M-LADIS-sim/PX4 Aux/ws_sensor_combined/src/px4_ros_com/src/examples/listeners/pc_conv.cpp:8:9:[m[K [01;31m[Kerror: [m[Kâ€˜[01m[KConstpoint_cloud2StampedPtr[m[Kâ€™ was not declared in this scope
    8 | void cb([01;31m[KConstpoint_cloud2StampedPtr[m[K &_msg)
      |         [01;31m[K^~~~~~~~~~~~~~~~~~~~~~~~~~~[m[K
[01m[K/home/dserbin/Documents/M-LADIS-sim/PX4 Aux/ws_sensor_combined/src/px4_ros_com/src/examples/listeners/pc_conv.cpp:8:38:[m[K [01;31m[Kerror: [m[Kâ€˜[01m[K_msg[m[Kâ€™ was not declared in this scope
    8 | void cb(Constpoint_cloud2StampedPtr &[01;31m[K_msg[m[K)
      |                                      [01;31m[K^~~~[m[K
[01m[K/home/dserbin/Documents/M-LADIS-sim/PX4 Aux/ws_sensor_combined/src/px4_ros_com/src/examples/listeners/pc_conv.cpp:[m[K In function â€˜[01m[Kint main(int, char**)[m[Kâ€™:
[01m[K/home/dserbin/Documents/M-LADIS-sim/PX4 Aux/ws_sensor_combined/src/px4_ros_com/src/examples/listeners/pc_conv.cpp:18:2:[m[K [01;31m[Kerror: [m[Kexpected â€˜[01m[K}[m[Kâ€™ at end of input
   18 | [32m[K{[m[K
      | [32m[K~[m[K[01;31m[K^[m[K
[01m[K/home/dserbin/Documents/M-LADIS-sim/PX4 Aux/ws_sensor_combined/src/px4_ros_com/src/examples/listeners/pc_conv.cpp:17:14:[m[K [01;35m[Kwarning: [m[Kunused parameter â€˜[01m[Kargc[m[Kâ€™ [[01;35m[K]8;;https://gcc.gnu.org/onlinedocs/gcc/Warning-Options.html#index-Wunused-parameter-Wunused-parameter]8;;[m[K]
   17 | int main([01;35m[Kint argc[m[K, char ** argv)
      |          [01;35m[K~~~~^~~~[m[K
[01m[K/home/dserbin/Documents/M-LADIS-sim/PX4 Aux/ws_sensor_combined/src/px4_ros_com/src/examples/listeners/pc_conv.cpp:17:28:[m[K [01;35m[Kwarning: [m[Kunused parameter â€˜[01m[Kargv[m[Kâ€™ [[01;35m[K]8;;https://gcc.gnu.org/onlinedocs/gcc/Warning-Options.html#index-Wunused-parameter-Wunused-parameter]8;;[m[K]
   17 | int main(int argc, [01;35m[Kchar ** argv[m[K)
      |                    [01;35m[K~~~~~~~~^~~~[m[K
gmake[2]: *** [CMakeFiles/pc_conv.dir/build.make:76: CMakeFiles/pc_conv.dir/src/examples/listeners/pc_conv.cpp.o] Error 1
gmake[1]: *** [CMakeFiles/Makefile2:305: CMakeFiles/pc_conv.dir/all] Error 2
gmake: *** [Makefile:146: all] Error 2
