[0.049s] Invoking command in '/home/dserbin/Documents/M-LADIS-sim/PX4 Aux/ws_sensor_combined/build/px4_ros_com': AMENT_PREFIX_PATH=/home/dserbin/Documents/M-LADIS-sim/PX4 Aux/ws_sensor_combined/install/px4_msgs:${AMENT_PREFIX_PATH} CMAKE_PREFIX_PATH=/home/dserbin/Documents/M-LADIS-sim/PX4 Aux/ws_sensor_combined/install/px4_msgs:/opt/ros/humble LD_LIBRARY_PATH=/home/dserbin/Documents/M-LADIS-sim/PX4 Aux/ws_sensor_combined/install/px4_msgs/lib:${LD_LIBRARY_PATH} PYTHONPATH=/home/dserbin/Documents/M-LADIS-sim/PX4 Aux/ws_sensor_combined/install/px4_msgs/local/lib/python3.10/dist-packages:${PYTHONPATH} /usr/bin/cmake --build /home/dserbin/Documents/M-LADIS-sim/PX4 Aux/ws_sensor_combined/build/px4_ros_com -- -j16 -l16
[0.089s] [35m[1mConsolidate compiler generated dependencies of target pc_conv[0m
[0.101s] [ 64%] Built target test_flight_control
[0.101s] [ 64%] Built target offboard_control
[0.101s] [ 64%] Built target sensor_combined_listener
[0.102s] [ 71%] Built target frame_transforms
[0.102s] [ 71%] Built target debug_vect_advertiser
[0.102s] [ 85%] Built target vehicle_gps_position_listener
[0.106s] [ 92%] [32mBuilding CXX object CMakeFiles/pc_conv.dir/src/examples/listeners/pc_conv.cpp.o[0m
[1.794s] [01m[K/home/dserbin/Documents/M-LADIS-sim/PX4 Aux/ws_sensor_combined/src/px4_ros_com/src/examples/listeners/pc_conv.cpp:6:19:[m[K [01;31m[Kerror: [m[Kâ€˜[01m[Ksensor_msgs[m[Kâ€™ was not declared in this scope
[1.794s]     6 | rclcpp::Publisher<[01;31m[Ksensor_msgs[m[K::msg::point_cloud2>::SharedPtr laser_scan_pub;
[1.794s]       |                   [01;31m[K^~~~~~~~~~~[m[K
[1.794s] [01m[K/home/dserbin/Documents/M-LADIS-sim/PX4 Aux/ws_sensor_combined/src/px4_ros_com/src/examples/listeners/pc_conv.cpp:6:49:[m[K [01;31m[Kerror: [m[Ktemplate argument 1 is invalid
[1.794s]     6 | rclcpp::Publisher<sensor_msgs::msg::point_cloud2[01;31m[K>[m[K::SharedPtr laser_scan_pub;
[1.794s]       |                                                 [01;31m[K^[m[K
[1.794s] [01m[K/home/dserbin/Documents/M-LADIS-sim/PX4 Aux/ws_sensor_combined/src/px4_ros_com/src/examples/listeners/pc_conv.cpp:6:62:[m[K [01;31m[Kerror: [m[Kexpected initializer before â€˜[01m[Klaser_scan_pub[m[Kâ€™
[1.794s]     6 | rclcpp::Publisher<sensor_msgs::msg::point_cloud2>::SharedPtr [01;31m[Klaser_scan_pub[m[K;
[1.794s]       |                                                              [01;31m[K^~~~~~~~~~~~~~[m[K
[1.794s] [01m[K/home/dserbin/Documents/M-LADIS-sim/PX4 Aux/ws_sensor_combined/src/px4_ros_com/src/examples/listeners/pc_conv.cpp:8:6:[m[K [01;31m[Kerror: [m[Kvariable or field â€˜[01m[Kcb[m[Kâ€™ declared void
[1.794s]     8 | void [01;31m[Kcb[m[K(Constpoint_cloud2StampedPtr &_msg)
[1.795s]       |      [01;31m[K^~[m[K
[1.799s] [01m[K/home/dserbin/Documents/M-LADIS-sim/PX4 Aux/ws_sensor_combined/src/px4_ros_com/src/examples/listeners/pc_conv.cpp:8:9:[m[K [01;31m[Kerror: [m[Kâ€˜[01m[KConstpoint_cloud2StampedPtr[m[Kâ€™ was not declared in this scope
[1.799s]     8 | void cb([01;31m[KConstpoint_cloud2StampedPtr[m[K &_msg)
[1.799s]       |         [01;31m[K^~~~~~~~~~~~~~~~~~~~~~~~~~~[m[K
[1.801s] [01m[K/home/dserbin/Documents/M-LADIS-sim/PX4 Aux/ws_sensor_combined/src/px4_ros_com/src/examples/listeners/pc_conv.cpp:8:38:[m[K [01;31m[Kerror: [m[Kâ€˜[01m[K_msg[m[Kâ€™ was not declared in this scope
[1.801s]     8 | void cb(Constpoint_cloud2StampedPtr &[01;31m[K_msg[m[K)
[1.801s]       |                                      [01;31m[K^~~~[m[K
[1.801s] [01m[K/home/dserbin/Documents/M-LADIS-sim/PX4 Aux/ws_sensor_combined/src/px4_ros_com/src/examples/listeners/pc_conv.cpp:[m[K In function â€˜[01m[Kint main(int, char**)[m[Kâ€™:
[1.801s] [01m[K/home/dserbin/Documents/M-LADIS-sim/PX4 Aux/ws_sensor_combined/src/px4_ros_com/src/examples/listeners/pc_conv.cpp:18:2:[m[K [01;31m[Kerror: [m[Kexpected â€˜[01m[K}[m[Kâ€™ at end of input
[1.801s]    18 | [32m[K{[m[K
[1.801s]       | [32m[K~[m[K[01;31m[K^[m[K
[1.801s] [01m[K/home/dserbin/Documents/M-LADIS-sim/PX4 Aux/ws_sensor_combined/src/px4_ros_com/src/examples/listeners/pc_conv.cpp:17:14:[m[K [01;35m[Kwarning: [m[Kunused parameter â€˜[01m[Kargc[m[Kâ€™ [[01;35m[K]8;;https://gcc.gnu.org/onlinedocs/gcc/Warning-Options.html#index-Wunused-parameter-Wunused-parameter]8;;[m[K]
[1.802s]    17 | int main([01;35m[Kint argc[m[K, char ** argv)
[1.802s]       |          [01;35m[K~~~~^~~~[m[K
[1.802s] [01m[K/home/dserbin/Documents/M-LADIS-sim/PX4 Aux/ws_sensor_combined/src/px4_ros_com/src/examples/listeners/pc_conv.cpp:17:28:[m[K [01;35m[Kwarning: [m[Kunused parameter â€˜[01m[Kargv[m[Kâ€™ [[01;35m[K]8;;https://gcc.gnu.org/onlinedocs/gcc/Warning-Options.html#index-Wunused-parameter-Wunused-parameter]8;;[m[K]
[1.802s]    17 | int main(int argc, [01;35m[Kchar ** argv[m[K)
[1.802s]       |                    [01;35m[K~~~~~~~~^~~~[m[K
[2.120s] gmake[2]: *** [CMakeFiles/pc_conv.dir/build.make:76: CMakeFiles/pc_conv.dir/src/examples/listeners/pc_conv.cpp.o] Error 1
[2.120s] gmake[1]: *** [CMakeFiles/Makefile2:305: CMakeFiles/pc_conv.dir/all] Error 2
[2.121s] gmake: *** [Makefile:146: all] Error 2
[2.123s] Invoked command in '/home/dserbin/Documents/M-LADIS-sim/PX4 Aux/ws_sensor_combined/build/px4_ros_com' returned '2': AMENT_PREFIX_PATH=/home/dserbin/Documents/M-LADIS-sim/PX4 Aux/ws_sensor_combined/install/px4_msgs:${AMENT_PREFIX_PATH} CMAKE_PREFIX_PATH=/home/dserbin/Documents/M-LADIS-sim/PX4 Aux/ws_sensor_combined/install/px4_msgs:/opt/ros/humble LD_LIBRARY_PATH=/home/dserbin/Documents/M-LADIS-sim/PX4 Aux/ws_sensor_combined/install/px4_msgs/lib:${LD_LIBRARY_PATH} PYTHONPATH=/home/dserbin/Documents/M-LADIS-sim/PX4 Aux/ws_sensor_combined/install/px4_msgs/local/lib/python3.10/dist-packages:${PYTHONPATH} /usr/bin/cmake --build /home/dserbin/Documents/M-LADIS-sim/PX4 Aux/ws_sensor_combined/build/px4_ros_com -- -j16 -l16
