[35m[1mConsolidate compiler generated dependencies of target PointCloudProcessor[0m
[ 16%] Built target vehicle_gps_position_listener
[ 66%] Built target debug_vect_advertiser
[ 66%] Built target sensor_combined_listener
[ 66%] Built target offboard_control
[ 83%] Built target test_flight_control
[ 91%] [32mBuilding CXX object CMakeFiles/PointCloudProcessor.dir/src/computer_viz/PointCloudProcessor.cpp.o[0m
[01m[K/home/robmoemac/M-LADIS-sim/PX4 Aux/ws_sensor_combined/src/px4_ros_com/src/computer_viz/PointCloudProcessor.cpp:46:2:[m[K [01;31m[Kerror: [m[Kexpected â€˜[01m[K;[m[Kâ€™ after class definition
   46 | }
      |  [01;31m[K^[m[K
      |  [32m[K;[m[K
gmake[2]: *** [CMakeFiles/PointCloudProcessor.dir/build.make:76: CMakeFiles/PointCloudProcessor.dir/src/computer_viz/PointCloudProcessor.cpp.o] Error 1
gmake[1]: *** [CMakeFiles/Makefile2:277: CMakeFiles/PointCloudProcessor.dir/all] Error 2
gmake: *** [Makefile:146: all] Error 2
