[0.044s] Invoking command in '/home/robmoemac/M-LADIS-sim/PX4 Aux/ws_sensor_combined/build/px4_ros_com': CMAKE_PREFIX_PATH=/home/robmoemac/M-LADIS-sim/PX4 Aux/ws_sensor_combined/install/px4_msgs:/home/robmoemac/M-LADIS-sim/PX4 Aux/ws_sensor_combined/install/velodyne:/home/robmoemac/M-LADIS-sim/PX4 Aux/ws_sensor_combined/install/velodyne_pointcloud:/home/robmoemac/M-LADIS-sim/PX4 Aux/ws_sensor_combined/install/velodyne_driver:/home/robmoemac/M-LADIS-sim/PX4 Aux/ws_sensor_combined/install/velodyne_msgs:/home/robmoemac/M-LADIS-sim/PX4 Aux/ws_sensor_combined/install/velodyne_laserscan:/home/robmoemac/M-LADIS-sim/PX4 Aux/ws_sensor_combined/install/ros:/home/robmoemac/M-LADIS-sim/PX4 Aux/ws_sensor_combined/install/px4_ros_com:/opt/ros/humble LD_LIBRARY_PATH=/home/robmoemac/M-LADIS-sim/PX4 Aux/ws_sensor_combined/install/px4_msgs/lib:/home/robmoemac/M-LADIS-sim/PX4 Aux/ws_sensor_combined/install/velodyne_pointcloud/lib:/home/robmoemac/M-LADIS-sim/PX4 Aux/ws_sensor_combined/install/velodyne_driver/lib:/home/robmoemac/M-LADIS-sim/PX4 Aux/ws_sensor_combined/install/velodyne_msgs/lib:/home/robmoemac/M-LADIS-sim/PX4 Aux/ws_sensor_combined/install/velodyne_laserscan/lib:/usr/lib/x86_64-linux-gnu/gazebo-11/plugins:/opt/ros/humble/opt/rviz_ogre_vendor/lib:/opt/ros/humble/lib/x86_64-linux-gnu:/opt/ros/humble/lib /usr/bin/cmake --build /home/robmoemac/M-LADIS-sim/PX4 Aux/ws_sensor_combined/build/px4_ros_com -- -j8 -l8
[0.227s] [ 16%] Built target vehicle_gps_position_listener
[0.230s] [35m[1mConsolidate compiler generated dependencies of target PointCloudProcessor[0m
[0.240s] [ 33%] Built target debug_vect_advertiser
[0.241s] [ 50%] Built target test_flight_control
[0.246s] [ 66%] Built target sensor_combined_listener
[0.270s] [ 83%] Built target offboard_control
[0.339s] [ 91%] [32mBuilding CXX object CMakeFiles/PointCloudProcessor.dir/src/PointCloudProcessor.cpp.o[0m
[16.050s] [01m[K/home/robmoemac/M-LADIS-sim/PX4 Aux/ws_sensor_combined/src/px4_ros_com/src/PointCloudProcessor.cpp:[m[K In member function â€˜[01m[Kvoid PointCloudProcessor::pointCloudCallback(sensor_msgs::msg::PointCloud2_<std::allocator<void> >::SharedPtr)[m[Kâ€™:
[16.051s] [01m[K/home/robmoemac/M-LADIS-sim/PX4 Aux/ws_sensor_combined/src/px4_ros_com/src/PointCloudProcessor.cpp:41:28:[m[K [01;31m[Kerror: [m[Kâ€˜[01m[KEigen::DenseBase<Eigen::Matrix<float, -1, -1> >::iterator __for_begin [m[Kâ€™ has incomplete type
[16.051s]    41 |     for (const auto &row : [01;31m[Kxyz_matrix[m[K)
[16.051s]       |                            [01;31m[K^~~~~~~~~~[m[K
[16.051s] [01m[K/home/robmoemac/M-LADIS-sim/PX4 Aux/ws_sensor_combined/src/px4_ros_com/src/PointCloudProcessor.cpp:41:28:[m[K [01;31m[Kerror: [m[Kâ€˜[01m[KEigen::DenseBase<Eigen::Matrix<float, -1, -1> >::iterator __for_end [m[Kâ€™ has incomplete type
[16.625s] In file included from [01m[K/usr/include/eigen3/Eigen/Core:164[m[K,
[16.625s]                  from [01m[K/usr/include/eigen3/Eigen/StdVector:14[m[K,
[16.625s]                  from [01m[K/usr/include/pcl-1.12/pcl/point_cloud.h:45[m[K,
[16.625s]                  from [01m[K/usr/include/pcl-1.12/pcl/common/transforms.h:42[m[K,
[16.626s]                  from [01m[K/opt/ros/humble/include/pcl_ros/transforms.hpp:40[m[K,
[16.626s]                  from [01m[K/home/robmoemac/M-LADIS-sim/PX4 Aux/ws_sensor_combined/src/px4_ros_com/src/PointCloudProcessor.cpp:7[m[K:
[16.626s] /usr/include/eigen3/Eigen/src/Core/StlIterators.h: In instantiation of â€˜[01m[KEigen::DenseBase<Derived>::iterator Eigen::DenseBase<Derived>::begin() [with Derived = Eigen::Matrix<float, -1, -1>; Eigen::DenseBase<Derived>::iterator = void][m[Kâ€™:
[16.626s] [01m[K/home/robmoemac/M-LADIS-sim/PX4 Aux/ws_sensor_combined/src/px4_ros_com/src/PointCloudProcessor.cpp:41:28:[m[K   required from here
[16.626s] [01m[K/usr/include/eigen3/Eigen/src/Core/StlIterators.h:410:3:[m[K [01;31m[Kerror: [m[Kstatic assertion failed: YOU_TRIED_CALLING_A_VECTOR_METHOD_ON_A_MATRIX
[16.626s]   410 |   [01;31m[KEIGEN_STATIC_ASSERT_VECTOR_ONLY[m[K(Derived);
[16.626s]       |   [01;31m[K^~~~~~~~~~~~~~~~~~~~~~~~~~~~~~~[m[K
[16.626s] [01m[K/usr/include/eigen3/Eigen/src/Core/StlIterators.h:410:3:[m[K [01;36m[Knote: [m[Kâ€˜[01m[KEigen::Matrix<float, -1, -1>::IsVectorAtCompileTime[m[Kâ€™ evaluates to false
[16.626s] In file included from [01m[K/usr/include/eigen3/Eigen/Core:363[m[K,
[16.626s]                  from [01m[K/usr/include/eigen3/Eigen/StdVector:14[m[K,
[16.627s]                  from [01m[K/usr/include/pcl-1.12/pcl/point_cloud.h:45[m[K,
[16.627s]                  from [01m[K/usr/include/pcl-1.12/pcl/common/transforms.h:42[m[K,
[16.627s]                  from [01m[K/opt/ros/humble/include/pcl_ros/transforms.hpp:40[m[K,
[16.627s]                  from [01m[K/home/robmoemac/M-LADIS-sim/PX4 Aux/ws_sensor_combined/src/px4_ros_com/src/PointCloudProcessor.cpp:7[m[K:
[16.627s] [01m[K/usr/include/eigen3/Eigen/src/Core/StlIterators.h:411:10:[m[K [01;31m[Kerror: [m[Kexpression list treated as compound expression in functional cast [[01;31m[K]8;;https://gcc.gnu.org/onlinedocs/gcc/Warning-Options.html#index-fpermissive-fpermissive]8;;[m[K]
[16.627s]   411 |   return [01;31m[Kiterator(derived(), 0)[m[K;
[16.627s]       |          [01;31m[K^~~~~~~~~~~~~~~~~~~~~~[m[K
[16.627s] In file included from [01m[K/usr/include/eigen3/Eigen/Core:164[m[K,
[16.627s]                  from [01m[K/usr/include/eigen3/Eigen/StdVector:14[m[K,
[16.627s]                  from [01m[K/usr/include/pcl-1.12/pcl/point_cloud.h:45[m[K,
[16.627s]                  from [01m[K/usr/include/pcl-1.12/pcl/common/transforms.h:42[m[K,
[16.628s]                  from [01m[K/opt/ros/humble/include/pcl_ros/transforms.hpp:40[m[K,
[16.628s]                  from [01m[K/home/robmoemac/M-LADIS-sim/PX4 Aux/ws_sensor_combined/src/px4_ros_com/src/PointCloudProcessor.cpp:7[m[K:
[16.628s] /usr/include/eigen3/Eigen/src/Core/StlIterators.h: In instantiation of â€˜[01m[KEigen::DenseBase<Derived>::iterator Eigen::DenseBase<Derived>::end() [with Derived = Eigen::Matrix<float, -1, -1>; Eigen::DenseBase<Derived>::iterator = void][m[Kâ€™:
[16.628s] [01m[K/home/robmoemac/M-LADIS-sim/PX4 Aux/ws_sensor_combined/src/px4_ros_com/src/PointCloudProcessor.cpp:41:28:[m[K   required from here
[16.628s] [01m[K/usr/include/eigen3/Eigen/src/Core/StlIterators.h:439:3:[m[K [01;31m[Kerror: [m[Kstatic assertion failed: YOU_TRIED_CALLING_A_VECTOR_METHOD_ON_A_MATRIX
[16.628s]   439 |   [01;31m[KEIGEN_STATIC_ASSERT_VECTOR_ONLY[m[K(Derived);
[16.628s]       |   [01;31m[K^~~~~~~~~~~~~~~~~~~~~~~~~~~~~~~[m[K
[16.628s] [01m[K/usr/include/eigen3/Eigen/src/Core/StlIterators.h:439:3:[m[K [01;36m[Knote: [m[Kâ€˜[01m[KEigen::Matrix<float, -1, -1>::IsVectorAtCompileTime[m[Kâ€™ evaluates to false
[16.628s] In file included from [01m[K/usr/include/eigen3/Eigen/Core:363[m[K,
[16.628s]                  from [01m[K/usr/include/eigen3/Eigen/StdVector:14[m[K,
[16.629s]                  from [01m[K/usr/include/pcl-1.12/pcl/point_cloud.h:45[m[K,
[16.629s]                  from [01m[K/usr/include/pcl-1.12/pcl/common/transforms.h:42[m[K,
[16.629s]                  from [01m[K/opt/ros/humble/include/pcl_ros/transforms.hpp:40[m[K,
[16.629s]                  from [01m[K/home/robmoemac/M-LADIS-sim/PX4 Aux/ws_sensor_combined/src/px4_ros_com/src/PointCloudProcessor.cpp:7[m[K:
[16.629s] [01m[K/usr/include/eigen3/Eigen/src/Core/StlIterators.h:440:10:[m[K [01;31m[Kerror: [m[Kexpression list treated as compound expression in functional cast [[01;31m[K]8;;https://gcc.gnu.org/onlinedocs/gcc/Warning-Options.html#index-fpermissive-fpermissive]8;;[m[K]
[16.629s]   440 |   return [01;31m[Kiterator(derived(), size())[m[K;
[16.629s]       |          [01;31m[K^~~~~~~~~~~~~~~~~~~~~~~~~~~[m[K
[24.282s] gmake[2]: *** [CMakeFiles/PointCloudProcessor.dir/build.make:76: CMakeFiles/PointCloudProcessor.dir/src/PointCloudProcessor.cpp.o] Error 1
[24.283s] gmake[1]: *** [CMakeFiles/Makefile2:277: CMakeFiles/PointCloudProcessor.dir/all] Error 2
[24.284s] gmake: *** [Makefile:146: all] Error 2
[24.289s] Invoked command in '/home/robmoemac/M-LADIS-sim/PX4 Aux/ws_sensor_combined/build/px4_ros_com' returned '2': CMAKE_PREFIX_PATH=/home/robmoemac/M-LADIS-sim/PX4 Aux/ws_sensor_combined/install/px4_msgs:/home/robmoemac/M-LADIS-sim/PX4 Aux/ws_sensor_combined/install/velodyne:/home/robmoemac/M-LADIS-sim/PX4 Aux/ws_sensor_combined/install/velodyne_pointcloud:/home/robmoemac/M-LADIS-sim/PX4 Aux/ws_sensor_combined/install/velodyne_driver:/home/robmoemac/M-LADIS-sim/PX4 Aux/ws_sensor_combined/install/velodyne_msgs:/home/robmoemac/M-LADIS-sim/PX4 Aux/ws_sensor_combined/install/velodyne_laserscan:/home/robmoemac/M-LADIS-sim/PX4 Aux/ws_sensor_combined/install/ros:/home/robmoemac/M-LADIS-sim/PX4 Aux/ws_sensor_combined/install/px4_ros_com:/opt/ros/humble LD_LIBRARY_PATH=/home/robmoemac/M-LADIS-sim/PX4 Aux/ws_sensor_combined/install/px4_msgs/lib:/home/robmoemac/M-LADIS-sim/PX4 Aux/ws_sensor_combined/install/velodyne_pointcloud/lib:/home/robmoemac/M-LADIS-sim/PX4 Aux/ws_sensor_combined/install/velodyne_driver/lib:/home/robmoemac/M-LADIS-sim/PX4 Aux/ws_sensor_combined/install/velodyne_msgs/lib:/home/robmoemac/M-LADIS-sim/PX4 Aux/ws_sensor_combined/install/velodyne_laserscan/lib:/usr/lib/x86_64-linux-gnu/gazebo-11/plugins:/opt/ros/humble/opt/rviz_ogre_vendor/lib:/opt/ros/humble/lib/x86_64-linux-gnu:/opt/ros/humble/lib /usr/bin/cmake --build /home/robmoemac/M-LADIS-sim/PX4 Aux/ws_sensor_combined/build/px4_ros_com -- -j8 -l8
