[0.076s] Invoking command in '/home/dserbin/Documents/M-LADIS-sim/PX4 Aux/ws_sensor_combined/build/px4_ros_com': CMAKE_PREFIX_PATH=/home/dserbin/Documents/M-LADIS-sim/PX4 Aux/ws_sensor_combined/install/px4_msgs:/home/dserbin/Documents/M-LADIS-sim/PX4 Aux/ws_sensor_combined/install/px4_ros_com:/opt/ros/humble LD_LIBRARY_PATH=/home/dserbin/Documents/M-LADIS-sim/PX4 Aux/ws_sensor_combined/install/px4_msgs/lib:/home/dserbin/Documents/M-LADIS-sim/PX4 Aux/ws_sensor_combined/install/px4_ros_com/lib:/opt/ros/humble/opt/rviz_ogre_vendor/lib:/opt/ros/humble/lib/x86_64-linux-gnu:/opt/ros/humble/lib /usr/bin/cmake --build /home/dserbin/Documents/M-LADIS-sim/PX4 Aux/ws_sensor_combined/build/px4_ros_com -- -j16 -l16
[0.134s] [35m[1mConsolidate compiler generated dependencies of target test_flight_control[0m
[0.152s] [ 83%] Built target sensor_combined_listener
[0.152s] [ 83%] Built target debug_vect_advertiser
[0.152s] [ 83%] Built target frame_transforms
[0.152s] [ 83%] Built target vehicle_gps_position_listener
[0.152s] [ 83%] Built target offboard_control
[0.158s] [ 91%] [32mBuilding CXX object CMakeFiles/test_flight_control.dir/src/examples/offboard/test_flight_control.cpp.o[0m
[3.118s] [01m[K/home/dserbin/Documents/M-LADIS-sim/PX4 Aux/ws_sensor_combined/src/px4_ros_com/src/examples/offboard/test_flight_control.cpp:12:27:[m[K [01;31m[Kerror: [m[Kâ€˜[01m[KTrajectorySetpoint[m[Kâ€™ was not declared in this scope; did you mean â€˜[01m[Kpx4_msgs::msg::TrajectorySetpoint[m[Kâ€™?
[3.118s]    12 |         rclcpp::Publisher<[01;31m[KTrajectorySetpoint[m[K>::SharedPtr waypoint_publisher_;
[3.118s]       |                           [01;31m[K^~~~~~~~~~~~~~~~~~[m[K
[3.118s]       |                           [32m[Kpx4_msgs::msg::TrajectorySetpoint[m[K
[3.118s] In file included from [01m[K/home/dserbin/Documents/M-LADIS-sim/PX4 Aux/ws_sensor_combined/install/px4_msgs/include/px4_msgs/px4_msgs/msg/trajectory_setpoint.hpp:7[m[K,
[3.118s]                  from [01m[K/home/dserbin/Documents/M-LADIS-sim/PX4 Aux/ws_sensor_combined/src/px4_ros_com/src/examples/offboard/test_flight_control.cpp:2[m[K:
[3.118s] [01m[K/home/dserbin/Documents/M-LADIS-sim/PX4 Aux/ws_sensor_combined/install/px4_msgs/include/px4_msgs/px4_msgs/msg/detail/trajectory_setpoint__struct.hpp:209:7:[m[K [01;36m[Knote: [m[Kâ€˜[01m[Kpx4_msgs::msg::TrajectorySetpoint[m[Kâ€™ declared here
[3.118s]   209 | using [01;36m[KTrajectorySetpoint[m[K =
[3.118s]       |       [01;36m[K^~~~~~~~~~~~~~~~~~[m[K
[3.118s] [01m[K/home/dserbin/Documents/M-LADIS-sim/PX4 Aux/ws_sensor_combined/src/px4_ros_com/src/examples/offboard/test_flight_control.cpp:12:45:[m[K [01;31m[Kerror: [m[Ktemplate argument 1 is invalid
[3.118s]    12 |         rclcpp::Publisher<TrajectorySetpoint[01;31m[K>[m[K::SharedPtr waypoint_publisher_;
[3.118s]       |                                             [01;31m[K^[m[K
[3.118s] [01m[K/home/dserbin/Documents/M-LADIS-sim/PX4 Aux/ws_sensor_combined/src/px4_ros_com/src/examples/offboard/test_flight_control.cpp:12:48:[m[K [01;31m[Kerror: [m[Kexpected â€˜[01m[K;[m[Kâ€™ at end of member declaration
[3.119s]    12 |         rclcpp::Publisher<TrajectorySetpoint>::[01;31m[KSharedPtr[m[K waypoint_publisher_;
[3.119s]       |                                                [01;31m[K^~~~~~~~~[m[K
[3.119s]       |                                                         [32m[K;[m[K
[3.122s] [01m[K/home/dserbin/Documents/M-LADIS-sim/PX4 Aux/ws_sensor_combined/src/px4_ros_com/src/examples/offboard/test_flight_control.cpp:12:58:[m[K [01;31m[Kerror: [m[Kâ€˜[01m[Kwaypoint_publisher_[m[Kâ€™ does not name a type
[3.122s]    12 |         rclcpp::Publisher<TrajectorySetpoint>::SharedPtr [01;31m[Kwaypoint_publisher_[m[K;
[3.122s]       |                                                          [01;31m[K^~~~~~~~~~~~~~~~~~~[m[K
[3.131s] [01m[K/home/dserbin/Documents/M-LADIS-sim/PX4 Aux/ws_sensor_combined/src/px4_ros_com/src/examples/offboard/test_flight_control.cpp:23:23:[m[K [01;31m[Kerror: [m[Kâ€˜[01m[Kyour_package_name[m[Kâ€™ was not declared in this scope
[3.131s]    23 |     rclcpp::Publisher<[01;31m[Kyour_package_name[m[K::msg::TrajectorySetpoint>::SharedPtr publisher_;
[3.131s]       |                       [01;31m[K^~~~~~~~~~~~~~~~~[m[K
[3.131s] [01m[K/home/dserbin/Documents/M-LADIS-sim/PX4 Aux/ws_sensor_combined/src/px4_ros_com/src/examples/offboard/test_flight_control.cpp:23:65:[m[K [01;31m[Kerror: [m[Ktemplate argument 1 is invalid
[3.131s]    23 |     rclcpp::Publisher<your_package_name::msg::TrajectorySetpoint[01;31m[K>[m[K::SharedPtr publisher_;
[3.131s]       |                                                                 [01;31m[K^[m[K
[3.132s] [01m[K/home/dserbin/Documents/M-LADIS-sim/PX4 Aux/ws_sensor_combined/src/px4_ros_com/src/examples/offboard/test_flight_control.cpp:23:68:[m[K [01;31m[Kerror: [m[Kexpected â€˜[01m[K;[m[Kâ€™ at end of member declaration
[3.132s]    23 |     rclcpp::Publisher<your_package_name::msg::TrajectorySetpoint>::[01;31m[KSharedPtr[m[K publisher_;
[3.132s]       |                                                                    [01;31m[K^~~~~~~~~[m[K
[3.132s]       |                                                                             [32m[K;[m[K
[3.132s] [01m[K/home/dserbin/Documents/M-LADIS-sim/PX4 Aux/ws_sensor_combined/src/px4_ros_com/src/examples/offboard/test_flight_control.cpp:23:68:[m[K [01;31m[Kerror: [m[Kredeclaration of â€˜[01m[Kint TrajectorySetpointPublisher::SharedPtr[m[Kâ€™
[3.132s] [01m[K/home/dserbin/Documents/M-LADIS-sim/PX4 Aux/ws_sensor_combined/src/px4_ros_com/src/examples/offboard/test_flight_control.cpp:12:48:[m[K [01;36m[Knote: [m[Kprevious declaration â€˜[01m[Kint TrajectorySetpointPublisher::SharedPtr[m[Kâ€™
[3.132s]    12 |         rclcpp::Publisher<TrajectorySetpoint>::[01;36m[KSharedPtr[m[K waypoint_publisher_;
[3.132s]       |                                                [01;36m[K^~~~~~~~~[m[K
[3.133s] [01m[K/home/dserbin/Documents/M-LADIS-sim/PX4 Aux/ws_sensor_combined/src/px4_ros_com/src/examples/offboard/test_flight_control.cpp:23:78:[m[K [01;31m[Kerror: [m[Kâ€˜[01m[Kpublisher_[m[Kâ€™ does not name a type; did you mean â€˜[01m[Krmw_publisher_t[m[Kâ€™?
[3.133s]    23 |     rclcpp::Publisher<your_package_name::msg::TrajectorySetpoint>::SharedPtr [01;31m[Kpublisher_[m[K;
[3.133s]       |                                                                              [01;31m[K^~~~~~~~~~[m[K
[3.133s]       |                                                                              [32m[Krmw_publisher_t[m[K
[3.142s] [01m[K/home/dserbin/Documents/M-LADIS-sim/PX4 Aux/ws_sensor_combined/src/px4_ros_com/src/examples/offboard/test_flight_control.cpp:[m[K In constructor â€˜[01m[KTrajectorySetpointPublisher::TrajectorySetpointPublisher()[m[Kâ€™:
[3.142s] [01m[K/home/dserbin/Documents/M-LADIS-sim/PX4 Aux/ws_sensor_combined/src/px4_ros_com/src/examples/offboard/test_flight_control.cpp:6:9:[m[K [01;31m[Kerror: [m[Kâ€˜[01m[Kwaypoint_publisher_[m[Kâ€™ was not declared in this scope; did you mean â€˜[01m[Kcount_publishers[m[Kâ€™?
[3.142s]     6 |         [01;31m[Kwaypoint_publisher_[m[K = this->create_publisher<your_package_name::msg::TrajectorySetpoint>("trajectory_setpoint_topic", 10);
[3.143s]       |         [01;31m[K^~~~~~~~~~~~~~~~~~~[m[K
[3.143s]       |         [32m[Kcount_publishers[m[K
[3.151s] [01m[K/home/dserbin/Documents/M-LADIS-sim/PX4 Aux/ws_sensor_combined/src/px4_ros_com/src/examples/offboard/test_flight_control.cpp:6:54:[m[K [01;31m[Kerror: [m[Kâ€˜[01m[Kyour_package_name[m[Kâ€™ was not declared in this scope
[3.151s]     6 |         waypoint_publisher_ = this->create_publisher<[01;31m[Kyour_package_name[m[K::msg::TrajectorySetpoint>("trajectory_setpoint_topic", 10);
[3.151s]       |                                                      [01;31m[K^~~~~~~~~~~~~~~~~[m[K
[3.151s] [01m[K/home/dserbin/Documents/M-LADIS-sim/PX4 Aux/ws_sensor_combined/src/px4_ros_com/src/examples/offboard/test_flight_control.cpp:6:37:[m[K [01;31m[Kerror: [m[Kparse error in template argument list
[3.152s]     6 |         waypoint_publisher_ = this->[01;31m[Kcreate_publisher<your_package_name::msg::TrajectorySetpoint>[m[K("trajectory_setpoint_topic", 10);
[3.152s]       |                                     [01;31m[K^~~~~~~~~~~~~~~~~~~~~~~~~~~~~~~~~~~~~~~~~~~~~~~~~~~~~~~~~~~~[m[K
[3.152s] [01m[K/home/dserbin/Documents/M-LADIS-sim/PX4 Aux/ws_sensor_combined/src/px4_ros_com/src/examples/offboard/test_flight_control.cpp:6:97:[m[K [01;31m[Kerror: [m[Kno matching function for call to â€˜[01m[KTrajectorySetpointPublisher::create_publisher<<expression error> >(const char [26], int)[m[Kâ€™
[3.152s]     6 |         waypoint_publisher_ = [01;31m[Kthis->create_publisher<your_package_name::msg::TrajectorySetpoint>("trajectory_setpoint_topic", 10)[m[K;
[3.152s]       |                               [01;31m[K~~~~~~~~~~~~~~~~~~~~~~~~~~~~~~~~~~~~~~~~~~~~~~~~~~~~~~~~~~~~~~~~~~^~~~~~~~~~~~~~~~~~~~~~~~~~~~~~~~~[m[K
[3.152s] In file included from [01m[K/opt/ros/humble/include/rclcpp/rclcpp/executors/single_threaded_executor.hpp:28[m[K,
[3.152s]                  from [01m[K/opt/ros/humble/include/rclcpp/rclcpp/executors.hpp:22[m[K,
[3.152s]                  from [01m[K/opt/ros/humble/include/rclcpp/rclcpp/rclcpp.hpp:155[m[K,
[3.152s]                  from [01m[K/home/dserbin/Documents/M-LADIS-sim/PX4 Aux/ws_sensor_combined/src/px4_ros_com/src/examples/offboard/test_flight_control.cpp:1[m[K:
[3.152s] [01m[K/opt/ros/humble/include/rclcpp/rclcpp/node.hpp:195:3:[m[K [01;36m[Knote: [m[Kcandidate: â€˜[01m[Ktemplate<class MessageT, class AllocatorT, class PublisherT> std::shared_ptr<PublisherT> rclcpp::Node::create_publisher(const string&, const rclcpp::QoS&, const rclcpp::PublisherOptionsWithAllocator<AllocatorT>&)[m[Kâ€™
[3.152s]   195 |   [01;36m[Kcreate_publisher[m[K(
[3.152s]       |   [01;36m[K^~~~~~~~~~~~~~~~[m[K
[3.152s] [01m[K/opt/ros/humble/include/rclcpp/rclcpp/node.hpp:195:3:[m[K [01;36m[Knote: [m[K  template argument deduction/substitution failed:
[3.152s] [01m[K/home/dserbin/Documents/M-LADIS-sim/PX4 Aux/ws_sensor_combined/src/px4_ros_com/src/examples/offboard/test_flight_control.cpp:6:97:[m[K [01;31m[Kerror: [m[Ktemplate argument 1 is invalid
[3.152s]     6 |         waypoint_publisher_ = [01;31m[Kthis->create_publisher<your_package_name::msg::TrajectorySetpoint>("trajectory_setpoint_topic", 10)[m[K;
[3.153s]       |                               [01;31m[K~~~~~~~~~~~~~~~~~~~~~~~~~~~~~~~~~~~~~~~~~~~~~~~~~~~~~~~~~~~~~~~~~~^~~~~~~~~~~~~~~~~~~~~~~~~~~~~~~~~[m[K
[3.166s] [01m[K/home/dserbin/Documents/M-LADIS-sim/PX4 Aux/ws_sensor_combined/src/px4_ros_com/src/examples/offboard/test_flight_control.cpp:[m[K In member function â€˜[01m[Kvoid TrajectorySetpointPublisher::publishTrajectorySetpoint()[m[Kâ€™:
[3.166s] [01m[K/home/dserbin/Documents/M-LADIS-sim/PX4 Aux/ws_sensor_combined/src/px4_ros_com/src/examples/offboard/test_flight_control.cpp:14:24:[m[K [01;31m[Kerror: [m[Kâ€˜[01m[Kyour_package_name[m[Kâ€™ has not been declared
[3.166s]    14 |         auto message = [01;31m[Kyour_package_name[m[K::msg::TrajectorySetpoint();
[3.167s]       |                        [01;31m[K^~~~~~~~~~~~~~~~~[m[K
[3.168s] [01m[K/home/dserbin/Documents/M-LADIS-sim/PX4 Aux/ws_sensor_combined/src/px4_ros_com/src/examples/offboard/test_flight_control.cpp:18:9:[m[K [01;31m[Kerror: [m[Kâ€˜[01m[Kmsg[m[Kâ€™ was not declared in this scope
[3.168s]    18 |         [01;31m[Kmsg[m[K.yaw = 0.0;
[3.168s]       |         [01;31m[K^~~[m[K
[3.168s] [01m[K/home/dserbin/Documents/M-LADIS-sim/PX4 Aux/ws_sensor_combined/src/px4_ros_com/src/examples/offboard/test_flight_control.cpp:18:9:[m[K [01;36m[Knote: [m[Ksuggested alternatives:
[3.168s] In file included from [01m[K/opt/ros/humble/include/builtin_interfaces/builtin_interfaces/msg/duration.hpp:7[m[K,
[3.168s]                  from [01m[K/opt/ros/humble/include/rclcpp/rclcpp/duration.hpp:20[m[K,
[3.169s]                  from [01m[K/opt/ros/humble/include/rclcpp/rclcpp/qos.hpp:20[m[K,
[3.169s]                  from [01m[K/opt/ros/humble/include/rclcpp/rclcpp/node_interfaces/node_graph_interface.hpp:32[m[K,
[3.169s]                  from [01m[K/opt/ros/humble/include/rclcpp/rclcpp/client.hpp:42[m[K,
[3.169s]                  from [01m[K/opt/ros/humble/include/rclcpp/rclcpp/callback_group.hpp:24[m[K,
[3.169s]                  from [01m[K/opt/ros/humble/include/rclcpp/rclcpp/any_executable.hpp:20[m[K,
[3.169s]                  from [01m[K/opt/ros/humble/include/rclcpp/rclcpp/memory_strategy.hpp:25[m[K,
[3.169s]                  from [01m[K/opt/ros/humble/include/rclcpp/rclcpp/memory_strategies.hpp:18[m[K,
[3.169s]                  from [01m[K/opt/ros/humble/include/rclcpp/rclcpp/executor_options.hpp:20[m[K,
[3.169s]                  from [01m[K/opt/ros/humble/include/rclcpp/rclcpp/executor.hpp:37[m[K,
[3.169s]                  from [01m[K/opt/ros/humble/include/rclcpp/rclcpp/executors/multi_threaded_executor.hpp:25[m[K,
[3.169s]                  from [01m[K/opt/ros/humble/include/rclcpp/rclcpp/executors.hpp:21[m[K,
[3.169s]                  from [01m[K/opt/ros/humble/include/rclcpp/rclcpp/rclcpp.hpp:155[m[K,
[3.169s]                  from [01m[K/home/dserbin/Documents/M-LADIS-sim/PX4 Aux/ws_sensor_combined/src/px4_ros_com/src/examples/offboard/test_flight_control.cpp:1[m[K:
[3.169s] [01m[K/opt/ros/humble/include/builtin_interfaces/builtin_interfaces/msg/detail/duration__struct.hpp:27:11:[m[K [01;36m[Knote: [m[K  â€˜[01m[Kbuiltin_interfaces::msg[m[Kâ€™
[3.169s]    27 | namespace [01;36m[Kmsg[m[K
[3.169s]       |           [01;36m[K^~~[m[K
[3.169s] In file included from [01m[K/opt/ros/humble/include/rcl_interfaces/rcl_interfaces/msg/set_parameters_result.hpp:7[m[K,
[3.169s]                  from [01m[K/opt/ros/humble/include/rclcpp/rclcpp/qos_overriding_options.hpp:28[m[K,
[3.169s]                  from [01m[K/opt/ros/humble/include/rclcpp/rclcpp/subscription_options.hpp:30[m[K,
[3.170s]                  from [01m[K/opt/ros/humble/include/rclcpp/rclcpp/subscription.hpp:45[m[K,
[3.170s]                  from [01m[K/opt/ros/humble/include/rclcpp/rclcpp/any_executable.hpp:25[m[K,
[3.170s]                  from [01m[K/opt/ros/humble/include/rclcpp/rclcpp/memory_strategy.hpp:25[m[K,
[3.170s]                  from [01m[K/opt/ros/humble/include/rclcpp/rclcpp/memory_strategies.hpp:18[m[K,
[3.170s]                  from [01m[K/opt/ros/humble/include/rclcpp/rclcpp/executor_options.hpp:20[m[K,
[3.170s]                  from [01m[K/opt/ros/humble/include/rclcpp/rclcpp/executor.hpp:37[m[K,
[3.170s]                  from [01m[K/opt/ros/humble/include/rclcpp/rclcpp/executors/multi_threaded_executor.hpp:25[m[K,
[3.170s]                  from [01m[K/opt/ros/humble/include/rclcpp/rclcpp/executors.hpp:21[m[K,
[3.170s]                  from [01m[K/opt/ros/humble/include/rclcpp/rclcpp/rclcpp.hpp:155[m[K,
[3.170s]                  from [01m[K/home/dserbin/Documents/M-LADIS-sim/PX4 Aux/ws_sensor_combined/src/px4_ros_com/src/examples/offboard/test_flight_control.cpp:1[m[K:
[3.170s] [01m[K/opt/ros/humble/include/rcl_interfaces/rcl_interfaces/msg/detail/set_parameters_result__struct.hpp:27:11:[m[K [01;36m[Knote: [m[K  â€˜[01m[Krcl_interfaces::msg[m[Kâ€™
[3.170s]    27 | namespace [01;36m[Kmsg[m[K
[3.170s]       |           [01;36m[K^~~[m[K
[3.170s] In file included from [01m[K/opt/ros/humble/include/statistics_msgs/statistics_msgs/msg/detail/metrics_message__struct.hpp:23[m[K,
[3.170s]                  from [01m[K/opt/ros/humble/include/statistics_msgs/statistics_msgs/msg/metrics_message.hpp:7[m[K,
[3.170s]                  from [01m[K/opt/ros/humble/include/libstatistics_collector/libstatistics_collector/collector/generate_statistics_message.hpp:21[m[K,
[3.170s]                  from [01m[K/opt/ros/humble/include/rclcpp/rclcpp/topic_statistics/subscription_topic_statistics.hpp:23[m[K,
[3.170s]                  from [01m[K/opt/ros/humble/include/rclcpp/rclcpp/subscription.hpp:50[m[K,
[3.170s]                  from [01m[K/opt/ros/humble/include/rclcpp/rclcpp/any_executable.hpp:25[m[K,
[3.170s]                  from [01m[K/opt/ros/humble/include/rclcpp/rclcpp/memory_strategy.hpp:25[m[K,
[3.170s]                  from [01m[K/opt/ros/humble/include/rclcpp/rclcpp/memory_strategies.hpp:18[m[K,
[3.170s]                  from [01m[K/opt/ros/humble/include/rclcpp/rclcpp/executor_options.hpp:20[m[K,
[3.170s]                  from [01m[K/opt/ros/humble/include/rclcpp/rclcpp/executor.hpp:37[m[K,
[3.171s]                  from [01m[K/opt/ros/humble/include/rclcpp/rclcpp/executors/multi_threaded_executor.hpp:25[m[K,
[3.171s]                  from [01m[K/opt/ros/humble/include/rclcpp/rclcpp/executors.hpp:21[m[K,
[3.171s]                  from [01m[K/opt/ros/humble/include/rclcpp/rclcpp/rclcpp.hpp:155[m[K,
[3.171s]                  from [01m[K/home/dserbin/Documents/M-LADIS-sim/PX4 Aux/ws_sensor_combined/src/px4_ros_com/src/examples/offboard/test_flight_control.cpp:1[m[K:
[3.171s] [01m[K/opt/ros/humble/include/statistics_msgs/statistics_msgs/msg/detail/statistic_data_point__struct.hpp:27:11:[m[K [01;36m[Knote: [m[K  â€˜[01m[Kstatistics_msgs::msg[m[Kâ€™
[3.171s]    27 | namespace [01;36m[Kmsg[m[K
[3.171s]       |           [01;36m[K^~~[m[K
[3.171s] In file included from [01m[K/home/dserbin/Documents/M-LADIS-sim/PX4 Aux/ws_sensor_combined/install/px4_msgs/include/px4_msgs/px4_msgs/msg/trajectory_setpoint.hpp:7[m[K,
[3.171s]                  from [01m[K/home/dserbin/Documents/M-LADIS-sim/PX4 Aux/ws_sensor_combined/src/px4_ros_com/src/examples/offboard/test_flight_control.cpp:2[m[K:
[3.171s] [01m[K/home/dserbin/Documents/M-LADIS-sim/PX4 Aux/ws_sensor_combined/install/px4_msgs/include/px4_msgs/px4_msgs/msg/detail/trajectory_setpoint__struct.hpp:27:11:[m[K [01;36m[Knote: [m[K  â€˜[01m[Kpx4_msgs::msg[m[Kâ€™
[3.171s]    27 | namespace [01;36m[Kmsg[m[K
[3.171s]       |           [01;36m[K^~~[m[K
[3.179s] [01m[K/home/dserbin/Documents/M-LADIS-sim/PX4 Aux/ws_sensor_combined/src/px4_ros_com/src/examples/offboard/test_flight_control.cpp:21:9:[m[K [01;31m[Kerror: [m[Kâ€˜[01m[Kwaypoint_publisher_[m[Kâ€™ was not declared in this scope; did you mean â€˜[01m[Kcount_publishers[m[Kâ€™?
[3.179s]    21 |         [01;31m[Kwaypoint_publisher_[m[K->publish(message);
[3.179s]       |         [01;31m[K^~~~~~~~~~~~~~~~~~~[m[K
[3.179s]       |         [32m[Kcount_publishers[m[K
[3.775s] gmake[2]: *** [CMakeFiles/test_flight_control.dir/build.make:76: CMakeFiles/test_flight_control.dir/src/examples/offboard/test_flight_control.cpp.o] Error 1
[3.775s] gmake[1]: *** [CMakeFiles/Makefile2:277: CMakeFiles/test_flight_control.dir/all] Error 2
[3.775s] gmake: *** [Makefile:146: all] Error 2
[3.779s] Invoked command in '/home/dserbin/Documents/M-LADIS-sim/PX4 Aux/ws_sensor_combined/build/px4_ros_com' returned '2': CMAKE_PREFIX_PATH=/home/dserbin/Documents/M-LADIS-sim/PX4 Aux/ws_sensor_combined/install/px4_msgs:/home/dserbin/Documents/M-LADIS-sim/PX4 Aux/ws_sensor_combined/install/px4_ros_com:/opt/ros/humble LD_LIBRARY_PATH=/home/dserbin/Documents/M-LADIS-sim/PX4 Aux/ws_sensor_combined/install/px4_msgs/lib:/home/dserbin/Documents/M-LADIS-sim/PX4 Aux/ws_sensor_combined/install/px4_ros_com/lib:/opt/ros/humble/opt/rviz_ogre_vendor/lib:/opt/ros/humble/lib/x86_64-linux-gnu:/opt/ros/humble/lib /usr/bin/cmake --build /home/dserbin/Documents/M-LADIS-sim/PX4 Aux/ws_sensor_combined/build/px4_ros_com -- -j16 -l16
