[0.058s] Invoking command in '/home/robmoemac/M-LADIS-sim/PX4 Aux/ws_sensor_combined/build/px4_ros_com': AMENT_PREFIX_PATH=/home/robmoemac/M-LADIS-sim/PX4 Aux/ws_sensor_combined/install/px4_msgs:${AMENT_PREFIX_PATH} CMAKE_PREFIX_PATH=/home/robmoemac/M-LADIS-sim/PX4 Aux/ws_sensor_combined/install/px4_msgs:/opt/ros/humble LD_LIBRARY_PATH=/home/robmoemac/M-LADIS-sim/PX4 Aux/ws_sensor_combined/install/px4_msgs/lib:${LD_LIBRARY_PATH} PYTHONPATH=/home/robmoemac/M-LADIS-sim/PX4 Aux/ws_sensor_combined/install/px4_msgs/local/lib/python3.10/dist-packages:${PYTHONPATH} /usr/bin/cmake --build /home/robmoemac/M-LADIS-sim/PX4 Aux/ws_sensor_combined/build/px4_ros_com -- -j8 -l8
[0.100s] [35m[1mConsolidate compiler generated dependencies of target offboard_control[0m
[0.108s] [ 40%] Built target sensor_combined_listener
[0.108s] [ 40%] Built target debug_vect_advertiser
[0.110s] [ 60%] Built target vehicle_gps_position_listener
[0.110s] [ 80%] Built target frame_transforms
[0.118s] [ 90%] [32mBuilding CXX object CMakeFiles/offboard_control.dir/src/examples/offboard/offboard_control.cpp.o[0m
[1.972s] [01m[K/home/robmoemac/M-LADIS-sim/PX4 Aux/ws_sensor_combined/src/px4_ros_com/src/examples/offboard/offboard_control.cpp:107:30:[m[K [01;31m[Kerror: [m[Kâ€˜[01m[KTrajectoryReceiver[m[Kâ€™ was not declared in this scope
[1.972s]   107 |         rclcpp::Subscription<[01;31m[KTrajectoryReceiver[m[K>::SharedPtr trajectory_setpoint_listener_;
[1.972s]       |                              [01;31m[K^~~~~~~~~~~~~~~~~~[m[K
[1.972s] [01m[K/home/robmoemac/M-LADIS-sim/PX4 Aux/ws_sensor_combined/src/px4_ros_com/src/examples/offboard/offboard_control.cpp:107:48:[m[K [01;31m[Kerror: [m[Ktemplate argument 1 is invalid
[1.972s]   107 |         rclcpp::Subscription<TrajectoryReceiver[01;31m[K>[m[K::SharedPtr trajectory_setpoint_listener_;
[1.972s]       |                                                [01;31m[K^[m[K
[1.972s] [01m[K/home/robmoemac/M-LADIS-sim/PX4 Aux/ws_sensor_combined/src/px4_ros_com/src/examples/offboard/offboard_control.cpp:107:48:[m[K [01;31m[Kerror: [m[Ktemplate argument 3 is invalid
[1.972s] [01m[K/home/robmoemac/M-LADIS-sim/PX4 Aux/ws_sensor_combined/src/px4_ros_com/src/examples/offboard/offboard_control.cpp:107:48:[m[K [01;31m[Kerror: [m[Ktemplate argument 4 is invalid
[1.972s] [01m[K/home/robmoemac/M-LADIS-sim/PX4 Aux/ws_sensor_combined/src/px4_ros_com/src/examples/offboard/offboard_control.cpp:107:48:[m[K [01;31m[Kerror: [m[Ktemplate argument 5 is invalid
[1.972s] [01m[K/home/robmoemac/M-LADIS-sim/PX4 Aux/ws_sensor_combined/src/px4_ros_com/src/examples/offboard/offboard_control.cpp:107:51:[m[K [01;31m[Kerror: [m[Kexpected â€˜[01m[K;[m[Kâ€™ at end of member declaration
[1.972s]   107 |         rclcpp::Subscription<TrajectoryReceiver>::[01;31m[KSharedPtr[m[K trajectory_setpoint_listener_;
[1.972s]       |                                                   [01;31m[K^~~~~~~~~[m[K
[1.972s]       |                                                            [32m[K;[m[K
[1.975s] [01m[K/home/robmoemac/M-LADIS-sim/PX4 Aux/ws_sensor_combined/src/px4_ros_com/src/examples/offboard/offboard_control.cpp:107:61:[m[K [01;31m[Kerror: [m[Kâ€˜[01m[Ktrajectory_setpoint_listener_[m[Kâ€™ does not name a type
[1.975s]   107 |         rclcpp::Subscription<TrajectoryReceiver>::SharedPtr [01;31m[Ktrajectory_setpoint_listener_[m[K;
[1.976s]       |                                                             [01;31m[K^~~~~~~~~~~~~~~~~~~~~~~~~~~~~[m[K
[1.986s] [01m[K/home/robmoemac/M-LADIS-sim/PX4 Aux/ws_sensor_combined/src/px4_ros_com/src/examples/offboard/offboard_control.cpp:[m[K In constructor â€˜[01m[KOffboardControl::OffboardControl()[m[Kâ€™:
[1.986s] [01m[K/home/robmoemac/M-LADIS-sim/PX4 Aux/ws_sensor_combined/src/px4_ros_com/src/examples/offboard/offboard_control.cpp:65:17:[m[K [01;31m[Kerror: [m[Kâ€˜[01m[Ktrajectory_setpoint_listener_[m[Kâ€™ was not declared in this scope; did you mean â€˜[01m[Ktrajectory_setpoint_publisher_[m[Kâ€™?
[1.986s]    65 |                 [01;31m[Ktrajectory_setpoint_listener_[m[K = this->create_subscription<TrajectoryReceiver>("/fmu/in/trajectory_commands",10);
[1.986s]       |                 [01;31m[K^~~~~~~~~~~~~~~~~~~~~~~~~~~~~[m[K
[1.986s]       |                 [32m[Ktrajectory_setpoint_publisher_[m[K
[1.995s] [01m[K/home/robmoemac/M-LADIS-sim/PX4 Aux/ws_sensor_combined/src/px4_ros_com/src/examples/offboard/offboard_control.cpp:65:75:[m[K [01;31m[Kerror: [m[Kâ€˜[01m[KTrajectoryReceiver[m[Kâ€™ was not declared in this scope
[1.995s]    65 |                 trajectory_setpoint_listener_ = this->create_subscription<[01;31m[KTrajectoryReceiver[m[K>("/fmu/in/trajectory_commands",10);
[1.995s]       |                                                                           [01;31m[K^~~~~~~~~~~~~~~~~~[m[K
[1.995s] [01m[K/home/robmoemac/M-LADIS-sim/PX4 Aux/ws_sensor_combined/src/px4_ros_com/src/examples/offboard/offboard_control.cpp:65:94:[m[K [01;31m[Kerror: [m[Kno matching function for call to â€˜[01m[KOffboardControl::create_subscription<<expression error> >(const char [28], int)[m[Kâ€™
[1.995s]    65 |                 trajectory_setpoint_listener_ = [01;31m[Kthis->create_subscription<TrajectoryReceiver>("/fmu/in/trajectory_commands",10)[m[K;
[1.996s]       |                                                 [01;31m[K~~~~~~~~~~~~~~~~~~~~~~~~~~~~~~~~~~~~~~~~~~~~~^~~~~~~~~~~~~~~~~~~~~~~~~~~~~~~~~~[m[K
[1.996s] In file included from [01m[K/opt/ros/humble/include/rclcpp/rclcpp/executors/single_threaded_executor.hpp:28[m[K,
[1.996s]                  from [01m[K/opt/ros/humble/include/rclcpp/rclcpp/executors.hpp:22[m[K,
[1.996s]                  from [01m[K/opt/ros/humble/include/rclcpp/rclcpp/rclcpp.hpp:155[m[K,
[1.996s]                  from [01m[K/home/robmoemac/M-LADIS-sim/PX4 Aux/ws_sensor_combined/src/px4_ros_com/src/examples/offboard/offboard_control.cpp:45[m[K:
[1.996s] [01m[K/opt/ros/humble/include/rclcpp/rclcpp/node.hpp:219:3:[m[K [01;36m[Knote: [m[Kcandidate: â€˜[01m[Ktemplate<class MessageT, class CallbackT, class AllocatorT, class SubscriptionT, class MessageMemoryStrategyT> std::shared_ptr<ROSMessageT> rclcpp::Node::create_subscription(const string&, const rclcpp::QoS&, CallbackT&&, const rclcpp::SubscriptionOptionsWithAllocator<AllocatorT>&, typename MessageMemoryStrategyT::SharedPtr)[m[Kâ€™
[1.996s]   219 |   [01;36m[Kcreate_subscription[m[K(
[1.996s]       |   [01;36m[K^~~~~~~~~~~~~~~~~~~[m[K
[1.996s] [01m[K/opt/ros/humble/include/rclcpp/rclcpp/node.hpp:219:3:[m[K [01;36m[Knote: [m[K  template argument deduction/substitution failed:
[1.996s] [01m[K/home/robmoemac/M-LADIS-sim/PX4 Aux/ws_sensor_combined/src/px4_ros_com/src/examples/offboard/offboard_control.cpp:65:94:[m[K [01;31m[Kerror: [m[Ktemplate argument 1 is invalid
[1.996s]    65 |                 trajectory_setpoint_listener_ = [01;31m[Kthis->create_subscription<TrajectoryReceiver>("/fmu/in/trajectory_commands",10)[m[K;
[1.996s]       |                                                 [01;31m[K~~~~~~~~~~~~~~~~~~~~~~~~~~~~~~~~~~~~~~~~~~~~~^~~~~~~~~~~~~~~~~~~~~~~~~~~~~~~~~~[m[K
[2.850s] gmake[2]: *** [CMakeFiles/offboard_control.dir/build.make:76: CMakeFiles/offboard_control.dir/src/examples/offboard/offboard_control.cpp.o] Error 1
[2.850s] gmake[1]: *** [CMakeFiles/Makefile2:249: CMakeFiles/offboard_control.dir/all] Error 2
[2.850s] gmake: *** [Makefile:146: all] Error 2
[2.853s] Invoked command in '/home/robmoemac/M-LADIS-sim/PX4 Aux/ws_sensor_combined/build/px4_ros_com' returned '2': AMENT_PREFIX_PATH=/home/robmoemac/M-LADIS-sim/PX4 Aux/ws_sensor_combined/install/px4_msgs:${AMENT_PREFIX_PATH} CMAKE_PREFIX_PATH=/home/robmoemac/M-LADIS-sim/PX4 Aux/ws_sensor_combined/install/px4_msgs:/opt/ros/humble LD_LIBRARY_PATH=/home/robmoemac/M-LADIS-sim/PX4 Aux/ws_sensor_combined/install/px4_msgs/lib:${LD_LIBRARY_PATH} PYTHONPATH=/home/robmoemac/M-LADIS-sim/PX4 Aux/ws_sensor_combined/install/px4_msgs/local/lib/python3.10/dist-packages:${PYTHONPATH} /usr/bin/cmake --build /home/robmoemac/M-LADIS-sim/PX4 Aux/ws_sensor_combined/build/px4_ros_com -- -j8 -l8
