[35m[1mConsolidate compiler generated dependencies of target PointCloudProcessor[0m
[ 16%] Built target sensor_combined_listener
[ 33%] Built target offboard_control
[ 50%] Built target vehicle_gps_position_listener
[ 66%] Built target test_flight_control
[ 83%] Built target debug_vect_advertiser
[ 91%] [32mBuilding CXX object CMakeFiles/PointCloudProcessor.dir/src/PointCloudProcessor.cpp.o[0m
In file included from [01m[K/home/robmoemac/M-LADIS-sim/PX4 Aux/ws_sensor_combined/src/px4_ros_com/src/PointCloudProcessor.cpp:13[m[K:
[01m[K/home/robmoemac/M-LADIS-sim/PX4 Aux/ws_sensor_combined/src/px4_ros_com/src/object_detection.cpp:[m[K In function â€˜[01m[Kstd::vector<std::vector<Point> > euclideanClustering(const std::vector<Point>&)[m[Kâ€™:
[01m[K/home/robmoemac/M-LADIS-sim/PX4 Aux/ws_sensor_combined/src/px4_ros_com/src/object_detection.cpp:159:38:[m[K [01;31m[Kerror: [m[Kâ€˜[01m[KeuclideanDistance[m[Kâ€™ was not declared in this scope
  159 |                     float distance = [01;31m[KeuclideanDistance[m[K(points[i], points[j]);
      |                                      [01;31m[K^~~~~~~~~~~~~~~~~[m[K
[01m[K/home/robmoemac/M-LADIS-sim/PX4 Aux/ws_sensor_combined/src/px4_ros_com/src/PointCloudProcessor.cpp:[m[K In member function â€˜[01m[Kvoid PointCloudProcessor::pointCloudCallback(sensor_msgs::msg::PointCloud2_<std::allocator<void> >::SharedPtr)[m[Kâ€™:
[01m[K/home/robmoemac/M-LADIS-sim/PX4 Aux/ws_sensor_combined/src/px4_ros_com/src/PointCloudProcessor.cpp:89:73:[m[K [01;31m[Kerror: [m[Kâ€˜[01m[Kpoints[m[Kâ€™ was not declared in this scope; did you mean â€˜[01m[KPoint[m[Kâ€™?
   89 | vector<std::vector<Point>> clusteredData = euclideanClustering([01;31m[Kpoints[m[K);
      |                                                                [01;31m[K^~~~~~[m[K
      |                                                                [32m[KPoint[m[K
gmake[2]: *** [CMakeFiles/PointCloudProcessor.dir/build.make:76: CMakeFiles/PointCloudProcessor.dir/src/PointCloudProcessor.cpp.o] Error 1
gmake[1]: *** [CMakeFiles/Makefile2:277: CMakeFiles/PointCloudProcessor.dir/all] Error 2
gmake: *** [Makefile:146: all] Error 2
