[0.042s] Invoking command in '/home/robmoemac/M-LADIS-sim/PX4 Aux/ws_sensor_combined/build/px4_ros_com': CMAKE_PREFIX_PATH=/home/robmoemac/M-LADIS-sim/PX4 Aux/ws_sensor_combined/install/px4_msgs:/home/robmoemac/M-LADIS-sim/PX4 Aux/ws_sensor_combined/install/ros:/home/robmoemac/M-LADIS-sim/PX4 Aux/ws_sensor_combined/install/px4_ros_com:/opt/ros/humble /usr/bin/cmake --build /home/robmoemac/M-LADIS-sim/PX4 Aux/ws_sensor_combined/build/px4_ros_com -- -j8 -l8
[0.194s] [35m[1mConsolidate compiler generated dependencies of target PointCloudProcessor[0m
[0.215s] [ 16%] Built target sensor_combined_listener
[0.219s] [ 33%] Built target offboard_control
[0.223s] [ 50%] Built target vehicle_gps_position_listener
[0.224s] [ 66%] Built target test_flight_control
[0.224s] [ 83%] Built target debug_vect_advertiser
[0.295s] [ 91%] [32mBuilding CXX object CMakeFiles/PointCloudProcessor.dir/src/PointCloudProcessor.cpp.o[0m
[11.266s] In file included from [01m[K/home/robmoemac/M-LADIS-sim/PX4 Aux/ws_sensor_combined/src/px4_ros_com/src/PointCloudProcessor.cpp:13[m[K:
[11.266s] [01m[K/home/robmoemac/M-LADIS-sim/PX4 Aux/ws_sensor_combined/src/px4_ros_com/src/object_detection.cpp:[m[K In function â€˜[01m[Kstd::vector<std::vector<Point> > euclideanClustering(const std::vector<Point>&)[m[Kâ€™:
[11.266s] [01m[K/home/robmoemac/M-LADIS-sim/PX4 Aux/ws_sensor_combined/src/px4_ros_com/src/object_detection.cpp:159:38:[m[K [01;31m[Kerror: [m[Kâ€˜[01m[KeuclideanDistance[m[Kâ€™ was not declared in this scope
[11.267s]   159 |                     float distance = [01;31m[KeuclideanDistance[m[K(points[i], points[j]);
[11.267s]       |                                      [01;31m[K^~~~~~~~~~~~~~~~~[m[K
[11.535s] [01m[K/home/robmoemac/M-LADIS-sim/PX4 Aux/ws_sensor_combined/src/px4_ros_com/src/PointCloudProcessor.cpp:[m[K In member function â€˜[01m[Kvoid PointCloudProcessor::pointCloudCallback(sensor_msgs::msg::PointCloud2_<std::allocator<void> >::SharedPtr)[m[Kâ€™:
[11.535s] [01m[K/home/robmoemac/M-LADIS-sim/PX4 Aux/ws_sensor_combined/src/px4_ros_com/src/PointCloudProcessor.cpp:89:73:[m[K [01;31m[Kerror: [m[Kâ€˜[01m[Kpoints[m[Kâ€™ was not declared in this scope; did you mean â€˜[01m[KPoint[m[Kâ€™?
[11.535s]    89 | vector<std::vector<Point>> clusteredData = euclideanClustering([01;31m[Kpoints[m[K);
[11.535s]       |                                                                [01;31m[K^~~~~~[m[K
[11.535s]       |                                                                [32m[KPoint[m[K
[23.958s] gmake[2]: *** [CMakeFiles/PointCloudProcessor.dir/build.make:76: CMakeFiles/PointCloudProcessor.dir/src/PointCloudProcessor.cpp.o] Error 1
[23.960s] gmake[1]: *** [CMakeFiles/Makefile2:277: CMakeFiles/PointCloudProcessor.dir/all] Error 2
[23.960s] gmake: *** [Makefile:146: all] Error 2
[23.966s] Invoked command in '/home/robmoemac/M-LADIS-sim/PX4 Aux/ws_sensor_combined/build/px4_ros_com' returned '2': CMAKE_PREFIX_PATH=/home/robmoemac/M-LADIS-sim/PX4 Aux/ws_sensor_combined/install/px4_msgs:/home/robmoemac/M-LADIS-sim/PX4 Aux/ws_sensor_combined/install/ros:/home/robmoemac/M-LADIS-sim/PX4 Aux/ws_sensor_combined/install/px4_ros_com:/opt/ros/humble /usr/bin/cmake --build /home/robmoemac/M-LADIS-sim/PX4 Aux/ws_sensor_combined/build/px4_ros_com -- -j8 -l8
