[0.012s] Invoking command in '/home/robmoemac/M-LADIS-sim/PX4 Aux/ws_sensor_combined/build/px4_ros_com': AMENT_PREFIX_PATH=/home/robmoemac/M-LADIS-sim/PX4 Aux/ws_sensor_combined/install/px4_msgs:${AMENT_PREFIX_PATH} CMAKE_PREFIX_PATH=/home/robmoemac/M-LADIS-sim/PX4 Aux/ws_sensor_combined/install/px4_msgs:/opt/ros/humble LD_LIBRARY_PATH=/home/robmoemac/M-LADIS-sim/PX4 Aux/ws_sensor_combined/install/px4_msgs/lib:${LD_LIBRARY_PATH} PYTHONPATH=/home/robmoemac/M-LADIS-sim/PX4 Aux/ws_sensor_combined/install/px4_msgs/local/lib/python3.10/dist-packages:${PYTHONPATH} /usr/bin/cmake --build /home/robmoemac/M-LADIS-sim/PX4 Aux/ws_sensor_combined/build/px4_ros_com -- -j8 -l8
[0.066s] [35m[1mConsolidate compiler generated dependencies of target sensor_combined_listener[0m
[0.066s] [35m[1mConsolidate compiler generated dependencies of target debug_vect_advertiser[0m
[0.066s] [35m[1mConsolidate compiler generated dependencies of target vehicle_gps_position_listener[0m
[0.069s] [35m[1mConsolidate compiler generated dependencies of target test_flight_control[0m
[0.084s] [35m[1mConsolidate compiler generated dependencies of target offboard_control[0m
[0.088s] [  8%] [32mBuilding CXX object CMakeFiles/PointCloudProcessor.dir/src/PointCloudProcessor.cpp.o[0m
[0.096s] [ 25%] Built target vehicle_gps_position_listener
[0.097s] [ 41%] Built target sensor_combined_listener
[0.097s] [ 58%] Built target debug_vect_advertiser
[0.103s] [ 66%] [32m[1mLinking CXX executable test_flight_control[0m
[0.113s] [ 75%] [32m[1mLinking CXX executable offboard_control[0m
[0.338s] /usr/bin/ld: CMakeFiles/test_flight_control.dir/src/examples/offboard/test_flight_control.cpp.o: in function `std::enable_if<rosidl_generator_traits::is_message<px4_msgs::msg::TrajectorySetpoint_<std::allocator<void> > >::value, rosidl_message_type_support_t const&>::type rclcpp::get_message_type_support_handle<px4_msgs::msg::TrajectorySetpoint_<std::allocator<void> > >()':
[0.338s] test_flight_control.cpp:(.text._ZN6rclcpp31get_message_type_support_handleIN8px4_msgs3msg19TrajectorySetpoint_ISaIvEEEEENSt9enable_ifIXsrN23rosidl_generator_traits10is_messageIT_EE5valueERK29rosidl_message_type_support_tE4typeEv[_ZN6rclcpp31get_message_type_support_handleIN8px4_msgs3msg19TrajectorySetpoint_ISaIvEEEEENSt9enable_ifIXsrN23rosidl_generator_traits10is_messageIT_EE5valueERK29rosidl_message_type_support_tE4typeEv]+0x10): undefined reference to `rosidl_message_type_support_t const* rosidl_typesupport_cpp::get_message_type_support_handle<px4_msgs::msg::TrajectorySetpoint_<std::allocator<void> > >()'
[0.360s] collect2: error: ld returned 1 exit status
[0.363s] gmake[2]: *** [CMakeFiles/test_flight_control.dir/build.make:159: test_flight_control] Error 1
[0.363s] gmake[1]: *** [CMakeFiles/Makefile2:251: CMakeFiles/test_flight_control.dir/all] Error 2
[0.363s] gmake[1]: *** Waiting for unfinished jobs....
[0.701s] /usr/bin/ld: CMakeFiles/offboard_control.dir/src/examples/offboard/offboard_control.cpp.o: in function `std::enable_if<rosidl_generator_traits::is_message<px4_msgs::msg::TrajectorySetpoint_<std::allocator<void> > >::value, rosidl_message_type_support_t const&>::type rclcpp::get_message_type_support_handle<px4_msgs::msg::TrajectorySetpoint_<std::allocator<void> > >()':
[0.702s] offboard_control.cpp:(.text._ZN6rclcpp31get_message_type_support_handleIN8px4_msgs3msg19TrajectorySetpoint_ISaIvEEEEENSt9enable_ifIXsrN23rosidl_generator_traits10is_messageIT_EE5valueERK29rosidl_message_type_support_tE4typeEv[_ZN6rclcpp31get_message_type_support_handleIN8px4_msgs3msg19TrajectorySetpoint_ISaIvEEEEENSt9enable_ifIXsrN23rosidl_generator_traits10is_messageIT_EE5valueERK29rosidl_message_type_support_tE4typeEv]+0x10): undefined reference to `rosidl_message_type_support_t const* rosidl_typesupport_cpp::get_message_type_support_handle<px4_msgs::msg::TrajectorySetpoint_<std::allocator<void> > >()'
[0.763s] collect2: error: ld returned 1 exit status
[0.765s] gmake[2]: *** [CMakeFiles/offboard_control.dir/build.make:159: offboard_control] Error 1
[0.765s] gmake[1]: *** [CMakeFiles/Makefile2:225: CMakeFiles/offboard_control.dir/all] Error 2
[2.504s] [01m[K/home/robmoemac/M-LADIS-sim/PX4 Aux/ws_sensor_combined/src/px4_ros_com/src/PointCloudProcessor.cpp:14:10:[m[K [01;31m[Kfatal error: [m[KOpen3D/Open3D.h: No such file or directory
[2.504s]    14 | #include [01;31m[K"Open3D/Open3D.h"[m[K
[2.504s]       |          [01;31m[K^~~~~~~~~~~~~~~~~[m[K
[2.504s] compilation terminated.
[2.529s] gmake[2]: *** [CMakeFiles/PointCloudProcessor.dir/build.make:76: CMakeFiles/PointCloudProcessor.dir/src/PointCloudProcessor.cpp.o] Error 1
[2.529s] gmake[1]: *** [CMakeFiles/Makefile2:277: CMakeFiles/PointCloudProcessor.dir/all] Error 2
[2.529s] gmake: *** [Makefile:146: all] Error 2
[2.531s] Invoked command in '/home/robmoemac/M-LADIS-sim/PX4 Aux/ws_sensor_combined/build/px4_ros_com' returned '2': AMENT_PREFIX_PATH=/home/robmoemac/M-LADIS-sim/PX4 Aux/ws_sensor_combined/install/px4_msgs:${AMENT_PREFIX_PATH} CMAKE_PREFIX_PATH=/home/robmoemac/M-LADIS-sim/PX4 Aux/ws_sensor_combined/install/px4_msgs:/opt/ros/humble LD_LIBRARY_PATH=/home/robmoemac/M-LADIS-sim/PX4 Aux/ws_sensor_combined/install/px4_msgs/lib:${LD_LIBRARY_PATH} PYTHONPATH=/home/robmoemac/M-LADIS-sim/PX4 Aux/ws_sensor_combined/install/px4_msgs/local/lib/python3.10/dist-packages:${PYTHONPATH} /usr/bin/cmake --build /home/robmoemac/M-LADIS-sim/PX4 Aux/ws_sensor_combined/build/px4_ros_com -- -j8 -l8
