[0.062s] Invoking command in '/home/robmoemac/M-LADIS-sim/PX4 Aux/ws_sensor_combined/build/px4_ros_com': CMAKE_PREFIX_PATH=${CMAKE_PREFIX_PATH}:/opt/ros/humble /usr/bin/cmake --build /home/robmoemac/M-LADIS-sim/PX4 Aux/ws_sensor_combined/build/px4_ros_com -- -j8 -l8
[0.107s] [  7%] [32mBuilding CXX object CMakeFiles/pc_conv.dir/src/examples/listeners/pc_conv.cpp.o[0m
[0.110s] [ 21%] Built target frame_transforms
[0.113s] [ 35%] Built target debug_vect_advertiser
[0.113s] [ 64%] Built target vehicle_gps_position_listener
[0.113s] [ 64%] Built target test_flight_control
[0.114s] [ 78%] Built target sensor_combined_listener
[0.114s] [ 92%] Built target offboard_control
[0.154s] [01m[K/home/robmoemac/M-LADIS-sim/PX4 Aux/ws_sensor_combined/src/px4_ros_com/src/examples/listeners/pc_conv.cpp:5:10:[m[K [01;31m[Kfatal error: [m[K/sensor_msgs/msg/point_cloud2.hpp: No such file or directory
[0.154s]     5 | #include [01;31m[K</sensor_msgs/msg/point_cloud2.hpp>[m[K
[0.154s]       |          [01;31m[K^~~~~~~~~~~~~~~~~~~~~~~~~~~~~~~~~~~[m[K
[0.154s] compilation terminated.
[0.157s] gmake[2]: *** [CMakeFiles/pc_conv.dir/build.make:76: CMakeFiles/pc_conv.dir/src/examples/listeners/pc_conv.cpp.o] Error 1
[0.157s] gmake[1]: *** [CMakeFiles/Makefile2:305: CMakeFiles/pc_conv.dir/all] Error 2
[0.157s] gmake: *** [Makefile:146: all] Error 2
[0.159s] Invoked command in '/home/robmoemac/M-LADIS-sim/PX4 Aux/ws_sensor_combined/build/px4_ros_com' returned '2': CMAKE_PREFIX_PATH=${CMAKE_PREFIX_PATH}:/opt/ros/humble /usr/bin/cmake --build /home/robmoemac/M-LADIS-sim/PX4 Aux/ws_sensor_combined/build/px4_ros_com -- -j8 -l8
