[0.098s] Invoking command in '/home/dserbin/Documents/M-LADIS-sim/PX4 Aux/ws_sensor_combined/build/px4_ros_com': CMAKE_PREFIX_PATH=/home/dserbin/Documents/M-LADIS-sim/PX4 Aux/ws_sensor_combined/install/px4_msgs:/home/dserbin/Documents/M-LADIS-sim/PX4 Aux/ws_sensor_combined/install/px4_ros_com:/opt/ros/humble LD_LIBRARY_PATH=/home/dserbin/Documents/M-LADIS-sim/PX4 Aux/ws_sensor_combined/install/px4_msgs/lib:/home/dserbin/Documents/M-LADIS-sim/PX4 Aux/ws_sensor_combined/install/px4_ros_com/lib:/opt/ros/humble/opt/rviz_ogre_vendor/lib:/opt/ros/humble/lib/x86_64-linux-gnu:/opt/ros/humble/lib /usr/bin/cmake --build /home/dserbin/Documents/M-LADIS-sim/PX4 Aux/ws_sensor_combined/build/px4_ros_com -- -j16 -l16
[0.193s] [ 42%] [32mBuilding CXX object CMakeFiles/lidar_handoff.dir/src/examples/listeners/lidar_handoff.cpp.o[0m
[0.193s] [ 42%] Built target vehicle_gps_position_listener
[0.193s] [ 50%] Built target test_flight_control
[0.193s] [ 50%] Built target debug_vect_advertiser
[0.194s] [ 64%] Built target offboard_control
[0.194s] [ 78%] Built target frame_transforms
[0.194s] [ 92%] Built target sensor_combined_listener
[3.873s] [01m[K/home/dserbin/Documents/M-LADIS-sim/PX4 Aux/ws_sensor_combined/src/px4_ros_com/src/examples/listeners/lidar_handoff.cpp:20:26:[m[K [01;31m[Kerror: [m[Kâ€˜[01m[Ksensor_msgs[m[Kâ€™ was not declared in this scope
[3.873s]    20 |     rclcpp::Subscription<[01;31m[Ksensor_msgs[m[K::msg::LaserScan>::SharedPtr lidar_sub_;
[3.873s]       |                          [01;31m[K^~~~~~~~~~~[m[K
[3.873s] [01m[K/home/dserbin/Documents/M-LADIS-sim/PX4 Aux/ws_sensor_combined/src/px4_ros_com/src/examples/listeners/lidar_handoff.cpp:20:53:[m[K [01;31m[Kerror: [m[Ktemplate argument 1 is invalid
[3.873s]    20 |     rclcpp::Subscription<sensor_msgs::msg::LaserScan[01;31m[K>[m[K::SharedPtr lidar_sub_;
[3.873s]       |                                                     [01;31m[K^[m[K
[3.874s] [01m[K/home/dserbin/Documents/M-LADIS-sim/PX4 Aux/ws_sensor_combined/src/px4_ros_com/src/examples/listeners/lidar_handoff.cpp:20:53:[m[K [01;31m[Kerror: [m[Ktemplate argument 3 is invalid
[3.874s] [01m[K/home/dserbin/Documents/M-LADIS-sim/PX4 Aux/ws_sensor_combined/src/px4_ros_com/src/examples/listeners/lidar_handoff.cpp:20:53:[m[K [01;31m[Kerror: [m[Ktemplate argument 4 is invalid
[3.874s] [01m[K/home/dserbin/Documents/M-LADIS-sim/PX4 Aux/ws_sensor_combined/src/px4_ros_com/src/examples/listeners/lidar_handoff.cpp:20:53:[m[K [01;31m[Kerror: [m[Ktemplate argument 5 is invalid
[3.874s] [01m[K/home/dserbin/Documents/M-LADIS-sim/PX4 Aux/ws_sensor_combined/src/px4_ros_com/src/examples/listeners/lidar_handoff.cpp:20:56:[m[K [01;31m[Kerror: [m[Kexpected â€˜[01m[K;[m[Kâ€™ at end of member declaration
[3.874s]    20 |     rclcpp::Subscription<sensor_msgs::msg::LaserScan>::[01;31m[KSharedPtr[m[K lidar_sub_;
[3.874s]       |                                                        [01;31m[K^~~~~~~~~[m[K
[3.874s]       |                                                                 [32m[K;[m[K
[3.876s] [01m[K/home/dserbin/Documents/M-LADIS-sim/PX4 Aux/ws_sensor_combined/src/px4_ros_com/src/examples/listeners/lidar_handoff.cpp:20:66:[m[K [01;31m[Kerror: [m[Kâ€˜[01m[Klidar_sub_[m[Kâ€™ does not name a type
[3.876s]    20 |     rclcpp::Subscription<sensor_msgs::msg::LaserScan>::SharedPtr [01;31m[Klidar_sub_[m[K;
[3.876s]       |                                                                  [01;31m[K^~~~~~~~~~[m[K
[3.887s] [01m[K/home/dserbin/Documents/M-LADIS-sim/PX4 Aux/ws_sensor_combined/src/px4_ros_com/src/examples/listeners/lidar_handoff.cpp:21:23:[m[K [01;31m[Kerror: [m[Kâ€˜[01m[Ksensor_msgs[m[Kâ€™ was not declared in this scope
[3.887s]    21 |     rclcpp::Publisher<[01;31m[Ksensor_msgs[m[K::msg::LaserScan>::SharedPtr lidar_pub_;
[3.887s]       |                       [01;31m[K^~~~~~~~~~~[m[K
[3.887s] [01m[K/home/dserbin/Documents/M-LADIS-sim/PX4 Aux/ws_sensor_combined/src/px4_ros_com/src/examples/listeners/lidar_handoff.cpp:21:50:[m[K [01;31m[Kerror: [m[Ktemplate argument 1 is invalid
[3.888s]    21 |     rclcpp::Publisher<sensor_msgs::msg::LaserScan[01;31m[K>[m[K::SharedPtr lidar_pub_;
[3.888s]       |                                                  [01;31m[K^[m[K
[3.888s] [01m[K/home/dserbin/Documents/M-LADIS-sim/PX4 Aux/ws_sensor_combined/src/px4_ros_com/src/examples/listeners/lidar_handoff.cpp:21:53:[m[K [01;31m[Kerror: [m[Kexpected â€˜[01m[K;[m[Kâ€™ at end of member declaration
[3.888s]    21 |     rclcpp::Publisher<sensor_msgs::msg::LaserScan>::[01;31m[KSharedPtr[m[K lidar_pub_;
[3.888s]       |                                                     [01;31m[K^~~~~~~~~[m[K
[3.888s]       |                                                              [32m[K;[m[K
[3.888s] [01m[K/home/dserbin/Documents/M-LADIS-sim/PX4 Aux/ws_sensor_combined/src/px4_ros_com/src/examples/listeners/lidar_handoff.cpp:21:53:[m[K [01;31m[Kerror: [m[Kredeclaration of â€˜[01m[Kint LidarSubscriber::SharedPtr[m[Kâ€™
[3.888s] [01m[K/home/dserbin/Documents/M-LADIS-sim/PX4 Aux/ws_sensor_combined/src/px4_ros_com/src/examples/listeners/lidar_handoff.cpp:20:56:[m[K [01;36m[Knote: [m[Kprevious declaration â€˜[01m[Kint LidarSubscriber::SharedPtr[m[Kâ€™
[3.888s]    20 |     rclcpp::Subscription<sensor_msgs::msg::LaserScan>::[01;36m[KSharedPtr[m[K lidar_sub_;
[3.888s]       |                                                        [01;36m[K^~~~~~~~~[m[K
[3.890s] [01m[K/home/dserbin/Documents/M-LADIS-sim/PX4 Aux/ws_sensor_combined/src/px4_ros_com/src/examples/listeners/lidar_handoff.cpp:21:63:[m[K [01;31m[Kerror: [m[Kâ€˜[01m[Klidar_pub_[m[Kâ€™ does not name a type
[3.890s]    21 |     rclcpp::Publisher<sensor_msgs::msg::LaserScan>::SharedPtr [01;31m[Klidar_pub_[m[K;
[3.890s]       |                                                               [01;31m[K^~~~~~~~~~[m[K
[3.903s] [01m[K/home/dserbin/Documents/M-LADIS-sim/PX4 Aux/ws_sensor_combined/src/px4_ros_com/src/examples/listeners/lidar_handoff.cpp:[m[K In constructor â€˜[01m[KLidarSubscriber::LidarSubscriber()[m[Kâ€™:
[3.903s] [01m[K/home/dserbin/Documents/M-LADIS-sim/PX4 Aux/ws_sensor_combined/src/px4_ros_com/src/examples/listeners/lidar_handoff.cpp:9:9:[m[K [01;31m[Kerror: [m[Kâ€˜[01m[Klidar_sub_[m[Kâ€™ was not declared in this scope
[3.904s]     9 |         [01;31m[Klidar_sub_[m[K = create_subscription<sensor_msgs::msg::LaserScan>(
[3.904s]       |         [01;31m[K^~~~~~~~~~[m[K
[3.912s] [01m[K/home/dserbin/Documents/M-LADIS-sim/PX4 Aux/ws_sensor_combined/src/px4_ros_com/src/examples/listeners/lidar_handoff.cpp:9:42:[m[K [01;31m[Kerror: [m[Kâ€˜[01m[Ksensor_msgs[m[Kâ€™ was not declared in this scope
[3.912s]     9 |         lidar_sub_ = create_subscription<[01;31m[Ksensor_msgs[m[K::msg::LaserScan>(
[3.912s]       |                                          [01;31m[K^~~~~~~~~~~[m[K
[3.912s] [01m[K/home/dserbin/Documents/M-LADIS-sim/PX4 Aux/ws_sensor_combined/src/px4_ros_com/src/examples/listeners/lidar_handoff.cpp:9:22:[m[K [01;31m[Kerror: [m[Kparse error in template argument list
[3.912s]     9 |         lidar_sub_ = [01;31m[Kcreate_subscription<sensor_msgs::msg::LaserScan>[m[K(
[3.912s]       |                      [01;31m[K^~~~~~~~~~~~~~~~~~~~~~~~~~~~~~~~~~~~~~~~~~~~~~~~[m[K
[3.915s] [01m[K/home/dserbin/Documents/M-LADIS-sim/PX4 Aux/ws_sensor_combined/src/px4_ros_com/src/examples/listeners/lidar_handoff.cpp:12:26:[m[K [01;31m[Kerror: [m[Kâ€˜[01m[Ksensor_msgs[m[Kâ€™ does not name a type
[3.915s]    12 |             [this](const [01;31m[Ksensor_msgs[m[K::msg::LaserScan::SharedPtr msg) {
[3.915s]       |                          [01;31m[K^~~~~~~~~~~[m[K
[3.915s] [01m[K/home/dserbin/Documents/M-LADIS-sim/PX4 Aux/ws_sensor_combined/src/px4_ros_com/src/examples/listeners/lidar_handoff.cpp:[m[K In lambda function:
[3.915s] [01m[K/home/dserbin/Documents/M-LADIS-sim/PX4 Aux/ws_sensor_combined/src/px4_ros_com/src/examples/listeners/lidar_handoff.cpp:14:15:[m[K [01;31m[Kerror: [m[Kexpected â€˜[01m[K{[m[Kâ€™ before â€˜[01m[K;[m[Kâ€™ token
[3.915s]    14 |             })[01;31m[K;[m[K
[3.915s]       |               [01;31m[K^[m[K
[3.915s] [01m[K/home/dserbin/Documents/M-LADIS-sim/PX4 Aux/ws_sensor_combined/src/px4_ros_com/src/examples/listeners/lidar_handoff.cpp:[m[K In constructor â€˜[01m[KLidarSubscriber::LidarSubscriber()[m[Kâ€™:
[3.916s] [01m[K/home/dserbin/Documents/M-LADIS-sim/PX4 Aux/ws_sensor_combined/src/px4_ros_com/src/examples/listeners/lidar_handoff.cpp:14:15:[m[K [01;31m[Kerror: [m[Kexpected â€˜[01m[K)[m[Kâ€™ before â€˜[01m[K;[m[Kâ€™ token
[3.916s] [01m[K/home/dserbin/Documents/M-LADIS-sim/PX4 Aux/ws_sensor_combined/src/px4_ros_com/src/examples/listeners/lidar_handoff.cpp:9:70:[m[K [01;36m[Knote: [m[Kto match this â€˜[01m[K([m[Kâ€™
[3.916s]     9 |         lidar_sub_ = create_subscription<sensor_msgs::msg::LaserScan>[01;36m[K([m[K
[3.916s]       |                                                                      [01;36m[K^[m[K
[3.925s] [01m[K/home/dserbin/Documents/M-LADIS-sim/PX4 Aux/ws_sensor_combined/src/px4_ros_com/src/examples/listeners/lidar_handoff.cpp:16:9:[m[K [01;31m[Kerror: [m[Kâ€˜[01m[Klidar_pub_[m[Kâ€™ was not declared in this scope
[3.925s]    16 |         [01;31m[Klidar_pub_[m[K = create_publisher<sensor_msgs::msg::LaserScan>("lidar", 10);
[3.926s]       |         [01;31m[K^~~~~~~~~~[m[K
[3.926s] [01m[K/home/dserbin/Documents/M-LADIS-sim/PX4 Aux/ws_sensor_combined/src/px4_ros_com/src/examples/listeners/lidar_handoff.cpp:16:22:[m[K [01;31m[Kerror: [m[Kparse error in template argument list
[3.926s]    16 |         lidar_pub_ = [01;31m[Kcreate_publisher<sensor_msgs::msg::LaserScan>[m[K("lidar", 10);
[3.927s]       |                      [01;31m[K^~~~~~~~~~~~~~~~~~~~~~~~~~~~~~~~~~~~~~~~~~~~~[m[K
[3.927s] [01m[K/home/dserbin/Documents/M-LADIS-sim/PX4 Aux/ws_sensor_combined/src/px4_ros_com/src/examples/listeners/lidar_handoff.cpp:16:67:[m[K [01;31m[Kerror: [m[Kno matching function for call to â€˜[01m[KLidarSubscriber::create_publisher<sensor_msgs>(const char [6], int)[m[Kâ€™
[3.928s]    16 |         lidar_pub_ = [01;31m[Kcreate_publisher<sensor_msgs::msg::LaserScan>("lidar", 10)[m[K;
[3.928s]       |                      [01;31m[K~~~~~~~~~~~~~~~~~~~~~~~~~~~~~~~~~~~~~~~~~~~~~^~~~~~~~~~~~~[m[K
[3.928s] In file included from [01m[K/opt/ros/humble/include/rclcpp/rclcpp/executors/single_threaded_executor.hpp:28[m[K,
[3.929s]                  from [01m[K/opt/ros/humble/include/rclcpp/rclcpp/executors.hpp:22[m[K,
[3.929s]                  from [01m[K/opt/ros/humble/include/rclcpp/rclcpp/rclcpp.hpp:155[m[K,
[3.929s]                  from [01m[K/home/dserbin/Documents/M-LADIS-sim/PX4 Aux/ws_sensor_combined/src/px4_ros_com/src/examples/listeners/lidar_handoff.cpp:1[m[K:
[3.929s] [01m[K/opt/ros/humble/include/rclcpp/rclcpp/node.hpp:195:3:[m[K [01;36m[Knote: [m[Kcandidate: â€˜[01m[Ktemplate<class MessageT, class AllocatorT, class PublisherT> std::shared_ptr<PublisherT> rclcpp::Node::create_publisher(const string&, const rclcpp::QoS&, const rclcpp::PublisherOptionsWithAllocator<AllocatorT>&)[m[Kâ€™
[3.929s]   195 |   [01;36m[Kcreate_publisher[m[K(
[3.929s]       |   [01;36m[K^~~~~~~~~~~~~~~~[m[K
[3.930s] [01m[K/opt/ros/humble/include/rclcpp/rclcpp/node.hpp:195:3:[m[K [01;36m[Knote: [m[K  template argument deduction/substitution failed:
[4.531s] gmake[2]: *** [CMakeFiles/lidar_handoff.dir/build.make:76: CMakeFiles/lidar_handoff.dir/src/examples/listeners/lidar_handoff.cpp.o] Error 1
[4.532s] gmake[1]: *** [CMakeFiles/Makefile2:305: CMakeFiles/lidar_handoff.dir/all] Error 2
[4.532s] gmake: *** [Makefile:146: all] Error 2
[4.536s] Invoked command in '/home/dserbin/Documents/M-LADIS-sim/PX4 Aux/ws_sensor_combined/build/px4_ros_com' returned '2': CMAKE_PREFIX_PATH=/home/dserbin/Documents/M-LADIS-sim/PX4 Aux/ws_sensor_combined/install/px4_msgs:/home/dserbin/Documents/M-LADIS-sim/PX4 Aux/ws_sensor_combined/install/px4_ros_com:/opt/ros/humble LD_LIBRARY_PATH=/home/dserbin/Documents/M-LADIS-sim/PX4 Aux/ws_sensor_combined/install/px4_msgs/lib:/home/dserbin/Documents/M-LADIS-sim/PX4 Aux/ws_sensor_combined/install/px4_ros_com/lib:/opt/ros/humble/opt/rviz_ogre_vendor/lib:/opt/ros/humble/lib/x86_64-linux-gnu:/opt/ros/humble/lib /usr/bin/cmake --build /home/dserbin/Documents/M-LADIS-sim/PX4 Aux/ws_sensor_combined/build/px4_ros_com -- -j16 -l16
