[0.015s] Invoking command in '/home/robmoemac/M-LADIS-sim/PX4 Aux/ws_sensor_combined/build/px4_ros_com': CMAKE_PREFIX_PATH=/home/robmoemac/M-LADIS-sim/PX4 Aux/ws_sensor_combined/install/px4_msgs:/home/robmoemac/M-LADIS-sim/PX4 Aux/ws_sensor_combined/install/velodyne:/home/robmoemac/M-LADIS-sim/PX4 Aux/ws_sensor_combined/install/velodyne_pointcloud:/home/robmoemac/M-LADIS-sim/PX4 Aux/ws_sensor_combined/install/velodyne_driver:/home/robmoemac/M-LADIS-sim/PX4 Aux/ws_sensor_combined/install/velodyne_msgs:/home/robmoemac/M-LADIS-sim/PX4 Aux/ws_sensor_combined/install/velodyne_laserscan:/home/robmoemac/M-LADIS-sim/PX4 Aux/ws_sensor_combined/install/ros:/opt/ros/humble LD_LIBRARY_PATH=/home/robmoemac/M-LADIS-sim/PX4 Aux/ws_sensor_combined/install/px4_msgs/lib:/home/robmoemac/M-LADIS-sim/PX4 Aux/ws_sensor_combined/install/velodyne_pointcloud/lib:/home/robmoemac/M-LADIS-sim/PX4 Aux/ws_sensor_combined/install/velodyne_driver/lib:/home/robmoemac/M-LADIS-sim/PX4 Aux/ws_sensor_combined/install/velodyne_msgs/lib:/home/robmoemac/M-LADIS-sim/PX4 Aux/ws_sensor_combined/install/velodyne_laserscan/lib:/usr/lib/x86_64-linux-gnu/gazebo-11/plugins:/opt/ros/humble/opt/rviz_ogre_vendor/lib:/opt/ros/humble/lib/x86_64-linux-gnu:/opt/ros/humble/lib /usr/bin/cmake --build /home/robmoemac/M-LADIS-sim/PX4 Aux/ws_sensor_combined/build/px4_ros_com -- -j8 -l8
[0.067s] [35m[1mConsolidate compiler generated dependencies of target PointCloudProcessor[0m
[0.070s] [ 16%] Built target vehicle_gps_position_listener
[0.070s] [ 33%] Built target sensor_combined_listener
[0.071s] [ 50%] Built target debug_vect_advertiser
[0.071s] [ 66%] Built target offboard_control
[0.074s] [ 83%] Built target test_flight_control
[0.101s] [ 91%] [32mBuilding CXX object CMakeFiles/PointCloudProcessor.dir/src/PointCloudProcessor.cpp.o[0m
[5.427s] [01m[K/home/robmoemac/M-LADIS-sim/PX4 Aux/ws_sensor_combined/src/px4_ros_com/src/PointCloudProcessor.cpp:[m[K In member function â€˜[01m[Kvoid PointCloudProcessor::pointCloudCallback(sensor_msgs::msg::PointCloud2_<std::allocator<void> >::SharedPtr)[m[Kâ€™:
[5.427s] [01m[K/home/robmoemac/M-LADIS-sim/PX4 Aux/ws_sensor_combined/src/px4_ros_com/src/PointCloudProcessor.cpp:48:5:[m[K [01;31m[Kerror: [m[Kâ€˜[01m[Kfilename_stream[m[Kâ€™ was not declared in this scope; did you mean â€˜[01m[Kopen_memstream[m[Kâ€™?
[5.427s]    48 |     [01;31m[Kfilename_stream[m[K << "xyz_matrix_" << std::put_time(now, "%Y%m%d%H%M%S") << ".csv";
[5.428s]       |     [01;31m[K^~~~~~~~~~~~~~~[m[K
[5.428s]       |     [32m[Kopen_memstream[m[K
[5.428s] [01m[K/home/robmoemac/M-LADIS-sim/PX4 Aux/ws_sensor_combined/src/px4_ros_com/src/PointCloudProcessor.cpp:48:55:[m[K [01;31m[Kerror: [m[Kinvalid use of non-static member function â€˜[01m[Krclcpp::Time rclcpp::Node::now() const[m[Kâ€™
[5.428s]    48 |     filename_stream << "xyz_matrix_" << std::put_time([01;31m[Know[m[K, "%Y%m%d%H%M%S") << ".csv";
[5.428s]       |                                                       [01;31m[K^~~[m[K
[5.428s] In file included from [01m[K/opt/ros/humble/include/rclcpp/rclcpp/executors/single_threaded_executor.hpp:28[m[K,
[5.428s]                  from [01m[K/opt/ros/humble/include/rclcpp/rclcpp/executors.hpp:22[m[K,
[5.428s]                  from [01m[K/opt/ros/humble/include/rclcpp/rclcpp/rclcpp.hpp:155[m[K,
[5.429s]                  from [01m[K/opt/ros/humble/include/tf2_ros/tf2_ros/buffer_interface.h:48[m[K,
[5.429s]                  from [01m[K/opt/ros/humble/include/tf2_ros/tf2_ros/buffer.h:42[m[K,
[5.429s]                  from [01m[K/opt/ros/humble/include/pcl_ros/transforms.hpp:42[m[K,
[5.429s]                  from [01m[K/home/robmoemac/M-LADIS-sim/PX4 Aux/ws_sensor_combined/src/px4_ros_com/src/PointCloudProcessor.cpp:7[m[K:
[5.429s] [01m[K/opt/ros/humble/include/rclcpp/rclcpp/node.hpp:1126:3:[m[K [01;36m[Knote: [m[Kdeclared here
[5.429s]  1126 |   [01;36m[Know[m[K() const;
[5.429s]       |   [01;36m[K^~~[m[K
[5.429s] [01m[K/home/robmoemac/M-LADIS-sim/PX4 Aux/ws_sensor_combined/src/px4_ros_com/src/PointCloudProcessor.cpp:54:40:[m[K [01;31m[Kerror: [m[Kâ€˜[01m[Kclass std::vector<std::vector<float>, std::allocator<std::vector<float> > >[m[Kâ€™ has no member named â€˜[01m[Krows[m[Kâ€™
[5.429s]    54 |         for (int i = 0; i < xyz_matrix.[01;31m[Krows[m[K(); ++i) {
[5.430s]       |                                        [01;31m[K^~~~[m[K
[5.430s] [01m[K/home/robmoemac/M-LADIS-sim/PX4 Aux/ws_sensor_combined/src/px4_ros_com/src/PointCloudProcessor.cpp:55:44:[m[K [01;31m[Kerror: [m[Kâ€˜[01m[Kclass std::vector<std::vector<float>, std::allocator<std::vector<float> > >[m[Kâ€™ has no member named â€˜[01m[Kcols[m[Kâ€™
[5.430s]    55 |             for (int j = 0; j < xyz_matrix.[01;31m[Kcols[m[K(); ++j) {
[5.430s]       |                                            [01;31m[K^~~~[m[K
[5.430s] [01m[K/home/robmoemac/M-LADIS-sim/PX4 Aux/ws_sensor_combined/src/px4_ros_com/src/PointCloudProcessor.cpp:56:38:[m[K [01;31m[Kerror: [m[Kno match for call to â€˜[01m[K(std::vector<std::vector<float>, std::allocator<std::vector<float> > >) (int&, int&)[m[Kâ€™
[5.430s]    56 |                 outfile << [01;31m[Kxyz_matrix(i, j)[m[K;
[5.430s]       |                            [01;31m[K~~~~~~~~~~^~~~~~[m[K
[5.430s] [01m[K/home/robmoemac/M-LADIS-sim/PX4 Aux/ws_sensor_combined/src/px4_ros_com/src/PointCloudProcessor.cpp:57:36:[m[K [01;31m[Kerror: [m[Kâ€˜[01m[Kclass std::vector<std::vector<float>, std::allocator<std::vector<float> > >[m[Kâ€™ has no member named â€˜[01m[Kcols[m[Kâ€™
[5.431s]    57 |                 if (j < xyz_matrix.[01;31m[Kcols[m[K() - 1) outfile << ",";
[5.431s]       |                                    [01;31m[K^~~~[m[K
[9.372s] gmake[2]: *** [CMakeFiles/PointCloudProcessor.dir/build.make:76: CMakeFiles/PointCloudProcessor.dir/src/PointCloudProcessor.cpp.o] Interrupt
[9.373s] gmake[1]: *** [CMakeFiles/Makefile2:277: CMakeFiles/PointCloudProcessor.dir/all] Interrupt
[9.373s] gmake: *** [Makefile:146: all] Interrupt
[9.417s] Invoked command in '/home/robmoemac/M-LADIS-sim/PX4 Aux/ws_sensor_combined/build/px4_ros_com' returned '-2': CMAKE_PREFIX_PATH=/home/robmoemac/M-LADIS-sim/PX4 Aux/ws_sensor_combined/install/px4_msgs:/home/robmoemac/M-LADIS-sim/PX4 Aux/ws_sensor_combined/install/velodyne:/home/robmoemac/M-LADIS-sim/PX4 Aux/ws_sensor_combined/install/velodyne_pointcloud:/home/robmoemac/M-LADIS-sim/PX4 Aux/ws_sensor_combined/install/velodyne_driver:/home/robmoemac/M-LADIS-sim/PX4 Aux/ws_sensor_combined/install/velodyne_msgs:/home/robmoemac/M-LADIS-sim/PX4 Aux/ws_sensor_combined/install/velodyne_laserscan:/home/robmoemac/M-LADIS-sim/PX4 Aux/ws_sensor_combined/install/ros:/opt/ros/humble LD_LIBRARY_PATH=/home/robmoemac/M-LADIS-sim/PX4 Aux/ws_sensor_combined/install/px4_msgs/lib:/home/robmoemac/M-LADIS-sim/PX4 Aux/ws_sensor_combined/install/velodyne_pointcloud/lib:/home/robmoemac/M-LADIS-sim/PX4 Aux/ws_sensor_combined/install/velodyne_driver/lib:/home/robmoemac/M-LADIS-sim/PX4 Aux/ws_sensor_combined/install/velodyne_msgs/lib:/home/robmoemac/M-LADIS-sim/PX4 Aux/ws_sensor_combined/install/velodyne_laserscan/lib:/usr/lib/x86_64-linux-gnu/gazebo-11/plugins:/opt/ros/humble/opt/rviz_ogre_vendor/lib:/opt/ros/humble/lib/x86_64-linux-gnu:/opt/ros/humble/lib /usr/bin/cmake --build /home/robmoemac/M-LADIS-sim/PX4 Aux/ws_sensor_combined/build/px4_ros_com -- -j8 -l8
