[0.014s] Invoking command in '/home/robmoemac/M-LADIS-sim/PX4 Aux/ws_sensor_combined/build/px4_ros_com': AMENT_PREFIX_PATH=/home/robmoemac/M-LADIS-sim/PX4 Aux/ws_sensor_combined/install/px4_msgs:${AMENT_PREFIX_PATH} CMAKE_PREFIX_PATH=/home/robmoemac/M-LADIS-sim/PX4 Aux/ws_sensor_combined/install/px4_msgs:/opt/ros/humble LD_LIBRARY_PATH=/home/robmoemac/M-LADIS-sim/PX4 Aux/ws_sensor_combined/install/px4_msgs/lib:${LD_LIBRARY_PATH} PYTHONPATH=/home/robmoemac/M-LADIS-sim/PX4 Aux/ws_sensor_combined/install/px4_msgs/local/lib/python3.10/dist-packages:${PYTHONPATH} /usr/bin/cmake --build /home/robmoemac/M-LADIS-sim/PX4 Aux/ws_sensor_combined/build/px4_ros_com -- -j32 -l32
[0.050s] [35m[1mConsolidate compiler generated dependencies of target PointCloudProcessor[0m
[0.056s] [ 50%] Built target sensor_combined_listener
[0.056s] [ 50%] Built target vehicle_gps_position_listener
[0.056s] [ 50%] Built target debug_vect_advertiser
[0.058s] [ 83%] Built target test_flight_control
[0.058s] [ 83%] Built target offboard_control
[0.078s] [ 91%] [32mBuilding CXX object CMakeFiles/PointCloudProcessor.dir/src/PointCloudProcessor.cpp.o[0m
[3.913s] In file included from [01m[K/home/robmoemac/M-LADIS-sim/PX4 Aux/ws_sensor_combined/src/px4_ros_com/src/PointCloudProcessor.cpp:13[m[K:
[3.913s] [01m[K/home/robmoemac/M-LADIS-sim/PX4 Aux/ws_sensor_combined/src/px4_ros_com/src/object_detection.cpp:[m[K In function â€˜[01m[Kvoid euclideanClusteringUsingKDTree(const std::vector<Point>&, float, std::vector<bool, std::allocator<bool> >&, flann::Index<flann::L2<float> >&, std::vector<std::vector<Point> >&)[m[Kâ€™:
[3.913s] [01m[K/home/robmoemac/M-LADIS-sim/PX4 Aux/ws_sensor_combined/src/px4_ros_com/src/object_detection.cpp:233:9:[m[K [01;31m[Kerror: [m[Kâ€˜[01m[KclusterIndices[m[Kâ€™ was not declared in this scope
[3.913s]   233 |         [01;31m[KclusterIndices[m[K.push_back(i); //start with current unpopulated index
[3.913s]       |         [01;31m[K^~~~~~~~~~~~~~[m[K
[3.915s] [01m[K/home/robmoemac/M-LADIS-sim/PX4 Aux/ws_sensor_combined/src/px4_ros_com/src/object_detection.cpp:236:9:[m[K [01;31m[Kerror: [m[Kâ€˜[01m[KIndices[m[Kâ€™ was not declared in this scope; did you mean â€˜[01m[Kpcl::Indices[m[Kâ€™?
[3.915s]   236 |         [01;31m[KIndices[m[K.push_back(i); // Include this point
[3.915s]       |         [01;31m[K^~~~~~~[m[K
[3.915s]       |         [32m[Kpcl::Indices[m[K
[3.915s] In file included from [01m[K/usr/include/pcl-1.12/pcl/point_cloud.h:52[m[K,
[3.916s]                  from [01m[K/usr/include/pcl-1.12/pcl/common/transforms.h:42[m[K,
[3.916s]                  from [01m[K/opt/ros/humble/include/pcl_ros/transforms.hpp:40[m[K,
[3.916s]                  from [01m[K/home/robmoemac/M-LADIS-sim/PX4 Aux/ws_sensor_combined/src/px4_ros_com/src/PointCloudProcessor.cpp:7[m[K:
[3.916s] [01m[K/usr/include/pcl-1.12/pcl/types.h:133:9:[m[K [01;36m[Knote: [m[Kâ€˜[01m[Kpcl::Indices[m[Kâ€™ declared here
[3.916s]   133 |   using [01;36m[KIndices[m[K = IndicesAllocator<>;
[3.916s]       |         [01;36m[K^~~~~~~[m[K
[3.916s] In file included from [01m[K/home/robmoemac/M-LADIS-sim/PX4 Aux/ws_sensor_combined/src/px4_ros_com/src/PointCloudProcessor.cpp:13[m[K:
[3.916s] [01m[K/home/robmoemac/M-LADIS-sim/PX4 Aux/ws_sensor_combined/src/px4_ros_com/src/object_detection.cpp:239:16:[m[K [01;35m[Kwarning: [m[Kunused variable â€˜[01m[KserachIndex[m[Kâ€™ [[01;35m[K]8;;https://gcc.gnu.org/onlinedocs/gcc/Warning-Options.html#index-Wunused-variable-Wunused-variable]8;;[m[K]
[3.916s]   239 |         size_t [01;35m[KserachIndex[m[K = 0;
[3.916s]       |                [01;35m[K^~~~~~~~~~~[m[K
[7.385s] gmake[2]: *** [CMakeFiles/PointCloudProcessor.dir/build.make:76: CMakeFiles/PointCloudProcessor.dir/src/PointCloudProcessor.cpp.o] Error 1
[7.386s] gmake[1]: *** [CMakeFiles/Makefile2:277: CMakeFiles/PointCloudProcessor.dir/all] Error 2
[7.386s] gmake: *** [Makefile:146: all] Error 2
[7.388s] Invoked command in '/home/robmoemac/M-LADIS-sim/PX4 Aux/ws_sensor_combined/build/px4_ros_com' returned '2': AMENT_PREFIX_PATH=/home/robmoemac/M-LADIS-sim/PX4 Aux/ws_sensor_combined/install/px4_msgs:${AMENT_PREFIX_PATH} CMAKE_PREFIX_PATH=/home/robmoemac/M-LADIS-sim/PX4 Aux/ws_sensor_combined/install/px4_msgs:/opt/ros/humble LD_LIBRARY_PATH=/home/robmoemac/M-LADIS-sim/PX4 Aux/ws_sensor_combined/install/px4_msgs/lib:${LD_LIBRARY_PATH} PYTHONPATH=/home/robmoemac/M-LADIS-sim/PX4 Aux/ws_sensor_combined/install/px4_msgs/local/lib/python3.10/dist-packages:${PYTHONPATH} /usr/bin/cmake --build /home/robmoemac/M-LADIS-sim/PX4 Aux/ws_sensor_combined/build/px4_ros_com -- -j32 -l32
