[0.020s] Invoking command in '/home/robmoemac/M-LADIS-sim/PX4 Aux/ws_sensor_combined/build/px4_ros_com': AMENT_PREFIX_PATH=/home/robmoemac/M-LADIS-sim/PX4 Aux/ws_sensor_combined/install/px4_msgs:${AMENT_PREFIX_PATH} CMAKE_PREFIX_PATH=/home/robmoemac/M-LADIS-sim/PX4 Aux/ws_sensor_combined/install/px4_msgs:/opt/ros/humble LD_LIBRARY_PATH=/home/robmoemac/M-LADIS-sim/PX4 Aux/ws_sensor_combined/install/px4_msgs/lib:${LD_LIBRARY_PATH} PYTHONPATH=/home/robmoemac/M-LADIS-sim/PX4 Aux/ws_sensor_combined/install/px4_msgs/local/lib/python3.10/dist-packages:${PYTHONPATH} /usr/bin/cmake --build /home/robmoemac/M-LADIS-sim/PX4 Aux/ws_sensor_combined/build/px4_ros_com -- -j32 -l32
[0.088s] [35m[1mConsolidate compiler generated dependencies of target PointCloudProcessor[0m
[0.105s] [ 16%] Built target test_flight_control
[0.105s] [ 33%] Built target vehicle_gps_position_listener
[0.106s] [ 66%] Built target sensor_combined_listener
[0.106s] [ 66%] Built target debug_vect_advertiser
[0.106s] [ 83%] Built target offboard_control
[0.161s] [ 91%] [32mBuilding CXX object CMakeFiles/PointCloudProcessor.dir/src/PointCloudProcessor.cpp.o[0m
[3.394s] In file included from [01m[K/home/robmoemac/M-LADIS-sim/PX4 Aux/ws_sensor_combined/src/px4_ros_com/src/PointCloudProcessor.cpp:13[m[K:
[3.394s] [01m[K/home/robmoemac/M-LADIS-sim/PX4 Aux/ws_sensor_combined/src/px4_ros_com/src/object_detection.cpp:[m[K In function â€˜[01m[Kvoid euclideanClusteringUsingKDTree(const std::vector<Point>&, float, std::vector<bool, std::allocator<bool> >&, flann::Index<flann::L2<float> >&, std::vector<std::vector<Point> >&)[m[Kâ€™:
[3.394s] [01m[K/home/robmoemac/M-LADIS-sim/PX4 Aux/ws_sensor_combined/src/px4_ros_com/src/object_detection.cpp:233:9:[m[K [01;31m[Kerror: [m[Kâ€˜[01m[KclusterIndices[m[Kâ€™ was not declared in this scope
[3.394s]   233 |         [01;31m[KclusterIndices[m[K.push_back(i); //start with current unpopulated index
[3.394s]       |         [01;31m[K^~~~~~~~~~~~~~[m[K
[3.396s] [01m[K/home/robmoemac/M-LADIS-sim/PX4 Aux/ws_sensor_combined/src/px4_ros_com/src/object_detection.cpp:239:16:[m[K [01;35m[Kwarning: [m[Kunused variable â€˜[01m[KserachIndex[m[Kâ€™ [[01;35m[K]8;;https://gcc.gnu.org/onlinedocs/gcc/Warning-Options.html#index-Wunused-variable-Wunused-variable]8;;[m[K]
[3.396s]   239 |         size_t [01;35m[KserachIndex[m[K = 0;
[3.396s]       |                [01;35m[K^~~~~~~~~~~[m[K
[5.361s] gmake[2]: *** [CMakeFiles/PointCloudProcessor.dir/build.make:76: CMakeFiles/PointCloudProcessor.dir/src/PointCloudProcessor.cpp.o] Error 1
[5.361s] gmake[1]: *** [CMakeFiles/Makefile2:277: CMakeFiles/PointCloudProcessor.dir/all] Error 2
[5.361s] gmake: *** [Makefile:146: all] Error 2
[5.363s] Invoked command in '/home/robmoemac/M-LADIS-sim/PX4 Aux/ws_sensor_combined/build/px4_ros_com' returned '2': AMENT_PREFIX_PATH=/home/robmoemac/M-LADIS-sim/PX4 Aux/ws_sensor_combined/install/px4_msgs:${AMENT_PREFIX_PATH} CMAKE_PREFIX_PATH=/home/robmoemac/M-LADIS-sim/PX4 Aux/ws_sensor_combined/install/px4_msgs:/opt/ros/humble LD_LIBRARY_PATH=/home/robmoemac/M-LADIS-sim/PX4 Aux/ws_sensor_combined/install/px4_msgs/lib:${LD_LIBRARY_PATH} PYTHONPATH=/home/robmoemac/M-LADIS-sim/PX4 Aux/ws_sensor_combined/install/px4_msgs/local/lib/python3.10/dist-packages:${PYTHONPATH} /usr/bin/cmake --build /home/robmoemac/M-LADIS-sim/PX4 Aux/ws_sensor_combined/build/px4_ros_com -- -j32 -l32
