[0.052s] Invoking command in '/home/robmoemac/M-LADIS-sim/PX4 Aux/ws_sensor_combined/build/px4_ros_com': AMENT_PREFIX_PATH=/home/robmoemac/M-LADIS-sim/PX4 Aux/ws_sensor_combined/install/px4_msgs:${AMENT_PREFIX_PATH} CMAKE_PREFIX_PATH=/home/robmoemac/M-LADIS-sim/PX4 Aux/ws_sensor_combined/install/px4_msgs:/opt/ros/humble LD_LIBRARY_PATH=/home/robmoemac/M-LADIS-sim/PX4 Aux/ws_sensor_combined/install/px4_msgs/lib:${LD_LIBRARY_PATH} PYTHONPATH=/home/robmoemac/M-LADIS-sim/PX4 Aux/ws_sensor_combined/install/px4_msgs/local/lib/python3.10/dist-packages:${PYTHONPATH} /usr/bin/cmake --build /home/robmoemac/M-LADIS-sim/PX4 Aux/ws_sensor_combined/build/px4_ros_com -- -j8 -l8
[0.089s] [35m[1mConsolidate compiler generated dependencies of target frame_transforms[0m
[0.091s] [35m[1mConsolidate compiler generated dependencies of target sensor_combined_listener[0m
[0.091s] [35m[1mConsolidate compiler generated dependencies of target debug_vect_advertiser[0m
[0.092s] [35m[1mConsolidate compiler generated dependencies of target offboard_control[0m
[0.092s] [35m[1mConsolidate compiler generated dependencies of target test_flight_control[0m
[0.092s] [35m[1mConsolidate compiler generated dependencies of target vehicle_gps_position_listener[0m
[0.092s] [35m[1mConsolidate compiler generated dependencies of target lidar_handoff[0m
[0.105s] [ 14%] Built target frame_transforms
[0.111s] [ 35%] Built target vehicle_gps_position_listener
[0.111s] [ 42%] Built target sensor_combined_listener
[0.111s] [ 57%] Built target test_flight_control
[0.112s] [ 64%] [32mBuilding CXX object CMakeFiles/lidar_handoff.dir/src/examples/listeners/lidar_handoff.cpp.o[0m
[0.113s] [ 78%] Built target debug_vect_advertiser
[0.113s] [ 92%] Built target offboard_control
[0.277s] [01m[K/home/robmoemac/M-LADIS-sim/PX4 Aux/ws_sensor_combined/src/px4_ros_com/src/examples/listeners/lidar_handoff.cpp:2:10:[m[K [01;31m[Kfatal error: [m[Ksensor_msgs/msg/laser_scan.hpp: No such file or directory
[0.277s]     2 | #include [01;31m[K"sensor_msgs/msg/laser_scan.hpp"[m[K
[0.277s]       |          [01;31m[K^~~~~~~~~~~~~~~~~~~~~~~~~~~~~~~~[m[K
[0.277s] compilation terminated.
[0.287s] gmake[2]: *** [CMakeFiles/lidar_handoff.dir/build.make:76: CMakeFiles/lidar_handoff.dir/src/examples/listeners/lidar_handoff.cpp.o] Error 1
[0.287s] gmake[1]: *** [CMakeFiles/Makefile2:305: CMakeFiles/lidar_handoff.dir/all] Error 2
[0.288s] gmake: *** [Makefile:146: all] Error 2
[0.290s] Invoked command in '/home/robmoemac/M-LADIS-sim/PX4 Aux/ws_sensor_combined/build/px4_ros_com' returned '2': AMENT_PREFIX_PATH=/home/robmoemac/M-LADIS-sim/PX4 Aux/ws_sensor_combined/install/px4_msgs:${AMENT_PREFIX_PATH} CMAKE_PREFIX_PATH=/home/robmoemac/M-LADIS-sim/PX4 Aux/ws_sensor_combined/install/px4_msgs:/opt/ros/humble LD_LIBRARY_PATH=/home/robmoemac/M-LADIS-sim/PX4 Aux/ws_sensor_combined/install/px4_msgs/lib:${LD_LIBRARY_PATH} PYTHONPATH=/home/robmoemac/M-LADIS-sim/PX4 Aux/ws_sensor_combined/install/px4_msgs/local/lib/python3.10/dist-packages:${PYTHONPATH} /usr/bin/cmake --build /home/robmoemac/M-LADIS-sim/PX4 Aux/ws_sensor_combined/build/px4_ros_com -- -j8 -l8
