[35m[1mConsolidate compiler generated dependencies of target PointCloudProcessor[0m
[ 50%] Built target debug_vect_advertiser
[ 50%] Built target test_flight_control
[ 50%] Built target sensor_combined_listener
[ 66%] Built target offboard_control
[ 83%] Built target vehicle_gps_position_listener
[ 91%] [32mBuilding CXX object CMakeFiles/PointCloudProcessor.dir/src/PointCloudProcessor.cpp.o[0m
In file included from [01m[K/home/robmoemac/M-LADIS-sim/PX4 Aux/ws_sensor_combined/src/px4_ros_com/src/PointCloudProcessor.cpp:13[m[K:
[01m[K/home/robmoemac/M-LADIS-sim/PX4 Aux/ws_sensor_combined/src/px4_ros_com/src/object_detection.cpp:[m[K In function â€˜[01m[Kvoid euclideanClusteringUsingKDTree(const std::vector<Point>&, float, std::vector<bool, std::allocator<bool> >&, flann::Index<flann::L2<float> >&, std::vector<std::vector<Point> >&)[m[Kâ€™:
[01m[K/home/robmoemac/M-LADIS-sim/PX4 Aux/ws_sensor_combined/src/px4_ros_com/src/object_detection.cpp:233:9:[m[K [01;31m[Kerror: [m[Kâ€˜[01m[KclusterIndices[m[Kâ€™ was not declared in this scope
  233 |         [01;31m[KclusterIndices[m[K.push_back(i); //start with current unpopulated index
      |         [01;31m[K^~~~~~~~~~~~~~[m[K
[01m[K/home/robmoemac/M-LADIS-sim/PX4 Aux/ws_sensor_combined/src/px4_ros_com/src/object_detection.cpp:239:16:[m[K [01;35m[Kwarning: [m[Kunused variable â€˜[01m[KserachIndex[m[Kâ€™ [[01;35m[K]8;;https://gcc.gnu.org/onlinedocs/gcc/Warning-Options.html#index-Wunused-variable-Wunused-variable]8;;[m[K]
  239 |         size_t [01;35m[KserachIndex[m[K = 0;
      |                [01;35m[K^~~~~~~~~~~[m[K
gmake[2]: *** [CMakeFiles/PointCloudProcessor.dir/build.make:76: CMakeFiles/PointCloudProcessor.dir/src/PointCloudProcessor.cpp.o] Error 1
gmake[1]: *** [CMakeFiles/Makefile2:277: CMakeFiles/PointCloudProcessor.dir/all] Error 2
gmake: *** [Makefile:146: all] Error 2
