[35m[1mConsolidate compiler generated dependencies of target test_flight_control[0m
[ 83%] Built target sensor_combined_listener
[ 83%] Built target frame_transforms
[ 83%] Built target offboard_control
[ 83%] Built target vehicle_gps_position_listener
[ 83%] Built target debug_vect_advertiser
[ 91%] [32mBuilding CXX object CMakeFiles/test_flight_control.dir/src/examples/offboard/test_flight_control.cpp.o[0m
[01m[K/home/dserbin/Documents/M-LADIS-sim/PX4 Aux/ws_sensor_combined/src/px4_ros_com/src/examples/offboard/test_flight_control.cpp:[m[K In member function â€˜[01m[Kvoid TrajectorySetpointPublisher::publishTrajectorySetpoint()[m[Kâ€™:
[01m[K/home/dserbin/Documents/M-LADIS-sim/PX4 Aux/ws_sensor_combined/src/px4_ros_com/src/examples/offboard/test_flight_control.cpp:44:25:[m[K [01;31m[Kerror: [m[Kâ€˜[01m[Kstruct px4_msgs::msg::TrajectorySetpoint_<std::allocator<void> >[m[Kâ€™ has no member named â€˜[01m[Kcommand[m[Kâ€™
   44 |                 message.[01;31m[Kcommand[m[K = VehicleCommand::VEHICLE_CMD_COMPONENT_ARM_DISARM;
      |                         [01;31m[K^~~~~~~[m[K
[01m[K/home/dserbin/Documents/M-LADIS-sim/PX4 Aux/ws_sensor_combined/src/px4_ros_com/src/examples/offboard/test_flight_control.cpp:44:35:[m[K [01;31m[Kerror: [m[Kâ€˜[01m[KVehicleCommand[m[Kâ€™ has not been declared
   44 |                 message.command = [01;31m[KVehicleCommand[m[K::VEHICLE_CMD_COMPONENT_ARM_DISARM;
      |                                   [01;31m[K^~~~~~~~~~~~~~[m[K
gmake[2]: *** [CMakeFiles/test_flight_control.dir/build.make:76: CMakeFiles/test_flight_control.dir/src/examples/offboard/test_flight_control.cpp.o] Error 1
gmake[1]: *** [CMakeFiles/Makefile2:277: CMakeFiles/test_flight_control.dir/all] Error 2
gmake: *** [Makefile:146: all] Error 2
