[0.056s] Invoking command in '/home/robmoemac/M-LADIS-sim/PX4 Aux/ws_sensor_combined/build/px4_msgs': CMAKE_PREFIX_PATH=/opt/ros/humble /usr/bin/cmake /home/robmoemac/M-LADIS-sim/PX4 Aux/ws_sensor_combined/src/px4_msgs -DCMAKE_INSTALL_PREFIX=/home/robmoemac/M-LADIS-sim/PX4 Aux/ws_sensor_combined/install/px4_msgs
[0.800s] -- The C compiler identification is GNU 11.4.0
[3.580s] -- The CXX compiler identification is GNU 11.4.0
[3.609s] -- Detecting C compiler ABI info
[3.692s] -- Detecting C compiler ABI info - done
[3.699s] -- Check for working C compiler: /usr/bin/cc - skipped
[3.699s] -- Detecting C compile features
[3.701s] -- Detecting C compile features - done
[3.706s] -- Detecting CXX compiler ABI info
[3.796s] -- Detecting CXX compiler ABI info - done
[3.803s] -- Check for working CXX compiler: /usr/bin/c++ - skipped
[3.803s] -- Detecting CXX compile features
[3.803s] -- Detecting CXX compile features - done
[3.812s] -- Found ament_cmake: 1.3.8 (/opt/ros/humble/share/ament_cmake/cmake)
[4.071s] -- Found Python3: /usr/bin/python3 (found version "3.10.12") found components: Interpreter 
[4.266s] -- Found builtin_interfaces: 1.2.1 (/opt/ros/humble/share/builtin_interfaces/cmake)
[4.366s] -- Found rosidl_generator_c: 3.1.5 (/opt/ros/humble/share/rosidl_generator_c/cmake)
[4.378s] -- Found rosidl_adapter: 3.1.5 (/opt/ros/humble/share/rosidl_adapter/cmake)
[4.413s] -- Found rosidl_generator_cpp: 3.1.5 (/opt/ros/humble/share/rosidl_generator_cpp/cmake)
[4.465s] -- Using all available rosidl_typesupport_c: rosidl_typesupport_fastrtps_c;rosidl_typesupport_introspection_c
[4.513s] -- Using all available rosidl_typesupport_cpp: rosidl_typesupport_fastrtps_cpp;rosidl_typesupport_introspection_cpp
[4.550s] -- Found rosidl_default_generators: 1.2.0 (/opt/ros/humble/share/rosidl_default_generators/cmake)
[7.254s] -- Found ament_cmake_cppcheck: 0.12.10 (/opt/ros/humble/share/ament_cmake_cppcheck/cmake)
[7.260s] -- Found ament_cmake_cpplint: 0.12.10 (/opt/ros/humble/share/ament_cmake_cpplint/cmake)
[7.266s] -- Found ament_cmake_uncrustify: 0.12.10 (/opt/ros/humble/share/ament_cmake_uncrustify/cmake)
[7.273s] -- Found ament_cmake_ros: 0.10.0 (/opt/ros/humble/share/ament_cmake_ros/cmake)
[7.686s] -- Using all available rosidl_typesupport_c: rosidl_typesupport_fastrtps_c;rosidl_typesupport_introspection_c
[7.828s] -- Using all available rosidl_typesupport_cpp: rosidl_typesupport_fastrtps_cpp;rosidl_typesupport_introspection_cpp
[7.856s] -- Found PythonInterp: /usr/bin/python3 (found suitable version "3.10.12", minimum required is "3.6") 
[7.860s] -- Found python_cmake_module: 0.10.0 (/opt/ros/humble/share/python_cmake_module/cmake)
[7.896s] -- Found PythonLibs: /usr/lib/x86_64-linux-gnu/libpython3.10.so (found suitable version "3.10.12", minimum required is "3.5") 
[7.896s] -- Using PYTHON_EXECUTABLE: /usr/bin/python3
[7.897s] -- Using PYTHON_INCLUDE_DIRS: /usr/include/python3.10
[7.897s] -- Using PYTHON_LIBRARIES: /usr/lib/x86_64-linux-gnu/libpython3.10.so
[7.917s] -- Found PythonExtra: .so  
[7.991s] -- Found ament_cmake_flake8: 0.12.10 (/opt/ros/humble/share/ament_cmake_flake8/cmake)
[7.997s] -- Found ament_cmake_pep257: 0.12.10 (/opt/ros/humble/share/ament_cmake_pep257/cmake)
[8.039s] -- Configuring done
[8.366s] -- Generating done
[8.371s] -- Build files have been written to: /home/robmoemac/M-LADIS-sim/PX4 Aux/ws_sensor_combined/build/px4_msgs
[8.388s] Invoked command in '/home/robmoemac/M-LADIS-sim/PX4 Aux/ws_sensor_combined/build/px4_msgs' returned '0': CMAKE_PREFIX_PATH=/opt/ros/humble /usr/bin/cmake /home/robmoemac/M-LADIS-sim/PX4 Aux/ws_sensor_combined/src/px4_msgs -DCMAKE_INSTALL_PREFIX=/home/robmoemac/M-LADIS-sim/PX4 Aux/ws_sensor_combined/install/px4_msgs
[8.390s] Invoking command in '/home/robmoemac/M-LADIS-sim/PX4 Aux/ws_sensor_combined/build/px4_msgs': CMAKE_PREFIX_PATH=/opt/ros/humble /usr/bin/cmake --build /home/robmoemac/M-LADIS-sim/PX4 Aux/ws_sensor_combined/build/px4_msgs -- -j8 -l8
[9.034s] [  0%] [34m[1mGenerating C code for ROS interfaces[0m
[9.041s] [  0%] Built target ament_cmake_python_copy_px4_msgs
[9.053s] [  0%] [34m[1mGenerating C++ code for ROS interfaces[0m
[9.137s] Traceback (most recent call last):
[9.137s]   File "/home/robmoemac/M-LADIS-sim/PX4 Aux/ws_sensor_combined/build/px4_msgs/ament_cmake_python/px4_msgs/setup.py", line 1, in <module>
[9.137s]     from setuptools import find_packages
[9.137s] ImportError: cannot import name 'find_packages' from 'setuptools' (/home/robmoemac/.local/lib/python3.10/site-packages/setuptools/__init__.py)
[9.149s] gmake[2]: *** [CMakeFiles/ament_cmake_python_build_px4_msgs_egg.dir/build.make:70: CMakeFiles/ament_cmake_python_build_px4_msgs_egg] Error 1
[9.149s] gmake[1]: *** [CMakeFiles/Makefile2:447: CMakeFiles/ament_cmake_python_build_px4_msgs_egg.dir/all] Error 2
[9.149s] gmake[1]: *** Waiting for unfinished jobs....
[12.287s] Traceback (most recent call last):
[12.287s]   File "/usr/lib/python3/dist-packages/lark/parsers/earley_forest.py", line 310, in visit
[12.287s] Traceback (most recent call last):
[12.287s] gmake[2]: *** Deleting file 'rosidl_generator_c/px4_msgs/msg/action_request.h'
[12.287s] gmake[2]: *** Deleting file 'rosidl_generator_cpp/px4_msgs/msg/action_request.hpp'
[12.288s]   File "/opt/ros/humble/share/rosidl_generator_c/cmake/../../../lib/rosidl_generator_c/rosidl_generator_c", line 38, in <module>
[12.288s]     sys.exit(main())
[12.288s]   File "/opt/ros/humble/share/rosidl_generator_c/cmake/../../../lib/rosidl_generator_c/rosidl_generator_c", line 34, in main
[12.288s]     generate_c(args.generator_arguments_file)
[12.288s]   File "/opt/ros/humble/local/lib/python3.10/dist-packages/rosidl_generator_c/__init__.py", line 37, in generate_c
[12.288s]     return generate_files(
[12.288s]   File "/opt/ros/humble/local/lib/python3.10/dist-packages/rosidl_cmake/__init__.py", line 87, in generate_files
[12.288s]     expand_template(
[12.288s]   File "/opt/ros/humble/local/lib/python3.10/dist-packages/rosidl_cmake/__init__.py", line 149, in expand_template
[12.288s]     next_node = next(current)
[12.288s] StopIteration
[12.288s] 
[12.289s] During handling of the above exception, another exception occurred:
[12.289s] 
[12.289s] Traceback (most recent call last):
[12.289s]   File "/opt/ros/humble/share/rosidl_generator_cpp/cmake/../../../lib/rosidl_generator_cpp/rosidl_generator_cpp", line 38, in <module>
[12.289s]     interpreter.string(template_content, template_path, locals=data)
[12.289s]   File "/usr/lib/python3/dist-packages/em.py", line 2391, in string
[12.289s]     sys.exit(main())
[12.289s]   File "/opt/ros/humble/share/rosidl_generator_cpp/cmake/../../../lib/rosidl_generator_cpp/rosidl_generator_cpp", line 34, in main
[12.289s]     generate_cpp(args.generator_arguments_file)
[12.289s]   File "/opt/ros/humble/local/lib/python3.10/dist-packages/rosidl_generator_cpp/__init__.py", line 38, in generate_cpp
[12.289s]     return generate_files(
[12.289s]   File "/opt/ros/humble/local/lib/python3.10/dist-packages/rosidl_cmake/__init__.py", line 74, in generate_files
[12.289s]     idl_file = parse_idl_file(locator)
[12.289s]   File "/opt/ros/humble/local/lib/python3.10/dist-packages/rosidl_parser/parser.py", line 64, in parse_idl_file
[12.289s]     content = parse_idl_string(string, png_file=png_file)
[12.289s]   File "/opt/ros/humble/local/lib/python3.10/dist-packages/rosidl_parser/parser.py", line 72, in parse_idl_string
[12.290s]     tree = get_ast_from_idl_string(idl_string)
[12.290s]   File "/opt/ros/humble/local/lib/python3.10/dist-packages/rosidl_parser/parser.py", line 89, in get_ast_from_idl_string
[12.290s]     return _parser.parse(idl_string)
[12.290s]   File "/usr/lib/python3/dist-packages/lark/lark.py", line 619, in parse
[12.290s]     return self.parser.parse(text, start=start, on_error=on_error)
[12.290s]   File "/usr/lib/python3/dist-packages/lark/parser_frontends.py", line 99, in parse
[12.290s]     self.safe(scanner, True, locals)
[12.290s]   File "/usr/lib/python3/dist-packages/em.py", line 2401, in safe
[12.290s]     return self.parser.parse(stream, chosen_start, **kw)
[12.290s]   File "/usr/lib/python3/dist-packages/lark/parsers/earley.py", line 292, in parse
[12.290s]     return transformer.transform(solutions[0])
[12.290s]   File "/usr/lib/python3/dist-packages/lark/parsers/earley_forest.py", line 395, in transform
[12.290s]     self.visit(root)
[12.290s]   File "/usr/lib/python3/dist-packages/lark/parsers/earley_forest.py", line 532, in visit
[12.290s]     self.parse(scanner, locals)
[12.290s]   File "/usr/lib/python3/dist-packages/em.py", line 2421, in parse
[12.290s]     token.run(self, locals)
[12.291s]   File "/usr/lib/python3/dist-packages/em.py", line 1333, in run
[12.291s]     super(ForestToParseTree, self).visit(root)
[12.291s]   File "/usr/lib/python3/dist-packages/lark/parsers/earley_forest.py", line 310, in visit
[12.291s]     next_node = next(current)
[12.291s] KeyboardInterrupt
[12.291s]     result = interpreter.evaluate(self.testCode, locals)
[12.291s]   File "/usr/lib/python3/dist-packages/em.py", line 2573, in evaluate
[12.291s]     result = eval(expression, self.globals, locals)
[12.291s]   File "<string>", line 1, in <module>
[12.291s] KeyboardInterrupt
[12.322s] Exception ignored in: <function Interpreter.__del__ at 0x7fc848d92050>
[12.322s] Traceback (most recent call last):
[12.322s]   File "/usr/lib/python3/dist-packages/em.py", line 2094, in __del__
[12.322s]   File "/usr/lib/python3/dist-packages/em.py", line 2157, in shutdown
[12.322s]   File "/usr/lib/python3/dist-packages/em.py", line 2647, in finalize
[12.322s]   File "/usr/lib/python3/dist-packages/em.py", line 2200, in push
[12.322s] AttributeError: '_io.TextIOWrapper' object has no attribute 'push'
[12.331s] gmake[2]: *** [CMakeFiles/px4_msgs__rosidl_generator_c.dir/build.make:288: rosidl_generator_c/px4_msgs/msg/action_request.h] Interrupt
[12.332s] gmake[1]: *** [CMakeFiles/Makefile2:212: CMakeFiles/px4_msgs__rosidl_generator_c.dir/all] Interrupt
[12.340s] gmake[2]: *** [CMakeFiles/px4_msgs__cpp.dir/build.make:1088: rosidl_generator_cpp/px4_msgs/msg/action_request.hpp] Interrupt
[12.340s] gmake[1]: *** [CMakeFiles/Makefile2:265: CMakeFiles/px4_msgs__cpp.dir/all] Interrupt
[12.340s] gmake: *** [Makefile:146: all] Interrupt
[12.340s] Invoked command in '/home/robmoemac/M-LADIS-sim/PX4 Aux/ws_sensor_combined/build/px4_msgs' returned '-2': CMAKE_PREFIX_PATH=/opt/ros/humble /usr/bin/cmake --build /home/robmoemac/M-LADIS-sim/PX4 Aux/ws_sensor_combined/build/px4_msgs -- -j8 -l8
