[01m[K/home/robmoemac/M-LADIS-sim/PX4 Aux/ws_sensor_combined/src/px4_ros_com/src/PointCloudProcessor.cpp:[m[K In member function â€˜[01m[Kvoid PointCloudProcessor::pointCloudCallback(sensor_msgs::msg::PointCloud2_<std::allocator<void> >::SharedPtr)[m[Kâ€™:
[01m[K/home/robmoemac/M-LADIS-sim/PX4 Aux/ws_sensor_combined/src/px4_ros_com/src/PointCloudProcessor.cpp:41:40:[m[K [01;31m[Kerror: [m[Kâ€˜[01m[Kpc_cloud[m[Kâ€™ was not declared in this scope; did you mean â€˜[01m[Kpcl_cloud[m[Kâ€™?
   41 |       if(pcl_cloud->points[i].z > 2 || [01;31m[Kpc_cloud[m[K->points[i].z < -2){
      |                                        [01;31m[K^~~~~~~~[m[K
      |                                        [32m[Kpcl_cloud[m[K
gmake[2]: *** [CMakeFiles/PointCloudProcessor.dir/build.make:76: CMakeFiles/PointCloudProcessor.dir/src/PointCloudProcessor.cpp.o] Error 1
gmake[1]: *** [CMakeFiles/Makefile2:277: CMakeFiles/PointCloudProcessor.dir/all] Error 2
gmake: *** [Makefile:146: all] Error 2
