[0.016s] Invoking command in '/home/robmoemac/M-LADIS-sim/PX4 Aux/ws_sensor_combined/build/px4_ros_com': AMENT_PREFIX_PATH=/home/robmoemac/M-LADIS-sim/PX4 Aux/ws_sensor_combined/install/px4_msgs:${AMENT_PREFIX_PATH} CMAKE_PREFIX_PATH=/home/robmoemac/M-LADIS-sim/PX4 Aux/ws_sensor_combined/install/px4_msgs:/opt/ros/humble LD_LIBRARY_PATH=/home/robmoemac/M-LADIS-sim/PX4 Aux/ws_sensor_combined/install/px4_msgs/lib:${LD_LIBRARY_PATH} PYTHONPATH=/home/robmoemac/M-LADIS-sim/PX4 Aux/ws_sensor_combined/install/px4_msgs/local/lib/python3.10/dist-packages:${PYTHONPATH} /usr/bin/cmake --build /home/robmoemac/M-LADIS-sim/PX4 Aux/ws_sensor_combined/build/px4_ros_com -- -j8 -l8
[0.066s] [35m[1mConsolidate compiler generated dependencies of target lidar_clustering[0m
[0.074s] [  7%] [32mBuilding CXX object CMakeFiles/frame_transforms.dir/src/lib/frame_transforms.cpp.o[0m
[0.086s] [ 35%] Built target offboard_control
[0.086s] [ 42%] Built target vehicle_gps_position_listener
[0.087s] [ 57%] Built target sensor_combined_listener
[0.088s] [ 64%] Built target debug_vect_advertiser
[0.089s] [ 78%] Built target test_flight_control
[0.093s] [ 85%] [32mBuilding CXX object CMakeFiles/lidar_clustering.dir/src/computer_viz/lidar_clustering.cpp.o[0m
[0.243s] In file included from [01m[K/home/robmoemac/M-LADIS-sim/PX4 Aux/ws_sensor_combined/src/px4_ros_com/src/lib/frame_transforms.cpp:41[m[K:
[0.244s] [01m[K/home/robmoemac/M-LADIS-sim/PX4 Aux/ws_sensor_combined/src/px4_ros_com/include/px4_ros_com/frame_transforms.h:54:10:[m[K [01;31m[Kfatal error: [m[Ksensor_msgs/msg/imu.hpp: No such file or directory
[0.244s]    54 | #include [01;31m[K<sensor_msgs/msg/imu.hpp>[m[K
[0.244s]       |          [01;31m[K^~~~~~~~~~~~~~~~~~~~~~~~~[m[K
[0.244s] compilation terminated.
[0.256s] gmake[2]: *** [CMakeFiles/frame_transforms.dir/build.make:76: CMakeFiles/frame_transforms.dir/src/lib/frame_transforms.cpp.o] Error 1
[0.256s] gmake[1]: *** [CMakeFiles/Makefile2:149: CMakeFiles/frame_transforms.dir/all] Error 2
[0.256s] gmake[1]: *** Waiting for unfinished jobs....
[2.249s] [01m[K/home/robmoemac/M-LADIS-sim/PX4 Aux/ws_sensor_combined/src/px4_ros_com/src/computer_viz/lidar_clustering.cpp:40:34:[m[K [01;31m[Kerror: [m[Kâ€˜[01m[KPointCloud2[m[Kâ€™ does not name a type
[2.249s]    40 |     void listener_callback(const [01;31m[KPointCloud2[m[K::SharedPtr& msg)
[2.249s]       |                                  [01;31m[K^~~~~~~~~~~[m[K
[2.249s] [01m[K/home/robmoemac/M-LADIS-sim/PX4 Aux/ws_sensor_combined/src/px4_ros_com/src/computer_viz/lidar_clustering.cpp:40:56:[m[K [01;31m[Kerror: [m[Kexpected unqualified-id before â€˜[01m[K&[m[Kâ€™ token
[2.250s]    40 |     void listener_callback(const PointCloud2::SharedPtr[01;31m[K&[m[K msg)
[2.250s]       |                                                        [01;31m[K^[m[K
[2.250s] [01m[K/home/robmoemac/M-LADIS-sim/PX4 Aux/ws_sensor_combined/src/px4_ros_com/src/computer_viz/lidar_clustering.cpp:40:56:[m[K [01;31m[Kerror: [m[Kexpected â€˜[01m[K)[m[Kâ€™ before â€˜[01m[K&[m[Kâ€™ token
[2.250s]    40 |     void listener_callback[34m[K([m[Kconst PointCloud2::SharedPtr[01;31m[K&[m[K msg)
[2.250s]       |                           [34m[K~[m[K                            [01;31m[K^[m[K
[2.250s]       |                                                        [32m[K)[m[K
[2.250s] [01m[K/home/robmoemac/M-LADIS-sim/PX4 Aux/ws_sensor_combined/src/px4_ros_com/src/computer_viz/lidar_clustering.cpp:40:56:[m[K [01;31m[Kerror: [m[Kexpected â€˜[01m[K;[m[Kâ€™ at end of member declaration
[2.250s]    40 |     void listener_callback(const PointCloud2::SharedPtr[01;31m[K&[m[K msg)
[2.251s]       |                                                        [01;31m[K^[m[K
[2.251s]       |                                                         [32m[K;[m[K
[2.251s] [01m[K/home/robmoemac/M-LADIS-sim/PX4 Aux/ws_sensor_combined/src/px4_ros_com/src/computer_viz/lidar_clustering.cpp:40:58:[m[K [01;31m[Kerror: [m[Kâ€˜[01m[Kmsg[m[Kâ€™ does not name a type
[2.251s]    40 |     void listener_callback(const PointCloud2::SharedPtr& [01;31m[Kmsg[m[K)
[2.251s]       |                                                          [01;31m[K^~~[m[K
[2.251s] [01m[K/home/robmoemac/M-LADIS-sim/PX4 Aux/ws_sensor_combined/src/px4_ros_com/src/computer_viz/lidar_clustering.cpp:90:2:[m[K [01;31m[Kerror: [m[Kexpected â€˜[01m[K;[m[Kâ€™ after class definition
[2.251s]    90 | }
[2.251s]       |  [01;31m[K^[m[K
[2.251s]       |  [32m[K;[m[K
[2.261s] [01m[K/home/robmoemac/M-LADIS-sim/PX4 Aux/ws_sensor_combined/src/px4_ros_com/src/computer_viz/lidar_clustering.cpp:[m[K In constructor â€˜[01m[KMinimalSubscriber::MinimalSubscriber()[m[Kâ€™:
[2.261s] [01m[K/home/robmoemac/M-LADIS-sim/PX4 Aux/ws_sensor_combined/src/px4_ros_com/src/computer_viz/lidar_clustering.cpp:35:5:[m[K [01;31m[Kerror: [m[Kâ€˜[01m[Ksubscription_[m[Kâ€™ was not declared in this scope; did you mean â€˜[01m[Krmw_subscription_t[m[Kâ€™?
[2.261s]    35 |     [01;31m[Ksubscription_[m[K = this->create_subscription<sensor_msgs::msg::PointCloud2>(
[2.262s]       |     [01;31m[K^~~~~~~~~~~~~[m[K
[2.262s]       |     [32m[Krmw_subscription_t[m[K
[2.269s] [01m[K/home/robmoemac/M-LADIS-sim/PX4 Aux/ws_sensor_combined/src/px4_ros_com/src/computer_viz/lidar_clustering.cpp:35:47:[m[K [01;31m[Kerror: [m[Kâ€˜[01m[Ksensor_msgs[m[Kâ€™ was not declared in this scope
[2.269s]    35 |     subscription_ = this->create_subscription<[01;31m[Ksensor_msgs[m[K::msg::PointCloud2>(
[2.270s]       |                                               [01;31m[K^~~~~~~~~~~[m[K
[2.270s] [01m[K/home/robmoemac/M-LADIS-sim/PX4 Aux/ws_sensor_combined/src/px4_ros_com/src/computer_viz/lidar_clustering.cpp:35:27:[m[K [01;31m[Kerror: [m[Kparse error in template argument list
[2.270s]    35 |     subscription_ = this->[01;31m[Kcreate_subscription<sensor_msgs::msg::PointCloud2>[m[K(
[2.270s]       |                           [01;31m[K^~~~~~~~~~~~~~~~~~~~~~~~~~~~~~~~~~~~~~~~~~~~~~~~~~[m[K
[2.270s] [01m[K/home/robmoemac/M-LADIS-sim/PX4 Aux/ws_sensor_combined/src/px4_ros_com/src/computer_viz/lidar_clustering.cpp:36:49:[m[K [01;31m[Kerror: [m[Kâ€˜[01m[Ktopic_callback[m[Kâ€™ is not a member of â€˜[01m[KMinimalSubscriber[m[Kâ€™
[2.270s]    36 |       "scan", 10, std::bind(&MinimalSubscriber::[01;31m[Ktopic_callback[m[K, this, _1));
[2.270s]       |                                                 [01;31m[K^~~~~~~~~~~~~~[m[K
[2.270s] [01m[K/home/robmoemac/M-LADIS-sim/PX4 Aux/ws_sensor_combined/src/px4_ros_com/src/computer_viz/lidar_clustering.cpp:36:71:[m[K [01;31m[Kerror: [m[Kâ€˜[01m[K_1[m[Kâ€™ was not declared in this scope; did you mean â€˜[01m[Kstd::placeholders::_1[m[Kâ€™?
[2.270s]    36 |       "scan", 10, std::bind(&MinimalSubscriber::topic_callback, this, [01;31m[K_1[m[K));
[2.271s]       |                                                                       [01;31m[K^~[m[K
[2.271s]       |                                                                       [32m[Kstd::placeholders::_1[m[K
[2.271s] In file included from [01m[K/home/robmoemac/M-LADIS-sim/PX4 Aux/ws_sensor_combined/src/px4_ros_com/src/computer_viz/lidar_clustering.cpp:2[m[K:
[2.271s] [01m[K/usr/include/c++/11/functional:225:34:[m[K [01;36m[Knote: [m[Kâ€˜[01m[Kstd::placeholders::_1[m[Kâ€™ declared here
[2.271s]   225 |     extern const _Placeholder<1> [01;36m[K_1[m[K;
[2.271s]       |                                  [01;36m[K^~[m[K
[2.687s] gmake[2]: *** [CMakeFiles/lidar_clustering.dir/build.make:76: CMakeFiles/lidar_clustering.dir/src/computer_viz/lidar_clustering.cpp.o] Error 1
[2.687s] gmake[1]: *** [CMakeFiles/Makefile2:305: CMakeFiles/lidar_clustering.dir/all] Error 2
[2.688s] gmake: *** [Makefile:146: all] Error 2
[2.690s] Invoked command in '/home/robmoemac/M-LADIS-sim/PX4 Aux/ws_sensor_combined/build/px4_ros_com' returned '2': AMENT_PREFIX_PATH=/home/robmoemac/M-LADIS-sim/PX4 Aux/ws_sensor_combined/install/px4_msgs:${AMENT_PREFIX_PATH} CMAKE_PREFIX_PATH=/home/robmoemac/M-LADIS-sim/PX4 Aux/ws_sensor_combined/install/px4_msgs:/opt/ros/humble LD_LIBRARY_PATH=/home/robmoemac/M-LADIS-sim/PX4 Aux/ws_sensor_combined/install/px4_msgs/lib:${LD_LIBRARY_PATH} PYTHONPATH=/home/robmoemac/M-LADIS-sim/PX4 Aux/ws_sensor_combined/install/px4_msgs/local/lib/python3.10/dist-packages:${PYTHONPATH} /usr/bin/cmake --build /home/robmoemac/M-LADIS-sim/PX4 Aux/ws_sensor_combined/build/px4_ros_com -- -j8 -l8
