[0.051s] Invoking command in '/home/robmoemac/M-LADIS-sim/PX4 Aux/ws_sensor_combined/build/px4_ros_com': AMENT_PREFIX_PATH=/home/robmoemac/M-LADIS-sim/PX4 Aux/ws_sensor_combined/install/px4_msgs:${AMENT_PREFIX_PATH} CMAKE_PREFIX_PATH=/home/robmoemac/M-LADIS-sim/PX4 Aux/ws_sensor_combined/install/px4_msgs:/opt/ros/humble LD_LIBRARY_PATH=/home/robmoemac/M-LADIS-sim/PX4 Aux/ws_sensor_combined/install/px4_msgs/lib:${LD_LIBRARY_PATH} PYTHONPATH=/home/robmoemac/M-LADIS-sim/PX4 Aux/ws_sensor_combined/install/px4_msgs/local/lib/python3.10/dist-packages:${PYTHONPATH} /usr/bin/cmake --build /home/robmoemac/M-LADIS-sim/PX4 Aux/ws_sensor_combined/build/px4_ros_com -- -j8 -l8
[0.100s] [35m[1mConsolidate compiler generated dependencies of target offboard_control[0m
[0.110s] [ 20%] Built target sensor_combined_listener
[0.110s] [ 40%] Built target vehicle_gps_position_listener
[0.115s] [ 80%] Built target debug_vect_advertiser
[0.116s] [ 80%] Built target frame_transforms
[0.118s] [ 90%] [32mBuilding CXX object CMakeFiles/offboard_control.dir/src/examples/offboard/offboard_control.cpp.o[0m
[2.082s] [01m[K/home/robmoemac/M-LADIS-sim/PX4 Aux/ws_sensor_combined/src/px4_ros_com/src/examples/offboard/offboard_control.cpp:[m[K In constructor â€˜[01m[KOffboardControl::OffboardControl()[m[Kâ€™:
[2.082s] [01m[K/home/robmoemac/M-LADIS-sim/PX4 Aux/ws_sensor_combined/src/px4_ros_com/src/examples/offboard/offboard_control.cpp:66:92:[m[K [01;31m[Kerror: [m[Kno matching function for call to â€˜[01m[KOffboardControl::create_subscription<px4_msgs::msg::TrajectorySetpoint>(const char [26], int)[m[Kâ€™
[2.082s]    66 |                 flight_trajectory_waypoint_ = [01;31m[Kthis->create_subscription<TrajectorySetpoint>("/fmu/in/autonomy_waypoint",10)[m[K;
[2.082s]       |                                               [01;31m[K~~~~~~~~~~~~~~~~~~~~~~~~~~~~~~~~~~~~~~~~~~~~~^~~~~~~~~~~~~~~~~~~~~~~~~~~~~~~~[m[K
[2.082s] In file included from [01m[K/opt/ros/humble/include/rclcpp/rclcpp/executors/single_threaded_executor.hpp:28[m[K,
[2.082s]                  from [01m[K/opt/ros/humble/include/rclcpp/rclcpp/executors.hpp:22[m[K,
[2.082s]                  from [01m[K/opt/ros/humble/include/rclcpp/rclcpp/rclcpp.hpp:155[m[K,
[2.082s]                  from [01m[K/home/robmoemac/M-LADIS-sim/PX4 Aux/ws_sensor_combined/src/px4_ros_com/src/examples/offboard/offboard_control.cpp:46[m[K:
[2.082s] [01m[K/opt/ros/humble/include/rclcpp/rclcpp/node.hpp:219:3:[m[K [01;36m[Knote: [m[Kcandidate: â€˜[01m[Ktemplate<class MessageT, class CallbackT, class AllocatorT, class SubscriptionT, class MessageMemoryStrategyT> std::shared_ptr<ROSMessageT> rclcpp::Node::create_subscription(const string&, const rclcpp::QoS&, CallbackT&&, const rclcpp::SubscriptionOptionsWithAllocator<AllocatorT>&, typename MessageMemoryStrategyT::SharedPtr)[m[Kâ€™
[2.082s]   219 |   [01;36m[Kcreate_subscription[m[K(
[2.083s]       |   [01;36m[K^~~~~~~~~~~~~~~~~~~[m[K
[2.083s] [01m[K/opt/ros/humble/include/rclcpp/rclcpp/node.hpp:219:3:[m[K [01;36m[Knote: [m[K  template argument deduction/substitution failed:
[2.083s] [01m[K/home/robmoemac/M-LADIS-sim/PX4 Aux/ws_sensor_combined/src/px4_ros_com/src/examples/offboard/offboard_control.cpp:66:92:[m[K [01;36m[Knote: [m[K  candidate expects 5 arguments, 2 provided
[2.083s]    66 |                 flight_trajectory_waypoint_ = [01;36m[Kthis->create_subscription<TrajectorySetpoint>("/fmu/in/autonomy_waypoint",10)[m[K;
[2.083s]       |                                               [01;36m[K~~~~~~~~~~~~~~~~~~~~~~~~~~~~~~~~~~~~~~~~~~~~~^~~~~~~~~~~~~~~~~~~~~~~~~~~~~~~~[m[K
[2.089s] [01m[K/home/robmoemac/M-LADIS-sim/PX4 Aux/ws_sensor_combined/src/px4_ros_com/src/examples/offboard/offboard_control.cpp:[m[K In lambda function:
[2.089s] [01m[K/home/robmoemac/M-LADIS-sim/PX4 Aux/ws_sensor_combined/src/px4_ros_com/src/examples/offboard/offboard_control.cpp:84:25:[m[K [01;31m[Kerror: [m[Kâ€˜[01m[KWaypointInfo[m[Kâ€™ was not declared in this scope
[2.089s]    84 |                         [01;31m[KWaypointInfo[m[K waypoint = WaypointMSgCallback();
[2.089s]       |                         [01;31m[K^~~~~~~~~~~~[m[K
[2.094s] [01m[K/home/robmoemac/M-LADIS-sim/PX4 Aux/ws_sensor_combined/src/px4_ros_com/src/examples/offboard/offboard_control.cpp:86:61:[m[K [01;31m[Kerror: [m[Kâ€˜[01m[Kwaypoint[m[Kâ€™ was not declared in this scope
[2.094s]    86 |                         publish_trajectory_setpoint_forward([01;31m[Kwaypoint[m[K.x,waypoint.y,waypoint.z,waypoint.yaw); // my own thing
[2.094s]       |                                                             [01;31m[K^~~~~~~~[m[K
[2.105s] [01m[K/home/robmoemac/M-LADIS-sim/PX4 Aux/ws_sensor_combined/src/px4_ros_com/src/examples/offboard/offboard_control.cpp:[m[K In function â€˜[01m[KWaypointInfo WaypointMsgCallback(px4_msgs::msg::TrajectorySetpoint_<std::allocator<void> >::SharedPtr)[m[Kâ€™:
[2.105s] [01m[K/home/robmoemac/M-LADIS-sim/PX4 Aux/ws_sensor_combined/src/px4_ros_com/src/examples/offboard/offboard_control.cpp:208:5:[m[K [01;31m[Kerror: [m[Kexpected initializer before â€˜[01m[Kwaypoint[m[Kâ€™
[2.105s]   208 |     [01;31m[Kwaypoint[m[K.x = msg->position[0];
[2.105s]       |     [01;31m[K^~~~~~~~[m[K
[2.114s] [01m[K/home/robmoemac/M-LADIS-sim/PX4 Aux/ws_sensor_combined/src/px4_ros_com/src/examples/offboard/offboard_control.cpp:209:5:[m[K [01;31m[Kerror: [m[Kâ€˜[01m[Kwaypoint[m[Kâ€™ was not declared in this scope
[2.114s]   209 |     [01;31m[Kwaypoint[m[K.y = msg->position[1];
[2.114s]       |     [01;31m[K^~~~~~~~[m[K
[2.115s] [01m[K/home/robmoemac/M-LADIS-sim/PX4 Aux/ws_sensor_combined/src/px4_ros_com/src/examples/offboard/offboard_control.cpp:212:25:[m[K [01;31m[Kerror: [m[Kâ€˜[01m[Kconst SharedPtr[m[Kâ€™ {aka â€˜[01m[Kconst class std::shared_ptr<px4_msgs::msg::TrajectorySetpoint_<std::allocator<void> > >[m[Kâ€™} has no member named â€˜[01m[Ktimestamp[m[Kâ€™
[2.115s]   212 |     waypoint.time = msg.[01;31m[Ktimestamp[m[K = this->get_clock()->now().nanoseconds() / 1000;
[2.115s]       |                         [01;31m[K^~~~~~~~~[m[K
[2.115s] [01m[K/home/robmoemac/M-LADIS-sim/PX4 Aux/ws_sensor_combined/src/px4_ros_com/src/examples/offboard/offboard_control.cpp:212:37:[m[K [01;31m[Kerror: [m[Kinvalid use of â€˜[01m[Kthis[m[Kâ€™ in non-member function
[2.115s]   212 |     waypoint.time = msg.timestamp = [01;31m[Kthis[m[K->get_clock()->now().nanoseconds() / 1000;
[2.115s]       |                                     [01;31m[K^~~~[m[K
[3.016s] gmake[2]: *** [CMakeFiles/offboard_control.dir/build.make:76: CMakeFiles/offboard_control.dir/src/examples/offboard/offboard_control.cpp.o] Error 1
[3.016s] gmake[1]: *** [CMakeFiles/Makefile2:249: CMakeFiles/offboard_control.dir/all] Error 2
[3.016s] gmake: *** [Makefile:146: all] Error 2
[3.019s] Invoked command in '/home/robmoemac/M-LADIS-sim/PX4 Aux/ws_sensor_combined/build/px4_ros_com' returned '2': AMENT_PREFIX_PATH=/home/robmoemac/M-LADIS-sim/PX4 Aux/ws_sensor_combined/install/px4_msgs:${AMENT_PREFIX_PATH} CMAKE_PREFIX_PATH=/home/robmoemac/M-LADIS-sim/PX4 Aux/ws_sensor_combined/install/px4_msgs:/opt/ros/humble LD_LIBRARY_PATH=/home/robmoemac/M-LADIS-sim/PX4 Aux/ws_sensor_combined/install/px4_msgs/lib:${LD_LIBRARY_PATH} PYTHONPATH=/home/robmoemac/M-LADIS-sim/PX4 Aux/ws_sensor_combined/install/px4_msgs/local/lib/python3.10/dist-packages:${PYTHONPATH} /usr/bin/cmake --build /home/robmoemac/M-LADIS-sim/PX4 Aux/ws_sensor_combined/build/px4_ros_com -- -j8 -l8
