[01m[K/home/dserbin/Documents/M-LADIS-sim/PX4 Aux/ws_sensor_combined/src/px4_ros_com/src/examples/offboard/test_flight_control.cpp:2:10:[m[K [01;31m[Kfatal error: [m[Kyour_package_name/msg/trajectory_setpoint.hpp: No such file or directory
    2 | #include [01;31m[K"your_package_name/msg/trajectory_setpoint.hpp"[m[K  // Adjust the include path
      |          [01;31m[K^~~~~~~~~~~~~~~~~~~~~~~~~~~~~~~~~~~~~~~~~~~~~~~[m[K
compilation terminated.
gmake[2]: *** [CMakeFiles/test_flight_control.dir/build.make:76: CMakeFiles/test_flight_control.dir/src/examples/offboard/test_flight_control.cpp.o] Error 1
gmake[1]: *** [CMakeFiles/Makefile2:277: CMakeFiles/test_flight_control.dir/all] Error 2
gmake: *** [Makefile:146: all] Error 2
