[0.003s] Invoking command in '/home/robmoemac/M-LADIS-sim/PX4 Aux/ws_sensor_combined/build/px4_ros_com': CMAKE_PREFIX_PATH=/home/robmoemac/M-LADIS-sim/PX4 Aux/ws_sensor_combined/install/px4_msgs:/home/robmoemac/M-LADIS-sim/PX4 Aux/ws_sensor_combined/install/ros:/home/robmoemac/M-LADIS-sim/PX4 Aux/ws_sensor_combined/install/px4_ros_com:/opt/ros/humble /usr/bin/cmake --build /home/robmoemac/M-LADIS-sim/PX4 Aux/ws_sensor_combined/build/px4_ros_com -- -j32 -l32
[0.041s] [35m[1mConsolidate compiler generated dependencies of target PointCloudProcessor[0m
[0.047s] [ 16%] Built target sensor_combined_listener
[0.047s] [ 33%] Built target test_flight_control
[0.050s] [ 83%] Built target vehicle_gps_position_listener
[0.050s] [ 83%] Built target offboard_control
[0.050s] [ 83%] Built target debug_vect_advertiser
[0.068s] [ 91%] [32mBuilding CXX object CMakeFiles/PointCloudProcessor.dir/src/PointCloudProcessor.cpp.o[0m
[3.845s] [01m[K/home/robmoemac/M-LADIS-sim/PX4 Aux/ws_sensor_combined/src/px4_ros_com/src/PointCloudProcessor.cpp:[m[K In member function â€˜[01m[Kvoid PointCloudProcessor::pointCloudCallback(sensor_msgs::msg::PointCloud2_<std::allocator<void> >::SharedPtr)[m[Kâ€™:
[3.845s] [01m[K/home/robmoemac/M-LADIS-sim/PX4 Aux/ws_sensor_combined/src/px4_ros_com/src/PointCloudProcessor.cpp:104:5:[m[K [01;31m[Kerror: [m[Kâ€˜[01m[KeuclidianClustering[m[Kâ€™ was not declared in this scope; did you mean â€˜[01m[KeuclideanClustering[m[Kâ€™?
[3.845s]   104 |     [01;31m[KeuclidianClustering[m[K(pcloud);
[3.845s]       |     [01;31m[K^~~~~~~~~~~~~~~~~~~[m[K
[3.845s]       |     [32m[KeuclideanClustering[m[K
[3.845s] [01m[K/home/robmoemac/M-LADIS-sim/PX4 Aux/ws_sensor_combined/src/px4_ros_com/src/PointCloudProcessor.cpp:102:11:[m[K [01;35m[Kwarning: [m[Kunused variable â€˜[01m[KclusterDistance[m[Kâ€™ [[01;35m[K]8;;https://gcc.gnu.org/onlinedocs/gcc/Warning-Options.html#index-Wunused-variable-Wunused-variable]8;;[m[K]
[3.845s]   102 |     float [01;35m[KclusterDistance[m[K = 5.0;
[3.845s]       |           [01;35m[K^~~~~~~~~~~~~~~[m[K
[6.820s] gmake[2]: *** [CMakeFiles/PointCloudProcessor.dir/build.make:76: CMakeFiles/PointCloudProcessor.dir/src/PointCloudProcessor.cpp.o] Error 1
[6.820s] gmake[1]: *** [CMakeFiles/Makefile2:277: CMakeFiles/PointCloudProcessor.dir/all] Error 2
[6.820s] gmake: *** [Makefile:146: all] Error 2
[6.823s] Invoked command in '/home/robmoemac/M-LADIS-sim/PX4 Aux/ws_sensor_combined/build/px4_ros_com' returned '2': CMAKE_PREFIX_PATH=/home/robmoemac/M-LADIS-sim/PX4 Aux/ws_sensor_combined/install/px4_msgs:/home/robmoemac/M-LADIS-sim/PX4 Aux/ws_sensor_combined/install/ros:/home/robmoemac/M-LADIS-sim/PX4 Aux/ws_sensor_combined/install/px4_ros_com:/opt/ros/humble /usr/bin/cmake --build /home/robmoemac/M-LADIS-sim/PX4 Aux/ws_sensor_combined/build/px4_ros_com -- -j32 -l32
