[0.063s] Invoking command in '/home/robmoemac/M-LADIS-sim/PX4 Aux/ws_sensor_combined/build/px4_ros_com': CMAKE_PREFIX_PATH=${CMAKE_PREFIX_PATH}:/opt/ros/humble /usr/bin/cmake --build /home/robmoemac/M-LADIS-sim/PX4 Aux/ws_sensor_combined/build/px4_ros_com -- -j8 -l8
[0.109s] [  7%] [32mBuilding CXX object CMakeFiles/pc_conv.dir/src/examples/listeners/pc_conv.cpp.o[0m
[0.112s] [ 21%] Built target vehicle_gps_position_listener
[0.113s] [ 35%] Built target offboard_control
[0.114s] [ 50%] Built target frame_transforms
[0.115s] [ 64%] Built target test_flight_control
[0.115s] [ 78%] Built target debug_vect_advertiser
[0.115s] [ 92%] Built target sensor_combined_listener
[1.942s] [01m[K/home/robmoemac/M-LADIS-sim/PX4 Aux/ws_sensor_combined/src/px4_ros_com/src/examples/listeners/pc_conv.cpp:6:19:[m[K [01;31m[Kerror: [m[Kâ€˜[01m[Ksensor_msgs[m[Kâ€™ was not declared in this scope
[1.942s]     6 | rclcpp::Publisher<[01;31m[Ksensor_msgs[m[K::msg::point_cloud2>::SharedPtr laser_scan_pub;
[1.942s]       |                   [01;31m[K^~~~~~~~~~~[m[K
[1.942s] [01m[K/home/robmoemac/M-LADIS-sim/PX4 Aux/ws_sensor_combined/src/px4_ros_com/src/examples/listeners/pc_conv.cpp:6:49:[m[K [01;31m[Kerror: [m[Ktemplate argument 1 is invalid
[1.942s]     6 | rclcpp::Publisher<sensor_msgs::msg::point_cloud2[01;31m[K>[m[K::SharedPtr laser_scan_pub;
[1.942s]       |                                                 [01;31m[K^[m[K
[1.943s] [01m[K/home/robmoemac/M-LADIS-sim/PX4 Aux/ws_sensor_combined/src/px4_ros_com/src/examples/listeners/pc_conv.cpp:6:62:[m[K [01;31m[Kerror: [m[Kexpected initializer before â€˜[01m[Klaser_scan_pub[m[Kâ€™
[1.943s]     6 | rclcpp::Publisher<sensor_msgs::msg::point_cloud2>::SharedPtr [01;31m[Klaser_scan_pub[m[K;
[1.943s]       |                                                              [01;31m[K^~~~~~~~~~~~~~[m[K
[1.943s] [01m[K/home/robmoemac/M-LADIS-sim/PX4 Aux/ws_sensor_combined/src/px4_ros_com/src/examples/listeners/pc_conv.cpp:8:6:[m[K [01;31m[Kerror: [m[Kvariable or field â€˜[01m[Kcb[m[Kâ€™ declared void
[1.943s]     8 | void [01;31m[Kcb[m[K(Constpoint_cloud2StampedPtr &_msg)
[1.943s]       |      [01;31m[K^~[m[K
[1.948s] [01m[K/home/robmoemac/M-LADIS-sim/PX4 Aux/ws_sensor_combined/src/px4_ros_com/src/examples/listeners/pc_conv.cpp:8:9:[m[K [01;31m[Kerror: [m[Kâ€˜[01m[KConstpoint_cloud2StampedPtr[m[Kâ€™ was not declared in this scope
[1.948s]     8 | void cb([01;31m[KConstpoint_cloud2StampedPtr[m[K &_msg)
[1.948s]       |         [01;31m[K^~~~~~~~~~~~~~~~~~~~~~~~~~~[m[K
[1.950s] [01m[K/home/robmoemac/M-LADIS-sim/PX4 Aux/ws_sensor_combined/src/px4_ros_com/src/examples/listeners/pc_conv.cpp:8:38:[m[K [01;31m[Kerror: [m[Kâ€˜[01m[K_msg[m[Kâ€™ was not declared in this scope
[1.950s]     8 | void cb(Constpoint_cloud2StampedPtr &[01;31m[K_msg[m[K)
[1.950s]       |                                      [01;31m[K^~~~[m[K
[1.955s] [01m[K/home/robmoemac/M-LADIS-sim/PX4 Aux/ws_sensor_combined/src/px4_ros_com/src/examples/listeners/pc_conv.cpp:[m[K In function â€˜[01m[Kint main(int, char**)[m[Kâ€™:
[1.955s] [01m[K/home/robmoemac/M-LADIS-sim/PX4 Aux/ws_sensor_combined/src/px4_ros_com/src/examples/listeners/pc_conv.cpp:23:3:[m[K [01;31m[Kerror: [m[Kâ€˜[01m[Klaser_scan_pub[m[Kâ€™ was not declared in this scope
[1.955s]    23 |   [01;31m[Klaser_scan_pub[m[K = ros_node->create_publisher<sensor_msgs::msg::point_cloud2>(
[1.955s]       |   [01;31m[K^~~~~~~~~~~~~~[m[K
[1.958s] [01m[K/home/robmoemac/M-LADIS-sim/PX4 Aux/ws_sensor_combined/src/px4_ros_com/src/examples/listeners/pc_conv.cpp:23:47:[m[K [01;31m[Kerror: [m[Kâ€˜[01m[Ksensor_msgs[m[Kâ€™ was not declared in this scope
[1.958s]    23 |   laser_scan_pub = ros_node->create_publisher<[01;31m[Ksensor_msgs[m[K::msg::point_cloud2>(
[1.958s]       |                                               [01;31m[K^~~~~~~~~~~[m[K
[1.958s] [01m[K/home/robmoemac/M-LADIS-sim/PX4 Aux/ws_sensor_combined/src/px4_ros_com/src/examples/listeners/pc_conv.cpp:23:30:[m[K [01;31m[Kerror: [m[Kparse error in template argument list
[1.958s]    23 |   laser_scan_pub = ros_node->[01;31m[Kcreate_publisher<sensor_msgs::msg::point_cloud2>[m[K(
[1.958s]       |                              [01;31m[K^~~~~~~~~~~~~~~~~~~~~~~~~~~~~~~~~~~~~~~~~~~~~~~~[m[K
[1.958s] [01m[K/home/robmoemac/M-LADIS-sim/PX4 Aux/ws_sensor_combined/src/px4_ros_com/src/examples/listeners/pc_conv.cpp:23:78:[m[K [01;31m[Kerror: [m[Kno matching function for call to â€˜[01m[Krclcpp::Node::create_publisher<<expression error> >(const char [6], rclcpp::SensorDataQoS)[m[Kâ€™
[1.958s]    23 |   laser_scan_pub = [01;31m[Kros_node->create_publisher<sensor_msgs::msg::point_cloud2>([m[K
[1.958s]       |                    [01;31m[K~~~~~~~~~~~~~~~~~~~~~~~~~~~~~~~~~~~~~~~~~~~~~~~~~~~~~~~~~~^[m[K
[1.958s]    24 | [01;31m[K    "/scan", rclcpp::SensorDataQoS())[m[K;
[1.958s]       |     [01;31m[K~~~~~~~~~~~~~~~~~~~~~~~~~~~~~~~~~[m[K                                         
[1.958s] In file included from [01m[K/opt/ros/humble/include/rclcpp/rclcpp/executors/single_threaded_executor.hpp:28[m[K,
[1.958s]                  from [01m[K/opt/ros/humble/include/rclcpp/rclcpp/executors.hpp:22[m[K,
[1.959s]                  from [01m[K/opt/ros/humble/include/rclcpp/rclcpp/rclcpp.hpp:155[m[K,
[1.959s]                  from [01m[K/home/robmoemac/M-LADIS-sim/PX4 Aux/ws_sensor_combined/src/px4_ros_com/src/examples/listeners/pc_conv.cpp:1[m[K:
[1.959s] [01m[K/opt/ros/humble/include/rclcpp/rclcpp/node.hpp:195:3:[m[K [01;36m[Knote: [m[Kcandidate: â€˜[01m[Ktemplate<class MessageT, class AllocatorT, class PublisherT> std::shared_ptr<PublisherT> rclcpp::Node::create_publisher(const string&, const rclcpp::QoS&, const rclcpp::PublisherOptionsWithAllocator<AllocatorT>&)[m[Kâ€™
[1.959s]   195 |   [01;36m[Kcreate_publisher[m[K(
[1.959s]       |   [01;36m[K^~~~~~~~~~~~~~~~[m[K
[1.959s] [01m[K/opt/ros/humble/include/rclcpp/rclcpp/node.hpp:195:3:[m[K [01;36m[Knote: [m[K  template argument deduction/substitution failed:
[1.959s] [01m[K/home/robmoemac/M-LADIS-sim/PX4 Aux/ws_sensor_combined/src/px4_ros_com/src/examples/listeners/pc_conv.cpp:23:78:[m[K [01;31m[Kerror: [m[Ktemplate argument 1 is invalid
[1.959s]    23 |   laser_scan_pub = [01;31m[Kros_node->create_publisher<sensor_msgs::msg::point_cloud2>([m[K
[1.959s]       |                    [01;31m[K~~~~~~~~~~~~~~~~~~~~~~~~~~~~~~~~~~~~~~~~~~~~~~~~~~~~~~~~~~^[m[K
[1.959s]    24 | [01;31m[K    "/scan", rclcpp::SensorDataQoS())[m[K;
[1.959s]       |     [01;31m[K~~~~~~~~~~~~~~~~~~~~~~~~~~~~~~~~~[m[K                                         
[1.959s] [01m[K/home/robmoemac/M-LADIS-sim/PX4 Aux/ws_sensor_combined/src/px4_ros_com/src/examples/listeners/pc_conv.cpp:27:3:[m[K [01;31m[Kerror: [m[Kâ€˜[01m[Kgazebo[m[Kâ€™ has not been declared
[1.959s]    27 |   [01;31m[Kgazebo[m[K::transport::NodePtr gz_node(new gazebo::transport::Node());
[1.959s]       |   [01;31m[K^~~~~~[m[K
[1.960s] [01m[K/home/robmoemac/M-LADIS-sim/PX4 Aux/ws_sensor_combined/src/px4_ros_com/src/examples/listeners/pc_conv.cpp:28:3:[m[K [01;31m[Kerror: [m[Kâ€˜[01m[Kgz_node[m[Kâ€™ was not declared in this scope
[1.960s]    28 |   [01;31m[Kgz_node[m[K->Init();
[1.960s]       |   [01;31m[K^~~~~~~[m[K
[1.961s] [01m[K/home/robmoemac/M-LADIS-sim/PX4 Aux/ws_sensor_combined/src/px4_ros_com/src/examples/listeners/pc_conv.cpp:31:3:[m[K [01;31m[Kerror: [m[Kâ€˜[01m[Kgazebo[m[Kâ€™ has not been declared
[1.961s]    31 |   [01;31m[Kgazebo[m[K::transport::SubscriberPtr sub = gz_node->Subscribe("/gazebo/default/hex_drone/lidar_puck/laser/scan", cb);
[1.961s]       |   [01;31m[K^~~~~~[m[K
[1.961s] [01m[K/home/robmoemac/M-LADIS-sim/PX4 Aux/ws_sensor_combined/src/px4_ros_com/src/examples/listeners/pc_conv.cpp:37:3:[m[K [01;31m[Kerror: [m[Kâ€˜[01m[Kgazebo[m[Kâ€™ has not been declared
[1.962s]    37 |   [01;31m[Kgazebo[m[K::client::shutdown();
[1.962s]       |   [01;31m[K^~~~~~[m[K
[1.962s] [01m[K/home/robmoemac/M-LADIS-sim/PX4 Aux/ws_sensor_combined/src/px4_ros_com/src/examples/listeners/pc_conv.cpp:37:30:[m[K [01;31m[Kerror: [m[Kexpected â€˜[01m[K}[m[Kâ€™ at end of input
[1.962s]    37 |   gazebo::client::shutdown();
[1.962s]       |                              [01;31m[K^[m[K
[1.962s] [01m[K/home/robmoemac/M-LADIS-sim/PX4 Aux/ws_sensor_combined/src/px4_ros_com/src/examples/listeners/pc_conv.cpp:18:1:[m[K [01;36m[Knote: [m[Kto match this â€˜[01m[K{[m[Kâ€™
[1.962s]    18 | [01;36m[K{[m[K
[1.962s]       | [01;36m[K^[m[K
[2.292s] gmake[2]: *** [CMakeFiles/pc_conv.dir/build.make:76: CMakeFiles/pc_conv.dir/src/examples/listeners/pc_conv.cpp.o] Error 1
[2.292s] gmake[1]: *** [CMakeFiles/Makefile2:305: CMakeFiles/pc_conv.dir/all] Error 2
[2.292s] gmake: *** [Makefile:146: all] Error 2
[2.295s] Invoked command in '/home/robmoemac/M-LADIS-sim/PX4 Aux/ws_sensor_combined/build/px4_ros_com' returned '2': CMAKE_PREFIX_PATH=${CMAKE_PREFIX_PATH}:/opt/ros/humble /usr/bin/cmake --build /home/robmoemac/M-LADIS-sim/PX4 Aux/ws_sensor_combined/build/px4_ros_com -- -j8 -l8
