[0.000000] (-) TimerEvent: {}
[0.000250] (px4_msgs) JobQueued: {'identifier': 'px4_msgs', 'dependencies': OrderedDict()}
[0.000621] (px4_ros_com) JobQueued: {'identifier': 'px4_ros_com', 'dependencies': OrderedDict([('px4_msgs', '/home/robmoemac/M-LADIS-sim/PX4 Aux/ws_sensor_combined/install/px4_msgs')])}
[0.000722] (px4_msgs) JobStarted: {'identifier': 'px4_msgs'}
[0.053929] (px4_msgs) JobProgress: {'identifier': 'px4_msgs', 'progress': 'cmake'}
[0.054295] (px4_msgs) Command: {'cmd': ['/usr/bin/cmake', '/home/robmoemac/M-LADIS-sim/PX4 Aux/ws_sensor_combined/src/px4_msgs', '-DCMAKE_INSTALL_PREFIX=/home/robmoemac/M-LADIS-sim/PX4 Aux/ws_sensor_combined/install/px4_msgs'], 'cwd': '/home/robmoemac/M-LADIS-sim/PX4 Aux/ws_sensor_combined/build/px4_msgs', 'env': OrderedDict([('LESSOPEN', '| /usr/bin/lesspipe %s'), ('USER', 'robmoemac'), ('XDG_SESSION_TYPE', 'wayland'), ('SHLVL', '1'), ('LD_LIBRARY_PATH', '/usr/lib/x86_64-linux-gnu/gazebo-11/plugins:/opt/ros/humble/opt/rviz_ogre_vendor/lib:/opt/ros/humble/lib/x86_64-linux-gnu:/opt/ros/humble/lib'), ('HOME', '/home/robmoemac'), ('OLDPWD', '/home/robmoemac/M-LADIS-sim/PX4 Aux'), ('DESKTOP_SESSION', 'ubuntu'), ('ROS_PYTHON_VERSION', '3'), ('GNOME_SHELL_SESSION_MODE', 'ubuntu'), ('GTK_MODULES', 'gail:atk-bridge'), ('SYSTEMD_EXEC_PID', '1881'), ('DBUS_SESSION_BUS_ADDRESS', 'unix:path=/run/user/1000/bus'), ('COLORTERM', 'truecolor'), ('IM_CONFIG_PHASE', '1'), ('WAYLAND_DISPLAY', 'wayland-0'), ('ROS_DISTRO', 'humble'), ('LOGNAME', 'robmoemac'), ('_', '/usr/bin/colcon'), ('ROS_VERSION', '2'), ('XDG_SESSION_CLASS', 'user'), ('USERNAME', 'robmoemac'), ('TERM', 'xterm-256color'), ('GAZEBO_MODEL_PATH', ':/home/M-LADIS-sim/dev_ws/src/ground_jerry/description'), ('GNOME_DESKTOP_SESSION_ID', 'this-is-deprecated'), ('ROS_LOCALHOST_ONLY', '0'), ('PATH', '/opt/ros/humble/bin:/home/robmoemac/.local/bin:/usr/local/sbin:/usr/local/bin:/usr/sbin:/usr/bin:/sbin:/bin:/usr/games:/usr/local/games:/snap/bin:/snap/bin'), ('SESSION_MANAGER', 'local/robmoemac-XPS-13-7390-2-in-1:@/tmp/.ICE-unix/1664,unix/robmoemac-XPS-13-7390-2-in-1:/tmp/.ICE-unix/1664'), ('XDG_MENU_PREFIX', 'gnome-'), ('GNOME_TERMINAL_SCREEN', '/org/gnome/Terminal/screen/ed68efd7_0d5a_451d_8327_e18684dfc238'), ('GNOME_SETUP_DISPLAY', ':1'), ('XDG_RUNTIME_DIR', '/run/user/1000'), ('DISPLAY', ':0'), ('LANG', 'en_US.UTF-8'), ('XDG_CURRENT_DESKTOP', 'ubuntu:GNOME'), ('XMODIFIERS', '@im=ibus'), ('XDG_SESSION_DESKTOP', 'ubuntu'), ('XAUTHORITY', '/run/user/1000/.mutter-Xwaylandauth.ESIAK2'), ('LS_COLORS', 'rs=0:di=01;34:ln=01;36:mh=00:pi=40;33:so=01;35:do=01;35:bd=40;33;01:cd=40;33;01:or=40;31;01:mi=00:su=37;41:sg=30;43:ca=30;41:tw=30;42:ow=34;42:st=37;44:ex=01;32:*.tar=01;31:*.tgz=01;31:*.arc=01;31:*.arj=01;31:*.taz=01;31:*.lha=01;31:*.lz4=01;31:*.lzh=01;31:*.lzma=01;31:*.tlz=01;31:*.txz=01;31:*.tzo=01;31:*.t7z=01;31:*.zip=01;31:*.z=01;31:*.dz=01;31:*.gz=01;31:*.lrz=01;31:*.lz=01;31:*.lzo=01;31:*.xz=01;31:*.zst=01;31:*.tzst=01;31:*.bz2=01;31:*.bz=01;31:*.tbz=01;31:*.tbz2=01;31:*.tz=01;31:*.deb=01;31:*.rpm=01;31:*.jar=01;31:*.war=01;31:*.ear=01;31:*.sar=01;31:*.rar=01;31:*.alz=01;31:*.ace=01;31:*.zoo=01;31:*.cpio=01;31:*.7z=01;31:*.rz=01;31:*.cab=01;31:*.wim=01;31:*.swm=01;31:*.dwm=01;31:*.esd=01;31:*.jpg=01;35:*.jpeg=01;35:*.mjpg=01;35:*.mjpeg=01;35:*.gif=01;35:*.bmp=01;35:*.pbm=01;35:*.pgm=01;35:*.ppm=01;35:*.tga=01;35:*.xbm=01;35:*.xpm=01;35:*.tif=01;35:*.tiff=01;35:*.png=01;35:*.svg=01;35:*.svgz=01;35:*.mng=01;35:*.pcx=01;35:*.mov=01;35:*.mpg=01;35:*.mpeg=01;35:*.m2v=01;35:*.mkv=01;35:*.webm=01;35:*.webp=01;35:*.ogm=01;35:*.mp4=01;35:*.m4v=01;35:*.mp4v=01;35:*.vob=01;35:*.qt=01;35:*.nuv=01;35:*.wmv=01;35:*.asf=01;35:*.rm=01;35:*.rmvb=01;35:*.flc=01;35:*.avi=01;35:*.fli=01;35:*.flv=01;35:*.gl=01;35:*.dl=01;35:*.xcf=01;35:*.xwd=01;35:*.yuv=01;35:*.cgm=01;35:*.emf=01;35:*.ogv=01;35:*.ogx=01;35:*.aac=00;36:*.au=00;36:*.flac=00;36:*.m4a=00;36:*.mid=00;36:*.midi=00;36:*.mka=00;36:*.mp3=00;36:*.mpc=00;36:*.ogg=00;36:*.ra=00;36:*.wav=00;36:*.oga=00;36:*.opus=00;36:*.spx=00;36:*.xspf=00;36:'), ('GNOME_TERMINAL_SERVICE', ':1.100'), ('SSH_AGENT_LAUNCHER', 'gnome-keyring'), ('SSH_AUTH_SOCK', '/run/user/1000/keyring/ssh'), ('AMENT_PREFIX_PATH', '/opt/ros/humble'), ('SHELL', '/bin/bash'), ('QT_ACCESSIBILITY', '1'), ('GDMSESSION', 'ubuntu'), ('LESSCLOSE', '/usr/bin/lesspipe %s %s'), ('QT_IM_MODULE', 'ibus'), ('PWD', '/home/robmoemac/M-LADIS-sim/PX4 Aux/ws_sensor_combined/build/px4_msgs'), ('LC_ALL', 'en_US.UTF-8'), ('XDG_CONFIG_DIRS', '/etc/xdg/xdg-ubuntu:/etc/xdg'), ('XDG_DATA_DIRS', '/usr/share/ubuntu:/usr/local/share/:/usr/share/:/var/lib/snapd/desktop'), ('PYTHONPATH', '/opt/ros/humble/lib/python3.10/site-packages:/opt/ros/humble/local/lib/python3.10/dist-packages'), ('COLCON', '1'), ('VTE_VERSION', '6800'), ('CMAKE_PREFIX_PATH', '/opt/ros/humble')]), 'shell': False}
[0.099566] (-) TimerEvent: {}
[0.200206] (-) TimerEvent: {}
[0.301088] (-) TimerEvent: {}
[0.401742] (-) TimerEvent: {}
[0.502240] (-) TimerEvent: {}
[0.602696] (-) TimerEvent: {}
[0.716163] (-) TimerEvent: {}
[0.801076] (px4_msgs) StdoutLine: {'line': b'-- The C compiler identification is GNU 11.4.0\n'}
[0.816308] (-) TimerEvent: {}
[0.916668] (-) TimerEvent: {}
[1.016974] (-) TimerEvent: {}
[1.117302] (-) TimerEvent: {}
[1.217741] (-) TimerEvent: {}
[1.318213] (-) TimerEvent: {}
[1.418888] (-) TimerEvent: {}
[1.519245] (-) TimerEvent: {}
[1.619633] (-) TimerEvent: {}
[1.720055] (-) TimerEvent: {}
[1.820463] (-) TimerEvent: {}
[1.920926] (-) TimerEvent: {}
[2.021282] (-) TimerEvent: {}
[2.121582] (-) TimerEvent: {}
[2.222217] (-) TimerEvent: {}
[2.322861] (-) TimerEvent: {}
[2.423252] (-) TimerEvent: {}
[2.523585] (-) TimerEvent: {}
[2.623913] (-) TimerEvent: {}
[2.724239] (-) TimerEvent: {}
[2.824587] (-) TimerEvent: {}
[2.924881] (-) TimerEvent: {}
[3.025442] (-) TimerEvent: {}
[3.125959] (-) TimerEvent: {}
[3.226497] (-) TimerEvent: {}
[3.327217] (-) TimerEvent: {}
[3.427911] (-) TimerEvent: {}
[3.528348] (-) TimerEvent: {}
[3.580978] (px4_msgs) StdoutLine: {'line': b'-- The CXX compiler identification is GNU 11.4.0\n'}
[3.609484] (px4_msgs) StdoutLine: {'line': b'-- Detecting C compiler ABI info\n'}
[3.628476] (-) TimerEvent: {}
[3.692450] (px4_msgs) StdoutLine: {'line': b'-- Detecting C compiler ABI info - done\n'}
[3.699385] (px4_msgs) StdoutLine: {'line': b'-- Check for working C compiler: /usr/bin/cc - skipped\n'}
[3.699886] (px4_msgs) StdoutLine: {'line': b'-- Detecting C compile features\n'}
[3.701178] (px4_msgs) StdoutLine: {'line': b'-- Detecting C compile features - done\n'}
[3.706824] (px4_msgs) StdoutLine: {'line': b'-- Detecting CXX compiler ABI info\n'}
[3.728793] (-) TimerEvent: {}
[3.796361] (px4_msgs) StdoutLine: {'line': b'-- Detecting CXX compiler ABI info - done\n'}
[3.803209] (px4_msgs) StdoutLine: {'line': b'-- Check for working CXX compiler: /usr/bin/c++ - skipped\n'}
[3.803563] (px4_msgs) StdoutLine: {'line': b'-- Detecting CXX compile features\n'}
[3.804004] (px4_msgs) StdoutLine: {'line': b'-- Detecting CXX compile features - done\n'}
[3.813025] (px4_msgs) StdoutLine: {'line': b'-- Found ament_cmake: 1.3.8 (/opt/ros/humble/share/ament_cmake/cmake)\n'}
[3.828847] (-) TimerEvent: {}
[3.929155] (-) TimerEvent: {}
[4.029701] (-) TimerEvent: {}
[4.071199] (px4_msgs) StdoutLine: {'line': b'-- Found Python3: /usr/bin/python3 (found version "3.10.12") found components: Interpreter \n'}
[4.129922] (-) TimerEvent: {}
[4.230313] (-) TimerEvent: {}
[4.266453] (px4_msgs) StdoutLine: {'line': b'-- Found builtin_interfaces: 1.2.1 (/opt/ros/humble/share/builtin_interfaces/cmake)\n'}
[4.330502] (-) TimerEvent: {}
[4.366260] (px4_msgs) StdoutLine: {'line': b'-- Found rosidl_generator_c: 3.1.5 (/opt/ros/humble/share/rosidl_generator_c/cmake)\n'}
[4.378595] (px4_msgs) StdoutLine: {'line': b'-- Found rosidl_adapter: 3.1.5 (/opt/ros/humble/share/rosidl_adapter/cmake)\n'}
[4.413236] (px4_msgs) StdoutLine: {'line': b'-- Found rosidl_generator_cpp: 3.1.5 (/opt/ros/humble/share/rosidl_generator_cpp/cmake)\n'}
[4.430680] (-) TimerEvent: {}
[4.465784] (px4_msgs) StdoutLine: {'line': b'-- Using all available rosidl_typesupport_c: rosidl_typesupport_fastrtps_c;rosidl_typesupport_introspection_c\n'}
[4.513317] (px4_msgs) StdoutLine: {'line': b'-- Using all available rosidl_typesupport_cpp: rosidl_typesupport_fastrtps_cpp;rosidl_typesupport_introspection_cpp\n'}
[4.530810] (-) TimerEvent: {}
[4.550535] (px4_msgs) StdoutLine: {'line': b'-- Found rosidl_default_generators: 1.2.0 (/opt/ros/humble/share/rosidl_default_generators/cmake)\n'}
[4.631362] (-) TimerEvent: {}
[4.732101] (-) TimerEvent: {}
[4.832526] (-) TimerEvent: {}
[4.933018] (-) TimerEvent: {}
[5.033532] (-) TimerEvent: {}
[5.134017] (-) TimerEvent: {}
[5.234489] (-) TimerEvent: {}
[5.334968] (-) TimerEvent: {}
[5.435496] (-) TimerEvent: {}
[5.535985] (-) TimerEvent: {}
[5.636474] (-) TimerEvent: {}
[5.737060] (-) TimerEvent: {}
[5.837380] (-) TimerEvent: {}
[5.937699] (-) TimerEvent: {}
[6.037980] (-) TimerEvent: {}
[6.138264] (-) TimerEvent: {}
[6.238550] (-) TimerEvent: {}
[6.338919] (-) TimerEvent: {}
[6.439248] (-) TimerEvent: {}
[6.539517] (-) TimerEvent: {}
[6.639882] (-) TimerEvent: {}
[6.740349] (-) TimerEvent: {}
[6.840811] (-) TimerEvent: {}
[6.941260] (-) TimerEvent: {}
[7.041649] (-) TimerEvent: {}
[7.142131] (-) TimerEvent: {}
[7.242633] (-) TimerEvent: {}
[7.254149] (px4_msgs) StdoutLine: {'line': b'-- Found ament_cmake_cppcheck: 0.12.10 (/opt/ros/humble/share/ament_cmake_cppcheck/cmake)\n'}
[7.260184] (px4_msgs) StdoutLine: {'line': b'-- Found ament_cmake_cpplint: 0.12.10 (/opt/ros/humble/share/ament_cmake_cpplint/cmake)\n'}
[7.266440] (px4_msgs) StdoutLine: {'line': b'-- Found ament_cmake_uncrustify: 0.12.10 (/opt/ros/humble/share/ament_cmake_uncrustify/cmake)\n'}
[7.273837] (px4_msgs) StdoutLine: {'line': b'-- Found ament_cmake_ros: 0.10.0 (/opt/ros/humble/share/ament_cmake_ros/cmake)\n'}
[7.342727] (-) TimerEvent: {}
[7.443008] (-) TimerEvent: {}
[7.543299] (-) TimerEvent: {}
[7.643608] (-) TimerEvent: {}
[7.686529] (px4_msgs) StdoutLine: {'line': b'-- Using all available rosidl_typesupport_c: rosidl_typesupport_fastrtps_c;rosidl_typesupport_introspection_c\n'}
[7.743909] (-) TimerEvent: {}
[7.828215] (px4_msgs) StdoutLine: {'line': b'-- Using all available rosidl_typesupport_cpp: rosidl_typesupport_fastrtps_cpp;rosidl_typesupport_introspection_cpp\n'}
[7.844036] (-) TimerEvent: {}
[7.856470] (px4_msgs) StdoutLine: {'line': b'-- Found PythonInterp: /usr/bin/python3 (found suitable version "3.10.12", minimum required is "3.6") \n'}
[7.860231] (px4_msgs) StdoutLine: {'line': b'-- Found python_cmake_module: 0.10.0 (/opt/ros/humble/share/python_cmake_module/cmake)\n'}
[7.896839] (px4_msgs) StdoutLine: {'line': b'-- Found PythonLibs: /usr/lib/x86_64-linux-gnu/libpython3.10.so (found suitable version "3.10.12", minimum required is "3.5") \n'}
[7.897110] (px4_msgs) StdoutLine: {'line': b'-- Using PYTHON_EXECUTABLE: /usr/bin/python3\n'}
[7.897211] (px4_msgs) StdoutLine: {'line': b'-- Using PYTHON_INCLUDE_DIRS: /usr/include/python3.10\n'}
[7.897287] (px4_msgs) StdoutLine: {'line': b'-- Using PYTHON_LIBRARIES: /usr/lib/x86_64-linux-gnu/libpython3.10.so\n'}
[7.917686] (px4_msgs) StdoutLine: {'line': b'-- Found PythonExtra: .so  \n'}
[7.944299] (-) TimerEvent: {}
[7.991710] (px4_msgs) StdoutLine: {'line': b'-- Found ament_cmake_flake8: 0.12.10 (/opt/ros/humble/share/ament_cmake_flake8/cmake)\n'}
[7.997864] (px4_msgs) StdoutLine: {'line': b'-- Found ament_cmake_pep257: 0.12.10 (/opt/ros/humble/share/ament_cmake_pep257/cmake)\n'}
[8.039406] (px4_msgs) StdoutLine: {'line': b'-- Configuring done\n'}
[8.044401] (-) TimerEvent: {}
[8.144861] (-) TimerEvent: {}
[8.245380] (-) TimerEvent: {}
[8.345689] (-) TimerEvent: {}
[8.366978] (px4_msgs) StdoutLine: {'line': b'-- Generating done\n'}
[8.371696] (px4_msgs) StdoutLine: {'line': b'-- Build files have been written to: /home/robmoemac/M-LADIS-sim/PX4 Aux/ws_sensor_combined/build/px4_msgs\n'}
[8.388904] (px4_msgs) CommandEnded: {'returncode': 0}
[8.389555] (px4_msgs) JobProgress: {'identifier': 'px4_msgs', 'progress': 'build'}
[8.390394] (px4_msgs) Command: {'cmd': ['/usr/bin/cmake', '--build', '/home/robmoemac/M-LADIS-sim/PX4 Aux/ws_sensor_combined/build/px4_msgs', '--', '-j8', '-l8'], 'cwd': '/home/robmoemac/M-LADIS-sim/PX4 Aux/ws_sensor_combined/build/px4_msgs', 'env': OrderedDict([('LESSOPEN', '| /usr/bin/lesspipe %s'), ('USER', 'robmoemac'), ('XDG_SESSION_TYPE', 'wayland'), ('SHLVL', '1'), ('LD_LIBRARY_PATH', '/usr/lib/x86_64-linux-gnu/gazebo-11/plugins:/opt/ros/humble/opt/rviz_ogre_vendor/lib:/opt/ros/humble/lib/x86_64-linux-gnu:/opt/ros/humble/lib'), ('HOME', '/home/robmoemac'), ('OLDPWD', '/home/robmoemac/M-LADIS-sim/PX4 Aux'), ('DESKTOP_SESSION', 'ubuntu'), ('ROS_PYTHON_VERSION', '3'), ('GNOME_SHELL_SESSION_MODE', 'ubuntu'), ('GTK_MODULES', 'gail:atk-bridge'), ('SYSTEMD_EXEC_PID', '1881'), ('DBUS_SESSION_BUS_ADDRESS', 'unix:path=/run/user/1000/bus'), ('COLORTERM', 'truecolor'), ('IM_CONFIG_PHASE', '1'), ('WAYLAND_DISPLAY', 'wayland-0'), ('ROS_DISTRO', 'humble'), ('LOGNAME', 'robmoemac'), ('_', '/usr/bin/colcon'), ('ROS_VERSION', '2'), ('XDG_SESSION_CLASS', 'user'), ('USERNAME', 'robmoemac'), ('TERM', 'xterm-256color'), ('GAZEBO_MODEL_PATH', ':/home/M-LADIS-sim/dev_ws/src/ground_jerry/description'), ('GNOME_DESKTOP_SESSION_ID', 'this-is-deprecated'), ('ROS_LOCALHOST_ONLY', '0'), ('PATH', '/opt/ros/humble/bin:/home/robmoemac/.local/bin:/usr/local/sbin:/usr/local/bin:/usr/sbin:/usr/bin:/sbin:/bin:/usr/games:/usr/local/games:/snap/bin:/snap/bin'), ('SESSION_MANAGER', 'local/robmoemac-XPS-13-7390-2-in-1:@/tmp/.ICE-unix/1664,unix/robmoemac-XPS-13-7390-2-in-1:/tmp/.ICE-unix/1664'), ('XDG_MENU_PREFIX', 'gnome-'), ('GNOME_TERMINAL_SCREEN', '/org/gnome/Terminal/screen/ed68efd7_0d5a_451d_8327_e18684dfc238'), ('GNOME_SETUP_DISPLAY', ':1'), ('XDG_RUNTIME_DIR', '/run/user/1000'), ('DISPLAY', ':0'), ('LANG', 'en_US.UTF-8'), ('XDG_CURRENT_DESKTOP', 'ubuntu:GNOME'), ('XMODIFIERS', '@im=ibus'), ('XDG_SESSION_DESKTOP', 'ubuntu'), ('XAUTHORITY', '/run/user/1000/.mutter-Xwaylandauth.ESIAK2'), ('LS_COLORS', 'rs=0:di=01;34:ln=01;36:mh=00:pi=40;33:so=01;35:do=01;35:bd=40;33;01:cd=40;33;01:or=40;31;01:mi=00:su=37;41:sg=30;43:ca=30;41:tw=30;42:ow=34;42:st=37;44:ex=01;32:*.tar=01;31:*.tgz=01;31:*.arc=01;31:*.arj=01;31:*.taz=01;31:*.lha=01;31:*.lz4=01;31:*.lzh=01;31:*.lzma=01;31:*.tlz=01;31:*.txz=01;31:*.tzo=01;31:*.t7z=01;31:*.zip=01;31:*.z=01;31:*.dz=01;31:*.gz=01;31:*.lrz=01;31:*.lz=01;31:*.lzo=01;31:*.xz=01;31:*.zst=01;31:*.tzst=01;31:*.bz2=01;31:*.bz=01;31:*.tbz=01;31:*.tbz2=01;31:*.tz=01;31:*.deb=01;31:*.rpm=01;31:*.jar=01;31:*.war=01;31:*.ear=01;31:*.sar=01;31:*.rar=01;31:*.alz=01;31:*.ace=01;31:*.zoo=01;31:*.cpio=01;31:*.7z=01;31:*.rz=01;31:*.cab=01;31:*.wim=01;31:*.swm=01;31:*.dwm=01;31:*.esd=01;31:*.jpg=01;35:*.jpeg=01;35:*.mjpg=01;35:*.mjpeg=01;35:*.gif=01;35:*.bmp=01;35:*.pbm=01;35:*.pgm=01;35:*.ppm=01;35:*.tga=01;35:*.xbm=01;35:*.xpm=01;35:*.tif=01;35:*.tiff=01;35:*.png=01;35:*.svg=01;35:*.svgz=01;35:*.mng=01;35:*.pcx=01;35:*.mov=01;35:*.mpg=01;35:*.mpeg=01;35:*.m2v=01;35:*.mkv=01;35:*.webm=01;35:*.webp=01;35:*.ogm=01;35:*.mp4=01;35:*.m4v=01;35:*.mp4v=01;35:*.vob=01;35:*.qt=01;35:*.nuv=01;35:*.wmv=01;35:*.asf=01;35:*.rm=01;35:*.rmvb=01;35:*.flc=01;35:*.avi=01;35:*.fli=01;35:*.flv=01;35:*.gl=01;35:*.dl=01;35:*.xcf=01;35:*.xwd=01;35:*.yuv=01;35:*.cgm=01;35:*.emf=01;35:*.ogv=01;35:*.ogx=01;35:*.aac=00;36:*.au=00;36:*.flac=00;36:*.m4a=00;36:*.mid=00;36:*.midi=00;36:*.mka=00;36:*.mp3=00;36:*.mpc=00;36:*.ogg=00;36:*.ra=00;36:*.wav=00;36:*.oga=00;36:*.opus=00;36:*.spx=00;36:*.xspf=00;36:'), ('GNOME_TERMINAL_SERVICE', ':1.100'), ('SSH_AGENT_LAUNCHER', 'gnome-keyring'), ('SSH_AUTH_SOCK', '/run/user/1000/keyring/ssh'), ('AMENT_PREFIX_PATH', '/opt/ros/humble'), ('SHELL', '/bin/bash'), ('QT_ACCESSIBILITY', '1'), ('GDMSESSION', 'ubuntu'), ('LESSCLOSE', '/usr/bin/lesspipe %s %s'), ('QT_IM_MODULE', 'ibus'), ('PWD', '/home/robmoemac/M-LADIS-sim/PX4 Aux/ws_sensor_combined/build/px4_msgs'), ('LC_ALL', 'en_US.UTF-8'), ('XDG_CONFIG_DIRS', '/etc/xdg/xdg-ubuntu:/etc/xdg'), ('XDG_DATA_DIRS', '/usr/share/ubuntu:/usr/local/share/:/usr/share/:/var/lib/snapd/desktop'), ('PYTHONPATH', '/opt/ros/humble/lib/python3.10/site-packages:/opt/ros/humble/local/lib/python3.10/dist-packages'), ('COLCON', '1'), ('VTE_VERSION', '6800'), ('CMAKE_PREFIX_PATH', '/opt/ros/humble')]), 'shell': False}
[8.445993] (-) TimerEvent: {}
[8.546344] (-) TimerEvent: {}
[8.646682] (-) TimerEvent: {}
[8.746944] (-) TimerEvent: {}
[8.847236] (-) TimerEvent: {}
[8.947594] (-) TimerEvent: {}
[9.034934] (px4_msgs) StdoutLine: {'line': b'[  0%] \x1b[34m\x1b[1mGenerating C code for ROS interfaces\x1b[0m\n'}
[9.041841] (px4_msgs) StdoutLine: {'line': b'[  0%] Built target ament_cmake_python_copy_px4_msgs\n'}
[9.047694] (-) TimerEvent: {}
[9.053181] (px4_msgs) StdoutLine: {'line': b'[  0%] \x1b[34m\x1b[1mGenerating C++ code for ROS interfaces\x1b[0m\n'}
[9.137304] (px4_msgs) StderrLine: {'line': b'Traceback (most recent call last):\n'}
[9.137582] (px4_msgs) StderrLine: {'line': b'  File "/home/robmoemac/M-LADIS-sim/PX4 Aux/ws_sensor_combined/build/px4_msgs/ament_cmake_python/px4_msgs/setup.py", line 1, in <module>\n'}
[9.137705] (px4_msgs) StderrLine: {'line': b'    from setuptools import find_packages\n'}
[9.137809] (px4_msgs) StderrLine: {'line': b"ImportError: cannot import name 'find_packages' from 'setuptools' (/home/robmoemac/.local/lib/python3.10/site-packages/setuptools/__init__.py)\n"}
[9.147814] (-) TimerEvent: {}
[9.149426] (px4_msgs) StderrLine: {'line': b'gmake[2]: *** [CMakeFiles/ament_cmake_python_build_px4_msgs_egg.dir/build.make:70: CMakeFiles/ament_cmake_python_build_px4_msgs_egg] Error 1\n'}
[9.149724] (px4_msgs) StderrLine: {'line': b'gmake[1]: *** [CMakeFiles/Makefile2:447: CMakeFiles/ament_cmake_python_build_px4_msgs_egg.dir/all] Error 2\n'}
[9.149883] (px4_msgs) StderrLine: {'line': b'gmake[1]: *** Waiting for unfinished jobs....\n'}
[9.247915] (-) TimerEvent: {}
[9.348240] (-) TimerEvent: {}
[9.448564] (-) TimerEvent: {}
[9.548882] (-) TimerEvent: {}
[9.649228] (-) TimerEvent: {}
[9.749591] (-) TimerEvent: {}
[9.849889] (-) TimerEvent: {}
[9.950193] (-) TimerEvent: {}
[10.050502] (-) TimerEvent: {}
[10.150833] (-) TimerEvent: {}
[10.251182] (-) TimerEvent: {}
[10.351488] (-) TimerEvent: {}
[10.451851] (-) TimerEvent: {}
[10.552229] (-) TimerEvent: {}
[10.652603] (-) TimerEvent: {}
[10.752934] (-) TimerEvent: {}
[10.853285] (-) TimerEvent: {}
[10.953642] (-) TimerEvent: {}
[11.053951] (-) TimerEvent: {}
[11.154293] (-) TimerEvent: {}
[11.254594] (-) TimerEvent: {}
[11.354937] (-) TimerEvent: {}
[11.455261] (-) TimerEvent: {}
[11.555600] (-) TimerEvent: {}
[11.655901] (-) TimerEvent: {}
[11.756238] (-) TimerEvent: {}
[11.856580] (-) TimerEvent: {}
[11.956914] (-) TimerEvent: {}
[12.057236] (-) TimerEvent: {}
[12.157830] (-) TimerEvent: {}
[12.258182] (-) TimerEvent: {}
[12.287332] (px4_msgs) StderrLine: {'line': b'Traceback (most recent call last):\n'}
[12.287875] (px4_msgs) StderrLine: {'line': b'  File "/usr/lib/python3/dist-packages/lark/parsers/earley_forest.py", line 310, in visit\n'}
[12.288002] (px4_msgs) StderrLine: {'line': b'Traceback (most recent call last):\n'}
[12.288070] (px4_msgs) StderrLine: {'line': b"gmake[2]: *** Deleting file 'rosidl_generator_c/px4_msgs/msg/action_request.h'\n"}
[12.288153] (px4_msgs) StderrLine: {'line': b"gmake[2]: *** Deleting file 'rosidl_generator_cpp/px4_msgs/msg/action_request.hpp'\n"}
[12.288230] (px4_msgs) StderrLine: {'line': b'  File "/opt/ros/humble/share/rosidl_generator_c/cmake/../../../lib/rosidl_generator_c/rosidl_generator_c", line 38, in <module>\n'}
[12.288307] (px4_msgs) StderrLine: {'line': b'    sys.exit(main())\n'}
[12.288383] (px4_msgs) StderrLine: {'line': b'  File "/opt/ros/humble/share/rosidl_generator_c/cmake/../../../lib/rosidl_generator_c/rosidl_generator_c", line 34, in main\n'}
[12.288540] (px4_msgs) StderrLine: {'line': b'    generate_c(args.generator_arguments_file)\n'}
[12.288604] (px4_msgs) StderrLine: {'line': b'  File "/opt/ros/humble/local/lib/python3.10/dist-packages/rosidl_generator_c/__init__.py", line 37, in generate_c\n'}
[12.288663] (px4_msgs) StderrLine: {'line': b'    return generate_files(\n'}
[12.288738] (px4_msgs) StderrLine: {'line': b'  File "/opt/ros/humble/local/lib/python3.10/dist-packages/rosidl_cmake/__init__.py", line 87, in generate_files\n'}
[12.288816] (px4_msgs) StderrLine: {'line': b'    expand_template(\n'}
[12.288945] (px4_msgs) StderrLine: {'line': b'  File "/opt/ros/humble/local/lib/python3.10/dist-packages/rosidl_cmake/__init__.py", line 149, in expand_template\n'}
[12.289007] (px4_msgs) StderrLine: {'line': b'    next_node = next(current)\n'}
[12.289065] (px4_msgs) StderrLine: {'line': b'StopIteration\n'}
[12.289122] (px4_msgs) StderrLine: {'line': b'\n'}
[12.289179] (px4_msgs) StderrLine: {'line': b'During handling of the above exception, another exception occurred:\n'}
[12.289281] (px4_msgs) StderrLine: {'line': b'\n'}
[12.289356] (px4_msgs) StderrLine: {'line': b'Traceback (most recent call last):\n'}
[12.289478] (px4_msgs) StderrLine: {'line': b'  File "/opt/ros/humble/share/rosidl_generator_cpp/cmake/../../../lib/rosidl_generator_cpp/rosidl_generator_cpp", line 38, in <module>\n'}
[12.289554] (px4_msgs) StderrLine: {'line': b'    interpreter.string(template_content, template_path, locals=data)\n'}
[12.289612] (px4_msgs) StderrLine: {'line': b'  File "/usr/lib/python3/dist-packages/em.py", line 2391, in string\n'}
[12.289666] (px4_msgs) StderrLine: {'line': b'    sys.exit(main())\n'}
[12.289720] (px4_msgs) StderrLine: {'line': b'  File "/opt/ros/humble/share/rosidl_generator_cpp/cmake/../../../lib/rosidl_generator_cpp/rosidl_generator_cpp", line 34, in main\n'}
[12.289776] (px4_msgs) StderrLine: {'line': b'    generate_cpp(args.generator_arguments_file)\n'}
[12.289832] (px4_msgs) StderrLine: {'line': b'  File "/opt/ros/humble/local/lib/python3.10/dist-packages/rosidl_generator_cpp/__init__.py", line 38, in generate_cpp\n'}
[12.289887] (px4_msgs) StderrLine: {'line': b'    return generate_files(\n'}
[12.289940] (px4_msgs) StderrLine: {'line': b'  File "/opt/ros/humble/local/lib/python3.10/dist-packages/rosidl_cmake/__init__.py", line 74, in generate_files\n'}
[12.290023] (px4_msgs) StderrLine: {'line': b'    idl_file = parse_idl_file(locator)\n'}
[12.290076] (px4_msgs) StderrLine: {'line': b'  File "/opt/ros/humble/local/lib/python3.10/dist-packages/rosidl_parser/parser.py", line 64, in parse_idl_file\n'}
[12.290128] (px4_msgs) StderrLine: {'line': b'    content = parse_idl_string(string, png_file=png_file)\n'}
[12.290181] (px4_msgs) StderrLine: {'line': b'  File "/opt/ros/humble/local/lib/python3.10/dist-packages/rosidl_parser/parser.py", line 72, in parse_idl_string\n'}
[12.290235] (px4_msgs) StderrLine: {'line': b'    tree = get_ast_from_idl_string(idl_string)\n'}
[12.290294] (px4_msgs) StderrLine: {'line': b'  File "/opt/ros/humble/local/lib/python3.10/dist-packages/rosidl_parser/parser.py", line 89, in get_ast_from_idl_string\n'}
[12.290345] (px4_msgs) StderrLine: {'line': b'    return _parser.parse(idl_string)\n'}
[12.290397] (px4_msgs) StderrLine: {'line': b'  File "/usr/lib/python3/dist-packages/lark/lark.py", line 619, in parse\n'}
[12.290451] (px4_msgs) StderrLine: {'line': b'    return self.parser.parse(text, start=start, on_error=on_error)\n'}
[12.290513] (px4_msgs) StderrLine: {'line': b'  File "/usr/lib/python3/dist-packages/lark/parser_frontends.py", line 99, in parse\n'}
[12.290566] (px4_msgs) StderrLine: {'line': b'    self.safe(scanner, True, locals)\n'}
[12.290619] (px4_msgs) StderrLine: {'line': b'  File "/usr/lib/python3/dist-packages/em.py", line 2401, in safe\n'}
[12.290672] (px4_msgs) StderrLine: {'line': b'    return self.parser.parse(stream, chosen_start, **kw)\n'}
[12.290724] (px4_msgs) StderrLine: {'line': b'  File "/usr/lib/python3/dist-packages/lark/parsers/earley.py", line 292, in parse\n'}
[12.290788] (px4_msgs) StderrLine: {'line': b'    return transformer.transform(solutions[0])\n'}
[12.290863] (px4_msgs) StderrLine: {'line': b'  File "/usr/lib/python3/dist-packages/lark/parsers/earley_forest.py", line 395, in transform\n'}
[12.290916] (px4_msgs) StderrLine: {'line': b'    self.visit(root)\n'}
[12.290968] (px4_msgs) StderrLine: {'line': b'  File "/usr/lib/python3/dist-packages/lark/parsers/earley_forest.py", line 532, in visit\n'}
[12.291018] (px4_msgs) StderrLine: {'line': b'    self.parse(scanner, locals)\n'}
[12.291069] (px4_msgs) StderrLine: {'line': b'  File "/usr/lib/python3/dist-packages/em.py", line 2421, in parse\n'}
[12.291124] (px4_msgs) StderrLine: {'line': b'    token.run(self, locals)\n'}
[12.291230] (px4_msgs) StderrLine: {'line': b'  File "/usr/lib/python3/dist-packages/em.py", line 1333, in run\n'}
[12.291279] (px4_msgs) StderrLine: {'line': b'    super(ForestToParseTree, self).visit(root)\n'}
[12.291327] (px4_msgs) StderrLine: {'line': b'  File "/usr/lib/python3/dist-packages/lark/parsers/earley_forest.py", line 310, in visit\n'}
[12.291380] (px4_msgs) StderrLine: {'line': b'    next_node = next(current)\n'}
[12.291428] (px4_msgs) StderrLine: {'line': b'KeyboardInterrupt\n'}
[12.291477] (px4_msgs) StderrLine: {'line': b'    result = interpreter.evaluate(self.testCode, locals)\n'}
[12.291528] (px4_msgs) StderrLine: {'line': b'  File "/usr/lib/python3/dist-packages/em.py", line 2573, in evaluate\n'}
[12.291576] (px4_msgs) StderrLine: {'line': b'    result = eval(expression, self.globals, locals)\n'}
[12.291627] (px4_msgs) StderrLine: {'line': b'  File "<string>", line 1, in <module>\n'}
[12.291674] (px4_msgs) StderrLine: {'line': b'KeyboardInterrupt\n'}
[12.322146] (px4_msgs) StderrLine: {'line': b'Exception ignored in: <function Interpreter.__del__ at 0x7fc848d92050>\n'}
[12.322344] (px4_msgs) StderrLine: {'line': b'Traceback (most recent call last):\n'}
[12.322422] (px4_msgs) StderrLine: {'line': b'  File "/usr/lib/python3/dist-packages/em.py", line 2094, in __del__\n'}
[12.322494] (px4_msgs) StderrLine: {'line': b'  File "/usr/lib/python3/dist-packages/em.py", line 2157, in shutdown\n'}
[12.322568] (px4_msgs) StderrLine: {'line': b'  File "/usr/lib/python3/dist-packages/em.py", line 2647, in finalize\n'}
[12.322635] (px4_msgs) StderrLine: {'line': b'  File "/usr/lib/python3/dist-packages/em.py", line 2200, in push\n'}
[12.322701] (px4_msgs) StderrLine: {'line': b"AttributeError: '_io.TextIOWrapper' object has no attribute 'push'\n"}
[12.331888] (px4_msgs) StderrLine: {'line': b'gmake[2]: *** [CMakeFiles/px4_msgs__rosidl_generator_c.dir/build.make:288: rosidl_generator_c/px4_msgs/msg/action_request.h] Interrupt\n'}
[12.332337] (px4_msgs) StderrLine: {'line': b'gmake[1]: *** [CMakeFiles/Makefile2:212: CMakeFiles/px4_msgs__rosidl_generator_c.dir/all] Interrupt\n'}
[12.340226] (px4_msgs) StderrLine: {'line': b'gmake[2]: *** [CMakeFiles/px4_msgs__cpp.dir/build.make:1088: rosidl_generator_cpp/px4_msgs/msg/action_request.hpp] Interrupt\n'}
[12.340457] (px4_msgs) StderrLine: {'line': b'gmake[1]: *** [CMakeFiles/Makefile2:265: CMakeFiles/px4_msgs__cpp.dir/all] Interrupt\n'}
[12.340690] (px4_msgs) StderrLine: {'line': b'gmake: *** [Makefile:146: all] Interrupt\n'}
[12.340795] (px4_msgs) CommandEnded: {'returncode': -2}
[12.358327] (-) TimerEvent: {}
[12.458721] (-) TimerEvent: {}
[12.559180] (-) TimerEvent: {}
[12.659581] (-) TimerEvent: {}
[12.759982] (-) TimerEvent: {}
[12.860402] (-) TimerEvent: {}
[12.960797] (-) TimerEvent: {}
[13.061155] (-) TimerEvent: {}
[13.161517] (-) TimerEvent: {}
[13.261911] (-) TimerEvent: {}
[13.362314] (-) TimerEvent: {}
[13.462745] (-) TimerEvent: {}
[13.563081] (-) TimerEvent: {}
[13.660370] (px4_msgs) JobEnded: {'identifier': 'px4_msgs', 'rc': 'SIGINT'}
[13.663287] (-) TimerEvent: {}
[13.670838] (px4_ros_com) JobSkipped: {'identifier': 'px4_ros_com'}
[13.670885] (-) EventReactorShutdown: {}
