[0.049s] Invoking command in '/home/robmoemac/M-LADIS-sim/PX4 Aux/ws_sensor_combined/build/px4_ros_com': CMAKE_PREFIX_PATH=/home/robmoemac/M-LADIS-sim/PX4 Aux/ws_sensor_combined/install/px4_msgs:/home/robmoemac/M-LADIS-sim/PX4 Aux/ws_sensor_combined/install/velodyne:/home/robmoemac/M-LADIS-sim/PX4 Aux/ws_sensor_combined/install/velodyne_pointcloud:/home/robmoemac/M-LADIS-sim/PX4 Aux/ws_sensor_combined/install/velodyne_driver:/home/robmoemac/M-LADIS-sim/PX4 Aux/ws_sensor_combined/install/velodyne_msgs:/home/robmoemac/M-LADIS-sim/PX4 Aux/ws_sensor_combined/install/velodyne_laserscan:/home/robmoemac/M-LADIS-sim/PX4 Aux/ws_sensor_combined/install/ros:/home/robmoemac/M-LADIS-sim/PX4 Aux/ws_sensor_combined/install/px4_ros_com:/opt/ros/humble LD_LIBRARY_PATH=/home/robmoemac/M-LADIS-sim/PX4 Aux/ws_sensor_combined/install/px4_msgs/lib:/home/robmoemac/M-LADIS-sim/PX4 Aux/ws_sensor_combined/install/velodyne_pointcloud/lib:/home/robmoemac/M-LADIS-sim/PX4 Aux/ws_sensor_combined/install/velodyne_driver/lib:/home/robmoemac/M-LADIS-sim/PX4 Aux/ws_sensor_combined/install/velodyne_msgs/lib:/home/robmoemac/M-LADIS-sim/PX4 Aux/ws_sensor_combined/install/velodyne_laserscan/lib:/usr/lib/x86_64-linux-gnu/gazebo-11/plugins:/opt/ros/humble/opt/rviz_ogre_vendor/lib:/opt/ros/humble/lib/x86_64-linux-gnu:/opt/ros/humble/lib /usr/bin/cmake --build /home/robmoemac/M-LADIS-sim/PX4 Aux/ws_sensor_combined/build/px4_ros_com -- -j8 -l8
[0.261s] [35m[1mConsolidate compiler generated dependencies of target PointCloudProcessor[0m
[0.276s] [ 16%] Built target debug_vect_advertiser
[0.279s] [ 33%] Built target sensor_combined_listener
[0.288s] [ 50%] Built target offboard_control
[0.289s] [ 66%] Built target vehicle_gps_position_listener
[0.315s] [ 83%] Built target test_flight_control
[0.386s] [ 91%] [32mBuilding CXX object CMakeFiles/PointCloudProcessor.dir/src/PointCloudProcessor.cpp.o[0m
[22.443s] [01m[K/home/robmoemac/M-LADIS-sim/PX4 Aux/ws_sensor_combined/src/px4_ros_com/src/PointCloudProcessor.cpp:[m[K In member function â€˜[01m[Kvoid PointCloudProcessor::pointCloudCallback(sensor_msgs::msg::PointCloud2_<std::allocator<void> >::SharedPtr)[m[Kâ€™:
[22.444s] [01m[K/home/robmoemac/M-LADIS-sim/PX4 Aux/ws_sensor_combined/src/px4_ros_com/src/PointCloudProcessor.cpp:41:28:[m[K [01;31m[Kerror: [m[Kâ€˜[01m[KEigen::DenseBase<Eigen::Matrix<float, -1, -1> >::iterator __for_begin [m[Kâ€™ has incomplete type
[22.444s]    41 |     for (const auto &row : [01;31m[Kxyz_matrix[m[K)
[22.445s]       |                            [01;31m[K^~~~~~~~~~[m[K
[22.445s] [01m[K/home/robmoemac/M-LADIS-sim/PX4 Aux/ws_sensor_combined/src/px4_ros_com/src/PointCloudProcessor.cpp:41:28:[m[K [01;31m[Kerror: [m[Kâ€˜[01m[KEigen::DenseBase<Eigen::Matrix<float, -1, -1> >::iterator __for_end [m[Kâ€™ has incomplete type
[22.446s] In file included from [01m[K/opt/ros/humble/include/rclcpp/rclcpp/client.hpp:40[m[K,
[22.447s]                  from [01m[K/opt/ros/humble/include/rclcpp/rclcpp/callback_group.hpp:24[m[K,
[22.447s]                  from [01m[K/opt/ros/humble/include/rclcpp/rclcpp/any_executable.hpp:20[m[K,
[22.447s]                  from [01m[K/opt/ros/humble/include/rclcpp/rclcpp/memory_strategy.hpp:25[m[K,
[22.447s]                  from [01m[K/opt/ros/humble/include/rclcpp/rclcpp/memory_strategies.hpp:18[m[K,
[22.448s]                  from [01m[K/opt/ros/humble/include/rclcpp/rclcpp/executor_options.hpp:20[m[K,
[22.448s]                  from [01m[K/opt/ros/humble/include/rclcpp/rclcpp/executor.hpp:37[m[K,
[22.448s]                  from [01m[K/opt/ros/humble/include/rclcpp/rclcpp/executors/multi_threaded_executor.hpp:25[m[K,
[22.449s]                  from [01m[K/opt/ros/humble/include/rclcpp/rclcpp/executors.hpp:21[m[K,
[22.449s]                  from [01m[K/opt/ros/humble/include/rclcpp/rclcpp/rclcpp.hpp:155[m[K,
[22.449s]                  from [01m[K/opt/ros/humble/include/tf2_ros/tf2_ros/buffer_interface.h:48[m[K,
[22.450s]                  from [01m[K/opt/ros/humble/include/tf2_ros/tf2_ros/buffer.h:42[m[K,
[22.451s]                  from [01m[K/opt/ros/humble/include/pcl_ros/transforms.hpp:42[m[K,
[22.451s]                  from [01m[K/home/robmoemac/M-LADIS-sim/PX4 Aux/ws_sensor_combined/src/px4_ros_com/src/PointCloudProcessor.cpp:7[m[K:
[22.452s] [01m[K/home/robmoemac/M-LADIS-sim/PX4 Aux/ws_sensor_combined/src/px4_ros_com/src/PointCloudProcessor.cpp:49:9:[m[K [01;31m[Kerror: [m[Kstatic assertion failed: First argument to logging macros must be an rclcpp::Logger
[22.452s]    49 |         [01;31m[KRCLCPP_INFO[m[K("%s", row_str.c_str());
[22.452s]       |         [01;31m[K^~~~~~~~~~~[m[K
[22.452s] In file included from [01m[K/opt/ros/humble/include/rclcpp/rclcpp/logging.hpp:24[m[K,
[22.453s]                  from [01m[K/opt/ros/humble/include/rclcpp/rclcpp/client.hpp:40[m[K,
[22.453s]                  from [01m[K/opt/ros/humble/include/rclcpp/rclcpp/callback_group.hpp:24[m[K,
[22.453s]                  from [01m[K/opt/ros/humble/include/rclcpp/rclcpp/any_executable.hpp:20[m[K,
[22.454s]                  from [01m[K/opt/ros/humble/include/rclcpp/rclcpp/memory_strategy.hpp:25[m[K,
[22.454s]                  from [01m[K/opt/ros/humble/include/rclcpp/rclcpp/memory_strategies.hpp:18[m[K,
[22.454s]                  from [01m[K/opt/ros/humble/include/rclcpp/rclcpp/executor_options.hpp:20[m[K,
[22.455s]                  from [01m[K/opt/ros/humble/include/rclcpp/rclcpp/executor.hpp:37[m[K,
[22.455s]                  from [01m[K/opt/ros/humble/include/rclcpp/rclcpp/executors/multi_threaded_executor.hpp:25[m[K,
[22.455s]                  from [01m[K/opt/ros/humble/include/rclcpp/rclcpp/executors.hpp:21[m[K,
[22.456s]                  from [01m[K/opt/ros/humble/include/rclcpp/rclcpp/rclcpp.hpp:155[m[K,
[22.456s]                  from [01m[K/opt/ros/humble/include/tf2_ros/tf2_ros/buffer_interface.h:48[m[K,
[22.456s]                  from [01m[K/opt/ros/humble/include/tf2_ros/tf2_ros/buffer.h:42[m[K,
[22.456s]                  from [01m[K/opt/ros/humble/include/pcl_ros/transforms.hpp:42[m[K,
[22.457s]                  from [01m[K/home/robmoemac/M-LADIS-sim/PX4 Aux/ws_sensor_combined/src/px4_ros_com/src/PointCloudProcessor.cpp:7[m[K:
[22.458s] [01m[K/home/robmoemac/M-LADIS-sim/PX4 Aux/ws_sensor_combined/src/px4_ros_com/src/PointCloudProcessor.cpp:49:9:[m[K [01;31m[Kerror: [m[Krequest for member â€˜[01m[Kget_name[m[Kâ€™ in â€˜[01m[K("%s")[m[Kâ€™, which is of non-class type â€˜[01m[Kconst char [3][m[Kâ€™
[22.458s]    49 |         [01;31m[KRCLCPP_INFO[m[K("%s", row_str.c_str());
[22.458s]       |         [01;31m[K^~~~~~~~~~~[m[K
[22.459s] [01m[K/home/robmoemac/M-LADIS-sim/PX4 Aux/ws_sensor_combined/src/px4_ros_com/src/PointCloudProcessor.cpp:49:9:[m[K [01;31m[Kerror: [m[Krequest for member â€˜[01m[Kget_name[m[Kâ€™ in â€˜[01m[K("%s")[m[Kâ€™, which is of non-class type â€˜[01m[Kconst char [3][m[Kâ€™
[22.459s]    49 |         [01;31m[KRCLCPP_INFO[m[K("%s", row_str.c_str());
[22.460s]       |         [01;31m[K^~~~~~~~~~~[m[K
[23.558s] In file included from [01m[K/usr/include/eigen3/Eigen/Core:164[m[K,
[23.558s]                  from [01m[K/usr/include/eigen3/Eigen/StdVector:14[m[K,
[23.559s]                  from [01m[K/usr/include/pcl-1.12/pcl/point_cloud.h:45[m[K,
[23.559s]                  from [01m[K/usr/include/pcl-1.12/pcl/common/transforms.h:42[m[K,
[23.560s]                  from [01m[K/opt/ros/humble/include/pcl_ros/transforms.hpp:40[m[K,
[23.560s]                  from [01m[K/home/robmoemac/M-LADIS-sim/PX4 Aux/ws_sensor_combined/src/px4_ros_com/src/PointCloudProcessor.cpp:7[m[K:
[23.562s] /usr/include/eigen3/Eigen/src/Core/StlIterators.h: In instantiation of â€˜[01m[KEigen::DenseBase<Derived>::iterator Eigen::DenseBase<Derived>::begin() [with Derived = Eigen::Matrix<float, -1, -1>; Eigen::DenseBase<Derived>::iterator = void][m[Kâ€™:
[23.562s] [01m[K/home/robmoemac/M-LADIS-sim/PX4 Aux/ws_sensor_combined/src/px4_ros_com/src/PointCloudProcessor.cpp:41:28:[m[K   required from here
[23.566s] [01m[K/usr/include/eigen3/Eigen/src/Core/StlIterators.h:410:3:[m[K [01;31m[Kerror: [m[Kstatic assertion failed: YOU_TRIED_CALLING_A_VECTOR_METHOD_ON_A_MATRIX
[23.567s]   410 |   [01;31m[KEIGEN_STATIC_ASSERT_VECTOR_ONLY[m[K(Derived);
[23.567s]       |   [01;31m[K^~~~~~~~~~~~~~~~~~~~~~~~~~~~~~~[m[K
[23.567s] [01m[K/usr/include/eigen3/Eigen/src/Core/StlIterators.h:410:3:[m[K [01;36m[Knote: [m[Kâ€˜[01m[KEigen::Matrix<float, -1, -1>::IsVectorAtCompileTime[m[Kâ€™ evaluates to false
[23.568s] In file included from [01m[K/usr/include/eigen3/Eigen/Core:363[m[K,
[23.568s]                  from [01m[K/usr/include/eigen3/Eigen/StdVector:14[m[K,
[23.568s]                  from [01m[K/usr/include/pcl-1.12/pcl/point_cloud.h:45[m[K,
[23.568s]                  from [01m[K/usr/include/pcl-1.12/pcl/common/transforms.h:42[m[K,
[23.569s]                  from [01m[K/opt/ros/humble/include/pcl_ros/transforms.hpp:40[m[K,
[23.569s]                  from [01m[K/home/robmoemac/M-LADIS-sim/PX4 Aux/ws_sensor_combined/src/px4_ros_com/src/PointCloudProcessor.cpp:7[m[K:
[23.570s] [01m[K/usr/include/eigen3/Eigen/src/Core/StlIterators.h:411:10:[m[K [01;31m[Kerror: [m[Kexpression list treated as compound expression in functional cast [[01;31m[K]8;;https://gcc.gnu.org/onlinedocs/gcc/Warning-Options.html#index-fpermissive-fpermissive]8;;[m[K]
[23.570s]   411 |   return [01;31m[Kiterator(derived(), 0)[m[K;
[23.570s]       |          [01;31m[K^~~~~~~~~~~~~~~~~~~~~~[m[K
[23.570s] In file included from [01m[K/usr/include/eigen3/Eigen/Core:164[m[K,
[23.571s]                  from [01m[K/usr/include/eigen3/Eigen/StdVector:14[m[K,
[23.571s]                  from [01m[K/usr/include/pcl-1.12/pcl/point_cloud.h:45[m[K,
[23.571s]                  from [01m[K/usr/include/pcl-1.12/pcl/common/transforms.h:42[m[K,
[23.571s]                  from [01m[K/opt/ros/humble/include/pcl_ros/transforms.hpp:40[m[K,
[23.571s]                  from [01m[K/home/robmoemac/M-LADIS-sim/PX4 Aux/ws_sensor_combined/src/px4_ros_com/src/PointCloudProcessor.cpp:7[m[K:
[23.571s] /usr/include/eigen3/Eigen/src/Core/StlIterators.h: In instantiation of â€˜[01m[KEigen::DenseBase<Derived>::iterator Eigen::DenseBase<Derived>::end() [with Derived = Eigen::Matrix<float, -1, -1>; Eigen::DenseBase<Derived>::iterator = void][m[Kâ€™:
[23.571s] [01m[K/home/robmoemac/M-LADIS-sim/PX4 Aux/ws_sensor_combined/src/px4_ros_com/src/PointCloudProcessor.cpp:41:28:[m[K   required from here
[23.572s] [01m[K/usr/include/eigen3/Eigen/src/Core/StlIterators.h:439:3:[m[K [01;31m[Kerror: [m[Kstatic assertion failed: YOU_TRIED_CALLING_A_VECTOR_METHOD_ON_A_MATRIX
[23.572s]   439 |   [01;31m[KEIGEN_STATIC_ASSERT_VECTOR_ONLY[m[K(Derived);
[23.572s]       |   [01;31m[K^~~~~~~~~~~~~~~~~~~~~~~~~~~~~~~[m[K
[23.572s] [01m[K/usr/include/eigen3/Eigen/src/Core/StlIterators.h:439:3:[m[K [01;36m[Knote: [m[Kâ€˜[01m[KEigen::Matrix<float, -1, -1>::IsVectorAtCompileTime[m[Kâ€™ evaluates to false
[23.573s] In file included from [01m[K/usr/include/eigen3/Eigen/Core:363[m[K,
[23.574s]                  from [01m[K/usr/include/eigen3/Eigen/StdVector:14[m[K,
[23.575s]                  from [01m[K/usr/include/pcl-1.12/pcl/point_cloud.h:45[m[K,
[23.576s]                  from [01m[K/usr/include/pcl-1.12/pcl/common/transforms.h:42[m[K,
[23.576s]                  from [01m[K/opt/ros/humble/include/pcl_ros/transforms.hpp:40[m[K,
[23.577s]                  from [01m[K/home/robmoemac/M-LADIS-sim/PX4 Aux/ws_sensor_combined/src/px4_ros_com/src/PointCloudProcessor.cpp:7[m[K:
[23.578s] [01m[K/usr/include/eigen3/Eigen/src/Core/StlIterators.h:440:10:[m[K [01;31m[Kerror: [m[Kexpression list treated as compound expression in functional cast [[01;31m[K]8;;https://gcc.gnu.org/onlinedocs/gcc/Warning-Options.html#index-fpermissive-fpermissive]8;;[m[K]
[23.578s]   440 |   return [01;31m[Kiterator(derived(), size())[m[K;
[23.578s]       |          [01;31m[K^~~~~~~~~~~~~~~~~~~~~~~~~~~[m[K
[32.985s] gmake[2]: *** [CMakeFiles/PointCloudProcessor.dir/build.make:76: CMakeFiles/PointCloudProcessor.dir/src/PointCloudProcessor.cpp.o] Error 1
[32.986s] gmake[1]: *** [CMakeFiles/Makefile2:277: CMakeFiles/PointCloudProcessor.dir/all] Error 2
[32.986s] gmake: *** [Makefile:146: all] Error 2
[32.993s] Invoked command in '/home/robmoemac/M-LADIS-sim/PX4 Aux/ws_sensor_combined/build/px4_ros_com' returned '2': CMAKE_PREFIX_PATH=/home/robmoemac/M-LADIS-sim/PX4 Aux/ws_sensor_combined/install/px4_msgs:/home/robmoemac/M-LADIS-sim/PX4 Aux/ws_sensor_combined/install/velodyne:/home/robmoemac/M-LADIS-sim/PX4 Aux/ws_sensor_combined/install/velodyne_pointcloud:/home/robmoemac/M-LADIS-sim/PX4 Aux/ws_sensor_combined/install/velodyne_driver:/home/robmoemac/M-LADIS-sim/PX4 Aux/ws_sensor_combined/install/velodyne_msgs:/home/robmoemac/M-LADIS-sim/PX4 Aux/ws_sensor_combined/install/velodyne_laserscan:/home/robmoemac/M-LADIS-sim/PX4 Aux/ws_sensor_combined/install/ros:/home/robmoemac/M-LADIS-sim/PX4 Aux/ws_sensor_combined/install/px4_ros_com:/opt/ros/humble LD_LIBRARY_PATH=/home/robmoemac/M-LADIS-sim/PX4 Aux/ws_sensor_combined/install/px4_msgs/lib:/home/robmoemac/M-LADIS-sim/PX4 Aux/ws_sensor_combined/install/velodyne_pointcloud/lib:/home/robmoemac/M-LADIS-sim/PX4 Aux/ws_sensor_combined/install/velodyne_driver/lib:/home/robmoemac/M-LADIS-sim/PX4 Aux/ws_sensor_combined/install/velodyne_msgs/lib:/home/robmoemac/M-LADIS-sim/PX4 Aux/ws_sensor_combined/install/velodyne_laserscan/lib:/usr/lib/x86_64-linux-gnu/gazebo-11/plugins:/opt/ros/humble/opt/rviz_ogre_vendor/lib:/opt/ros/humble/lib/x86_64-linux-gnu:/opt/ros/humble/lib /usr/bin/cmake --build /home/robmoemac/M-LADIS-sim/PX4 Aux/ws_sensor_combined/build/px4_ros_com -- -j8 -l8
