[35m[1mConsolidate compiler generated dependencies of target test_flight_control[0m
[ 75%] Built target sensor_combined_listener
[ 75%] Built target offboard_control
[ 75%] Built target debug_vect_advertiser
[ 75%] Built target frame_transforms
[ 83%] Built target vehicle_gps_position_listener
[ 91%] [32mBuilding CXX object CMakeFiles/test_flight_control.dir/src/examples/offboard/test_flight_control.cpp.o[0m
[01m[K/home/dserbin/Documents/M-LADIS-sim/PX4 Aux/ws_sensor_combined/src/px4_ros_com/src/examples/offboard/test_flight_control.cpp:[m[K In member function â€˜[01m[Kvoid TrajectorySetpointPublisher::publishTrajectorySetpoint()[m[Kâ€™:
[01m[K/home/dserbin/Documents/M-LADIS-sim/PX4 Aux/ws_sensor_combined/src/px4_ros_com/src/examples/offboard/test_flight_control.cpp:53:9:[m[K [01;31m[Kerror: [m[Kâ€˜[01m[Kcout[m[Kâ€™ was not declared in this scope; did you mean â€˜[01m[Kstd::cout[m[Kâ€™?
   53 |         [01;31m[Kcout[m[K<<counter<<endl;
      |         [01;31m[K^~~~[m[K
      |         [32m[Kstd::cout[m[K
In file included from [01m[K/opt/ros/humble/include/rclcpp/rclcpp/executor.hpp:22[m[K,
                 from [01m[K/opt/ros/humble/include/rclcpp/rclcpp/executors/multi_threaded_executor.hpp:25[m[K,
                 from [01m[K/opt/ros/humble/include/rclcpp/rclcpp/executors.hpp:21[m[K,
                 from [01m[K/opt/ros/humble/include/rclcpp/rclcpp/rclcpp.hpp:155[m[K,
                 from [01m[K/home/dserbin/Documents/M-LADIS-sim/PX4 Aux/ws_sensor_combined/src/px4_ros_com/src/examples/offboard/test_flight_control.cpp:6[m[K:
[01m[K/usr/include/c++/11/iostream:61:18:[m[K [01;36m[Knote: [m[Kâ€˜[01m[Kstd::cout[m[Kâ€™ declared here
   61 |   extern ostream [01;36m[Kcout[m[K;          /// Linked to standard output
      |                  [01;36m[K^~~~[m[K
[01m[K/home/dserbin/Documents/M-LADIS-sim/PX4 Aux/ws_sensor_combined/src/px4_ros_com/src/examples/offboard/test_flight_control.cpp:53:24:[m[K [01;31m[Kerror: [m[Kâ€˜[01m[Kendl[m[Kâ€™ was not declared in this scope; did you mean â€˜[01m[Kstd::endl[m[Kâ€™?
   53 |         cout<<counter<<[01;31m[Kendl[m[K;
      |                        [01;31m[K^~~~[m[K
      |                        [32m[Kstd::endl[m[K
In file included from [01m[K/usr/include/c++/11/istream:39[m[K,
                 from [01m[K/usr/include/c++/11/sstream:38[m[K,
                 from [01m[K/home/dserbin/Documents/M-LADIS-sim/PX4 Aux/ws_sensor_combined/install/px4_msgs/include/px4_msgs/px4_msgs/msg/detail/offboard_control_mode__traits.hpp:10[m[K,
                 from [01m[K/home/dserbin/Documents/M-LADIS-sim/PX4 Aux/ws_sensor_combined/install/px4_msgs/include/px4_msgs/px4_msgs/msg/offboard_control_mode.hpp:9[m[K,
                 from [01m[K/home/dserbin/Documents/M-LADIS-sim/PX4 Aux/ws_sensor_combined/src/px4_ros_com/src/examples/offboard/test_flight_control.cpp:1[m[K:
[01m[K/usr/include/c++/11/ostream:684:5:[m[K [01;36m[Knote: [m[Kâ€˜[01m[Kstd::endl[m[Kâ€™ declared here
  684 |     [01;36m[Kendl[m[K(basic_ostream<_CharT, _Traits>& __os)
      |     [01;36m[K^~~~[m[K
gmake[2]: *** [CMakeFiles/test_flight_control.dir/build.make:76: CMakeFiles/test_flight_control.dir/src/examples/offboard/test_flight_control.cpp.o] Error 1
gmake[1]: *** [CMakeFiles/Makefile2:277: CMakeFiles/test_flight_control.dir/all] Error 2
gmake: *** [Makefile:146: all] Error 2
