In file included from [01m[K/home/robmoemac/M-LADIS-sim/PX4 Aux/ws_sensor_combined/src/px4_ros_com/src/PointCloudProcessor.cpp:13[m[K:
[01m[K/home/robmoemac/M-LADIS-sim/PX4 Aux/ws_sensor_combined/src/px4_ros_com/src/object_detection.cpp:[m[K In function â€˜[01m[Kvoid euclideanClusteringUsingKDTree(const std::vector<Point>&, float, std::vector<bool, std::allocator<bool> >&, flann::Index<flann::L2<float> >&, std::vector<std::vector<Point> >&)[m[Kâ€™:
[01m[K/home/robmoemac/M-LADIS-sim/PX4 Aux/ws_sensor_combined/src/px4_ros_com/src/object_detection.cpp:241:37:[m[K [01;31m[Kerror: [m[Kexpected â€˜[01m[K;[m[Kâ€™ before â€˜[01m[Kint[m[Kâ€™
  241 |             cout << "inner for loop"
      |                                     [01;31m[K^[m[K
      |                                     [32m[K;[m[K
  242 |             [32m[Kint[m[K idx = clusterIndices[j];
      |             [32m[K~~~[m[K                      
[01m[K/home/robmoemac/M-LADIS-sim/PX4 Aux/ws_sensor_combined/src/px4_ros_com/src/object_detection.cpp:243:55:[m[K [01;31m[Kerror: [m[Kâ€˜[01m[Kidx[m[Kâ€™ was not declared in this scope
  243 |             std::vector<float> query_point = { points[[01;31m[Kidx[m[K].x, points[idx].y, points[idx].z };
      |                                                       [01;31m[K^~~[m[K
[01m[K/home/robmoemac/M-LADIS-sim/PX4 Aux/ws_sensor_combined/src/px4_ros_com/src/object_detection.cpp:243:92:[m[K [01;31m[Kerror: [m[Kcould not convert â€˜[01m[K{<expression error>, <expression error>, <expression error>}[m[Kâ€™ from â€˜[01m[K<brace-enclosed initializer list>[m[Kâ€™ to â€˜[01m[Kstd::vector<float>[m[Kâ€™
  243 | r<float> query_point = { points[idx].x, points[idx].y, points[idx].z [01;31m[K}[m[K;
      |                                                                      [01;31m[K^[m[K
      |                                                                      [01;31m[K|[m[K
      |                                                                      [01;31m[K<brace-enclosed initializer list>[m[K

gmake[2]: *** [CMakeFiles/PointCloudProcessor.dir/build.make:76: CMakeFiles/PointCloudProcessor.dir/src/PointCloudProcessor.cpp.o] Error 1
gmake[1]: *** [CMakeFiles/Makefile2:277: CMakeFiles/PointCloudProcessor.dir/all] Error 2
gmake: *** [Makefile:146: all] Error 2
