[0.002s] Invoking command in '/home/robmoemac/M-LADIS-sim/PX4 Aux/ws_sensor_combined/build/px4_ros_com': CMAKE_PREFIX_PATH=/home/robmoemac/M-LADIS-sim/PX4 Aux/ws_sensor_combined/install/px4_msgs:/home/robmoemac/M-LADIS-sim/PX4 Aux/ws_sensor_combined/install/ros:/home/robmoemac/M-LADIS-sim/PX4 Aux/ws_sensor_combined/install/px4_ros_com:/opt/ros/humble /usr/bin/cmake --build /home/robmoemac/M-LADIS-sim/PX4 Aux/ws_sensor_combined/build/px4_ros_com -- -j32 -l32
[0.039s] [35m[1mConsolidate compiler generated dependencies of target PointCloudProcessor[0m
[0.044s] [ 25%] Built target offboard_control
[0.044s] [ 33%] Built target sensor_combined_listener
[0.046s] [ 50%] Built target test_flight_control
[0.046s] [ 75%] Built target debug_vect_advertiser
[0.046s] [ 83%] Built target vehicle_gps_position_listener
[0.065s] [ 91%] [32mBuilding CXX object CMakeFiles/PointCloudProcessor.dir/src/PointCloudProcessor.cpp.o[0m
[3.559s] In file included from [01m[K/home/robmoemac/M-LADIS-sim/PX4 Aux/ws_sensor_combined/src/px4_ros_com/src/PointCloudProcessor.cpp:13[m[K:
[3.559s] [01m[K/home/robmoemac/M-LADIS-sim/PX4 Aux/ws_sensor_combined/src/px4_ros_com/src/object_detection.cpp:[m[K In function â€˜[01m[Kvoid euclideanClusteringUsingKDTree(const std::vector<Point>&, float, std::vector<bool, std::allocator<bool> >&, flann::Index<flann::L2<float> >&, std::vector<std::vector<Point> >&)[m[Kâ€™:
[3.559s] [01m[K/home/robmoemac/M-LADIS-sim/PX4 Aux/ws_sensor_combined/src/px4_ros_com/src/object_detection.cpp:241:37:[m[K [01;31m[Kerror: [m[Kexpected â€˜[01m[K;[m[Kâ€™ before â€˜[01m[Kint[m[Kâ€™
[3.559s]   241 |             cout << "inner for loop"
[3.559s]       |                                     [01;31m[K^[m[K
[3.559s]       |                                     [32m[K;[m[K
[3.559s]   242 |             [32m[Kint[m[K idx = clusterIndices[j];
[3.559s]       |             [32m[K~~~[m[K                      
[3.566s] [01m[K/home/robmoemac/M-LADIS-sim/PX4 Aux/ws_sensor_combined/src/px4_ros_com/src/object_detection.cpp:243:55:[m[K [01;31m[Kerror: [m[Kâ€˜[01m[Kidx[m[Kâ€™ was not declared in this scope
[3.566s]   243 |             std::vector<float> query_point = { points[[01;31m[Kidx[m[K].x, points[idx].y, points[idx].z };
[3.566s]       |                                                       [01;31m[K^~~[m[K
[3.566s] [01m[K/home/robmoemac/M-LADIS-sim/PX4 Aux/ws_sensor_combined/src/px4_ros_com/src/object_detection.cpp:243:92:[m[K [01;31m[Kerror: [m[Kcould not convert â€˜[01m[K{<expression error>, <expression error>, <expression error>}[m[Kâ€™ from â€˜[01m[K<brace-enclosed initializer list>[m[Kâ€™ to â€˜[01m[Kstd::vector<float>[m[Kâ€™
[3.566s]   243 | r<float> query_point = { points[idx].x, points[idx].y, points[idx].z [01;31m[K}[m[K;
[3.566s]       |                                                                      [01;31m[K^[m[K
[3.566s]       |                                                                      [01;31m[K|[m[K
[3.566s]       |                                                                      [01;31m[K<brace-enclosed initializer list>[m[K
[3.566s] 
[6.475s] gmake[2]: *** [CMakeFiles/PointCloudProcessor.dir/build.make:76: CMakeFiles/PointCloudProcessor.dir/src/PointCloudProcessor.cpp.o] Error 1
[6.475s] gmake[1]: *** [CMakeFiles/Makefile2:277: CMakeFiles/PointCloudProcessor.dir/all] Error 2
[6.475s] gmake: *** [Makefile:146: all] Error 2
[6.479s] Invoked command in '/home/robmoemac/M-LADIS-sim/PX4 Aux/ws_sensor_combined/build/px4_ros_com' returned '2': CMAKE_PREFIX_PATH=/home/robmoemac/M-LADIS-sim/PX4 Aux/ws_sensor_combined/install/px4_msgs:/home/robmoemac/M-LADIS-sim/PX4 Aux/ws_sensor_combined/install/ros:/home/robmoemac/M-LADIS-sim/PX4 Aux/ws_sensor_combined/install/px4_ros_com:/opt/ros/humble /usr/bin/cmake --build /home/robmoemac/M-LADIS-sim/PX4 Aux/ws_sensor_combined/build/px4_ros_com -- -j32 -l32
