[0.082s] Invoking command in '/home/dserbin/Documents/M-LADIS-sim/PX4 Aux/ws_sensor_combined/build/px4_ros_com': CMAKE_PREFIX_PATH=/home/dserbin/Documents/M-LADIS-sim/PX4 Aux/ws_sensor_combined/install/px4_msgs:/home/dserbin/Documents/M-LADIS-sim/PX4 Aux/ws_sensor_combined/install/test_ros_gz_bridge:/home/dserbin/Documents/M-LADIS-sim/PX4 Aux/ws_sensor_combined/install/ros_ign_interfaces:/home/dserbin/Documents/M-LADIS-sim/PX4 Aux/ws_sensor_combined/install/ros_ign:/home/dserbin/Documents/M-LADIS-sim/PX4 Aux/ws_sensor_combined/install/ros_ign_image:/home/dserbin/Documents/M-LADIS-sim/PX4 Aux/ws_sensor_combined/install/ros_ign_gazebo_demos:/home/dserbin/Documents/M-LADIS-sim/PX4 Aux/ws_sensor_combined/install/ros_ign_gazebo:/home/dserbin/Documents/M-LADIS-sim/PX4 Aux/ws_sensor_combined/install/ros_ign_bridge:/home/dserbin/Documents/M-LADIS-sim/PX4 Aux/ws_sensor_combined/install/ros_gz:/home/dserbin/Documents/M-LADIS-sim/PX4 Aux/ws_sensor_combined/install/ros_gz_sim_demos:/home/dserbin/Documents/M-LADIS-sim/PX4 Aux/ws_sensor_combined/install/ros_gz_sim:/home/dserbin/Documents/M-LADIS-sim/PX4 Aux/ws_sensor_combined/install/ros_gz_image:/home/dserbin/Documents/M-LADIS-sim/PX4 Aux/ws_sensor_combined/install/ros_gz_bridge:/home/dserbin/Documents/M-LADIS-sim/PX4 Aux/ws_sensor_combined/install/ros_gz_interfaces:/home/dserbin/Documents/M-LADIS-sim/PX4 Aux/ws_sensor_combined/install/px4_ros_com:/opt/ros/humble LD_LIBRARY_PATH=/home/dserbin/Documents/M-LADIS-sim/PX4 Aux/ws_sensor_combined/install/px4_msgs/lib:/home/dserbin/Documents/M-LADIS-sim/PX4 Aux/ws_sensor_combined/install/ros_ign_interfaces/lib:/home/dserbin/Documents/M-LADIS-sim/PX4 Aux/ws_sensor_combined/install/ros_gz_sim/lib:/home/dserbin/Documents/M-LADIS-sim/PX4 Aux/ws_sensor_combined/install/ros_gz_bridge/lib:/home/dserbin/Documents/M-LADIS-sim/PX4 Aux/ws_sensor_combined/install/ros_gz_interfaces/lib:/home/dserbin/Documents/M-LADIS-sim/PX4 Aux/ws_sensor_combined/install/px4_ros_com/lib:/opt/ros/humble/opt/rviz_ogre_vendor/lib:/opt/ros/humble/lib/x86_64-linux-gnu:/opt/ros/humble/lib /usr/bin/cmake --build /home/dserbin/Documents/M-LADIS-sim/PX4 Aux/ws_sensor_combined/build/px4_ros_com -- -j16 -l16
[0.145s] [35m[1mConsolidate compiler generated dependencies of target pc_conv[0m
[0.164s] [  7%] [32mBuilding CXX object CMakeFiles/pc_conv.dir/src/examples/listeners/pc_conv.cpp.o[0m
[0.165s] [ 92%] Built target test_flight_control
[0.165s] [ 92%] Built target debug_vect_advertiser
[0.165s] [ 92%] Built target frame_transforms
[0.165s] [ 92%] Built target vehicle_gps_position_listener
[0.165s] [ 92%] Built target sensor_combined_listener
[0.165s] [ 92%] Built target offboard_control
[2.926s] [01m[K/home/dserbin/Documents/M-LADIS-sim/PX4 Aux/ws_sensor_combined/src/px4_ros_com/src/examples/listeners/pc_conv.cpp:5:19:[m[K [01;31m[Kerror: [m[Kâ€˜[01m[Ksensor_msgs[m[Kâ€™ was not declared in this scope
[2.927s]     5 | rclcpp::Publisher<[01;31m[Ksensor_msgs[m[K::msg::point_cloud2>::SharedPtr laser_scan_pub;
[2.927s]       |                   [01;31m[K^~~~~~~~~~~[m[K
[2.927s] [01m[K/home/dserbin/Documents/M-LADIS-sim/PX4 Aux/ws_sensor_combined/src/px4_ros_com/src/examples/listeners/pc_conv.cpp:5:49:[m[K [01;31m[Kerror: [m[Ktemplate argument 1 is invalid
[2.927s]     5 | rclcpp::Publisher<sensor_msgs::msg::point_cloud2[01;31m[K>[m[K::SharedPtr laser_scan_pub;
[2.927s]       |                                                 [01;31m[K^[m[K
[2.927s] [01m[K/home/dserbin/Documents/M-LADIS-sim/PX4 Aux/ws_sensor_combined/src/px4_ros_com/src/examples/listeners/pc_conv.cpp:5:62:[m[K [01;31m[Kerror: [m[Kexpected initializer before â€˜[01m[Klaser_scan_pub[m[Kâ€™
[2.927s]     5 | rclcpp::Publisher<sensor_msgs::msg::point_cloud2>::SharedPtr [01;31m[Klaser_scan_pub[m[K;
[2.927s]       |                                                              [01;31m[K^~~~~~~~~~~~~~[m[K
[2.927s] [01m[K/home/dserbin/Documents/M-LADIS-sim/PX4 Aux/ws_sensor_combined/src/px4_ros_com/src/examples/listeners/pc_conv.cpp:7:6:[m[K [01;31m[Kerror: [m[Kvariable or field â€˜[01m[Kcb[m[Kâ€™ declared void
[2.927s]     7 | void [01;31m[Kcb[m[K(Constpoint_cloud2StampedPtr &_msg)
[2.927s]       |      [01;31m[K^~[m[K
[2.933s] [01m[K/home/dserbin/Documents/M-LADIS-sim/PX4 Aux/ws_sensor_combined/src/px4_ros_com/src/examples/listeners/pc_conv.cpp:7:9:[m[K [01;31m[Kerror: [m[Kâ€˜[01m[KConstpoint_cloud2StampedPtr[m[Kâ€™ was not declared in this scope
[2.933s]     7 | void cb([01;31m[KConstpoint_cloud2StampedPtr[m[K &_msg)
[2.933s]       |         [01;31m[K^~~~~~~~~~~~~~~~~~~~~~~~~~~[m[K
[2.937s] [01m[K/home/dserbin/Documents/M-LADIS-sim/PX4 Aux/ws_sensor_combined/src/px4_ros_com/src/examples/listeners/pc_conv.cpp:7:38:[m[K [01;31m[Kerror: [m[Kâ€˜[01m[K_msg[m[Kâ€™ was not declared in this scope
[2.937s]     7 | void cb(Constpoint_cloud2StampedPtr &[01;31m[K_msg[m[K)
[2.937s]       |                                      [01;31m[K^~~~[m[K
[2.943s] [01m[K/home/dserbin/Documents/M-LADIS-sim/PX4 Aux/ws_sensor_combined/src/px4_ros_com/src/examples/listeners/pc_conv.cpp:[m[K In function â€˜[01m[Kint main(int, char**)[m[Kâ€™:
[2.943s] [01m[K/home/dserbin/Documents/M-LADIS-sim/PX4 Aux/ws_sensor_combined/src/px4_ros_com/src/examples/listeners/pc_conv.cpp:22:3:[m[K [01;31m[Kerror: [m[Kâ€˜[01m[Klaser_scan_pub[m[Kâ€™ was not declared in this scope
[2.943s]    22 |   [01;31m[Klaser_scan_pub[m[K = ros_node->create_publisher<sensor_msgs::msg::point_cloud2>(
[2.943s]       |   [01;31m[K^~~~~~~~~~~~~~[m[K
[2.946s] [01m[K/home/dserbin/Documents/M-LADIS-sim/PX4 Aux/ws_sensor_combined/src/px4_ros_com/src/examples/listeners/pc_conv.cpp:22:47:[m[K [01;31m[Kerror: [m[Kâ€˜[01m[Ksensor_msgs[m[Kâ€™ was not declared in this scope
[2.946s]    22 |   laser_scan_pub = ros_node->create_publisher<[01;31m[Ksensor_msgs[m[K::msg::point_cloud2>(
[2.946s]       |                                               [01;31m[K^~~~~~~~~~~[m[K
[2.946s] [01m[K/home/dserbin/Documents/M-LADIS-sim/PX4 Aux/ws_sensor_combined/src/px4_ros_com/src/examples/listeners/pc_conv.cpp:22:30:[m[K [01;31m[Kerror: [m[Kparse error in template argument list
[2.947s]    22 |   laser_scan_pub = ros_node->[01;31m[Kcreate_publisher<sensor_msgs::msg::point_cloud2>[m[K(
[2.947s]       |                              [01;31m[K^~~~~~~~~~~~~~~~~~~~~~~~~~~~~~~~~~~~~~~~~~~~~~~~[m[K
[2.947s] [01m[K/home/dserbin/Documents/M-LADIS-sim/PX4 Aux/ws_sensor_combined/src/px4_ros_com/src/examples/listeners/pc_conv.cpp:22:78:[m[K [01;31m[Kerror: [m[Kno matching function for call to â€˜[01m[Krclcpp::Node::create_publisher<<expression error> >(const char [6], rclcpp::SensorDataQoS)[m[Kâ€™
[2.947s]    22 |   laser_scan_pub = [01;31m[Kros_node->create_publisher<sensor_msgs::msg::point_cloud2>([m[K
[2.947s]       |                    [01;31m[K~~~~~~~~~~~~~~~~~~~~~~~~~~~~~~~~~~~~~~~~~~~~~~~~~~~~~~~~~~^[m[K
[2.947s]    23 | [01;31m[K    "/scan", rclcpp::SensorDataQoS())[m[K;
[2.947s]       |     [01;31m[K~~~~~~~~~~~~~~~~~~~~~~~~~~~~~~~~~[m[K                                         
[2.947s] In file included from [01m[K/opt/ros/humble/include/rclcpp/rclcpp/executors/single_threaded_executor.hpp:28[m[K,
[2.947s]                  from [01m[K/opt/ros/humble/include/rclcpp/rclcpp/executors.hpp:22[m[K,
[2.947s]                  from [01m[K/opt/ros/humble/include/rclcpp/rclcpp/rclcpp.hpp:155[m[K,
[2.947s]                  from [01m[K/home/dserbin/Documents/M-LADIS-sim/PX4 Aux/ws_sensor_combined/src/px4_ros_com/src/examples/listeners/pc_conv.cpp:3[m[K:
[2.947s] [01m[K/opt/ros/humble/include/rclcpp/rclcpp/node.hpp:195:3:[m[K [01;36m[Knote: [m[Kcandidate: â€˜[01m[Ktemplate<class MessageT, class AllocatorT, class PublisherT> std::shared_ptr<PublisherT> rclcpp::Node::create_publisher(const string&, const rclcpp::QoS&, const rclcpp::PublisherOptionsWithAllocator<AllocatorT>&)[m[Kâ€™
[2.947s]   195 |   [01;36m[Kcreate_publisher[m[K(
[2.947s]       |   [01;36m[K^~~~~~~~~~~~~~~~[m[K
[2.947s] [01m[K/opt/ros/humble/include/rclcpp/rclcpp/node.hpp:195:3:[m[K [01;36m[Knote: [m[K  template argument deduction/substitution failed:
[2.947s] [01m[K/home/dserbin/Documents/M-LADIS-sim/PX4 Aux/ws_sensor_combined/src/px4_ros_com/src/examples/listeners/pc_conv.cpp:22:78:[m[K [01;31m[Kerror: [m[Ktemplate argument 1 is invalid
[2.948s]    22 |   laser_scan_pub = [01;31m[Kros_node->create_publisher<sensor_msgs::msg::point_cloud2>([m[K
[2.948s]       |                    [01;31m[K~~~~~~~~~~~~~~~~~~~~~~~~~~~~~~~~~~~~~~~~~~~~~~~~~~~~~~~~~~^[m[K
[2.948s]    23 | [01;31m[K    "/scan", rclcpp::SensorDataQoS())[m[K;
[2.948s]       |     [01;31m[K~~~~~~~~~~~~~~~~~~~~~~~~~~~~~~~~~[m[K                                         
[2.948s] [01m[K/home/dserbin/Documents/M-LADIS-sim/PX4 Aux/ws_sensor_combined/src/px4_ros_com/src/examples/listeners/pc_conv.cpp:26:3:[m[K [01;31m[Kerror: [m[Kâ€˜[01m[Kgazebo[m[Kâ€™ has not been declared
[2.948s]    26 |   [01;31m[Kgazebo[m[K::transport::NodePtr gz_node(new gazebo::transport::Node());
[2.948s]       |   [01;31m[K^~~~~~[m[K
[2.950s] [01m[K/home/dserbin/Documents/M-LADIS-sim/PX4 Aux/ws_sensor_combined/src/px4_ros_com/src/examples/listeners/pc_conv.cpp:27:3:[m[K [01;31m[Kerror: [m[Kâ€˜[01m[Kgz_node[m[Kâ€™ was not declared in this scope
[2.950s]    27 |   [01;31m[Kgz_node[m[K->Init();
[2.950s]       |   [01;31m[K^~~~~~~[m[K
[2.950s] [01m[K/home/dserbin/Documents/M-LADIS-sim/PX4 Aux/ws_sensor_combined/src/px4_ros_com/src/examples/listeners/pc_conv.cpp:30:3:[m[K [01;31m[Kerror: [m[Kâ€˜[01m[Kgazebo[m[Kâ€™ has not been declared
[2.950s]    30 |   [01;31m[Kgazebo[m[K::transport::SubscriberPtr sub = gz_node->Subscribe("/gazebo/default/hex_drone/lidar_puck/laser/scan", cb);
[2.950s]       |   [01;31m[K^~~~~~[m[K
[2.952s] [01m[K/home/dserbin/Documents/M-LADIS-sim/PX4 Aux/ws_sensor_combined/src/px4_ros_com/src/examples/listeners/pc_conv.cpp:36:3:[m[K [01;31m[Kerror: [m[Kâ€˜[01m[Kgazebo[m[Kâ€™ has not been declared
[2.952s]    36 |   [01;31m[Kgazebo[m[K::client::shutdown();
[2.952s]       |   [01;31m[K^~~~~~[m[K
[2.952s] [01m[K/home/dserbin/Documents/M-LADIS-sim/PX4 Aux/ws_sensor_combined/src/px4_ros_com/src/examples/listeners/pc_conv.cpp:36:30:[m[K [01;31m[Kerror: [m[Kexpected â€˜[01m[K}[m[Kâ€™ at end of input
[2.952s]    36 |   gazebo::client::shutdown();
[2.952s]       |                              [01;31m[K^[m[K
[2.952s] [01m[K/home/dserbin/Documents/M-LADIS-sim/PX4 Aux/ws_sensor_combined/src/px4_ros_com/src/examples/listeners/pc_conv.cpp:17:1:[m[K [01;36m[Knote: [m[Kto match this â€˜[01m[K{[m[Kâ€™
[2.953s]    17 | [01;36m[K{[m[K
[2.953s]       | [01;36m[K^[m[K
[3.476s] gmake[2]: *** [CMakeFiles/pc_conv.dir/build.make:76: CMakeFiles/pc_conv.dir/src/examples/listeners/pc_conv.cpp.o] Error 1
[3.477s] gmake[1]: *** [CMakeFiles/Makefile2:305: CMakeFiles/pc_conv.dir/all] Error 2
[3.477s] gmake: *** [Makefile:146: all] Error 2
[3.481s] Invoked command in '/home/dserbin/Documents/M-LADIS-sim/PX4 Aux/ws_sensor_combined/build/px4_ros_com' returned '2': CMAKE_PREFIX_PATH=/home/dserbin/Documents/M-LADIS-sim/PX4 Aux/ws_sensor_combined/install/px4_msgs:/home/dserbin/Documents/M-LADIS-sim/PX4 Aux/ws_sensor_combined/install/test_ros_gz_bridge:/home/dserbin/Documents/M-LADIS-sim/PX4 Aux/ws_sensor_combined/install/ros_ign_interfaces:/home/dserbin/Documents/M-LADIS-sim/PX4 Aux/ws_sensor_combined/install/ros_ign:/home/dserbin/Documents/M-LADIS-sim/PX4 Aux/ws_sensor_combined/install/ros_ign_image:/home/dserbin/Documents/M-LADIS-sim/PX4 Aux/ws_sensor_combined/install/ros_ign_gazebo_demos:/home/dserbin/Documents/M-LADIS-sim/PX4 Aux/ws_sensor_combined/install/ros_ign_gazebo:/home/dserbin/Documents/M-LADIS-sim/PX4 Aux/ws_sensor_combined/install/ros_ign_bridge:/home/dserbin/Documents/M-LADIS-sim/PX4 Aux/ws_sensor_combined/install/ros_gz:/home/dserbin/Documents/M-LADIS-sim/PX4 Aux/ws_sensor_combined/install/ros_gz_sim_demos:/home/dserbin/Documents/M-LADIS-sim/PX4 Aux/ws_sensor_combined/install/ros_gz_sim:/home/dserbin/Documents/M-LADIS-sim/PX4 Aux/ws_sensor_combined/install/ros_gz_image:/home/dserbin/Documents/M-LADIS-sim/PX4 Aux/ws_sensor_combined/install/ros_gz_bridge:/home/dserbin/Documents/M-LADIS-sim/PX4 Aux/ws_sensor_combined/install/ros_gz_interfaces:/home/dserbin/Documents/M-LADIS-sim/PX4 Aux/ws_sensor_combined/install/px4_ros_com:/opt/ros/humble LD_LIBRARY_PATH=/home/dserbin/Documents/M-LADIS-sim/PX4 Aux/ws_sensor_combined/install/px4_msgs/lib:/home/dserbin/Documents/M-LADIS-sim/PX4 Aux/ws_sensor_combined/install/ros_ign_interfaces/lib:/home/dserbin/Documents/M-LADIS-sim/PX4 Aux/ws_sensor_combined/install/ros_gz_sim/lib:/home/dserbin/Documents/M-LADIS-sim/PX4 Aux/ws_sensor_combined/install/ros_gz_bridge/lib:/home/dserbin/Documents/M-LADIS-sim/PX4 Aux/ws_sensor_combined/install/ros_gz_interfaces/lib:/home/dserbin/Documents/M-LADIS-sim/PX4 Aux/ws_sensor_combined/install/px4_ros_com/lib:/opt/ros/humble/opt/rviz_ogre_vendor/lib:/opt/ros/humble/lib/x86_64-linux-gnu:/opt/ros/humble/lib /usr/bin/cmake --build /home/dserbin/Documents/M-LADIS-sim/PX4 Aux/ws_sensor_combined/build/px4_ros_com -- -j16 -l16
