[ 16%] Built target sensor_combined_listener
[ 33%] Built target vehicle_gps_position_listener
[ 50%] Built target offboard_control
[ 66%] Built target debug_vect_advertiser
[ 83%] Built target test_flight_control
[ 91%] [32mBuilding CXX object CMakeFiles/PointCloudProcessor.dir/src/PointCloudProcessor.cpp.o[0m
[01m[K/home/robmoemac/M-LADIS-sim/PX4 Aux/ws_sensor_combined/src/px4_ros_com/src/PointCloudProcessor.cpp:[m[K In member function â€˜[01m[Kvoid PointCloudProcessor::pointCloudCallback(sensor_msgs::msg::PointCloud2_<std::allocator<void> >::SharedPtr)[m[Kâ€™:
[01m[K/home/robmoemac/M-LADIS-sim/PX4 Aux/ws_sensor_combined/src/px4_ros_com/src/PointCloudProcessor.cpp:52:5:[m[K [01;31m[Kerror: [m[Kâ€˜[01m[Kfilename_stream[m[Kâ€™ was not declared in this scope; did you mean â€˜[01m[Kopen_memstream[m[Kâ€™?
   52 |     [01;31m[Kfilename_stream[m[K << "xyz_matrix_" << std::put_time(now, "%Y%m%d%H%M%S") << ".csv";
      |     [01;31m[K^~~~~~~~~~~~~~~[m[K
      |     [32m[Kopen_memstream[m[K
[01m[K/home/robmoemac/M-LADIS-sim/PX4 Aux/ws_sensor_combined/src/px4_ros_com/src/PointCloudProcessor.cpp:52:55:[m[K [01;31m[Kerror: [m[Kinvalid use of non-static member function â€˜[01m[Krclcpp::Time rclcpp::Node::now() const[m[Kâ€™
   52 |     filename_stream << "xyz_matrix_" << std::put_time([01;31m[Know[m[K, "%Y%m%d%H%M%S") << ".csv";
      |                                                       [01;31m[K^~~[m[K
In file included from [01m[K/opt/ros/humble/include/rclcpp/rclcpp/executors/single_threaded_executor.hpp:28[m[K,
                 from [01m[K/opt/ros/humble/include/rclcpp/rclcpp/executors.hpp:22[m[K,
                 from [01m[K/opt/ros/humble/include/rclcpp/rclcpp/rclcpp.hpp:155[m[K,
                 from [01m[K/opt/ros/humble/include/tf2_ros/tf2_ros/buffer_interface.h:48[m[K,
                 from [01m[K/opt/ros/humble/include/tf2_ros/tf2_ros/buffer.h:42[m[K,
                 from [01m[K/opt/ros/humble/include/pcl_ros/transforms.hpp:42[m[K,
                 from [01m[K/home/robmoemac/M-LADIS-sim/PX4 Aux/ws_sensor_combined/src/px4_ros_com/src/PointCloudProcessor.cpp:7[m[K:
[01m[K/opt/ros/humble/include/rclcpp/rclcpp/node.hpp:1126:3:[m[K [01;36m[Knote: [m[Kdeclared here
 1126 |   [01;36m[Know[m[K() const;
      |   [01;36m[K^~~[m[K
[01m[K/home/robmoemac/M-LADIS-sim/PX4 Aux/ws_sensor_combined/src/px4_ros_com/src/PointCloudProcessor.cpp:58:40:[m[K [01;31m[Kerror: [m[Kâ€˜[01m[Kclass std::vector<std::vector<float>, std::allocator<std::vector<float> > >[m[Kâ€™ has no member named â€˜[01m[Krows[m[Kâ€™
   58 |         for (int i = 0; i < xyz_matrix.[01;31m[Krows[m[K(); ++i) {
      |                                        [01;31m[K^~~~[m[K
[01m[K/home/robmoemac/M-LADIS-sim/PX4 Aux/ws_sensor_combined/src/px4_ros_com/src/PointCloudProcessor.cpp:59:44:[m[K [01;31m[Kerror: [m[Kâ€˜[01m[Kclass std::vector<std::vector<float>, std::allocator<std::vector<float> > >[m[Kâ€™ has no member named â€˜[01m[Kcols[m[Kâ€™
   59 |             for (int j = 0; j < xyz_matrix.[01;31m[Kcols[m[K(); ++j) {
      |                                            [01;31m[K^~~~[m[K
[01m[K/home/robmoemac/M-LADIS-sim/PX4 Aux/ws_sensor_combined/src/px4_ros_com/src/PointCloudProcessor.cpp:60:38:[m[K [01;31m[Kerror: [m[Kno match for call to â€˜[01m[K(std::vector<std::vector<float>, std::allocator<std::vector<float> > >) (int&, int&)[m[Kâ€™
   60 |                 outfile << [01;31m[Kxyz_matrix(i, j)[m[K;
      |                            [01;31m[K~~~~~~~~~~^~~~~~[m[K
[01m[K/home/robmoemac/M-LADIS-sim/PX4 Aux/ws_sensor_combined/src/px4_ros_com/src/PointCloudProcessor.cpp:61:36:[m[K [01;31m[Kerror: [m[Kâ€˜[01m[Kclass std::vector<std::vector<float>, std::allocator<std::vector<float> > >[m[Kâ€™ has no member named â€˜[01m[Kcols[m[Kâ€™
   61 |                 if (j < xyz_matrix.[01;31m[Kcols[m[K() - 1) outfile << ",";
      |                                    [01;31m[K^~~~[m[K
gmake[2]: *** [CMakeFiles/PointCloudProcessor.dir/build.make:76: CMakeFiles/PointCloudProcessor.dir/src/PointCloudProcessor.cpp.o] Error 1
gmake[1]: *** [CMakeFiles/Makefile2:277: CMakeFiles/PointCloudProcessor.dir/all] Error 2
gmake: *** [Makefile:146: all] Error 2
