[0.013s] Invoking command in '/home/robmoemac/M-LADIS-sim/PX4 Aux/ws_sensor_combined/build/px4_ros_com': CMAKE_PREFIX_PATH=/home/robmoemac/M-LADIS-sim/PX4 Aux/ws_sensor_combined/install/px4_msgs:/home/robmoemac/M-LADIS-sim/PX4 Aux/ws_sensor_combined/install/velodyne:/home/robmoemac/M-LADIS-sim/PX4 Aux/ws_sensor_combined/install/velodyne_pointcloud:/home/robmoemac/M-LADIS-sim/PX4 Aux/ws_sensor_combined/install/velodyne_driver:/home/robmoemac/M-LADIS-sim/PX4 Aux/ws_sensor_combined/install/velodyne_msgs:/home/robmoemac/M-LADIS-sim/PX4 Aux/ws_sensor_combined/install/velodyne_laserscan:/home/robmoemac/M-LADIS-sim/PX4 Aux/ws_sensor_combined/install/ros:/opt/ros/humble LD_LIBRARY_PATH=/home/robmoemac/M-LADIS-sim/PX4 Aux/ws_sensor_combined/install/px4_msgs/lib:/home/robmoemac/M-LADIS-sim/PX4 Aux/ws_sensor_combined/install/velodyne_pointcloud/lib:/home/robmoemac/M-LADIS-sim/PX4 Aux/ws_sensor_combined/install/velodyne_driver/lib:/home/robmoemac/M-LADIS-sim/PX4 Aux/ws_sensor_combined/install/velodyne_msgs/lib:/home/robmoemac/M-LADIS-sim/PX4 Aux/ws_sensor_combined/install/velodyne_laserscan/lib:/usr/lib/x86_64-linux-gnu/gazebo-11/plugins:/opt/ros/humble/opt/rviz_ogre_vendor/lib:/opt/ros/humble/lib/x86_64-linux-gnu:/opt/ros/humble/lib /usr/bin/cmake --build /home/robmoemac/M-LADIS-sim/PX4 Aux/ws_sensor_combined/build/px4_ros_com -- -j8 -l8
[0.064s] [ 16%] Built target sensor_combined_listener
[0.065s] [ 33%] Built target vehicle_gps_position_listener
[0.066s] [ 50%] Built target offboard_control
[0.067s] [ 66%] Built target debug_vect_advertiser
[0.067s] [ 83%] Built target test_flight_control
[0.077s] [ 91%] [32mBuilding CXX object CMakeFiles/PointCloudProcessor.dir/src/PointCloudProcessor.cpp.o[0m
[4.883s] [01m[K/home/robmoemac/M-LADIS-sim/PX4 Aux/ws_sensor_combined/src/px4_ros_com/src/PointCloudProcessor.cpp:[m[K In member function â€˜[01m[Kvoid PointCloudProcessor::pointCloudCallback(sensor_msgs::msg::PointCloud2_<std::allocator<void> >::SharedPtr)[m[Kâ€™:
[4.884s] [01m[K/home/robmoemac/M-LADIS-sim/PX4 Aux/ws_sensor_combined/src/px4_ros_com/src/PointCloudProcessor.cpp:52:5:[m[K [01;31m[Kerror: [m[Kâ€˜[01m[Kfilename_stream[m[Kâ€™ was not declared in this scope; did you mean â€˜[01m[Kopen_memstream[m[Kâ€™?
[4.884s]    52 |     [01;31m[Kfilename_stream[m[K << "xyz_matrix_" << std::put_time(now, "%Y%m%d%H%M%S") << ".csv";
[4.884s]       |     [01;31m[K^~~~~~~~~~~~~~~[m[K
[4.884s]       |     [32m[Kopen_memstream[m[K
[4.884s] [01m[K/home/robmoemac/M-LADIS-sim/PX4 Aux/ws_sensor_combined/src/px4_ros_com/src/PointCloudProcessor.cpp:52:55:[m[K [01;31m[Kerror: [m[Kinvalid use of non-static member function â€˜[01m[Krclcpp::Time rclcpp::Node::now() const[m[Kâ€™
[4.884s]    52 |     filename_stream << "xyz_matrix_" << std::put_time([01;31m[Know[m[K, "%Y%m%d%H%M%S") << ".csv";
[4.884s]       |                                                       [01;31m[K^~~[m[K
[4.884s] In file included from [01m[K/opt/ros/humble/include/rclcpp/rclcpp/executors/single_threaded_executor.hpp:28[m[K,
[4.884s]                  from [01m[K/opt/ros/humble/include/rclcpp/rclcpp/executors.hpp:22[m[K,
[4.884s]                  from [01m[K/opt/ros/humble/include/rclcpp/rclcpp/rclcpp.hpp:155[m[K,
[4.884s]                  from [01m[K/opt/ros/humble/include/tf2_ros/tf2_ros/buffer_interface.h:48[m[K,
[4.884s]                  from [01m[K/opt/ros/humble/include/tf2_ros/tf2_ros/buffer.h:42[m[K,
[4.884s]                  from [01m[K/opt/ros/humble/include/pcl_ros/transforms.hpp:42[m[K,
[4.884s]                  from [01m[K/home/robmoemac/M-LADIS-sim/PX4 Aux/ws_sensor_combined/src/px4_ros_com/src/PointCloudProcessor.cpp:7[m[K:
[4.884s] [01m[K/opt/ros/humble/include/rclcpp/rclcpp/node.hpp:1126:3:[m[K [01;36m[Knote: [m[Kdeclared here
[4.884s]  1126 |   [01;36m[Know[m[K() const;
[4.884s]       |   [01;36m[K^~~[m[K
[4.884s] [01m[K/home/robmoemac/M-LADIS-sim/PX4 Aux/ws_sensor_combined/src/px4_ros_com/src/PointCloudProcessor.cpp:58:40:[m[K [01;31m[Kerror: [m[Kâ€˜[01m[Kclass std::vector<std::vector<float>, std::allocator<std::vector<float> > >[m[Kâ€™ has no member named â€˜[01m[Krows[m[Kâ€™
[4.884s]    58 |         for (int i = 0; i < xyz_matrix.[01;31m[Krows[m[K(); ++i) {
[4.884s]       |                                        [01;31m[K^~~~[m[K
[4.884s] [01m[K/home/robmoemac/M-LADIS-sim/PX4 Aux/ws_sensor_combined/src/px4_ros_com/src/PointCloudProcessor.cpp:59:44:[m[K [01;31m[Kerror: [m[Kâ€˜[01m[Kclass std::vector<std::vector<float>, std::allocator<std::vector<float> > >[m[Kâ€™ has no member named â€˜[01m[Kcols[m[Kâ€™
[4.885s]    59 |             for (int j = 0; j < xyz_matrix.[01;31m[Kcols[m[K(); ++j) {
[4.885s]       |                                            [01;31m[K^~~~[m[K
[4.885s] [01m[K/home/robmoemac/M-LADIS-sim/PX4 Aux/ws_sensor_combined/src/px4_ros_com/src/PointCloudProcessor.cpp:60:38:[m[K [01;31m[Kerror: [m[Kno match for call to â€˜[01m[K(std::vector<std::vector<float>, std::allocator<std::vector<float> > >) (int&, int&)[m[Kâ€™
[4.885s]    60 |                 outfile << [01;31m[Kxyz_matrix(i, j)[m[K;
[4.885s]       |                            [01;31m[K~~~~~~~~~~^~~~~~[m[K
[4.885s] [01m[K/home/robmoemac/M-LADIS-sim/PX4 Aux/ws_sensor_combined/src/px4_ros_com/src/PointCloudProcessor.cpp:61:36:[m[K [01;31m[Kerror: [m[Kâ€˜[01m[Kclass std::vector<std::vector<float>, std::allocator<std::vector<float> > >[m[Kâ€™ has no member named â€˜[01m[Kcols[m[Kâ€™
[4.885s]    61 |                 if (j < xyz_matrix.[01;31m[Kcols[m[K() - 1) outfile << ",";
[4.885s]       |                                    [01;31m[K^~~~[m[K
[7.928s] gmake[2]: *** [CMakeFiles/PointCloudProcessor.dir/build.make:76: CMakeFiles/PointCloudProcessor.dir/src/PointCloudProcessor.cpp.o] Error 1
[7.929s] gmake[1]: *** [CMakeFiles/Makefile2:277: CMakeFiles/PointCloudProcessor.dir/all] Error 2
[7.929s] gmake: *** [Makefile:146: all] Error 2
[7.931s] Invoked command in '/home/robmoemac/M-LADIS-sim/PX4 Aux/ws_sensor_combined/build/px4_ros_com' returned '2': CMAKE_PREFIX_PATH=/home/robmoemac/M-LADIS-sim/PX4 Aux/ws_sensor_combined/install/px4_msgs:/home/robmoemac/M-LADIS-sim/PX4 Aux/ws_sensor_combined/install/velodyne:/home/robmoemac/M-LADIS-sim/PX4 Aux/ws_sensor_combined/install/velodyne_pointcloud:/home/robmoemac/M-LADIS-sim/PX4 Aux/ws_sensor_combined/install/velodyne_driver:/home/robmoemac/M-LADIS-sim/PX4 Aux/ws_sensor_combined/install/velodyne_msgs:/home/robmoemac/M-LADIS-sim/PX4 Aux/ws_sensor_combined/install/velodyne_laserscan:/home/robmoemac/M-LADIS-sim/PX4 Aux/ws_sensor_combined/install/ros:/opt/ros/humble LD_LIBRARY_PATH=/home/robmoemac/M-LADIS-sim/PX4 Aux/ws_sensor_combined/install/px4_msgs/lib:/home/robmoemac/M-LADIS-sim/PX4 Aux/ws_sensor_combined/install/velodyne_pointcloud/lib:/home/robmoemac/M-LADIS-sim/PX4 Aux/ws_sensor_combined/install/velodyne_driver/lib:/home/robmoemac/M-LADIS-sim/PX4 Aux/ws_sensor_combined/install/velodyne_msgs/lib:/home/robmoemac/M-LADIS-sim/PX4 Aux/ws_sensor_combined/install/velodyne_laserscan/lib:/usr/lib/x86_64-linux-gnu/gazebo-11/plugins:/opt/ros/humble/opt/rviz_ogre_vendor/lib:/opt/ros/humble/lib/x86_64-linux-gnu:/opt/ros/humble/lib /usr/bin/cmake --build /home/robmoemac/M-LADIS-sim/PX4 Aux/ws_sensor_combined/build/px4_ros_com -- -j8 -l8
