[0.049s] Invoking command in '/home/robmoemac/M-LADIS-sim/PX4 Aux/ws_sensor_combined/build/px4_ros_com': CMAKE_PREFIX_PATH=/home/robmoemac/M-LADIS-sim/PX4 Aux/ws_sensor_combined/install/px4_msgs:/home/robmoemac/M-LADIS-sim/PX4 Aux/ws_sensor_combined/install/ros:/home/robmoemac/M-LADIS-sim/PX4 Aux/ws_sensor_combined/install/px4_ros_com:/opt/ros/humble /usr/bin/cmake --build /home/robmoemac/M-LADIS-sim/PX4 Aux/ws_sensor_combined/build/px4_ros_com -- -j8 -l8
[0.240s] [ 16%] Built target vehicle_gps_position_listener
[0.249s] [ 33%] Built target debug_vect_advertiser
[0.251s] [35m[1mConsolidate compiler generated dependencies of target PointCloudProcessor[0m
[0.256s] [ 50%] Built target sensor_combined_listener
[0.257s] [ 66%] Built target test_flight_control
[0.267s] [ 83%] Built target offboard_control
[0.370s] [ 91%] [32mBuilding CXX object CMakeFiles/PointCloudProcessor.dir/src/PointCloudProcessor.cpp.o[0m
[21.814s] [01m[K/home/robmoemac/M-LADIS-sim/PX4 Aux/ws_sensor_combined/src/px4_ros_com/src/PointCloudProcessor.cpp:[m[K In member function â€˜[01m[Kvoid PointCloudProcessor::pointCloudCallback(sensor_msgs::msg::PointCloud2_<std::allocator<void> >::SharedPtr)[m[Kâ€™:
[21.814s] [01m[K/home/robmoemac/M-LADIS-sim/PX4 Aux/ws_sensor_combined/src/px4_ros_com/src/PointCloudProcessor.cpp:46:40:[m[K [01;31m[Kerror: [m[Kinvalid type argument of unary â€˜[01m[K*[m[Kâ€™ (have â€˜[01m[Kint[m[Kâ€™)
[21.814s]    46 |         if(sqrt(pcl_cloud->points[i].x*[01;31m[K*2[m[K + pcl_cloud->points.y**2) > 0.1){
[21.814s]       |                                        [01;31m[K^~[m[K
[21.815s] [01m[K/home/robmoemac/M-LADIS-sim/PX4 Aux/ws_sensor_combined/src/px4_ros_com/src/PointCloudProcessor.cpp:46:63:[m[K [01;31m[Kerror: [m[Kâ€˜[01m[Kclass std::vector<pcl::PointXYZ, Eigen::aligned_allocator<pcl::PointXYZ> >[m[Kâ€™ has no member named â€˜[01m[Ky[m[Kâ€™
[21.815s]    46 |       if(sqrt(pcl_cloud->points[i].x**2 + pcl_cloud->points.[01;31m[Ky[m[K**2) > 0.1){
[21.815s]       |                                                             [01;31m[K^[m[K
[21.816s] 
[21.816s] [01m[K/home/robmoemac/M-LADIS-sim/PX4 Aux/ws_sensor_combined/src/px4_ros_com/src/PointCloudProcessor.cpp:46:65:[m[K [01;31m[Kerror: [m[Kinvalid type argument of unary â€˜[01m[K*[m[Kâ€™ (have â€˜[01m[Kint[m[Kâ€™)
[21.817s]    46 |     if(sqrt(pcl_cloud->points[i].x**2 + pcl_cloud->points.y*[01;31m[K*2[m[K) > 0.1){
[21.817s]       |                                                             [01;31m[K^~[m[K
[21.818s] 
[34.340s] gmake[2]: *** [CMakeFiles/PointCloudProcessor.dir/build.make:76: CMakeFiles/PointCloudProcessor.dir/src/PointCloudProcessor.cpp.o] Error 1
[34.341s] gmake[1]: *** [CMakeFiles/Makefile2:277: CMakeFiles/PointCloudProcessor.dir/all] Error 2
[34.341s] gmake: *** [Makefile:146: all] Error 2
[34.347s] Invoked command in '/home/robmoemac/M-LADIS-sim/PX4 Aux/ws_sensor_combined/build/px4_ros_com' returned '2': CMAKE_PREFIX_PATH=/home/robmoemac/M-LADIS-sim/PX4 Aux/ws_sensor_combined/install/px4_msgs:/home/robmoemac/M-LADIS-sim/PX4 Aux/ws_sensor_combined/install/ros:/home/robmoemac/M-LADIS-sim/PX4 Aux/ws_sensor_combined/install/px4_ros_com:/opt/ros/humble /usr/bin/cmake --build /home/robmoemac/M-LADIS-sim/PX4 Aux/ws_sensor_combined/build/px4_ros_com -- -j8 -l8
