[0.007s] Invoking command in '/home/dserbin/Documents/M-LADIS-sim/PX4 Aux/ws_sensor_combined/build/px4_ros_com': AMENT_PREFIX_PATH=/home/dserbin/Documents/M-LADIS-sim/PX4 Aux/ws_sensor_combined/install/px4_msgs:${AMENT_PREFIX_PATH} CMAKE_PREFIX_PATH=/home/dserbin/Documents/M-LADIS-sim/PX4 Aux/ws_sensor_combined/install/px4_msgs:/opt/ros/humble LD_LIBRARY_PATH=/home/dserbin/Documents/M-LADIS-sim/PX4 Aux/ws_sensor_combined/install/px4_msgs/lib:${LD_LIBRARY_PATH} PYTHONPATH=/home/dserbin/Documents/M-LADIS-sim/PX4 Aux/ws_sensor_combined/install/px4_msgs/local/lib/python3.10/dist-packages:${PYTHONPATH} /usr/bin/cmake --build /home/dserbin/Documents/M-LADIS-sim/PX4 Aux/ws_sensor_combined/build/px4_ros_com -- -j16 -l16
[0.030s] -- Found ament_cmake: 1.3.8 (/opt/ros/humble/share/ament_cmake/cmake)
[0.131s] -- Found python_cmake_module: 0.10.0 (/opt/ros/humble/share/python_cmake_module/cmake)
[0.131s] -- Found builtin_interfaces: 1.2.1 (/opt/ros/humble/share/builtin_interfaces/cmake)
[0.150s] -- Found rosidl_generator_c: 3.1.5 (/opt/ros/humble/share/rosidl_generator_c/cmake)
[0.152s] -- Found rosidl_adapter: 3.1.5 (/opt/ros/humble/share/rosidl_adapter/cmake)
[0.157s] -- Found rosidl_generator_cpp: 3.1.5 (/opt/ros/humble/share/rosidl_generator_cpp/cmake)
[0.166s] -- Using all available rosidl_typesupport_c: rosidl_typesupport_fastrtps_c;rosidl_typesupport_introspection_c
[0.178s] -- Using all available rosidl_typesupport_cpp: rosidl_typesupport_fastrtps_cpp;rosidl_typesupport_introspection_cpp
[0.189s] -- Found eigen3_cmake_module: 0.1.1 (/opt/ros/humble/share/eigen3_cmake_module/cmake)
[0.190s] -- Found geometry_msgs: 4.2.3 (/opt/ros/humble/share/geometry_msgs/cmake)
[0.264s] -- Found px4_msgs: 2.0.1 (/home/dserbin/Documents/M-LADIS-sim/PX4 Aux/ws_sensor_combined/install/px4_msgs/share/px4_msgs/cmake)
[0.289s] -- Found rclcpp: 16.0.8 (/opt/ros/humble/share/rclcpp/cmake)
[0.326s] -- Found rmw_implementation_cmake: 6.1.1 (/opt/ros/humble/share/rmw_implementation_cmake/cmake)
[0.327s] -- Found rmw_fastrtps_cpp: 6.2.6 (/opt/ros/humble/share/rmw_fastrtps_cpp/cmake)
[0.440s] -- Using RMW implementation 'rmw_fastrtps_cpp' as default
[0.537s] -- Found rclpy: 3.3.12 (/opt/ros/humble/share/rclpy/cmake)
[0.537s] -- Found sensor_msgs: 4.2.3 (/opt/ros/humble/share/sensor_msgs/cmake)
[0.607s] -- Found ament_lint_auto: 0.12.10 (/opt/ros/humble/share/ament_lint_auto/cmake)
[0.668s] -- Added test 'copyright' to check source files copyright and LICENSE
[0.670s] -- Added test 'cppcheck' to perform static code analysis on C / C++ code
[0.671s] -- Configured cppcheck include dirs: /home/dserbin/Documents/M-LADIS-sim/PX4 Aux/ws_sensor_combined/src/px4_ros_com/include;$<BUILD_INTERFACE:/home/dserbin/Documents/M-LADIS-sim/PX4 Aux/ws_sensor_combined/src/px4_ros_com/include/px4_ros_com>
[0.671s] -- Configured cppcheck exclude dirs and/or files: 
[0.673s] -- Added test 'cpplint' to check C / C++ code against the Google style
[0.673s] -- Configured cpplint exclude dirs and/or files: 
[0.673s] -- Added test 'flake8' to check Python code syntax and style conventions
[0.674s] -- Added test 'lint_cmake' to check CMake code style
[0.674s] -- Added test 'pep257' to check Python code against some of the docstring style conventions in PEP 257
[0.677s] -- Added test 'uncrustify' to check C / C++ code style
[0.677s] -- Configured uncrustify additional arguments: 
[0.677s] -- Added test 'xmllint' to check XML markup files
[0.678s] -- Configuring done
[0.703s] -- Generating done
[0.705s] -- Build files have been written to: /home/dserbin/Documents/M-LADIS-sim/PX4 Aux/ws_sensor_combined/build/px4_ros_com
[0.734s] [35m[1mConsolidate compiler generated dependencies of target frame_transforms[0m
[0.734s] [35m[1mConsolidate compiler generated dependencies of target pcd_pub[0m
[0.734s] [35m[1mConsolidate compiler generated dependencies of target vehicle_gps_position_listener[0m
[0.734s] [35m[1mConsolidate compiler generated dependencies of target sensor_combined_listener[0m
[0.735s] [35m[1mConsolidate compiler generated dependencies of target test_flight_control[0m
[0.735s] [35m[1mConsolidate compiler generated dependencies of target debug_vect_advertiser[0m
[0.735s] [35m[1mConsolidate compiler generated dependencies of target offboard_control[0m
[0.755s] [ 35%] Built target frame_transforms
[0.755s] [ 35%] Built target sensor_combined_listener
[0.755s] [ 57%] Built target debug_vect_advertiser
[0.755s] [ 57%] Built target test_flight_control
[0.756s] [ 71%] [32mBuilding CXX object CMakeFiles/pcd_pub.dir/src/computer_viz/pcd_pub.cpp.o[0m
[0.756s] [ 78%] Built target vehicle_gps_position_listener
[0.756s] [ 92%] Built target offboard_control
[2.714s] [01m[K/home/dserbin/Documents/M-LADIS-sim/PX4 Aux/ws_sensor_combined/src/px4_ros_com/src/computer_viz/pcd_pub.cpp:36:23:[m[K [01;31m[Kerror: [m[Kâ€˜[01m[Ksensor_msgs[m[Kâ€™ was not declared in this scope
[2.715s]    36 |     rclcpp::Publisher<[01;31m[Ksensor_msgs[m[K::msg::point_cloud2>::SharedPtr publisher_;
[2.715s]       |                       [01;31m[K^~~~~~~~~~~[m[K
[2.715s] [01m[K/home/dserbin/Documents/M-LADIS-sim/PX4 Aux/ws_sensor_combined/src/px4_ros_com/src/computer_viz/pcd_pub.cpp:36:53:[m[K [01;31m[Kerror: [m[Ktemplate argument 1 is invalid
[2.715s]    36 |     rclcpp::Publisher<sensor_msgs::msg::point_cloud2[01;31m[K>[m[K::SharedPtr publisher_;
[2.715s]       |                                                     [01;31m[K^[m[K
[2.715s] [01m[K/home/dserbin/Documents/M-LADIS-sim/PX4 Aux/ws_sensor_combined/src/px4_ros_com/src/computer_viz/pcd_pub.cpp:36:56:[m[K [01;31m[Kerror: [m[Kexpected â€˜[01m[K;[m[Kâ€™ at end of member declaration
[2.715s]    36 |     rclcpp::Publisher<sensor_msgs::msg::point_cloud2>::[01;31m[KSharedPtr[m[K publisher_;
[2.715s]       |                                                        [01;31m[K^~~~~~~~~[m[K
[2.715s]       |                                                                 [32m[K;[m[K
[2.716s] [01m[K/home/dserbin/Documents/M-LADIS-sim/PX4 Aux/ws_sensor_combined/src/px4_ros_com/src/computer_viz/pcd_pub.cpp:36:66:[m[K [01;31m[Kerror: [m[Kâ€˜[01m[Kpublisher_[m[Kâ€™ does not name a type; did you mean â€˜[01m[Krmw_publisher_t[m[Kâ€™?
[2.716s]    36 |     rclcpp::Publisher<sensor_msgs::msg::point_cloud2>::SharedPtr [01;31m[Kpublisher_[m[K;
[2.716s]       |                                                                  [01;31m[K^~~~~~~~~~[m[K
[2.716s]       |                                                                  [32m[Krmw_publisher_t[m[K
[2.721s] [01m[K/home/dserbin/Documents/M-LADIS-sim/PX4 Aux/ws_sensor_combined/src/px4_ros_com/src/computer_viz/pcd_pub.cpp:[m[K In constructor â€˜[01m[KMinimalPublisher::MinimalPublisher()[m[Kâ€™:
[2.721s] [01m[K/home/dserbin/Documents/M-LADIS-sim/PX4 Aux/ws_sensor_combined/src/px4_ros_com/src/computer_viz/pcd_pub.cpp:21:7:[m[K [01;31m[Kerror: [m[Kâ€˜[01m[Kpublisher_[m[Kâ€™ was not declared in this scope; did you mean â€˜[01m[Krmw_publisher_t[m[Kâ€™?
[2.721s]    21 |       [01;31m[Kpublisher_[m[K = this->create_publisher<sensor_msgs::msg::point_cloud2>("scan", 10);
[2.721s]       |       [01;31m[K^~~~~~~~~~[m[K
[2.721s]       |       [32m[Krmw_publisher_t[m[K
[2.725s] [01m[K/home/dserbin/Documents/M-LADIS-sim/PX4 Aux/ws_sensor_combined/src/px4_ros_com/src/computer_viz/pcd_pub.cpp:21:43:[m[K [01;31m[Kerror: [m[Kâ€˜[01m[Ksensor_msgs[m[Kâ€™ was not declared in this scope
[2.725s]    21 |       publisher_ = this->create_publisher<[01;31m[Ksensor_msgs[m[K::msg::point_cloud2>("scan", 10);
[2.725s]       |                                           [01;31m[K^~~~~~~~~~~[m[K
[2.725s] [01m[K/home/dserbin/Documents/M-LADIS-sim/PX4 Aux/ws_sensor_combined/src/px4_ros_com/src/computer_viz/pcd_pub.cpp:21:26:[m[K [01;31m[Kerror: [m[Kparse error in template argument list
[2.725s]    21 |       publisher_ = this->[01;31m[Kcreate_publisher<sensor_msgs::msg::point_cloud2>[m[K("scan", 10);
[2.725s]       |                          [01;31m[K^~~~~~~~~~~~~~~~~~~~~~~~~~~~~~~~~~~~~~~~~~~~~~~~[m[K
[2.725s] [01m[K/home/dserbin/Documents/M-LADIS-sim/PX4 Aux/ws_sensor_combined/src/px4_ros_com/src/computer_viz/pcd_pub.cpp:21:74:[m[K [01;31m[Kerror: [m[Kno matching function for call to â€˜[01m[KMinimalPublisher::create_publisher<<expression error> >(const char [5], int)[m[Kâ€™
[2.725s]    21 |       publisher_ = [01;31m[Kthis->create_publisher<sensor_msgs::msg::point_cloud2>("scan", 10)[m[K;
[2.725s]       |                    [01;31m[K~~~~~~~~~~~~~~~~~~~~~~~~~~~~~~~~~~~~~~~~~~~~~~~~~~~~~~^~~~~~~~~~~~[m[K
[2.726s] In file included from [01m[K/opt/ros/humble/include/rclcpp/rclcpp/executors/single_threaded_executor.hpp:28[m[K,
[2.726s]                  from [01m[K/opt/ros/humble/include/rclcpp/rclcpp/executors.hpp:22[m[K,
[2.726s]                  from [01m[K/opt/ros/humble/include/rclcpp/rclcpp/rclcpp.hpp:155[m[K,
[2.726s]                  from [01m[K/home/dserbin/Documents/M-LADIS-sim/PX4 Aux/ws_sensor_combined/src/px4_ros_com/src/computer_viz/pcd_pub.cpp:6[m[K:
[2.726s] [01m[K/opt/ros/humble/include/rclcpp/rclcpp/node.hpp:195:3:[m[K [01;36m[Knote: [m[Kcandidate: â€˜[01m[Ktemplate<class MessageT, class AllocatorT, class PublisherT> std::shared_ptr<PublisherT> rclcpp::Node::create_publisher(const string&, const rclcpp::QoS&, const rclcpp::PublisherOptionsWithAllocator<AllocatorT>&)[m[Kâ€™
[2.726s]   195 |   [01;36m[Kcreate_publisher[m[K(
[2.726s]       |   [01;36m[K^~~~~~~~~~~~~~~~[m[K
[2.726s] [01m[K/opt/ros/humble/include/rclcpp/rclcpp/node.hpp:195:3:[m[K [01;36m[Knote: [m[K  template argument deduction/substitution failed:
[2.726s] [01m[K/home/dserbin/Documents/M-LADIS-sim/PX4 Aux/ws_sensor_combined/src/px4_ros_com/src/computer_viz/pcd_pub.cpp:21:74:[m[K [01;31m[Kerror: [m[Ktemplate argument 1 is invalid
[2.726s]    21 |       publisher_ = [01;31m[Kthis->create_publisher<sensor_msgs::msg::point_cloud2>("scan", 10)[m[K;
[2.726s]       |                    [01;31m[K~~~~~~~~~~~~~~~~~~~~~~~~~~~~~~~~~~~~~~~~~~~~~~~~~~~~~~^~~~~~~~~~~~[m[K
[2.734s] [01m[K/home/dserbin/Documents/M-LADIS-sim/PX4 Aux/ws_sensor_combined/src/px4_ros_com/src/computer_viz/pcd_pub.cpp:[m[K In member function â€˜[01m[Kvoid MinimalPublisher::timer_callback()[m[Kâ€™:
[2.734s] [01m[K/home/dserbin/Documents/M-LADIS-sim/PX4 Aux/ws_sensor_combined/src/px4_ros_com/src/computer_viz/pcd_pub.cpp:29:13:[m[K [01;31m[Kerror: [m[Kâ€˜[01m[Ksensor_msgs[m[Kâ€™ does not name a type
[2.734s]    29 |       const [01;31m[Ksensor_msgs[m[K::msg::point_cloud2 msg;
[2.734s]       |             [01;31m[K^~~~~~~~~~~[m[K
[2.738s] [01m[K/home/dserbin/Documents/M-LADIS-sim/PX4 Aux/ws_sensor_combined/src/px4_ros_com/src/computer_viz/pcd_pub.cpp:33:7:[m[K [01;31m[Kerror: [m[Kâ€˜[01m[Kpublisher_[m[Kâ€™ was not declared in this scope; did you mean â€˜[01m[Krmw_publisher_t[m[Kâ€™?
[2.739s]    33 |       [01;31m[Kpublisher_[m[K->publish(msg);
[2.739s]       |       [01;31m[K^~~~~~~~~~[m[K
[2.739s]       |       [32m[Krmw_publisher_t[m[K
[2.739s] [01m[K/home/dserbin/Documents/M-LADIS-sim/PX4 Aux/ws_sensor_combined/src/px4_ros_com/src/computer_viz/pcd_pub.cpp:33:27:[m[K [01;31m[Kerror: [m[Kâ€˜[01m[Kmsg[m[Kâ€™ was not declared in this scope
[2.739s]    33 |       publisher_->publish([01;31m[Kmsg[m[K);
[2.739s]       |                           [01;31m[K^~~[m[K
[2.739s] [01m[K/home/dserbin/Documents/M-LADIS-sim/PX4 Aux/ws_sensor_combined/src/px4_ros_com/src/computer_viz/pcd_pub.cpp:33:27:[m[K [01;36m[Knote: [m[Ksuggested alternatives:
[2.740s] In file included from [01m[K/opt/ros/humble/include/builtin_interfaces/builtin_interfaces/msg/duration.hpp:7[m[K,
[2.740s]                  from [01m[K/opt/ros/humble/include/rclcpp/rclcpp/duration.hpp:20[m[K,
[2.740s]                  from [01m[K/opt/ros/humble/include/rclcpp/rclcpp/qos.hpp:20[m[K,
[2.740s]                  from [01m[K/opt/ros/humble/include/rclcpp/rclcpp/node_interfaces/node_graph_interface.hpp:32[m[K,
[2.740s]                  from [01m[K/opt/ros/humble/include/rclcpp/rclcpp/client.hpp:42[m[K,
[2.740s]                  from [01m[K/opt/ros/humble/include/rclcpp/rclcpp/callback_group.hpp:24[m[K,
[2.740s]                  from [01m[K/opt/ros/humble/include/rclcpp/rclcpp/any_executable.hpp:20[m[K,
[2.740s]                  from [01m[K/opt/ros/humble/include/rclcpp/rclcpp/memory_strategy.hpp:25[m[K,
[2.740s]                  from [01m[K/opt/ros/humble/include/rclcpp/rclcpp/memory_strategies.hpp:18[m[K,
[2.740s]                  from [01m[K/opt/ros/humble/include/rclcpp/rclcpp/executor_options.hpp:20[m[K,
[2.740s]                  from [01m[K/opt/ros/humble/include/rclcpp/rclcpp/executor.hpp:37[m[K,
[2.740s]                  from [01m[K/opt/ros/humble/include/rclcpp/rclcpp/executors/multi_threaded_executor.hpp:25[m[K,
[2.740s]                  from [01m[K/opt/ros/humble/include/rclcpp/rclcpp/executors.hpp:21[m[K,
[2.740s]                  from [01m[K/opt/ros/humble/include/rclcpp/rclcpp/rclcpp.hpp:155[m[K,
[2.740s]                  from [01m[K/home/dserbin/Documents/M-LADIS-sim/PX4 Aux/ws_sensor_combined/src/px4_ros_com/src/computer_viz/pcd_pub.cpp:6[m[K:
[2.741s] [01m[K/opt/ros/humble/include/builtin_interfaces/builtin_interfaces/msg/detail/duration__struct.hpp:27:11:[m[K [01;36m[Knote: [m[K  â€˜[01m[Kbuiltin_interfaces::msg[m[Kâ€™
[2.741s]    27 | namespace [01;36m[Kmsg[m[K
[2.741s]       |           [01;36m[K^~~[m[K
[2.741s] In file included from [01m[K/opt/ros/humble/include/rcl_interfaces/rcl_interfaces/msg/set_parameters_result.hpp:7[m[K,
[2.741s]                  from [01m[K/opt/ros/humble/include/rclcpp/rclcpp/qos_overriding_options.hpp:28[m[K,
[2.741s]                  from [01m[K/opt/ros/humble/include/rclcpp/rclcpp/subscription_options.hpp:30[m[K,
[2.741s]                  from [01m[K/opt/ros/humble/include/rclcpp/rclcpp/subscription.hpp:45[m[K,
[2.741s]                  from [01m[K/opt/ros/humble/include/rclcpp/rclcpp/any_executable.hpp:25[m[K,
[2.741s]                  from [01m[K/opt/ros/humble/include/rclcpp/rclcpp/memory_strategy.hpp:25[m[K,
[2.741s]                  from [01m[K/opt/ros/humble/include/rclcpp/rclcpp/memory_strategies.hpp:18[m[K,
[2.741s]                  from [01m[K/opt/ros/humble/include/rclcpp/rclcpp/executor_options.hpp:20[m[K,
[2.741s]                  from [01m[K/opt/ros/humble/include/rclcpp/rclcpp/executor.hpp:37[m[K,
[2.741s]                  from [01m[K/opt/ros/humble/include/rclcpp/rclcpp/executors/multi_threaded_executor.hpp:25[m[K,
[2.741s]                  from [01m[K/opt/ros/humble/include/rclcpp/rclcpp/executors.hpp:21[m[K,
[2.741s]                  from [01m[K/opt/ros/humble/include/rclcpp/rclcpp/rclcpp.hpp:155[m[K,
[2.741s]                  from [01m[K/home/dserbin/Documents/M-LADIS-sim/PX4 Aux/ws_sensor_combined/src/px4_ros_com/src/computer_viz/pcd_pub.cpp:6[m[K:
[2.742s] [01m[K/opt/ros/humble/include/rcl_interfaces/rcl_interfaces/msg/detail/set_parameters_result__struct.hpp:27:11:[m[K [01;36m[Knote: [m[K  â€˜[01m[Krcl_interfaces::msg[m[Kâ€™
[2.742s]    27 | namespace [01;36m[Kmsg[m[K
[2.742s]       |           [01;36m[K^~~[m[K
[2.742s] In file included from [01m[K/opt/ros/humble/include/statistics_msgs/statistics_msgs/msg/detail/metrics_message__struct.hpp:23[m[K,
[2.742s]                  from [01m[K/opt/ros/humble/include/statistics_msgs/statistics_msgs/msg/metrics_message.hpp:7[m[K,
[2.742s]                  from [01m[K/opt/ros/humble/include/libstatistics_collector/libstatistics_collector/collector/generate_statistics_message.hpp:21[m[K,
[2.742s]                  from [01m[K/opt/ros/humble/include/rclcpp/rclcpp/topic_statistics/subscription_topic_statistics.hpp:23[m[K,
[2.742s]                  from [01m[K/opt/ros/humble/include/rclcpp/rclcpp/subscription.hpp:50[m[K,
[2.742s]                  from [01m[K/opt/ros/humble/include/rclcpp/rclcpp/any_executable.hpp:25[m[K,
[2.742s]                  from [01m[K/opt/ros/humble/include/rclcpp/rclcpp/memory_strategy.hpp:25[m[K,
[2.742s]                  from [01m[K/opt/ros/humble/include/rclcpp/rclcpp/memory_strategies.hpp:18[m[K,
[2.742s]                  from [01m[K/opt/ros/humble/include/rclcpp/rclcpp/executor_options.hpp:20[m[K,
[2.742s]                  from [01m[K/opt/ros/humble/include/rclcpp/rclcpp/executor.hpp:37[m[K,
[2.742s]                  from [01m[K/opt/ros/humble/include/rclcpp/rclcpp/executors/multi_threaded_executor.hpp:25[m[K,
[2.742s]                  from [01m[K/opt/ros/humble/include/rclcpp/rclcpp/executors.hpp:21[m[K,
[2.742s]                  from [01m[K/opt/ros/humble/include/rclcpp/rclcpp/rclcpp.hpp:155[m[K,
[2.742s]                  from [01m[K/home/dserbin/Documents/M-LADIS-sim/PX4 Aux/ws_sensor_combined/src/px4_ros_com/src/computer_viz/pcd_pub.cpp:6[m[K:
[2.743s] [01m[K/opt/ros/humble/include/statistics_msgs/statistics_msgs/msg/detail/statistic_data_point__struct.hpp:27:11:[m[K [01;36m[Knote: [m[K  â€˜[01m[Kstatistics_msgs::msg[m[Kâ€™
[2.743s]    27 | namespace [01;36m[Kmsg[m[K
[2.743s]       |           [01;36m[K^~~[m[K
[2.743s] In file included from [01m[K/opt/ros/humble/include/std_msgs/std_msgs/msg/string.hpp:7[m[K,
[2.743s]                  from [01m[K/home/dserbin/Documents/M-LADIS-sim/PX4 Aux/ws_sensor_combined/src/px4_ros_com/src/computer_viz/pcd_pub.cpp:7[m[K:
[2.743s] [01m[K/opt/ros/humble/include/std_msgs/std_msgs/msg/detail/string__struct.hpp:27:11:[m[K [01;36m[Knote: [m[K  â€˜[01m[Kstd_msgs::msg[m[Kâ€™
[2.743s]    27 | namespace [01;36m[Kmsg[m[K
[2.743s]       |           [01;36m[K^~~[m[K
[3.103s] gmake[2]: *** [CMakeFiles/pcd_pub.dir/build.make:76: CMakeFiles/pcd_pub.dir/src/computer_viz/pcd_pub.cpp.o] Error 1
[3.103s] gmake[1]: *** [CMakeFiles/Makefile2:305: CMakeFiles/pcd_pub.dir/all] Error 2
[3.104s] gmake: *** [Makefile:146: all] Error 2
[3.106s] Invoked command in '/home/dserbin/Documents/M-LADIS-sim/PX4 Aux/ws_sensor_combined/build/px4_ros_com' returned '2': AMENT_PREFIX_PATH=/home/dserbin/Documents/M-LADIS-sim/PX4 Aux/ws_sensor_combined/install/px4_msgs:${AMENT_PREFIX_PATH} CMAKE_PREFIX_PATH=/home/dserbin/Documents/M-LADIS-sim/PX4 Aux/ws_sensor_combined/install/px4_msgs:/opt/ros/humble LD_LIBRARY_PATH=/home/dserbin/Documents/M-LADIS-sim/PX4 Aux/ws_sensor_combined/install/px4_msgs/lib:${LD_LIBRARY_PATH} PYTHONPATH=/home/dserbin/Documents/M-LADIS-sim/PX4 Aux/ws_sensor_combined/install/px4_msgs/local/lib/python3.10/dist-packages:${PYTHONPATH} /usr/bin/cmake --build /home/dserbin/Documents/M-LADIS-sim/PX4 Aux/ws_sensor_combined/build/px4_ros_com -- -j16 -l16
