[0.009s] Invoking command in '/home/robmoemac/M-LADIS-sim/PX4 Aux/ws_sensor_combined/build/px4_ros_com': AMENT_PREFIX_PATH=/home/robmoemac/M-LADIS-sim/PX4 Aux/ws_sensor_combined/install/px4_msgs:${AMENT_PREFIX_PATH} CMAKE_PREFIX_PATH=/home/robmoemac/M-LADIS-sim/PX4 Aux/ws_sensor_combined/install/px4_msgs:/opt/ros/humble LD_LIBRARY_PATH=/home/robmoemac/M-LADIS-sim/PX4 Aux/ws_sensor_combined/install/px4_msgs/lib:${LD_LIBRARY_PATH} PYTHONPATH=/home/robmoemac/M-LADIS-sim/PX4 Aux/ws_sensor_combined/install/px4_msgs/local/lib/python3.10/dist-packages:${PYTHONPATH} /usr/bin/cmake --build /home/robmoemac/M-LADIS-sim/PX4 Aux/ws_sensor_combined/build/px4_ros_com -- -j8 -l8
[0.034s] -- Found ament_cmake: 1.3.8 (/opt/ros/humble/share/ament_cmake/cmake)
[0.147s] -- Found python_cmake_module: 0.10.0 (/opt/ros/humble/share/python_cmake_module/cmake)
[0.147s] -- Found builtin_interfaces: 1.2.1 (/opt/ros/humble/share/builtin_interfaces/cmake)
[0.176s] -- Found rosidl_generator_c: 3.1.5 (/opt/ros/humble/share/rosidl_generator_c/cmake)
[0.176s] -- Found rosidl_adapter: 3.1.5 (/opt/ros/humble/share/rosidl_adapter/cmake)
[0.182s] -- Found rosidl_generator_cpp: 3.1.5 (/opt/ros/humble/share/rosidl_generator_cpp/cmake)
[0.197s] -- Using all available rosidl_typesupport_c: rosidl_typesupport_fastrtps_c;rosidl_typesupport_introspection_c
[0.211s] -- Using all available rosidl_typesupport_cpp: rosidl_typesupport_fastrtps_cpp;rosidl_typesupport_introspection_cpp
[0.223s] -- Found eigen3_cmake_module: 0.1.1 (/opt/ros/humble/share/eigen3_cmake_module/cmake)
[0.224s] -- Found geometry_msgs: 4.2.3 (/opt/ros/humble/share/geometry_msgs/cmake)
[0.306s] -- Found px4_msgs: 2.0.1 (/home/robmoemac/M-LADIS-sim/PX4 Aux/ws_sensor_combined/install/px4_msgs/share/px4_msgs/cmake)
[0.335s] -- Found rclcpp: 16.0.8 (/opt/ros/humble/share/rclcpp/cmake)
[0.379s] -- Found rmw_implementation_cmake: 6.1.1 (/opt/ros/humble/share/rmw_implementation_cmake/cmake)
[0.380s] -- Found rmw_fastrtps_cpp: 6.2.6 (/opt/ros/humble/share/rmw_fastrtps_cpp/cmake)
[0.483s] -- Using RMW implementation 'rmw_fastrtps_cpp' as default
[0.588s] -- Found rclpy: 3.3.12 (/opt/ros/humble/share/rclpy/cmake)
[0.588s] -- Found sensor_msgs: 4.2.3 (/opt/ros/humble/share/sensor_msgs/cmake)
[0.662s] -- Found pcl_conversions: 2.4.0 (/opt/ros/humble/share/pcl_conversions/cmake)
[0.772s] -- Found pcl_ros: 2.4.0 (/opt/ros/humble/share/pcl_ros/cmake)
[0.867s] -- Ensuring Eigen3 include directory is part of orocos-kdl CMake target
[1.198s] -- Eigen found (include: /usr/include/eigen3, version: 3.4.0)
[1.225s] -- FLANN found (include: /usr/include, lib: /usr/lib/x86_64-linux-gnu/libflann_cpp.so)
[1.481s] -- OpenNI found (version: 1.5.4.0, include: /usr/include/ni, lib: /usr/lib/libOpenNI.so;libusb::libusb)
[1.487s] -- OpenNI2 found (version: 2.2.0.33, include: /usr/include/openni2, lib: /usr/lib/x86_64-linux-gnu/libOpenNI2.so;libusb::libusb)
[1.618s] -- Eigen found (include: /usr/include/eigen3, version: 3.4.0)
[1.626s] -- OpenNI found (version: 1.5.4.0, include: /usr/include/ni, lib: /usr/lib/libOpenNI.so;libusb::libusb)
[1.631s] -- OpenNI2 found (version: 2.2.0.33, include: /usr/include/openni2, lib: /usr/lib/x86_64-linux-gnu/libOpenNI2.so;libusb::libusb)
[1.765s] -- Found Qhull version 8.0.2
[1.890s] -- OpenNI found (version: 1.5.4.0, include: /usr/include/ni, lib: /usr/lib/libOpenNI.so;libusb::libusb)
[2.082s] -- Found ament_lint_auto: 0.12.10 (/opt/ros/humble/share/ament_lint_auto/cmake)
[2.147s] -- Added test 'copyright' to check source files copyright and LICENSE
[2.150s] -- Added test 'cppcheck' to perform static code analysis on C / C++ code
[2.151s] -- Configured cppcheck include dirs: /home/robmoemac/M-LADIS-sim/PX4 Aux/ws_sensor_combined/src/px4_ros_com/include
[2.151s] -- Configured cppcheck exclude dirs and/or files: 
[2.153s] -- Added test 'cpplint' to check C / C++ code against the Google style
[2.153s] -- Configured cpplint exclude dirs and/or files: 
[2.154s] -- Added test 'flake8' to check Python code syntax and style conventions
[2.154s] -- Added test 'lint_cmake' to check CMake code style
[2.155s] -- Added test 'pep257' to check Python code against some of the docstring style conventions in PEP 257
[2.157s] -- Added test 'uncrustify' to check C / C++ code style
[2.157s] -- Configured uncrustify additional arguments: 
[2.157s] -- Added test 'xmllint' to check XML markup files
[2.159s] -- Configuring done
[2.208s] -- Generating done
[2.212s] -- Build files have been written to: /home/robmoemac/M-LADIS-sim/PX4 Aux/ws_sensor_combined/build/px4_ros_com
[2.250s] [35m[1mConsolidate compiler generated dependencies of target offboard_control[0m
[2.251s] [35m[1mConsolidate compiler generated dependencies of target debug_vect_advertiser[0m
[2.251s] [35m[1mConsolidate compiler generated dependencies of target sensor_combined_listener[0m
[2.252s] [35m[1mConsolidate compiler generated dependencies of target vehicle_gps_position_listener[0m
[2.253s] [35m[1mConsolidate compiler generated dependencies of target test_flight_control[0m
[2.265s] [  8%] [32mBuilding CXX object CMakeFiles/PointCloudProcessor.dir/src/PointCloudProcessor.cpp.o[0m
[2.273s] [ 33%] Built target debug_vect_advertiser
[2.273s] [ 41%] [32m[1mLinking CXX executable offboard_control[0m
[2.273s] [ 66%] Built target vehicle_gps_position_listener
[2.273s] [ 66%] Built target sensor_combined_listener
[2.277s] [ 75%] [32m[1mLinking CXX executable test_flight_control[0m
[2.461s] /usr/bin/ld: CMakeFiles/test_flight_control.dir/src/examples/offboard/test_flight_control.cpp.o: in function `std::enable_if<rosidl_generator_traits::is_message<px4_msgs::msg::TrajectorySetpoint_<std::allocator<void> > >::value, rosidl_message_type_support_t const&>::type rclcpp::get_message_type_support_handle<px4_msgs::msg::TrajectorySetpoint_<std::allocator<void> > >()':
[2.461s] test_flight_control.cpp:(.text._ZN6rclcpp31get_message_type_support_handleIN8px4_msgs3msg19TrajectorySetpoint_ISaIvEEEEENSt9enable_ifIXsrN23rosidl_generator_traits10is_messageIT_EE5valueERK29rosidl_message_type_support_tE4typeEv[_ZN6rclcpp31get_message_type_support_handleIN8px4_msgs3msg19TrajectorySetpoint_ISaIvEEEEENSt9enable_ifIXsrN23rosidl_generator_traits10is_messageIT_EE5valueERK29rosidl_message_type_support_tE4typeEv]+0x10): undefined reference to `rosidl_message_type_support_t const* rosidl_typesupport_cpp::get_message_type_support_handle<px4_msgs::msg::TrajectorySetpoint_<std::allocator<void> > >()'
[2.473s] collect2: error: ld returned 1 exit status
[2.475s] gmake[2]: *** [CMakeFiles/test_flight_control.dir/build.make:159: test_flight_control] Error 1
[2.475s] gmake[1]: *** [CMakeFiles/Makefile2:251: CMakeFiles/test_flight_control.dir/all] Error 2
[2.475s] gmake[1]: *** Waiting for unfinished jobs....
[2.672s] /usr/bin/ld: CMakeFiles/offboard_control.dir/src/examples/offboard/offboard_control.cpp.o: in function `std::enable_if<rosidl_generator_traits::is_message<px4_msgs::msg::TrajectorySetpoint_<std::allocator<void> > >::value, rosidl_message_type_support_t const&>::type rclcpp::get_message_type_support_handle<px4_msgs::msg::TrajectorySetpoint_<std::allocator<void> > >()':
[2.672s] offboard_control.cpp:(.text._ZN6rclcpp31get_message_type_support_handleIN8px4_msgs3msg19TrajectorySetpoint_ISaIvEEEEENSt9enable_ifIXsrN23rosidl_generator_traits10is_messageIT_EE5valueERK29rosidl_message_type_support_tE4typeEv[_ZN6rclcpp31get_message_type_support_handleIN8px4_msgs3msg19TrajectorySetpoint_ISaIvEEEEENSt9enable_ifIXsrN23rosidl_generator_traits10is_messageIT_EE5valueERK29rosidl_message_type_support_tE4typeEv]+0x10): undefined reference to `rosidl_message_type_support_t const* rosidl_typesupport_cpp::get_message_type_support_handle<px4_msgs::msg::TrajectorySetpoint_<std::allocator<void> > >()'
[2.725s] collect2: error: ld returned 1 exit status
[2.727s] gmake[2]: *** [CMakeFiles/offboard_control.dir/build.make:159: offboard_control] Error 1
[2.727s] gmake[1]: *** [CMakeFiles/Makefile2:225: CMakeFiles/offboard_control.dir/all] Error 2
[13.822s] [ 83%] [32m[1mLinking CXX executable PointCloudProcessor[0m
[14.807s] [ 83%] Built target PointCloudProcessor
[14.808s] gmake: *** [Makefile:146: all] Error 2
[14.810s] Invoked command in '/home/robmoemac/M-LADIS-sim/PX4 Aux/ws_sensor_combined/build/px4_ros_com' returned '2': AMENT_PREFIX_PATH=/home/robmoemac/M-LADIS-sim/PX4 Aux/ws_sensor_combined/install/px4_msgs:${AMENT_PREFIX_PATH} CMAKE_PREFIX_PATH=/home/robmoemac/M-LADIS-sim/PX4 Aux/ws_sensor_combined/install/px4_msgs:/opt/ros/humble LD_LIBRARY_PATH=/home/robmoemac/M-LADIS-sim/PX4 Aux/ws_sensor_combined/install/px4_msgs/lib:${LD_LIBRARY_PATH} PYTHONPATH=/home/robmoemac/M-LADIS-sim/PX4 Aux/ws_sensor_combined/install/px4_msgs/local/lib/python3.10/dist-packages:${PYTHONPATH} /usr/bin/cmake --build /home/robmoemac/M-LADIS-sim/PX4 Aux/ws_sensor_combined/build/px4_ros_com -- -j8 -l8
