[01m[K/home/dserbin/Documents/M-LADIS-sim/PX4 Aux/ws_sensor_combined/src/px4_ros_com/src/examples/offboard/test_flight_control.cpp:[m[K In constructor â€˜[01m[KTrajectorySetpointPublisher::TrajectorySetpointPublisher()[m[Kâ€™:
[01m[K/home/dserbin/Documents/M-LADIS-sim/PX4 Aux/ws_sensor_combined/src/px4_ros_com/src/examples/offboard/test_flight_control.cpp:23:9:[m[K [01;31m[Kerror: [m[Kâ€˜[01m[Kwaypoint_publisher_[m[Kâ€™ was not declared in this scope; did you mean â€˜[01m[Kcount_publishers[m[Kâ€™?
   23 |         [01;31m[Kwaypoint_publisher_[m[K = this->create_publisher<autonomy_waypoint_control>"/fmu/in/autonomy_waypoint", 10, [this](const            px4_msgs::msg::TrajectorySetpoint::SharedPtr msg);
      |         [01;31m[K^~~~~~~~~~~~~~~~~~~[m[K
      |         [32m[Kcount_publishers[m[K
[01m[K/home/dserbin/Documents/M-LADIS-sim/PX4 Aux/ws_sensor_combined/src/px4_ros_com/src/examples/offboard/test_flight_control.cpp:23:54:[m[K [01;31m[Kerror: [m[Kâ€˜[01m[Kautonomy_waypoint_control[m[Kâ€™ was not declared in this scope; did you mean â€˜[01m[Kautonomy_waypoint_publisher_[m[Kâ€™?
   23 |         waypoint_publisher_ = this->create_publisher<[01;31m[Kautonomy_waypoint_control[m[K>"/fmu/in/autonomy_waypoint", 10, [this](const            px4_msgs::msg::TrajectorySetpoint::SharedPtr msg);
      |                                                      [01;31m[K^~~~~~~~~~~~~~~~~~~~~~~~~[m[K
      |                                                      [32m[Kautonomy_waypoint_publisher_[m[K
[01m[K/home/dserbin/Documents/M-LADIS-sim/PX4 Aux/ws_sensor_combined/src/px4_ros_com/src/examples/offboard/test_flight_control.cpp:[m[K In member function â€˜[01m[Kvoid TrajectorySetpointPublisher::publishTrajectorySetpoint()[m[Kâ€™:
[01m[K/home/dserbin/Documents/M-LADIS-sim/PX4 Aux/ws_sensor_combined/src/px4_ros_com/src/examples/offboard/test_flight_control.cpp:42:9:[m[K [01;31m[Kerror: [m[Kâ€˜[01m[Kwaypoint_publisher_[m[Kâ€™ was not declared in this scope; did you mean â€˜[01m[Kcount_publishers[m[Kâ€™?
   42 |         [01;31m[Kwaypoint_publisher_[m[K->publish(message);
      |         [01;31m[K^~~~~~~~~~~~~~~~~~~[m[K
      |         [32m[Kcount_publishers[m[K
gmake[2]: *** [CMakeFiles/test_flight_control.dir/build.make:76: CMakeFiles/test_flight_control.dir/src/examples/offboard/test_flight_control.cpp.o] Error 1
gmake[1]: *** [CMakeFiles/Makefile2:277: CMakeFiles/test_flight_control.dir/all] Error 2
gmake: *** [Makefile:146: all] Error 2
