[0.078s] Invoking command in '/home/dserbin/Documents/M-LADIS-sim/PX4 Aux/ws_sensor_combined/build/px4_ros_com': CMAKE_PREFIX_PATH=/home/dserbin/Documents/M-LADIS-sim/PX4 Aux/ws_sensor_combined/install/px4_msgs:/home/dserbin/Documents/M-LADIS-sim/PX4 Aux/ws_sensor_combined/install/px4_ros_com:/opt/ros/humble LD_LIBRARY_PATH=/home/dserbin/Documents/M-LADIS-sim/PX4 Aux/ws_sensor_combined/install/px4_msgs/lib:/home/dserbin/Documents/M-LADIS-sim/PX4 Aux/ws_sensor_combined/install/px4_ros_com/lib:/opt/ros/humble/opt/rviz_ogre_vendor/lib:/opt/ros/humble/lib/x86_64-linux-gnu:/opt/ros/humble/lib /usr/bin/cmake --build /home/dserbin/Documents/M-LADIS-sim/PX4 Aux/ws_sensor_combined/build/px4_ros_com -- -j16 -l16
[0.135s] [35m[1mConsolidate compiler generated dependencies of target test_flight_control[0m
[0.152s] [ 75%] Built target sensor_combined_listener
[0.153s] [ 75%] Built target vehicle_gps_position_listener
[0.153s] [ 75%] Built target offboard_control
[0.153s] [ 75%] Built target frame_transforms
[0.153s] [ 83%] Built target debug_vect_advertiser
[0.157s] [ 91%] [32mBuilding CXX object CMakeFiles/test_flight_control.dir/src/examples/offboard/test_flight_control.cpp.o[0m
[2.650s] [01m[K/home/dserbin/Documents/M-LADIS-sim/PX4 Aux/ws_sensor_combined/src/px4_ros_com/src/examples/offboard/test_flight_control.cpp:[m[K In constructor â€˜[01m[KTrajectorySetpointPublisher::TrajectorySetpointPublisher()[m[Kâ€™:
[2.650s] [01m[K/home/dserbin/Documents/M-LADIS-sim/PX4 Aux/ws_sensor_combined/src/px4_ros_com/src/examples/offboard/test_flight_control.cpp:23:9:[m[K [01;31m[Kerror: [m[Kâ€˜[01m[Kwaypoint_publisher_[m[Kâ€™ was not declared in this scope; did you mean â€˜[01m[Kcount_publishers[m[Kâ€™?
[2.650s]    23 |         [01;31m[Kwaypoint_publisher_[m[K = this->create_publisher<autonomy_waypoint_control>"/fmu/in/autonomy_waypoint", 10, [this](const            px4_msgs::msg::TrajectorySetpoint::SharedPtr msg);
[2.650s]       |         [01;31m[K^~~~~~~~~~~~~~~~~~~[m[K
[2.650s]       |         [32m[Kcount_publishers[m[K
[2.659s] [01m[K/home/dserbin/Documents/M-LADIS-sim/PX4 Aux/ws_sensor_combined/src/px4_ros_com/src/examples/offboard/test_flight_control.cpp:23:54:[m[K [01;31m[Kerror: [m[Kâ€˜[01m[Kautonomy_waypoint_control[m[Kâ€™ was not declared in this scope; did you mean â€˜[01m[Kautonomy_waypoint_publisher_[m[Kâ€™?
[2.659s]    23 |         waypoint_publisher_ = this->create_publisher<[01;31m[Kautonomy_waypoint_control[m[K>"/fmu/in/autonomy_waypoint", 10, [this](const            px4_msgs::msg::TrajectorySetpoint::SharedPtr msg);
[2.659s]       |                                                      [01;31m[K^~~~~~~~~~~~~~~~~~~~~~~~~[m[K
[2.660s]       |                                                      [32m[Kautonomy_waypoint_publisher_[m[K
[2.682s] [01m[K/home/dserbin/Documents/M-LADIS-sim/PX4 Aux/ws_sensor_combined/src/px4_ros_com/src/examples/offboard/test_flight_control.cpp:[m[K In member function â€˜[01m[Kvoid TrajectorySetpointPublisher::publishTrajectorySetpoint()[m[Kâ€™:
[2.682s] [01m[K/home/dserbin/Documents/M-LADIS-sim/PX4 Aux/ws_sensor_combined/src/px4_ros_com/src/examples/offboard/test_flight_control.cpp:42:9:[m[K [01;31m[Kerror: [m[Kâ€˜[01m[Kwaypoint_publisher_[m[Kâ€™ was not declared in this scope; did you mean â€˜[01m[Kcount_publishers[m[Kâ€™?
[2.682s]    42 |         [01;31m[Kwaypoint_publisher_[m[K->publish(message);
[2.683s]       |         [01;31m[K^~~~~~~~~~~~~~~~~~~[m[K
[2.683s]       |         [32m[Kcount_publishers[m[K
[3.179s] gmake[2]: *** [CMakeFiles/test_flight_control.dir/build.make:76: CMakeFiles/test_flight_control.dir/src/examples/offboard/test_flight_control.cpp.o] Error 1
[3.179s] gmake[1]: *** [CMakeFiles/Makefile2:277: CMakeFiles/test_flight_control.dir/all] Error 2
[3.180s] gmake: *** [Makefile:146: all] Error 2
[3.182s] Invoked command in '/home/dserbin/Documents/M-LADIS-sim/PX4 Aux/ws_sensor_combined/build/px4_ros_com' returned '2': CMAKE_PREFIX_PATH=/home/dserbin/Documents/M-LADIS-sim/PX4 Aux/ws_sensor_combined/install/px4_msgs:/home/dserbin/Documents/M-LADIS-sim/PX4 Aux/ws_sensor_combined/install/px4_ros_com:/opt/ros/humble LD_LIBRARY_PATH=/home/dserbin/Documents/M-LADIS-sim/PX4 Aux/ws_sensor_combined/install/px4_msgs/lib:/home/dserbin/Documents/M-LADIS-sim/PX4 Aux/ws_sensor_combined/install/px4_ros_com/lib:/opt/ros/humble/opt/rviz_ogre_vendor/lib:/opt/ros/humble/lib/x86_64-linux-gnu:/opt/ros/humble/lib /usr/bin/cmake --build /home/dserbin/Documents/M-LADIS-sim/PX4 Aux/ws_sensor_combined/build/px4_ros_com -- -j16 -l16
