[0.005s] Invoking command in '/home/robmoemac/M-LADIS-sim/PX4 Aux/ws_sensor_combined/build/px4_ros_com': AMENT_PREFIX_PATH=/home/robmoemac/M-LADIS-sim/PX4 Aux/ws_sensor_combined/install/px4_msgs:${AMENT_PREFIX_PATH} CMAKE_PREFIX_PATH=/home/robmoemac/M-LADIS-sim/PX4 Aux/ws_sensor_combined/install/px4_msgs:/opt/ros/humble LD_LIBRARY_PATH=/home/robmoemac/M-LADIS-sim/PX4 Aux/ws_sensor_combined/install/px4_msgs/lib:${LD_LIBRARY_PATH} PYTHONPATH=/home/robmoemac/M-LADIS-sim/PX4 Aux/ws_sensor_combined/install/px4_msgs/local/lib/python3.10/dist-packages:${PYTHONPATH} /usr/bin/cmake --build /home/robmoemac/M-LADIS-sim/PX4 Aux/ws_sensor_combined/build/px4_ros_com -- -j8 -l8
[0.049s] [35m[1mConsolidate compiler generated dependencies of target PointCloudProcessor[0m
[0.055s] [ 16%] Built target debug_vect_advertiser
[0.059s] [ 50%] Built target vehicle_gps_position_listener
[0.059s] [ 50%] Built target test_flight_control
[0.059s] [ 66%] Built target sensor_combined_listener
[0.061s] [ 83%] Built target offboard_control
[0.077s] [ 91%] [32mBuilding CXX object CMakeFiles/PointCloudProcessor.dir/src/computer_viz/PointCloudProcessor.cpp.o[0m
[4.668s] [01m[K/home/robmoemac/M-LADIS-sim/PX4 Aux/ws_sensor_combined/src/px4_ros_com/src/computer_viz/PointCloudProcessor.cpp:53:4:[m[K [01;31m[Kerror: [m[Kexpected â€˜[01m[K;[m[Kâ€™ after class definition
[4.668s]    53 |   }
[4.668s]       |    [01;31m[K^[m[K
[4.668s]       |    [32m[K;[m[K
[4.687s] [01m[K/home/robmoemac/M-LADIS-sim/PX4 Aux/ws_sensor_combined/src/px4_ros_com/src/computer_viz/PointCloudProcessor.cpp:[m[K In member function â€˜[01m[Kvoid PointCloudProcessor::pointCloudCallback(sensor_msgs::msg::PointCloud2_<std::allocator<void> >::SharedPtr)[m[Kâ€™:
[4.687s] [01m[K/home/robmoemac/M-LADIS-sim/PX4 Aux/ws_sensor_combined/src/px4_ros_com/src/computer_viz/PointCloudProcessor.cpp:42:32:[m[K [01;31m[Kerror: [m[Kâ€˜[01m[KEigen::DenseBase<Eigen::Matrix<float, -1, -1> >::iterator __for_begin [m[Kâ€™ has incomplete type
[4.687s]    42 |         for (const auto& row : [01;31m[Kxyz_matrix[m[K) {
[4.687s]       |                                [01;31m[K^~~~~~~~~~[m[K
[4.687s] [01m[K/home/robmoemac/M-LADIS-sim/PX4 Aux/ws_sensor_combined/src/px4_ros_com/src/computer_viz/PointCloudProcessor.cpp:42:32:[m[K [01;31m[Kerror: [m[Kâ€˜[01m[KEigen::DenseBase<Eigen::Matrix<float, -1, -1> >::iterator __for_end [m[Kâ€™ has incomplete type
[4.687s] [01m[K/home/robmoemac/M-LADIS-sim/PX4 Aux/ws_sensor_combined/src/px4_ros_com/src/computer_viz/PointCloudProcessor.cpp:[m[K At global scope:
[4.688s] [01m[K/home/robmoemac/M-LADIS-sim/PX4 Aux/ws_sensor_combined/src/px4_ros_com/src/computer_viz/PointCloudProcessor.cpp:54:1:[m[K [01;31m[Kerror: [m[Kexpected declaration before â€˜[01m[K}[m[Kâ€™ token
[4.688s]    54 | [01;31m[K}[m[K;
[4.688s]       | [01;31m[K^[m[K
[4.937s] In file included from [01m[K/usr/include/eigen3/Eigen/Core:164[m[K,
[4.937s]                  from [01m[K/usr/include/eigen3/Eigen/StdVector:14[m[K,
[4.937s]                  from [01m[K/usr/include/pcl-1.12/pcl/point_cloud.h:45[m[K,
[4.937s]                  from [01m[K/usr/include/pcl-1.12/pcl/common/transforms.h:42[m[K,
[4.938s]                  from [01m[K/opt/ros/humble/include/pcl_ros/transforms.hpp:40[m[K,
[4.938s]                  from [01m[K/home/robmoemac/M-LADIS-sim/PX4 Aux/ws_sensor_combined/src/px4_ros_com/src/computer_viz/PointCloudProcessor.cpp:7[m[K:
[4.938s] /usr/include/eigen3/Eigen/src/Core/StlIterators.h: In instantiation of â€˜[01m[KEigen::DenseBase<Derived>::iterator Eigen::DenseBase<Derived>::begin() [with Derived = Eigen::Matrix<float, -1, -1>; Eigen::DenseBase<Derived>::iterator = void][m[Kâ€™:
[4.938s] [01m[K/home/robmoemac/M-LADIS-sim/PX4 Aux/ws_sensor_combined/src/px4_ros_com/src/computer_viz/PointCloudProcessor.cpp:42:32:[m[K   required from here
[4.938s] [01m[K/usr/include/eigen3/Eigen/src/Core/StlIterators.h:410:3:[m[K [01;31m[Kerror: [m[Kstatic assertion failed: YOU_TRIED_CALLING_A_VECTOR_METHOD_ON_A_MATRIX
[4.938s]   410 |   [01;31m[KEIGEN_STATIC_ASSERT_VECTOR_ONLY[m[K(Derived);
[4.938s]       |   [01;31m[K^~~~~~~~~~~~~~~~~~~~~~~~~~~~~~~[m[K
[4.938s] [01m[K/usr/include/eigen3/Eigen/src/Core/StlIterators.h:410:3:[m[K [01;36m[Knote: [m[Kâ€˜[01m[KEigen::Matrix<float, -1, -1>::IsVectorAtCompileTime[m[Kâ€™ evaluates to false
[4.938s] In file included from [01m[K/usr/include/eigen3/Eigen/Core:363[m[K,
[4.938s]                  from [01m[K/usr/include/eigen3/Eigen/StdVector:14[m[K,
[4.938s]                  from [01m[K/usr/include/pcl-1.12/pcl/point_cloud.h:45[m[K,
[4.938s]                  from [01m[K/usr/include/pcl-1.12/pcl/common/transforms.h:42[m[K,
[4.938s]                  from [01m[K/opt/ros/humble/include/pcl_ros/transforms.hpp:40[m[K,
[4.938s]                  from [01m[K/home/robmoemac/M-LADIS-sim/PX4 Aux/ws_sensor_combined/src/px4_ros_com/src/computer_viz/PointCloudProcessor.cpp:7[m[K:
[4.938s] [01m[K/usr/include/eigen3/Eigen/src/Core/StlIterators.h:411:10:[m[K [01;31m[Kerror: [m[Kexpression list treated as compound expression in functional cast [[01;31m[K]8;;https://gcc.gnu.org/onlinedocs/gcc/Warning-Options.html#index-fpermissive-fpermissive]8;;[m[K]
[4.938s]   411 |   return [01;31m[Kiterator(derived(), 0)[m[K;
[4.938s]       |          [01;31m[K^~~~~~~~~~~~~~~~~~~~~~[m[K
[4.939s] In file included from [01m[K/usr/include/eigen3/Eigen/Core:164[m[K,
[4.939s]                  from [01m[K/usr/include/eigen3/Eigen/StdVector:14[m[K,
[4.939s]                  from [01m[K/usr/include/pcl-1.12/pcl/point_cloud.h:45[m[K,
[4.939s]                  from [01m[K/usr/include/pcl-1.12/pcl/common/transforms.h:42[m[K,
[4.939s]                  from [01m[K/opt/ros/humble/include/pcl_ros/transforms.hpp:40[m[K,
[4.939s]                  from [01m[K/home/robmoemac/M-LADIS-sim/PX4 Aux/ws_sensor_combined/src/px4_ros_com/src/computer_viz/PointCloudProcessor.cpp:7[m[K:
[4.939s] /usr/include/eigen3/Eigen/src/Core/StlIterators.h: In instantiation of â€˜[01m[KEigen::DenseBase<Derived>::iterator Eigen::DenseBase<Derived>::end() [with Derived = Eigen::Matrix<float, -1, -1>; Eigen::DenseBase<Derived>::iterator = void][m[Kâ€™:
[4.939s] [01m[K/home/robmoemac/M-LADIS-sim/PX4 Aux/ws_sensor_combined/src/px4_ros_com/src/computer_viz/PointCloudProcessor.cpp:42:32:[m[K   required from here
[4.939s] [01m[K/usr/include/eigen3/Eigen/src/Core/StlIterators.h:439:3:[m[K [01;31m[Kerror: [m[Kstatic assertion failed: YOU_TRIED_CALLING_A_VECTOR_METHOD_ON_A_MATRIX
[4.939s]   439 |   [01;31m[KEIGEN_STATIC_ASSERT_VECTOR_ONLY[m[K(Derived);
[4.939s]       |   [01;31m[K^~~~~~~~~~~~~~~~~~~~~~~~~~~~~~~[m[K
[4.939s] [01m[K/usr/include/eigen3/Eigen/src/Core/StlIterators.h:439:3:[m[K [01;36m[Knote: [m[Kâ€˜[01m[KEigen::Matrix<float, -1, -1>::IsVectorAtCompileTime[m[Kâ€™ evaluates to false
[4.939s] In file included from [01m[K/usr/include/eigen3/Eigen/Core:363[m[K,
[4.939s]                  from [01m[K/usr/include/eigen3/Eigen/StdVector:14[m[K,
[4.939s]                  from [01m[K/usr/include/pcl-1.12/pcl/point_cloud.h:45[m[K,
[4.939s]                  from [01m[K/usr/include/pcl-1.12/pcl/common/transforms.h:42[m[K,
[4.939s]                  from [01m[K/opt/ros/humble/include/pcl_ros/transforms.hpp:40[m[K,
[4.939s]                  from [01m[K/home/robmoemac/M-LADIS-sim/PX4 Aux/ws_sensor_combined/src/px4_ros_com/src/computer_viz/PointCloudProcessor.cpp:7[m[K:
[4.939s] [01m[K/usr/include/eigen3/Eigen/src/Core/StlIterators.h:440:10:[m[K [01;31m[Kerror: [m[Kexpression list treated as compound expression in functional cast [[01;31m[K]8;;https://gcc.gnu.org/onlinedocs/gcc/Warning-Options.html#index-fpermissive-fpermissive]8;;[m[K]
[4.939s]   440 |   return [01;31m[Kiterator(derived(), size())[m[K;
[4.939s]       |          [01;31m[K^~~~~~~~~~~~~~~~~~~~~~~~~~~[m[K
[7.237s] gmake[2]: *** [CMakeFiles/PointCloudProcessor.dir/build.make:76: CMakeFiles/PointCloudProcessor.dir/src/computer_viz/PointCloudProcessor.cpp.o] Error 1
[7.238s] gmake[1]: *** [CMakeFiles/Makefile2:277: CMakeFiles/PointCloudProcessor.dir/all] Error 2
[7.238s] gmake: *** [Makefile:146: all] Error 2
[7.240s] Invoked command in '/home/robmoemac/M-LADIS-sim/PX4 Aux/ws_sensor_combined/build/px4_ros_com' returned '2': AMENT_PREFIX_PATH=/home/robmoemac/M-LADIS-sim/PX4 Aux/ws_sensor_combined/install/px4_msgs:${AMENT_PREFIX_PATH} CMAKE_PREFIX_PATH=/home/robmoemac/M-LADIS-sim/PX4 Aux/ws_sensor_combined/install/px4_msgs:/opt/ros/humble LD_LIBRARY_PATH=/home/robmoemac/M-LADIS-sim/PX4 Aux/ws_sensor_combined/install/px4_msgs/lib:${LD_LIBRARY_PATH} PYTHONPATH=/home/robmoemac/M-LADIS-sim/PX4 Aux/ws_sensor_combined/install/px4_msgs/local/lib/python3.10/dist-packages:${PYTHONPATH} /usr/bin/cmake --build /home/robmoemac/M-LADIS-sim/PX4 Aux/ws_sensor_combined/build/px4_ros_com -- -j8 -l8
