[0.008s] Invoking command in '/home/dserbin/Documents/M-LADIS-sim/PX4 Aux/ws_sensor_combined/build/ros_gz_bridge': AMENT_PREFIX_PATH=/home/dserbin/Documents/M-LADIS-sim/PX4 Aux/ws_sensor_combined/install/ros_gz_interfaces:${AMENT_PREFIX_PATH} CMAKE_PREFIX_PATH=/home/dserbin/Documents/M-LADIS-sim/PX4 Aux/ws_sensor_combined/install/ros_gz_interfaces:/home/dserbin/Documents/M-LADIS-sim/PX4 Aux/ws_sensor_combined/install/velodyne:/home/dserbin/Documents/M-LADIS-sim/PX4 Aux/ws_sensor_combined/install/velodyne_pointcloud:/home/dserbin/Documents/M-LADIS-sim/PX4 Aux/ws_sensor_combined/install/velodyne_driver:/home/dserbin/Documents/M-LADIS-sim/PX4 Aux/ws_sensor_combined/install/velodyne_msgs:/home/dserbin/Documents/M-LADIS-sim/PX4 Aux/ws_sensor_combined/install/velodyne_laserscan:/home/dserbin/Documents/M-LADIS-sim/PX4 Aux/ws_sensor_combined/install/ros:/home/dserbin/Documents/M-LADIS-sim/PX4 Aux/ws_sensor_combined/install/px4_ros_com:/home/dserbin/Documents/M-LADIS-sim/PX4 Aux/ws_sensor_combined/install/px4_msgs:/opt/ros/humble LD_LIBRARY_PATH=/home/dserbin/Documents/M-LADIS-sim/PX4 Aux/ws_sensor_combined/install/ros_gz_interfaces/lib:${LD_LIBRARY_PATH} PYTHONPATH=/home/dserbin/Documents/M-LADIS-sim/PX4 Aux/ws_sensor_combined/install/ros_gz_interfaces/local/lib/python3.10/dist-packages:${PYTHONPATH} /usr/bin/cmake /home/dserbin/Documents/M-LADIS-sim/PX4 Aux/ws_sensor_combined/src/ros_gz/ros_gz_bridge -DCMAKE_INSTALL_PREFIX=/home/dserbin/Documents/M-LADIS-sim/PX4 Aux/ws_sensor_combined/install/ros_gz_bridge
[0.062s] -- The C compiler identification is GNU 11.4.0
[0.115s] -- The CXX compiler identification is GNU 11.4.0
[0.123s] -- Detecting C compiler ABI info
[0.191s] -- Detecting C compiler ABI info - done
[0.197s] -- Check for working C compiler: /usr/bin/cc - skipped
[0.197s] -- Detecting C compile features
[0.198s] -- Detecting C compile features - done
[0.200s] -- Detecting CXX compiler ABI info
[0.277s] -- Detecting CXX compiler ABI info - done
[0.283s] -- Check for working CXX compiler: /usr/bin/c++ - skipped
[0.283s] -- Detecting CXX compile features
[0.283s] -- Detecting CXX compile features - done
[0.286s] -- Found ament_cmake: 1.3.8 (/opt/ros/humble/share/ament_cmake/cmake)
[0.612s] -- Found Python3: /usr/bin/python3 (found version "3.10.12") found components: Interpreter 
[0.707s] -- Found rclcpp: 16.0.8 (/opt/ros/humble/share/rclcpp/cmake)
[0.760s] -- Found rosidl_generator_c: 3.1.5 (/opt/ros/humble/share/rosidl_generator_c/cmake)
[0.766s] -- Found rosidl_adapter: 3.1.5 (/opt/ros/humble/share/rosidl_adapter/cmake)
[0.776s] -- Found rosidl_generator_cpp: 3.1.5 (/opt/ros/humble/share/rosidl_generator_cpp/cmake)
[0.791s] -- Using all available rosidl_typesupport_c: rosidl_typesupport_fastrtps_c;rosidl_typesupport_introspection_c
[0.810s] -- Using all available rosidl_typesupport_cpp: rosidl_typesupport_fastrtps_cpp;rosidl_typesupport_introspection_cpp
[0.879s] -- Found rmw_implementation_cmake: 6.1.1 (/opt/ros/humble/share/rmw_implementation_cmake/cmake)
[0.883s] -- Found rmw_fastrtps_cpp: 6.2.6 (/opt/ros/humble/share/rmw_fastrtps_cpp/cmake)
[0.994s] -- Found OpenSSL: /usr/lib/x86_64-linux-gnu/libcrypto.so (found version "3.0.2")  
[1.024s] -- Found FastRTPS: /opt/ros/humble/include  
[1.078s] -- Using RMW implementation 'rmw_fastrtps_cpp' as default
[1.091s] -- Looking for pthread.h
[1.172s] -- Looking for pthread.h - found
[1.172s] -- Performing Test CMAKE_HAVE_LIBC_PTHREAD
[1.246s] -- Performing Test CMAKE_HAVE_LIBC_PTHREAD - Success
[1.247s] -- Found Threads: TRUE  
[1.381s] -- Found rclcpp_components: 16.0.8 (/opt/ros/humble/share/rclcpp_components/cmake)
[1.451s] -- Found yaml_cpp_vendor: 8.0.2 (/opt/ros/humble/share/yaml_cpp_vendor/cmake)
[1.459s] -- Looking for ignition-transport11 -- found version 11.4.1
[1.466s] -- Searching for dependencies of ignition-transport11
[1.496s] -- Found Protobuf: /usr/lib/x86_64-linux-gnu/libprotobuf.so (found version "3.12.4") 
[1.510s] -- Config-file not installed for ZeroMQ -- checking for pkg-config
[1.516s] -- Checking for module 'libzmq >= 4'
[1.530s] --   Found libzmq , version 4.3.4
[1.575s] -- Found ZeroMQ: TRUE (Required is at least version "4") 
[1.580s] -- Checking for module 'uuid'
[1.595s] --   Found uuid, version 2.37.2
[1.633s] -- Found UUID: TRUE  
[1.636s] -- Looking for ignition-utils1 -- found version 1.5.1
[1.636s] -- Searching for dependencies of ignition-utils1
[1.636s] -- Searching for <ignition-utils1> component [cli]
[1.640s] -- Looking for ignition-utils1-cli -- found version 1.5.1
[1.640s] -- Searching for dependencies of ignition-utils1-cli
[1.643s] -- Looking for ignition-msgs8 -- found version 8.7.0
[1.644s] -- Searching for dependencies of ignition-msgs8
[1.666s] -- Found Protobuf: /usr/lib/x86_64-linux-gnu/libprotobuf.so (found suitable version "3.12.4", minimum required is "3") 
[1.670s] -- Looking for ignition-math6 -- found version 6.15.1
[1.670s] -- Searching for dependencies of ignition-math6
[1.676s] -- Checking for module 'tinyxml2'
[1.691s] --   Found tinyxml2, version 9.0.0
[1.732s] -- Looking for ignition-msgs8 -- found version 8.7.0
[1.732s] -- Compiling against Ignition Fortress
[1.732s] -- Found builtin_interfaces: 1.2.1 (/opt/ros/humble/share/builtin_interfaces/cmake)
[1.774s] -- Found actuator_msgs: 0.0.1 (/opt/ros/humble/share/actuator_msgs/cmake)
[1.811s] -- Found geometry_msgs: 4.2.3 (/opt/ros/humble/share/geometry_msgs/cmake)
[1.886s] -- Found nav_msgs: 4.2.3 (/opt/ros/humble/share/nav_msgs/cmake)
[1.886s] -- Found rcl_interfaces: 1.2.1 (/opt/ros/humble/share/rcl_interfaces/cmake)
[1.973s] -- Found ros_gz_interfaces: 0.244.13 (/home/dserbin/Documents/M-LADIS-sim/PX4 Aux/ws_sensor_combined/install/ros_gz_interfaces/share/ros_gz_interfaces/cmake)
[1.973s] -- Found rosgraph_msgs: 1.2.1 (/opt/ros/humble/share/rosgraph_msgs/cmake)
[2.049s] -- Found sensor_msgs: 4.2.3 (/opt/ros/humble/share/sensor_msgs/cmake)
[2.049s] -- Found std_msgs: 4.2.3 (/opt/ros/humble/share/std_msgs/cmake)
[2.188s] -- Found tf2_msgs: 0.25.6 (/opt/ros/humble/share/tf2_msgs/cmake)
[2.264s] -- Found trajectory_msgs: 4.2.3 (/opt/ros/humble/share/trajectory_msgs/cmake)
[2.328s] -- Found vision_msgs: 4.1.1 (/opt/ros/humble/share/vision_msgs/cmake)
[2.422s] -- Found ament_lint_auto: 0.12.10 (/opt/ros/humble/share/ament_lint_auto/cmake)
[2.541s] -- Found python_cmake_module: 0.10.0 (/opt/ros/humble/share/python_cmake_module/cmake)
[2.564s] -- Found PythonInterp: /usr/bin/python3 (found suitable version "3.10.12", minimum required is "3.6") 
[2.570s] -- Found PythonLibs: /usr/lib/x86_64-linux-gnu/libpython3.10.so (found suitable version "3.10.12", minimum required is "3.5") 
[2.571s] -- Using PYTHON_EXECUTABLE: /usr/bin/python3
[2.571s] -- Using PYTHON_INCLUDE_DIRS: /usr/include/python3.10
[2.571s] -- Using PYTHON_LIBRARIES: /usr/lib/x86_64-linux-gnu/libpython3.10.so
[2.594s] -- Found PythonExtra: .so  
[2.631s] -- Found gtest sources under '/opt/ros/humble/src/gtest_vendor': C++ tests using 'Google Test' will be built
[2.655s] -- Added test 'copyright' to check source files copyright and LICENSE
[2.665s] -- Added test 'cppcheck' to perform static code analysis on C / C++ code
[2.666s] -- Configured cppcheck include dirs: $<BUILD_INTERFACE:/home/dserbin/Documents/M-LADIS-sim/PX4 Aux/ws_sensor_combined/src/ros_gz/ros_gz_bridge/include>;$<BUILD_INTERFACE:/home/dserbin/Documents/M-LADIS-sim/PX4 Aux/ws_sensor_combined/src/ros_gz/ros_gz_bridge/src>;/home/dserbin/Documents/M-LADIS-sim/PX4 Aux/ws_sensor_combined/src/ros_gz/ros_gz_bridge/include;/home/dserbin/Documents/M-LADIS-sim/PX4 Aux/ws_sensor_combined/src/ros_gz/ros_gz_bridge/test;/home/dserbin/Documents/M-LADIS-sim/PX4 Aux/ws_sensor_combined/src/ros_gz/ros_gz_bridge/test/subscribers;/home/dserbin/Documents/M-LADIS-sim/PX4 Aux/ws_sensor_combined/src/ros_gz/ros_gz_bridge/src
[2.666s] -- Configured cppcheck exclude dirs and/or files: 
[2.673s] -- Added test 'cpplint' to check C / C++ code against the Google style
[2.673s] -- Configured cpplint exclude dirs and/or files: 
[2.675s] -- Added test 'flake8' to check Python code syntax and style conventions
[2.676s] -- Added test 'lint_cmake' to check CMake code style
[2.678s] -- Added test 'pep257' to check Python code against some of the docstring style conventions in PEP 257
[2.684s] -- Added test 'uncrustify' to check C / C++ code style
[2.685s] -- Configured uncrustify additional arguments: 
[2.686s] -- Added test 'xmllint' to check XML markup files
[2.690s] -- Configuring done
[2.784s] -- Generating done
[2.788s] -- Build files have been written to: /home/dserbin/Documents/M-LADIS-sim/PX4 Aux/ws_sensor_combined/build/ros_gz_bridge
[2.806s] Invoked command in '/home/dserbin/Documents/M-LADIS-sim/PX4 Aux/ws_sensor_combined/build/ros_gz_bridge' returned '0': AMENT_PREFIX_PATH=/home/dserbin/Documents/M-LADIS-sim/PX4 Aux/ws_sensor_combined/install/ros_gz_interfaces:${AMENT_PREFIX_PATH} CMAKE_PREFIX_PATH=/home/dserbin/Documents/M-LADIS-sim/PX4 Aux/ws_sensor_combined/install/ros_gz_interfaces:/home/dserbin/Documents/M-LADIS-sim/PX4 Aux/ws_sensor_combined/install/velodyne:/home/dserbin/Documents/M-LADIS-sim/PX4 Aux/ws_sensor_combined/install/velodyne_pointcloud:/home/dserbin/Documents/M-LADIS-sim/PX4 Aux/ws_sensor_combined/install/velodyne_driver:/home/dserbin/Documents/M-LADIS-sim/PX4 Aux/ws_sensor_combined/install/velodyne_msgs:/home/dserbin/Documents/M-LADIS-sim/PX4 Aux/ws_sensor_combined/install/velodyne_laserscan:/home/dserbin/Documents/M-LADIS-sim/PX4 Aux/ws_sensor_combined/install/ros:/home/dserbin/Documents/M-LADIS-sim/PX4 Aux/ws_sensor_combined/install/px4_ros_com:/home/dserbin/Documents/M-LADIS-sim/PX4 Aux/ws_sensor_combined/install/px4_msgs:/opt/ros/humble LD_LIBRARY_PATH=/home/dserbin/Documents/M-LADIS-sim/PX4 Aux/ws_sensor_combined/install/ros_gz_interfaces/lib:${LD_LIBRARY_PATH} PYTHONPATH=/home/dserbin/Documents/M-LADIS-sim/PX4 Aux/ws_sensor_combined/install/ros_gz_interfaces/local/lib/python3.10/dist-packages:${PYTHONPATH} /usr/bin/cmake /home/dserbin/Documents/M-LADIS-sim/PX4 Aux/ws_sensor_combined/src/ros_gz/ros_gz_bridge -DCMAKE_INSTALL_PREFIX=/home/dserbin/Documents/M-LADIS-sim/PX4 Aux/ws_sensor_combined/install/ros_gz_bridge
[2.807s] Invoking command in '/home/dserbin/Documents/M-LADIS-sim/PX4 Aux/ws_sensor_combined/build/ros_gz_bridge': AMENT_PREFIX_PATH=/home/dserbin/Documents/M-LADIS-sim/PX4 Aux/ws_sensor_combined/install/ros_gz_interfaces:${AMENT_PREFIX_PATH} CMAKE_PREFIX_PATH=/home/dserbin/Documents/M-LADIS-sim/PX4 Aux/ws_sensor_combined/install/ros_gz_interfaces:/home/dserbin/Documents/M-LADIS-sim/PX4 Aux/ws_sensor_combined/install/velodyne:/home/dserbin/Documents/M-LADIS-sim/PX4 Aux/ws_sensor_combined/install/velodyne_pointcloud:/home/dserbin/Documents/M-LADIS-sim/PX4 Aux/ws_sensor_combined/install/velodyne_driver:/home/dserbin/Documents/M-LADIS-sim/PX4 Aux/ws_sensor_combined/install/velodyne_msgs:/home/dserbin/Documents/M-LADIS-sim/PX4 Aux/ws_sensor_combined/install/velodyne_laserscan:/home/dserbin/Documents/M-LADIS-sim/PX4 Aux/ws_sensor_combined/install/ros:/home/dserbin/Documents/M-LADIS-sim/PX4 Aux/ws_sensor_combined/install/px4_ros_com:/home/dserbin/Documents/M-LADIS-sim/PX4 Aux/ws_sensor_combined/install/px4_msgs:/opt/ros/humble LD_LIBRARY_PATH=/home/dserbin/Documents/M-LADIS-sim/PX4 Aux/ws_sensor_combined/install/ros_gz_interfaces/lib:${LD_LIBRARY_PATH} PYTHONPATH=/home/dserbin/Documents/M-LADIS-sim/PX4 Aux/ws_sensor_combined/install/ros_gz_interfaces/local/lib/python3.10/dist-packages:${PYTHONPATH} /usr/bin/cmake --build /home/dserbin/Documents/M-LADIS-sim/PX4 Aux/ws_sensor_combined/build/ros_gz_bridge -- -j16 -l16
[2.860s] [  1%] [34m[1mGenerating factories for interface types[0m
[2.873s] [  3%] [32mBuilding CXX object gtest/CMakeFiles/gtest.dir/src/gtest-all.cc.o[0m
[2.873s] [  3%] [32mBuilding CXX object gtest/CMakeFiles/gtest_main.dir/src/gtest_main.cc.o[0m
[2.873s] [  4%] [32mBuilding CXX object CMakeFiles/bridge_node.dir/rclcpp_components/node_main_bridge_node.cpp.o[0m
[3.062s] [  7%] [32mBuilding CXX object CMakeFiles/ros_gz_bridge.dir/src/factory_interface.cpp.o[0m
[3.062s] [  9%] [32mBuilding CXX object CMakeFiles/ros_gz_bridge.dir/src/bridge_handle_gz_to_ros.cpp.o[0m
[3.063s] [  7%] [32mBuilding CXX object CMakeFiles/ros_gz_bridge.dir/src/bridge_handle_ros_to_gz.cpp.o[0m
[3.063s] [  9%] [32mBuilding CXX object CMakeFiles/ros_gz_bridge.dir/src/bridge_config.cpp.o[0m
[3.063s] [ 10%] [32mBuilding CXX object CMakeFiles/ros_gz_bridge.dir/src/ros_gz_bridge.cpp.o[0m
[3.063s] [ 11%] [32mBuilding CXX object CMakeFiles/ros_gz_bridge.dir/src/service_factory_interface.cpp.o[0m
[3.064s] [ 12%] [32mBuilding CXX object CMakeFiles/ros_gz_bridge.dir/src/service_factories/ros_gz_interfaces.cpp.o[0m
[3.065s] [ 13%] [32mBuilding CXX object CMakeFiles/ros_gz_bridge.dir/src/bridge_handle.cpp.o[0m
[3.065s] [ 15%] [32mBuilding CXX object CMakeFiles/ros_gz_bridge.dir/src/convert/utils.cpp.o[0m
[3.065s] [ 15%] [32mBuilding CXX object CMakeFiles/ros_gz_bridge.dir/src/convert/builtin_interfaces.cpp.o[0m
[3.077s] [ 18%] [32mBuilding CXX object CMakeFiles/ros_gz_bridge.dir/src/convert/geometry_msgs.cpp.o[0m
[3.077s] [ 18%] [32mBuilding CXX object CMakeFiles/ros_gz_bridge.dir/src/convert/nav_msgs.cpp.o[0m
[3.081s] [ 19%] [32mBuilding CXX object CMakeFiles/ros_gz_bridge.dir/src/convert/actuator_msgs.cpp.o[0m
[3.581s] [ 20%] [32mBuilding CXX object CMakeFiles/ros_gz_bridge.dir/src/convert/rcl_interfaces.cpp.o[0m
[4.428s] [ 21%] [32m[1mLinking CXX static library libgtest_main.a[0m
[4.663s] [ 21%] Built target gtest_main
[4.740s] [ 22%] [32mBuilding CXX object CMakeFiles/ros_gz_bridge.dir/src/convert/ros_gz_interfaces.cpp.o[0m
[4.996s] [ 23%] [32mBuilding CXX object CMakeFiles/ros_gz_bridge.dir/src/convert/rosgraph_msgs.cpp.o[0m
[5.257s] [ 25%] [32mBuilding CXX object CMakeFiles/ros_gz_bridge.dir/src/convert/sensor_msgs.cpp.o[0m
[5.826s] [ 26%] [32mBuilding CXX object CMakeFiles/ros_gz_bridge.dir/src/convert/std_msgs.cpp.o[0m
[5.878s] [ 27%] [32mBuilding CXX object CMakeFiles/ros_gz_bridge.dir/src/convert/tf2_msgs.cpp.o[0m
[6.013s] [ 28%] [32mBuilding CXX object CMakeFiles/ros_gz_bridge.dir/src/convert/trajectory_msgs.cpp.o[0m
[9.203s] [ 29%] [32mBuilding CXX object CMakeFiles/ros_gz_bridge.dir/src/convert/vision_msgs.cpp.o[0m
[9.251s] [ 30%] [32mBuilding CXX object CMakeFiles/ros_gz_bridge.dir/generated/get_factory.cpp.o[0m
[9.707s] [ 31%] [32mBuilding CXX object CMakeFiles/ros_gz_bridge.dir/generated/get_mappings.cpp.o[0m
[9.739s] [ 32%] [32m[1mLinking CXX static library libgtest.a[0m
[9.921s] [ 34%] [32m[1mLinking CXX executable bridge_node[0m
[10.086s] [ 34%] Built target gtest
[10.128s] [ 35%] [32mBuilding CXX object CMakeFiles/ros_gz_bridge.dir/generated/factories/builtin_interfaces.cpp.o[0m
[10.645s] [ 35%] Built target bridge_node
[10.849s] [ 36%] [32mBuilding CXX object CMakeFiles/test_rcl_interfaces.dir/src/convert/rcl_interfaces.cpp.o[0m
[11.101s] [ 37%] [32mBuilding CXX object CMakeFiles/test_rcl_interfaces.dir/src/convert/rcl_interfaces_TEST.cpp.o[0m
[11.103s] [ 38%] [32mBuilding CXX object CMakeFiles/ros_gz_bridge.dir/generated/factories/actuator_msgs.cpp.o[0m
[12.028s] [ 39%] [32mBuilding CXX object CMakeFiles/test_utils.dir/test/utils/gz_test_msg.cpp.o[0m
[12.933s] [ 40%] [32mBuilding CXX object CMakeFiles/ros_gz_bridge.dir/generated/factories/geometry_msgs.cpp.o[0m
[13.575s] [ 42%] [32mBuilding CXX object CMakeFiles/test_utils.dir/test/utils/ros_test_msg.cpp.o[0m
[16.596s] gmake[2]: *** [CMakeFiles/test_utils.dir/build.make:76: CMakeFiles/test_utils.dir/test/utils/gz_test_msg.cpp.o] Interrupt
[16.597s] gmake[2]: *** [CMakeFiles/ros_gz_bridge.dir/build.make:371: CMakeFiles/ros_gz_bridge.dir/src/convert/rosgraph_msgs.cpp.o] Interrupt
[16.597s] gmake[2]: *** [CMakeFiles/ros_gz_bridge.dir/build.make:217: CMakeFiles/ros_gz_bridge.dir/src/factory_interface.cpp.o] Interrupt
[16.597s] gmake[2]: *** [CMakeFiles/ros_gz_bridge.dir/build.make:189: CMakeFiles/ros_gz_bridge.dir/src/bridge_handle_ros_to_gz.cpp.o] Interrupt
[16.597s] gmake[2]: *** [CMakeFiles/ros_gz_bridge.dir/build.make:511: CMakeFiles/ros_gz_bridge.dir/generated/factories/geometry_msgs.cpp.o] Interrupt
[16.597s] gmake[2]: *** [CMakeFiles/ros_gz_bridge.dir/build.make:455: CMakeFiles/ros_gz_bridge.dir/generated/get_factory.cpp.o] Interrupt
[16.598s] gmake[2]: *** [CMakeFiles/ros_gz_bridge.dir/build.make:357: CMakeFiles/ros_gz_bridge.dir/src/convert/ros_gz_interfaces.cpp.o] Interrupt
[16.598s] gmake[2]: *** [CMakeFiles/ros_gz_bridge.dir/build.make:203: CMakeFiles/ros_gz_bridge.dir/src/bridge_handle_gz_to_ros.cpp.o] Interrupt
[16.598s] gmake[2]: *** [CMakeFiles/ros_gz_bridge.dir/build.make:259: CMakeFiles/ros_gz_bridge.dir/src/ros_gz_bridge.cpp.o] Interrupt
[16.598s] gmake[2]: *** [CMakeFiles/ros_gz_bridge.dir/build.make:231: CMakeFiles/ros_gz_bridge.dir/src/service_factory_interface.cpp.o] Interrupt
[16.598s] gmake[2]: *** [CMakeFiles/ros_gz_bridge.dir/build.make:175: CMakeFiles/ros_gz_bridge.dir/src/bridge_handle.cpp.o] Interrupt
[16.608s] gmake[2]: *** [CMakeFiles/test_utils.dir/build.make:90: CMakeFiles/test_utils.dir/test/utils/ros_test_msg.cpp.o] Interrupt
[16.608s] gmake[2]: *** [CMakeFiles/test_rcl_interfaces.dir/build.make:90: CMakeFiles/test_rcl_interfaces.dir/src/convert/rcl_interfaces_TEST.cpp.o] Interrupt
[16.608s] gmake[2]: *** [CMakeFiles/ros_gz_bridge.dir/build.make:245: CMakeFiles/ros_gz_bridge.dir/src/service_factories/ros_gz_interfaces.cpp.o] Interrupt
[16.608s] gmake[2]: *** [CMakeFiles/ros_gz_bridge.dir/build.make:483: CMakeFiles/ros_gz_bridge.dir/generated/factories/builtin_interfaces.cpp.o] Interrupt
[16.608s] gmake[2]: *** [CMakeFiles/ros_gz_bridge.dir/build.make:497: CMakeFiles/ros_gz_bridge.dir/generated/factories/actuator_msgs.cpp.o] Interrupt
[16.608s] gmake[1]: *** [CMakeFiles/Makefile2:368: CMakeFiles/test_utils.dir/all] Interrupt
[16.608s] gmake[1]: *** [CMakeFiles/Makefile2:183: CMakeFiles/ros_gz_bridge.dir/all] Interrupt
[16.608s] gmake[1]: *** [CMakeFiles/Makefile2:314: CMakeFiles/test_rcl_interfaces.dir/all] Interrupt
[16.608s] gmake: *** [Makefile:146: all] Interrupt
