[0.051s] Invoking command in '/home/robmoemac/M-LADIS-sim/PX4 Aux/ws_sensor_combined/build/px4_ros_com': AMENT_PREFIX_PATH=/home/robmoemac/M-LADIS-sim/PX4 Aux/ws_sensor_combined/install/px4_msgs:${AMENT_PREFIX_PATH} CMAKE_PREFIX_PATH=/home/robmoemac/M-LADIS-sim/PX4 Aux/ws_sensor_combined/install/px4_msgs:/opt/ros/humble LD_LIBRARY_PATH=/home/robmoemac/M-LADIS-sim/PX4 Aux/ws_sensor_combined/install/px4_msgs/lib:${LD_LIBRARY_PATH} PYTHONPATH=/home/robmoemac/M-LADIS-sim/PX4 Aux/ws_sensor_combined/install/px4_msgs/local/lib/python3.10/dist-packages:${PYTHONPATH} /usr/bin/cmake --build /home/robmoemac/M-LADIS-sim/PX4 Aux/ws_sensor_combined/build/px4_ros_com -- -j8 -l8
[0.097s] [35m[1mConsolidate compiler generated dependencies of target offboard_control[0m
[0.105s] [ 20%] Built target frame_transforms
[0.107s] [ 40%] Built target debug_vect_advertiser
[0.109s] [ 60%] Built target vehicle_gps_position_listener
[0.109s] [ 80%] Built target sensor_combined_listener
[0.117s] [ 90%] [32mBuilding CXX object CMakeFiles/offboard_control.dir/src/examples/offboard/offboard_control.cpp.o[0m
[2.089s] [01m[K/home/robmoemac/M-LADIS-sim/PX4 Aux/ws_sensor_combined/src/px4_ros_com/src/examples/offboard/offboard_control.cpp:[m[K In constructor â€˜[01m[KOffboardControl::OffboardControl()[m[Kâ€™:
[2.089s] [01m[K/home/robmoemac/M-LADIS-sim/PX4 Aux/ws_sensor_combined/src/px4_ros_com/src/examples/offboard/offboard_control.cpp:66:92:[m[K [01;31m[Kerror: [m[Kno matching function for call to â€˜[01m[KOffboardControl::create_subscription<px4_msgs::msg::TrajectorySetpoint>(const char [26], int)[m[Kâ€™
[2.089s]    66 |                 flight_trajectory_waypoint_ = [01;31m[Kthis->create_subscription<TrajectorySetpoint>("/fmu/in/autonomy_waypoint",10)[m[K;
[2.089s]       |                                               [01;31m[K~~~~~~~~~~~~~~~~~~~~~~~~~~~~~~~~~~~~~~~~~~~~~^~~~~~~~~~~~~~~~~~~~~~~~~~~~~~~~[m[K
[2.089s] In file included from [01m[K/opt/ros/humble/include/rclcpp/rclcpp/executors/single_threaded_executor.hpp:28[m[K,
[2.089s]                  from [01m[K/opt/ros/humble/include/rclcpp/rclcpp/executors.hpp:22[m[K,
[2.089s]                  from [01m[K/opt/ros/humble/include/rclcpp/rclcpp/rclcpp.hpp:155[m[K,
[2.089s]                  from [01m[K/home/robmoemac/M-LADIS-sim/PX4 Aux/ws_sensor_combined/src/px4_ros_com/src/examples/offboard/offboard_control.cpp:46[m[K:
[2.089s] [01m[K/opt/ros/humble/include/rclcpp/rclcpp/node.hpp:219:3:[m[K [01;36m[Knote: [m[Kcandidate: â€˜[01m[Ktemplate<class MessageT, class CallbackT, class AllocatorT, class SubscriptionT, class MessageMemoryStrategyT> std::shared_ptr<ROSMessageT> rclcpp::Node::create_subscription(const string&, const rclcpp::QoS&, CallbackT&&, const rclcpp::SubscriptionOptionsWithAllocator<AllocatorT>&, typename MessageMemoryStrategyT::SharedPtr)[m[Kâ€™
[2.089s]   219 |   [01;36m[Kcreate_subscription[m[K(
[2.089s]       |   [01;36m[K^~~~~~~~~~~~~~~~~~~[m[K
[2.089s] [01m[K/opt/ros/humble/include/rclcpp/rclcpp/node.hpp:219:3:[m[K [01;36m[Knote: [m[K  template argument deduction/substitution failed:
[2.089s] [01m[K/home/robmoemac/M-LADIS-sim/PX4 Aux/ws_sensor_combined/src/px4_ros_com/src/examples/offboard/offboard_control.cpp:66:92:[m[K [01;36m[Knote: [m[K  candidate expects 5 arguments, 2 provided
[2.089s]    66 |                 flight_trajectory_waypoint_ = [01;36m[Kthis->create_subscription<TrajectorySetpoint>("/fmu/in/autonomy_waypoint",10)[m[K;
[2.089s]       |                                               [01;36m[K~~~~~~~~~~~~~~~~~~~~~~~~~~~~~~~~~~~~~~~~~~~~~^~~~~~~~~~~~~~~~~~~~~~~~~~~~~~~~[m[K
[2.098s] [01m[K/home/robmoemac/M-LADIS-sim/PX4 Aux/ws_sensor_combined/src/px4_ros_com/src/examples/offboard/offboard_control.cpp:[m[K In lambda function:
[2.098s] [01m[K/home/robmoemac/M-LADIS-sim/PX4 Aux/ws_sensor_combined/src/px4_ros_com/src/examples/offboard/offboard_control.cpp:85:45:[m[K [01;31m[Kerror: [m[Kâ€˜[01m[KWaypointMsgCallback[m[Kâ€™ was not declared in this scope
[2.098s]    85 |                         float waypoint[5] = [01;31m[KWaypointMsgCallback[m[K();
[2.098s]       |                                             [01;31m[K^~~~~~~~~~~~~~~~~~~[m[K
[2.102s] [01m[K/home/robmoemac/M-LADIS-sim/PX4 Aux/ws_sensor_combined/src/px4_ros_com/src/examples/offboard/offboard_control.cpp:86:25:[m[K [01;31m[Kerror: [m[Kâ€˜[01m[Kx[m[Kâ€™ was not declared in this scope
[2.102s]    86 |                         [01;31m[Kx[m[K = waypoint[0];
[2.102s]       |                         [01;31m[K^[m[K
[2.106s] [01m[K/home/robmoemac/M-LADIS-sim/PX4 Aux/ws_sensor_combined/src/px4_ros_com/src/examples/offboard/offboard_control.cpp:87:25:[m[K [01;31m[Kerror: [m[Kâ€˜[01m[Ky[m[Kâ€™ was not declared in this scope; did you mean â€˜[01m[Kyn[m[Kâ€™?
[2.106s]    87 |                         [01;31m[Ky[m[K = waypoint[1];
[2.106s]       |                         [01;31m[K^[m[K
[2.106s]       |                         [32m[Kyn[m[K
[2.110s] [01m[K/home/robmoemac/M-LADIS-sim/PX4 Aux/ws_sensor_combined/src/px4_ros_com/src/examples/offboard/offboard_control.cpp:88:25:[m[K [01;31m[Kerror: [m[Kâ€˜[01m[Kz[m[Kâ€™ was not declared in this scope
[2.110s]    88 |                         [01;31m[Kz[m[K = waypoint[2];
[2.110s]       |                         [01;31m[K^[m[K
[2.114s] [01m[K/home/robmoemac/M-LADIS-sim/PX4 Aux/ws_sensor_combined/src/px4_ros_com/src/examples/offboard/offboard_control.cpp:89:25:[m[K [01;31m[Kerror: [m[Kâ€˜[01m[Kyaw[m[Kâ€™ was not declared in this scope
[2.114s]    89 |                         [01;31m[Kyaw[m[K = waypoint[3];
[2.114s]       |                         [01;31m[K^~~[m[K
[2.119s] [01m[K/home/robmoemac/M-LADIS-sim/PX4 Aux/ws_sensor_combined/src/px4_ros_com/src/examples/offboard/offboard_control.cpp:90:25:[m[K [01;31m[Kerror: [m[Kâ€˜[01m[Ktime_stamp[m[Kâ€™ was not declared in this scope; did you mean â€˜[01m[Ktimestamp_[m[Kâ€™?
[2.119s]    90 |                         [01;31m[Ktime_stamp[m[K = waypoint[4];
[2.119s]       |                         [01;31m[K^~~~~~~~~~[m[K
[2.119s]       |                         [32m[Ktimestamp_[m[K
[2.133s] [01m[K/home/robmoemac/M-LADIS-sim/PX4 Aux/ws_sensor_combined/src/px4_ros_com/src/examples/offboard/offboard_control.cpp:[m[K In function â€˜[01m[Kfloat WaypointMsgCallback(px4_msgs::msg::TrajectorySetpoint_<std::allocator<void> >::SharedPtr)[m[Kâ€™:
[2.133s] [01m[K/home/robmoemac/M-LADIS-sim/PX4 Aux/ws_sensor_combined/src/px4_ros_com/src/examples/offboard/offboard_control.cpp:204:5:[m[K [01;31m[Kerror: [m[Kâ€˜[01m[Kx[m[Kâ€™ was not declared in this scope
[2.133s]   204 |     [01;31m[Kx[m[K = msg.position[0];
[2.133s]       |     [01;31m[K^[m[K
[2.133s] [01m[K/home/robmoemac/M-LADIS-sim/PX4 Aux/ws_sensor_combined/src/px4_ros_com/src/examples/offboard/offboard_control.cpp:204:13:[m[K [01;31m[Kerror: [m[Kâ€˜[01m[Kconst SharedPtr[m[Kâ€™ {aka â€˜[01m[Kconst class std::shared_ptr<px4_msgs::msg::TrajectorySetpoint_<std::allocator<void> > >[m[Kâ€™} has no member named â€˜[01m[Kposition[m[Kâ€™
[2.133s]   204 |     x = msg.[01;31m[Kposition[m[K[0];
[2.133s]       |             [01;31m[K^~~~~~~~[m[K
[2.136s] [01m[K/home/robmoemac/M-LADIS-sim/PX4 Aux/ws_sensor_combined/src/px4_ros_com/src/examples/offboard/offboard_control.cpp:205:5:[m[K [01;31m[Kerror: [m[Kâ€˜[01m[Ky[m[Kâ€™ was not declared in this scope; did you mean â€˜[01m[Kyn[m[Kâ€™?
[2.136s]   205 |     [01;31m[Ky[m[K = msg.position[1];
[2.136s]       |     [01;31m[K^[m[K
[2.136s]       |     [32m[Kyn[m[K
[2.136s] [01m[K/home/robmoemac/M-LADIS-sim/PX4 Aux/ws_sensor_combined/src/px4_ros_com/src/examples/offboard/offboard_control.cpp:205:13:[m[K [01;31m[Kerror: [m[Kâ€˜[01m[Kconst SharedPtr[m[Kâ€™ {aka â€˜[01m[Kconst class std::shared_ptr<px4_msgs::msg::TrajectorySetpoint_<std::allocator<void> > >[m[Kâ€™} has no member named â€˜[01m[Kposition[m[Kâ€™
[2.136s]   205 |     y = msg.[01;31m[Kposition[m[K[1];
[2.136s]       |             [01;31m[K^~~~~~~~[m[K
[2.140s] [01m[K/home/robmoemac/M-LADIS-sim/PX4 Aux/ws_sensor_combined/src/px4_ros_com/src/examples/offboard/offboard_control.cpp:206:5:[m[K [01;31m[Kerror: [m[Kâ€˜[01m[Kz[m[Kâ€™ was not declared in this scope
[2.140s]   206 |     [01;31m[Kz[m[K = msg.position[2];
[2.140s]       |     [01;31m[K^[m[K
[2.140s] [01m[K/home/robmoemac/M-LADIS-sim/PX4 Aux/ws_sensor_combined/src/px4_ros_com/src/examples/offboard/offboard_control.cpp:206:13:[m[K [01;31m[Kerror: [m[Kâ€˜[01m[Kconst SharedPtr[m[Kâ€™ {aka â€˜[01m[Kconst class std::shared_ptr<px4_msgs::msg::TrajectorySetpoint_<std::allocator<void> > >[m[Kâ€™} has no member named â€˜[01m[Kposition[m[Kâ€™
[2.140s]   206 |     z = msg.[01;31m[Kposition[m[K[2];
[2.140s]       |             [01;31m[K^~~~~~~~[m[K
[2.143s] [01m[K/home/robmoemac/M-LADIS-sim/PX4 Aux/ws_sensor_combined/src/px4_ros_com/src/examples/offboard/offboard_control.cpp:207:5:[m[K [01;31m[Kerror: [m[Kâ€˜[01m[Kyaw[m[Kâ€™ was not declared in this scope
[2.143s]   207 |     [01;31m[Kyaw[m[K = msg.yaw
[2.143s]       |     [01;31m[K^~~[m[K
[2.143s] [01m[K/home/robmoemac/M-LADIS-sim/PX4 Aux/ws_sensor_combined/src/px4_ros_com/src/examples/offboard/offboard_control.cpp:207:15:[m[K [01;31m[Kerror: [m[Kâ€˜[01m[Kconst SharedPtr[m[Kâ€™ {aka â€˜[01m[Kconst class std::shared_ptr<px4_msgs::msg::TrajectorySetpoint_<std::allocator<void> > >[m[Kâ€™} has no member named â€˜[01m[Kyaw[m[Kâ€™
[2.143s]   207 |     yaw = msg.[01;31m[Kyaw[m[K
[2.143s]       |               [01;31m[K^~~[m[K
[2.143s] [01m[K/home/robmoemac/M-LADIS-sim/PX4 Aux/ws_sensor_combined/src/px4_ros_com/src/examples/offboard/offboard_control.cpp:213:12:[m[K [01;31m[Kerror: [m[Kcannot convert â€˜[01m[Kfloat*[m[Kâ€™ to â€˜[01m[Kfloat[m[Kâ€™ in return
[2.143s]   213 |     return [01;31m[Kwaypoint[m[K;
[2.143s]       |            [01;31m[K^~~~~~~~[m[K
[3.037s] gmake[2]: *** [CMakeFiles/offboard_control.dir/build.make:76: CMakeFiles/offboard_control.dir/src/examples/offboard/offboard_control.cpp.o] Error 1
[3.037s] gmake[1]: *** [CMakeFiles/Makefile2:249: CMakeFiles/offboard_control.dir/all] Error 2
[3.037s] gmake: *** [Makefile:146: all] Error 2
[3.040s] Invoked command in '/home/robmoemac/M-LADIS-sim/PX4 Aux/ws_sensor_combined/build/px4_ros_com' returned '2': AMENT_PREFIX_PATH=/home/robmoemac/M-LADIS-sim/PX4 Aux/ws_sensor_combined/install/px4_msgs:${AMENT_PREFIX_PATH} CMAKE_PREFIX_PATH=/home/robmoemac/M-LADIS-sim/PX4 Aux/ws_sensor_combined/install/px4_msgs:/opt/ros/humble LD_LIBRARY_PATH=/home/robmoemac/M-LADIS-sim/PX4 Aux/ws_sensor_combined/install/px4_msgs/lib:${LD_LIBRARY_PATH} PYTHONPATH=/home/robmoemac/M-LADIS-sim/PX4 Aux/ws_sensor_combined/install/px4_msgs/local/lib/python3.10/dist-packages:${PYTHONPATH} /usr/bin/cmake --build /home/robmoemac/M-LADIS-sim/PX4 Aux/ws_sensor_combined/build/px4_ros_com -- -j8 -l8
