[0.042s] Invoking command in '/home/robmoemac/M-LADIS-sim/PX4 Aux/ws_sensor_combined/build/px4_ros_com': CMAKE_PREFIX_PATH=/home/robmoemac/M-LADIS-sim/PX4 Aux/ws_sensor_combined/install/px4_msgs:/home/robmoemac/M-LADIS-sim/PX4 Aux/ws_sensor_combined/install/velodyne:/home/robmoemac/M-LADIS-sim/PX4 Aux/ws_sensor_combined/install/velodyne_pointcloud:/home/robmoemac/M-LADIS-sim/PX4 Aux/ws_sensor_combined/install/velodyne_driver:/home/robmoemac/M-LADIS-sim/PX4 Aux/ws_sensor_combined/install/velodyne_msgs:/home/robmoemac/M-LADIS-sim/PX4 Aux/ws_sensor_combined/install/velodyne_laserscan:/home/robmoemac/M-LADIS-sim/PX4 Aux/ws_sensor_combined/install/ros:/home/robmoemac/M-LADIS-sim/PX4 Aux/ws_sensor_combined/install/px4_ros_com:/opt/ros/humble LD_LIBRARY_PATH=/home/robmoemac/M-LADIS-sim/PX4 Aux/ws_sensor_combined/install/px4_msgs/lib:/home/robmoemac/M-LADIS-sim/PX4 Aux/ws_sensor_combined/install/velodyne_pointcloud/lib:/home/robmoemac/M-LADIS-sim/PX4 Aux/ws_sensor_combined/install/velodyne_driver/lib:/home/robmoemac/M-LADIS-sim/PX4 Aux/ws_sensor_combined/install/velodyne_msgs/lib:/home/robmoemac/M-LADIS-sim/PX4 Aux/ws_sensor_combined/install/velodyne_laserscan/lib:/usr/lib/x86_64-linux-gnu/gazebo-11/plugins:/opt/ros/humble/opt/rviz_ogre_vendor/lib:/opt/ros/humble/lib/x86_64-linux-gnu:/opt/ros/humble/lib /usr/bin/cmake --build /home/robmoemac/M-LADIS-sim/PX4 Aux/ws_sensor_combined/build/px4_ros_com -- -j8 -l8
[0.209s] [35m[1mConsolidate compiler generated dependencies of target PointCloudProcessor[0m
[0.256s] [ 16%] Built target offboard_control
[0.266s] [ 33%] Built target debug_vect_advertiser
[0.273s] [ 50%] Built target vehicle_gps_position_listener
[0.285s] [ 66%] Built target sensor_combined_listener
[0.297s] [ 83%] Built target test_flight_control
[0.345s] [ 91%] [32mBuilding CXX object CMakeFiles/PointCloudProcessor.dir/src/PointCloudProcessor.cpp.o[0m
[22.268s] [01m[K/home/robmoemac/M-LADIS-sim/PX4 Aux/ws_sensor_combined/src/px4_ros_com/src/PointCloudProcessor.cpp:[m[K In member function â€˜[01m[Kvoid PointCloudProcessor::pointCloudCallback(sensor_msgs::msg::PointCloud2_<std::allocator<void> >::SharedPtr)[m[Kâ€™:
[22.269s] [01m[K/home/robmoemac/M-LADIS-sim/PX4 Aux/ws_sensor_combined/src/px4_ros_com/src/PointCloudProcessor.cpp:41:28:[m[K [01;31m[Kerror: [m[Kâ€˜[01m[KEigen::DenseBase<Eigen::Matrix<float, -1, -1> >::iterator __for_begin [m[Kâ€™ has incomplete type
[22.269s]    41 |     for (const auto &row : [01;31m[Kxyz_matrix[m[K)
[22.269s]       |                            [01;31m[K^~~~~~~~~~[m[K
[22.270s] [01m[K/home/robmoemac/M-LADIS-sim/PX4 Aux/ws_sensor_combined/src/px4_ros_com/src/PointCloudProcessor.cpp:41:28:[m[K [01;31m[Kerror: [m[Kâ€˜[01m[KEigen::DenseBase<Eigen::Matrix<float, -1, -1> >::iterator __for_end [m[Kâ€™ has incomplete type
[22.299s] [01m[K/home/robmoemac/M-LADIS-sim/PX4 Aux/ws_sensor_combined/src/px4_ros_com/src/PointCloudProcessor.cpp:49:9:[m[K [01;31m[Kerror: [m[Kâ€˜[01m[KROS_INFO[m[Kâ€™ was not declared in this scope
[22.299s]    49 |         [01;31m[KROS_INFO[m[K("%s", row_str.c_str());
[22.300s]       |         [01;31m[K^~~~~~~~[m[K
[23.361s] In file included from [01m[K/usr/include/eigen3/Eigen/Core:164[m[K,
[23.362s]                  from [01m[K/usr/include/eigen3/Eigen/StdVector:14[m[K,
[23.362s]                  from [01m[K/usr/include/pcl-1.12/pcl/point_cloud.h:45[m[K,
[23.363s]                  from [01m[K/usr/include/pcl-1.12/pcl/common/transforms.h:42[m[K,
[23.363s]                  from [01m[K/opt/ros/humble/include/pcl_ros/transforms.hpp:40[m[K,
[23.363s]                  from [01m[K/home/robmoemac/M-LADIS-sim/PX4 Aux/ws_sensor_combined/src/px4_ros_com/src/PointCloudProcessor.cpp:7[m[K:
[23.363s] /usr/include/eigen3/Eigen/src/Core/StlIterators.h: In instantiation of â€˜[01m[KEigen::DenseBase<Derived>::iterator Eigen::DenseBase<Derived>::begin() [with Derived = Eigen::Matrix<float, -1, -1>; Eigen::DenseBase<Derived>::iterator = void][m[Kâ€™:
[23.364s] [01m[K/home/robmoemac/M-LADIS-sim/PX4 Aux/ws_sensor_combined/src/px4_ros_com/src/PointCloudProcessor.cpp:41:28:[m[K   required from here
[23.364s] [01m[K/usr/include/eigen3/Eigen/src/Core/StlIterators.h:410:3:[m[K [01;31m[Kerror: [m[Kstatic assertion failed: YOU_TRIED_CALLING_A_VECTOR_METHOD_ON_A_MATRIX
[23.364s]   410 |   [01;31m[KEIGEN_STATIC_ASSERT_VECTOR_ONLY[m[K(Derived);
[23.364s]       |   [01;31m[K^~~~~~~~~~~~~~~~~~~~~~~~~~~~~~~[m[K
[23.365s] [01m[K/usr/include/eigen3/Eigen/src/Core/StlIterators.h:410:3:[m[K [01;36m[Knote: [m[Kâ€˜[01m[KEigen::Matrix<float, -1, -1>::IsVectorAtCompileTime[m[Kâ€™ evaluates to false
[23.365s] In file included from [01m[K/usr/include/eigen3/Eigen/Core:363[m[K,
[23.365s]                  from [01m[K/usr/include/eigen3/Eigen/StdVector:14[m[K,
[23.365s]                  from [01m[K/usr/include/pcl-1.12/pcl/point_cloud.h:45[m[K,
[23.365s]                  from [01m[K/usr/include/pcl-1.12/pcl/common/transforms.h:42[m[K,
[23.366s]                  from [01m[K/opt/ros/humble/include/pcl_ros/transforms.hpp:40[m[K,
[23.366s]                  from [01m[K/home/robmoemac/M-LADIS-sim/PX4 Aux/ws_sensor_combined/src/px4_ros_com/src/PointCloudProcessor.cpp:7[m[K:
[23.366s] [01m[K/usr/include/eigen3/Eigen/src/Core/StlIterators.h:411:10:[m[K [01;31m[Kerror: [m[Kexpression list treated as compound expression in functional cast [[01;31m[K]8;;https://gcc.gnu.org/onlinedocs/gcc/Warning-Options.html#index-fpermissive-fpermissive]8;;[m[K]
[23.367s]   411 |   return [01;31m[Kiterator(derived(), 0)[m[K;
[23.367s]       |          [01;31m[K^~~~~~~~~~~~~~~~~~~~~~[m[K
[23.368s] In file included from [01m[K/usr/include/eigen3/Eigen/Core:164[m[K,
[23.368s]                  from [01m[K/usr/include/eigen3/Eigen/StdVector:14[m[K,
[23.369s]                  from [01m[K/usr/include/pcl-1.12/pcl/point_cloud.h:45[m[K,
[23.370s]                  from [01m[K/usr/include/pcl-1.12/pcl/common/transforms.h:42[m[K,
[23.372s]                  from [01m[K/opt/ros/humble/include/pcl_ros/transforms.hpp:40[m[K,
[23.372s]                  from [01m[K/home/robmoemac/M-LADIS-sim/PX4 Aux/ws_sensor_combined/src/px4_ros_com/src/PointCloudProcessor.cpp:7[m[K:
[23.372s] /usr/include/eigen3/Eigen/src/Core/StlIterators.h: In instantiation of â€˜[01m[KEigen::DenseBase<Derived>::iterator Eigen::DenseBase<Derived>::end() [with Derived = Eigen::Matrix<float, -1, -1>; Eigen::DenseBase<Derived>::iterator = void][m[Kâ€™:
[23.373s] [01m[K/home/robmoemac/M-LADIS-sim/PX4 Aux/ws_sensor_combined/src/px4_ros_com/src/PointCloudProcessor.cpp:41:28:[m[K   required from here
[23.373s] [01m[K/usr/include/eigen3/Eigen/src/Core/StlIterators.h:439:3:[m[K [01;31m[Kerror: [m[Kstatic assertion failed: YOU_TRIED_CALLING_A_VECTOR_METHOD_ON_A_MATRIX
[23.374s]   439 |   [01;31m[KEIGEN_STATIC_ASSERT_VECTOR_ONLY[m[K(Derived);
[23.374s]       |   [01;31m[K^~~~~~~~~~~~~~~~~~~~~~~~~~~~~~~[m[K
[23.375s] [01m[K/usr/include/eigen3/Eigen/src/Core/StlIterators.h:439:3:[m[K [01;36m[Knote: [m[Kâ€˜[01m[KEigen::Matrix<float, -1, -1>::IsVectorAtCompileTime[m[Kâ€™ evaluates to false
[23.375s] In file included from [01m[K/usr/include/eigen3/Eigen/Core:363[m[K,
[23.376s]                  from [01m[K/usr/include/eigen3/Eigen/StdVector:14[m[K,
[23.376s]                  from [01m[K/usr/include/pcl-1.12/pcl/point_cloud.h:45[m[K,
[23.376s]                  from [01m[K/usr/include/pcl-1.12/pcl/common/transforms.h:42[m[K,
[23.377s]                  from [01m[K/opt/ros/humble/include/pcl_ros/transforms.hpp:40[m[K,
[23.377s]                  from [01m[K/home/robmoemac/M-LADIS-sim/PX4 Aux/ws_sensor_combined/src/px4_ros_com/src/PointCloudProcessor.cpp:7[m[K:
[23.377s] [01m[K/usr/include/eigen3/Eigen/src/Core/StlIterators.h:440:10:[m[K [01;31m[Kerror: [m[Kexpression list treated as compound expression in functional cast [[01;31m[K]8;;https://gcc.gnu.org/onlinedocs/gcc/Warning-Options.html#index-fpermissive-fpermissive]8;;[m[K]
[23.378s]   440 |   return [01;31m[Kiterator(derived(), size())[m[K;
[23.379s]       |          [01;31m[K^~~~~~~~~~~~~~~~~~~~~~~~~~~[m[K
[32.612s] gmake[2]: *** [CMakeFiles/PointCloudProcessor.dir/build.make:76: CMakeFiles/PointCloudProcessor.dir/src/PointCloudProcessor.cpp.o] Error 1
[32.614s] gmake[1]: *** [CMakeFiles/Makefile2:277: CMakeFiles/PointCloudProcessor.dir/all] Error 2
[32.615s] gmake: *** [Makefile:146: all] Error 2
[32.618s] Invoked command in '/home/robmoemac/M-LADIS-sim/PX4 Aux/ws_sensor_combined/build/px4_ros_com' returned '2': CMAKE_PREFIX_PATH=/home/robmoemac/M-LADIS-sim/PX4 Aux/ws_sensor_combined/install/px4_msgs:/home/robmoemac/M-LADIS-sim/PX4 Aux/ws_sensor_combined/install/velodyne:/home/robmoemac/M-LADIS-sim/PX4 Aux/ws_sensor_combined/install/velodyne_pointcloud:/home/robmoemac/M-LADIS-sim/PX4 Aux/ws_sensor_combined/install/velodyne_driver:/home/robmoemac/M-LADIS-sim/PX4 Aux/ws_sensor_combined/install/velodyne_msgs:/home/robmoemac/M-LADIS-sim/PX4 Aux/ws_sensor_combined/install/velodyne_laserscan:/home/robmoemac/M-LADIS-sim/PX4 Aux/ws_sensor_combined/install/ros:/home/robmoemac/M-LADIS-sim/PX4 Aux/ws_sensor_combined/install/px4_ros_com:/opt/ros/humble LD_LIBRARY_PATH=/home/robmoemac/M-LADIS-sim/PX4 Aux/ws_sensor_combined/install/px4_msgs/lib:/home/robmoemac/M-LADIS-sim/PX4 Aux/ws_sensor_combined/install/velodyne_pointcloud/lib:/home/robmoemac/M-LADIS-sim/PX4 Aux/ws_sensor_combined/install/velodyne_driver/lib:/home/robmoemac/M-LADIS-sim/PX4 Aux/ws_sensor_combined/install/velodyne_msgs/lib:/home/robmoemac/M-LADIS-sim/PX4 Aux/ws_sensor_combined/install/velodyne_laserscan/lib:/usr/lib/x86_64-linux-gnu/gazebo-11/plugins:/opt/ros/humble/opt/rviz_ogre_vendor/lib:/opt/ros/humble/lib/x86_64-linux-gnu:/opt/ros/humble/lib /usr/bin/cmake --build /home/robmoemac/M-LADIS-sim/PX4 Aux/ws_sensor_combined/build/px4_ros_com -- -j8 -l8
