[35m[1mConsolidate compiler generated dependencies of target offboard_control[0m
[ 20%] Built target frame_transforms
[ 40%] Built target debug_vect_advertiser
[ 60%] Built target vehicle_gps_position_listener
[ 80%] Built target sensor_combined_listener
[ 90%] [32mBuilding CXX object CMakeFiles/offboard_control.dir/src/examples/offboard/offboard_control.cpp.o[0m
[01m[K/home/robmoemac/M-LADIS-sim/PX4 Aux/ws_sensor_combined/src/px4_ros_com/src/examples/offboard/offboard_control.cpp:[m[K In constructor â€˜[01m[KOffboardControl::OffboardControl()[m[Kâ€™:
[01m[K/home/robmoemac/M-LADIS-sim/PX4 Aux/ws_sensor_combined/src/px4_ros_com/src/examples/offboard/offboard_control.cpp:65:17:[m[K [01;31m[Kerror: [m[Kâ€˜[01m[Ktrajectory_setpoint_listener_[m[Kâ€™ was not declared in this scope; did you mean â€˜[01m[Ktrajectory_setpoint_publisher_[m[Kâ€™?
   65 |                 [01;31m[Ktrajectory_setpoint_listener_[m[K = this->create_subscription<TrajectoryReceiver>("/fmu/in/trajectory_commands",10);
      |                 [01;31m[K^~~~~~~~~~~~~~~~~~~~~~~~~~~~~[m[K
      |                 [32m[Ktrajectory_setpoint_publisher_[m[K
[01m[K/home/robmoemac/M-LADIS-sim/PX4 Aux/ws_sensor_combined/src/px4_ros_com/src/examples/offboard/offboard_control.cpp:65:75:[m[K [01;31m[Kerror: [m[Kâ€˜[01m[KTrajectoryReceiver[m[Kâ€™ was not declared in this scope
   65 |                 trajectory_setpoint_listener_ = this->create_subscription<[01;31m[KTrajectoryReceiver[m[K>("/fmu/in/trajectory_commands",10);
      |                                                                           [01;31m[K^~~~~~~~~~~~~~~~~~[m[K
[01m[K/home/robmoemac/M-LADIS-sim/PX4 Aux/ws_sensor_combined/src/px4_ros_com/src/examples/offboard/offboard_control.cpp:65:94:[m[K [01;31m[Kerror: [m[Kno matching function for call to â€˜[01m[KOffboardControl::create_subscription<<expression error> >(const char [28], int)[m[Kâ€™
   65 |                 trajectory_setpoint_listener_ = [01;31m[Kthis->create_subscription<TrajectoryReceiver>("/fmu/in/trajectory_commands",10)[m[K;
      |                                                 [01;31m[K~~~~~~~~~~~~~~~~~~~~~~~~~~~~~~~~~~~~~~~~~~~~~^~~~~~~~~~~~~~~~~~~~~~~~~~~~~~~~~~[m[K
In file included from [01m[K/opt/ros/humble/include/rclcpp/rclcpp/executors/single_threaded_executor.hpp:28[m[K,
                 from [01m[K/opt/ros/humble/include/rclcpp/rclcpp/executors.hpp:22[m[K,
                 from [01m[K/opt/ros/humble/include/rclcpp/rclcpp/rclcpp.hpp:155[m[K,
                 from [01m[K/home/robmoemac/M-LADIS-sim/PX4 Aux/ws_sensor_combined/src/px4_ros_com/src/examples/offboard/offboard_control.cpp:45[m[K:
[01m[K/opt/ros/humble/include/rclcpp/rclcpp/node.hpp:219:3:[m[K [01;36m[Knote: [m[Kcandidate: â€˜[01m[Ktemplate<class MessageT, class CallbackT, class AllocatorT, class SubscriptionT, class MessageMemoryStrategyT> std::shared_ptr<ROSMessageT> rclcpp::Node::create_subscription(const string&, const rclcpp::QoS&, CallbackT&&, const rclcpp::SubscriptionOptionsWithAllocator<AllocatorT>&, typename MessageMemoryStrategyT::SharedPtr)[m[Kâ€™
  219 |   [01;36m[Kcreate_subscription[m[K(
      |   [01;36m[K^~~~~~~~~~~~~~~~~~~[m[K
[01m[K/opt/ros/humble/include/rclcpp/rclcpp/node.hpp:219:3:[m[K [01;36m[Knote: [m[K  template argument deduction/substitution failed:
[01m[K/home/robmoemac/M-LADIS-sim/PX4 Aux/ws_sensor_combined/src/px4_ros_com/src/examples/offboard/offboard_control.cpp:65:94:[m[K [01;31m[Kerror: [m[Ktemplate argument 1 is invalid
   65 |                 trajectory_setpoint_listener_ = [01;31m[Kthis->create_subscription<TrajectoryReceiver>("/fmu/in/trajectory_commands",10)[m[K;
      |                                                 [01;31m[K~~~~~~~~~~~~~~~~~~~~~~~~~~~~~~~~~~~~~~~~~~~~~^~~~~~~~~~~~~~~~~~~~~~~~~~~~~~~~~~[m[K
gmake[2]: *** [CMakeFiles/offboard_control.dir/build.make:76: CMakeFiles/offboard_control.dir/src/examples/offboard/offboard_control.cpp.o] Error 1
gmake[1]: *** [CMakeFiles/Makefile2:249: CMakeFiles/offboard_control.dir/all] Error 2
gmake: *** [Makefile:146: all] Error 2
