[01m[K/home/dserbin/Documents/M-LADIS-sim/PX4 Aux/ws_sensor_combined/src/px4_ros_com/src/examples/listeners/pc_conv.cpp:3:1:[m[K [01;31m[Kerror: [m[Kâ€˜[01m[Krclcpp[m[Kâ€™ does not name a type
    3 | [01;31m[Krclcpp[m[K::Publisher<sensor_msgs::msg::point_cloud2>::SharedPtr laser_scan_pub;
      | [01;31m[K^~~~~~[m[K
[01m[K/home/dserbin/Documents/M-LADIS-sim/PX4 Aux/ws_sensor_combined/src/px4_ros_com/src/examples/listeners/pc_conv.cpp:5:6:[m[K [01;31m[Kerror: [m[Kvariable or field â€˜[01m[Kcb[m[Kâ€™ declared void
    5 | void [01;31m[Kcb[m[K(Constpoint_cloud2StampedPtr &_msg)
      |      [01;31m[K^~[m[K
[01m[K/home/dserbin/Documents/M-LADIS-sim/PX4 Aux/ws_sensor_combined/src/px4_ros_com/src/examples/listeners/pc_conv.cpp:5:9:[m[K [01;31m[Kerror: [m[Kâ€˜[01m[KConstpoint_cloud2StampedPtr[m[Kâ€™ was not declared in this scope
    5 | void cb([01;31m[KConstpoint_cloud2StampedPtr[m[K &_msg)
      |         [01;31m[K^~~~~~~~~~~~~~~~~~~~~~~~~~~[m[K
[01m[K/home/dserbin/Documents/M-LADIS-sim/PX4 Aux/ws_sensor_combined/src/px4_ros_com/src/examples/listeners/pc_conv.cpp:5:38:[m[K [01;31m[Kerror: [m[Kâ€˜[01m[K_msg[m[Kâ€™ was not declared in this scope
    5 | void cb(Constpoint_cloud2StampedPtr &[01;31m[K_msg[m[K)
      |                                      [01;31m[K^~~~[m[K
[01m[K/home/dserbin/Documents/M-LADIS-sim/PX4 Aux/ws_sensor_combined/src/px4_ros_com/src/examples/listeners/pc_conv.cpp:[m[K In function â€˜[01m[Kint main(int, char**)[m[Kâ€™:
[01m[K/home/dserbin/Documents/M-LADIS-sim/PX4 Aux/ws_sensor_combined/src/px4_ros_com/src/examples/listeners/pc_conv.cpp:17:3:[m[K [01;31m[Kerror: [m[Kâ€˜[01m[Krclcpp[m[Kâ€™ has not been declared
   17 |   [01;31m[Krclcpp[m[K::init(argc, argv);
      |   [01;31m[K^~~~~~[m[K
[01m[K/home/dserbin/Documents/M-LADIS-sim/PX4 Aux/ws_sensor_combined/src/px4_ros_com/src/examples/listeners/pc_conv.cpp:18:24:[m[K [01;31m[Kerror: [m[Kâ€˜[01m[Kmake_shared[m[Kâ€™ is not a member of â€˜[01m[Kstd[m[Kâ€™
   18 |   auto ros_node = std::[01;31m[Kmake_shared[m[K<rclcpp::Node>("gazebo_ros_node");
      |                        [01;31m[K^~~~~~~~~~~[m[K
[01m[K/home/dserbin/Documents/M-LADIS-sim/PX4 Aux/ws_sensor_combined/src/px4_ros_com/src/examples/listeners/pc_conv.cpp:1:1:[m[K [01;36m[Knote: [m[Kâ€˜[01m[Kstd::make_shared[m[Kâ€™ is defined in header â€˜[01m[K<memory>[m[Kâ€™; did you forget to â€˜[01m[K#include <memory>[m[Kâ€™?
  +++ |+[32m[K#include <memory>[m[K
    1 | //#include <sensor_msgs/msg/point_cloud2.hpp>
[01m[K/home/dserbin/Documents/M-LADIS-sim/PX4 Aux/ws_sensor_combined/src/px4_ros_com/src/examples/listeners/pc_conv.cpp:18:36:[m[K [01;31m[Kerror: [m[Kâ€˜[01m[Krclcpp[m[Kâ€™ has not been declared
   18 |   auto ros_node = std::make_shared<[01;31m[Krclcpp[m[K::Node>("gazebo_ros_node");
      |                                    [01;31m[K^~~~~~[m[K
[01m[K/home/dserbin/Documents/M-LADIS-sim/PX4 Aux/ws_sensor_combined/src/px4_ros_com/src/examples/listeners/pc_conv.cpp:20:3:[m[K [01;31m[Kerror: [m[Kâ€˜[01m[Klaser_scan_pub[m[Kâ€™ was not declared in this scope
   20 |   [01;31m[Klaser_scan_pub[m[K = ros_node->create_publisher<sensor_msgs::msg::point_cloud2>(
      |   [01;31m[K^~~~~~~~~~~~~~[m[K
[01m[K/home/dserbin/Documents/M-LADIS-sim/PX4 Aux/ws_sensor_combined/src/px4_ros_com/src/examples/listeners/pc_conv.cpp:20:47:[m[K [01;31m[Kerror: [m[Kâ€˜[01m[Ksensor_msgs[m[Kâ€™ has not been declared
   20 |   laser_scan_pub = ros_node->create_publisher<[01;31m[Ksensor_msgs[m[K::msg::point_cloud2>(
      |                                               [01;31m[K^~~~~~~~~~~[m[K
[01m[K/home/dserbin/Documents/M-LADIS-sim/PX4 Aux/ws_sensor_combined/src/px4_ros_com/src/examples/listeners/pc_conv.cpp:21:14:[m[K [01;31m[Kerror: [m[Kâ€˜[01m[Krclcpp[m[Kâ€™ has not been declared
   21 |     "/scan", [01;31m[Krclcpp[m[K::SensorDataQoS());
      |              [01;31m[K^~~~~~[m[K
[01m[K/home/dserbin/Documents/M-LADIS-sim/PX4 Aux/ws_sensor_combined/src/px4_ros_com/src/examples/listeners/pc_conv.cpp:24:3:[m[K [01;31m[Kerror: [m[Kâ€˜[01m[Kgazebo[m[Kâ€™ has not been declared
   24 |   [01;31m[Kgazebo[m[K::transport::NodePtr gz_node(new gazebo::transport::Node());
      |   [01;31m[K^~~~~~[m[K
[01m[K/home/dserbin/Documents/M-LADIS-sim/PX4 Aux/ws_sensor_combined/src/px4_ros_com/src/examples/listeners/pc_conv.cpp:25:3:[m[K [01;31m[Kerror: [m[Kâ€˜[01m[Kgz_node[m[Kâ€™ was not declared in this scope
   25 |   [01;31m[Kgz_node[m[K->Init();
      |   [01;31m[K^~~~~~~[m[K
[01m[K/home/dserbin/Documents/M-LADIS-sim/PX4 Aux/ws_sensor_combined/src/px4_ros_com/src/examples/listeners/pc_conv.cpp:28:3:[m[K [01;31m[Kerror: [m[Kâ€˜[01m[Kgazebo[m[Kâ€™ has not been declared
   28 |   [01;31m[Kgazebo[m[K::transport::SubscriberPtr sub = gz_node->Subscribe("/gazebo/default/hex_drone/lidar_puck/laser/scan", cb);
      |   [01;31m[K^~~~~~[m[K
[01m[K/home/dserbin/Documents/M-LADIS-sim/PX4 Aux/ws_sensor_combined/src/px4_ros_com/src/examples/listeners/pc_conv.cpp:30:3:[m[K [01;31m[Kerror: [m[Kâ€˜[01m[Krclcpp[m[Kâ€™ has not been declared
   30 |   [01;31m[Krclcpp[m[K::spin(ros_node);
      |   [01;31m[K^~~~~~[m[K
[01m[K/home/dserbin/Documents/M-LADIS-sim/PX4 Aux/ws_sensor_combined/src/px4_ros_com/src/examples/listeners/pc_conv.cpp:33:3:[m[K [01;31m[Kerror: [m[Kâ€˜[01m[Krclcpp[m[Kâ€™ has not been declared
   33 |   [01;31m[Krclcpp[m[K::shutdown();
      |   [01;31m[K^~~~~~[m[K
[01m[K/home/dserbin/Documents/M-LADIS-sim/PX4 Aux/ws_sensor_combined/src/px4_ros_com/src/examples/listeners/pc_conv.cpp:34:3:[m[K [01;31m[Kerror: [m[Kâ€˜[01m[Kgazebo[m[Kâ€™ has not been declared
   34 |   [01;31m[Kgazebo[m[K::client::shutdown();
      |   [01;31m[K^~~~~~[m[K
[01m[K/home/dserbin/Documents/M-LADIS-sim/PX4 Aux/ws_sensor_combined/src/px4_ros_com/src/examples/listeners/pc_conv.cpp:34:30:[m[K [01;31m[Kerror: [m[Kexpected â€˜[01m[K}[m[Kâ€™ at end of input
   34 |   gazebo::client::shutdown();
      |                              [01;31m[K^[m[K
[01m[K/home/dserbin/Documents/M-LADIS-sim/PX4 Aux/ws_sensor_combined/src/px4_ros_com/src/examples/listeners/pc_conv.cpp:15:1:[m[K [01;36m[Knote: [m[Kto match this â€˜[01m[K{[m[Kâ€™
   15 | [01;36m[K{[m[K
      | [01;36m[K^[m[K
gmake[2]: *** [CMakeFiles/pc_conv.dir/build.make:76: CMakeFiles/pc_conv.dir/src/examples/listeners/pc_conv.cpp.o] Error 1
gmake[1]: *** [CMakeFiles/Makefile2:305: CMakeFiles/pc_conv.dir/all] Error 2
gmake: *** [Makefile:146: all] Error 2
