[0.010s] Invoking command in '/home/robmoemac/M-LADIS-Jerry/ws_sensor_combined/build/px4_ros_com': CMAKE_PREFIX_PATH=/home/robmoemac/M-LADIS-Jerry/ws_sensor_combined/install/px4_msgs:/home/robmoemac/M-LADIS-Jerry/ws_sensor_combined/install/px4_ros_com:/home/robmoemac/M-LADIS-Jerry/ws_sensor_combined/install/nearest_poster_yaw:/home/robmoemac/M-LADIS-Jerry/ws_sensor_combined/install/localization:/home/robmoemac/M-LADIS-Jerry/ws_sensor_combined/install/classifier:/opt/ros/humble /usr/bin/cmake /home/robmoemac/M-LADIS-Jerry/ws_sensor_combined/src/px4_ros_com -DCMAKE_INSTALL_PREFIX=/home/robmoemac/M-LADIS-Jerry/ws_sensor_combined/install/px4_ros_com
[0.074s] -- The C compiler identification is GNU 11.4.0
[0.141s] -- The CXX compiler identification is GNU 11.4.0
[0.148s] -- Detecting C compiler ABI info
[0.225s] -- Detecting C compiler ABI info - done
[0.234s] -- Check for working C compiler: /usr/bin/cc - skipped
[0.235s] -- Detecting C compile features
[0.235s] -- Detecting C compile features - done
[0.239s] -- Detecting CXX compiler ABI info
[0.330s] -- Detecting CXX compiler ABI info - done
[0.339s] -- Check for working CXX compiler: /usr/bin/c++ - skipped
[0.339s] -- Detecting CXX compile features
[0.340s] -- Detecting CXX compile features - done
[0.342s] -- Found ament_cmake: 1.3.8 (/opt/ros/humble/share/ament_cmake/cmake)
[0.750s] -- Found Python3: /usr/bin/python3 (found version "3.10.12") found components: Interpreter 
[0.855s] -- Found python_cmake_module: 0.10.0 (/opt/ros/humble/share/python_cmake_module/cmake)
[0.856s] -- Found builtin_interfaces: 1.2.1 (/opt/ros/humble/share/builtin_interfaces/cmake)
[0.895s] -- Found rosidl_generator_c: 3.1.5 (/opt/ros/humble/share/rosidl_generator_c/cmake)
[0.901s] -- Found rosidl_adapter: 3.1.5 (/opt/ros/humble/share/rosidl_adapter/cmake)
[0.910s] -- Found rosidl_generator_cpp: 3.1.5 (/opt/ros/humble/share/rosidl_generator_cpp/cmake)
[0.925s] -- Using all available rosidl_typesupport_c: rosidl_typesupport_fastrtps_c;rosidl_typesupport_introspection_c
[0.948s] -- Using all available rosidl_typesupport_cpp: rosidl_typesupport_fastrtps_cpp;rosidl_typesupport_introspection_cpp
[0.968s] -- Found eigen3_cmake_module: 0.1.1 (/opt/ros/humble/share/eigen3_cmake_module/cmake)
[0.976s] -- Found Eigen3: TRUE (found version "3.4.0") 
[0.978s] -- Found geometry_msgs: 4.2.3 (/opt/ros/humble/share/geometry_msgs/cmake)
[1.083s] -- Found px4_msgs: 2.0.1 (/home/robmoemac/M-LADIS-Jerry/ws_sensor_combined/install/px4_msgs/share/px4_msgs/cmake)
[1.121s] -- Found rclcpp: 16.0.8 (/opt/ros/humble/share/rclcpp/cmake)
[1.186s] -- Found rmw_implementation_cmake: 6.1.1 (/opt/ros/humble/share/rmw_implementation_cmake/cmake)
[1.189s] -- Found rmw_fastrtps_cpp: 6.2.6 (/opt/ros/humble/share/rmw_fastrtps_cpp/cmake)
[1.291s] -- Found OpenSSL: /usr/lib/x86_64-linux-gnu/libcrypto.so (found version "3.0.2")  
[1.329s] -- Found FastRTPS: /opt/ros/humble/include  
[1.384s] -- Using RMW implementation 'rmw_fastrtps_cpp' as default
[1.396s] -- Looking for pthread.h
[1.476s] -- Looking for pthread.h - found
[1.477s] -- Performing Test CMAKE_HAVE_LIBC_PTHREAD
[1.557s] -- Performing Test CMAKE_HAVE_LIBC_PTHREAD - Success
[1.558s] -- Found Threads: TRUE  
[1.705s] -- Found rclpy: 3.3.12 (/opt/ros/humble/share/rclpy/cmake)
[1.707s] -- Found sensor_msgs: 4.2.3 (/opt/ros/humble/share/sensor_msgs/cmake)
[1.810s] -- Found pcl_conversions: 2.4.0 (/opt/ros/humble/share/pcl_conversions/cmake)
[1.974s] -- Found pcl_ros: 2.4.0 (/opt/ros/humble/share/pcl_ros/cmake)
[2.103s] -- Ensuring Eigen3 include directory is part of orocos-kdl CMake target
[2.532s] -- Checking for module 'eigen3'
[2.545s] --   Found eigen3, version 3.4.0
[2.578s] -- Found Eigen: /usr/include/eigen3 (Required is at least version "3.1") 
[2.578s] -- Eigen found (include: /usr/include/eigen3, version: 3.4.0)
[2.626s] -- Checking for module 'flann'
[2.640s] --   Found flann, version 1.9.1
[2.680s] -- Found FLANN: /usr/lib/x86_64-linux-gnu/libflann_cpp.so  
[2.680s] -- FLANN found (include: /usr/include, lib: /usr/lib/x86_64-linux-gnu/libflann_cpp.so)
[3.797s] -- Checking for module 'libusb-1.0'
[3.812s] --   Found libusb-1.0, version 1.0.25
[3.851s] -- Found libusb: /usr/lib/x86_64-linux-gnu/libusb-1.0.so  
[3.852s] -- OpenNI found (version: 1.5.4.0, include: /usr/include/ni, lib: /usr/lib/libOpenNI.so;libusb::libusb)
[3.920s] -- OpenNI2 found (version: 2.2.0.33, include: /usr/include/openni2, lib: /usr/lib/x86_64-linux-gnu/libOpenNI2.so;libusb::libusb)
[4.091s] -- Eigen found (include: /usr/include/eigen3, version: 3.4.0)
[4.099s] -- OpenNI found (version: 1.5.4.0, include: /usr/include/ni, lib: /usr/lib/libOpenNI.so;libusb::libusb)
[4.106s] -- OpenNI2 found (version: 2.2.0.33, include: /usr/include/openni2, lib: /usr/lib/x86_64-linux-gnu/libOpenNI2.so;libusb::libusb)
[4.272s] -- Found Qhull version 8.0.2
[4.434s] -- OpenNI found (version: 1.5.4.0, include: /usr/include/ni, lib: /usr/lib/libOpenNI.so;libusb::libusb)
[4.591s] -- Found PCL_COMMON: /usr/lib/x86_64-linux-gnu/libpcl_common.so  
[4.592s] -- Found PCL_KDTREE: /usr/lib/x86_64-linux-gnu/libpcl_kdtree.so  
[4.593s] -- Found PCL_OCTREE: /usr/lib/x86_64-linux-gnu/libpcl_octree.so  
[4.594s] -- Found PCL_SEARCH: /usr/lib/x86_64-linux-gnu/libpcl_search.so  
[4.595s] -- Found PCL_SAMPLE_CONSENSUS: /usr/lib/x86_64-linux-gnu/libpcl_sample_consensus.so  
[4.596s] -- Found PCL_FILTERS: /usr/lib/x86_64-linux-gnu/libpcl_filters.so  
[4.597s] -- Found PCL_2D: /usr/include/pcl-1.12  
[4.597s] -- Found PCL_GEOMETRY: /usr/include/pcl-1.12  
[4.598s] -- Found PCL_IO: /usr/lib/x86_64-linux-gnu/libpcl_io.so  
[4.599s] -- Found PCL_FEATURES: /usr/lib/x86_64-linux-gnu/libpcl_features.so  
[4.601s] -- Found PCL_ML: /usr/lib/x86_64-linux-gnu/libpcl_ml.so  
[4.602s] -- Found PCL_SEGMENTATION: /usr/lib/x86_64-linux-gnu/libpcl_segmentation.so  
[4.603s] -- Found PCL_VISUALIZATION: /usr/lib/x86_64-linux-gnu/libpcl_visualization.so  
[4.604s] -- Found PCL_SURFACE: /usr/lib/x86_64-linux-gnu/libpcl_surface.so  
[4.605s] -- Found PCL_REGISTRATION: /usr/lib/x86_64-linux-gnu/libpcl_registration.so  
[4.606s] -- Found PCL_KEYPOINTS: /usr/lib/x86_64-linux-gnu/libpcl_keypoints.so  
[4.607s] -- Found PCL_TRACKING: /usr/lib/x86_64-linux-gnu/libpcl_tracking.so  
[4.609s] -- Found PCL_RECOGNITION: /usr/lib/x86_64-linux-gnu/libpcl_recognition.so  
[4.610s] -- Found PCL_STEREO: /usr/lib/x86_64-linux-gnu/libpcl_stereo.so  
[4.611s] -- Found PCL_APPS: /usr/lib/x86_64-linux-gnu/libpcl_apps.so  
[4.612s] -- Found PCL_IN_HAND_SCANNER: /usr/include/pcl-1.12  
[4.612s] -- Found PCL_MODELER: /usr/include/pcl-1.12  
[4.618s] -- Found PCL_POINT_CLOUD_EDITOR: /usr/include/pcl-1.12  
[4.619s] -- Found PCL_OUTOFCORE: /usr/lib/x86_64-linux-gnu/libpcl_outofcore.so  
[4.621s] -- Found PCL_PEOPLE: /usr/lib/x86_64-linux-gnu/libpcl_people.so  
[4.723s] -- Found ament_lint_auto: 0.12.10 (/opt/ros/humble/share/ament_lint_auto/cmake)
[4.822s] -- Added test 'copyright' to check source files copyright and LICENSE
[4.824s] -- Added test 'cppcheck' to perform static code analysis on C / C++ code
[4.825s] -- Configured cppcheck include dirs: /home/robmoemac/M-LADIS-Jerry/ws_sensor_combined/src/px4_ros_com/include
[4.825s] -- Configured cppcheck exclude dirs and/or files: 
[4.827s] -- Added test 'cpplint' to check C / C++ code against the Google style
[4.827s] -- Configured cpplint exclude dirs and/or files: 
[4.828s] -- Added test 'flake8' to check Python code syntax and style conventions
[4.829s] -- Added test 'lint_cmake' to check CMake code style
[4.830s] -- Added test 'pep257' to check Python code against some of the docstring style conventions in PEP 257
[4.832s] -- Added test 'uncrustify' to check C / C++ code style
[4.832s] -- Configured uncrustify additional arguments: 
[4.832s] -- Added test 'xmllint' to check XML markup files
[4.834s] -- Configuring done
[4.885s] -- Generating done
[4.893s] -- Build files have been written to: /home/robmoemac/M-LADIS-Jerry/ws_sensor_combined/build/px4_ros_com
[4.911s] Invoked command in '/home/robmoemac/M-LADIS-Jerry/ws_sensor_combined/build/px4_ros_com' returned '0': CMAKE_PREFIX_PATH=/home/robmoemac/M-LADIS-Jerry/ws_sensor_combined/install/px4_msgs:/home/robmoemac/M-LADIS-Jerry/ws_sensor_combined/install/px4_ros_com:/home/robmoemac/M-LADIS-Jerry/ws_sensor_combined/install/nearest_poster_yaw:/home/robmoemac/M-LADIS-Jerry/ws_sensor_combined/install/localization:/home/robmoemac/M-LADIS-Jerry/ws_sensor_combined/install/classifier:/opt/ros/humble /usr/bin/cmake /home/robmoemac/M-LADIS-Jerry/ws_sensor_combined/src/px4_ros_com -DCMAKE_INSTALL_PREFIX=/home/robmoemac/M-LADIS-Jerry/ws_sensor_combined/install/px4_ros_com
[4.913s] Invoking command in '/home/robmoemac/M-LADIS-Jerry/ws_sensor_combined/build/px4_ros_com': CMAKE_PREFIX_PATH=/home/robmoemac/M-LADIS-Jerry/ws_sensor_combined/install/px4_msgs:/home/robmoemac/M-LADIS-Jerry/ws_sensor_combined/install/px4_ros_com:/home/robmoemac/M-LADIS-Jerry/ws_sensor_combined/install/nearest_poster_yaw:/home/robmoemac/M-LADIS-Jerry/ws_sensor_combined/install/localization:/home/robmoemac/M-LADIS-Jerry/ws_sensor_combined/install/classifier:/opt/ros/humble /usr/bin/cmake --build /home/robmoemac/M-LADIS-Jerry/ws_sensor_combined/build/px4_ros_com -- -j8 -l8
[4.973s] [  8%] [32mBuilding CXX object CMakeFiles/vehicle_gps_position_listener.dir/src/examples/listeners/vehicle_gps_position_listener.cpp.o[0m
[4.974s] [ 16%] [32mBuilding CXX object CMakeFiles/test_flight_control.dir/src/examples/offboard/test_flight_control.cpp.o[0m
[4.975s] [ 25%] [32mBuilding CXX object CMakeFiles/sensor_combined_listener.dir/src/examples/listeners/sensor_combined_listener.cpp.o[0m
[4.976s] [ 33%] [32mBuilding CXX object CMakeFiles/debug_vect_advertiser.dir/src/examples/advertisers/debug_vect_advertiser.cpp.o[0m
[4.976s] [ 41%] [32mBuilding CXX object CMakeFiles/offboard_control.dir/src/examples/offboard/offboard_control.cpp.o[0m
[4.979s] [ 50%] [32mBuilding CXX object CMakeFiles/PointCloudProcessor.dir/src/PointCloudProcessor.cpp.o[0m
[9.987s] [01m[K/home/robmoemac/M-LADIS-Jerry/ws_sensor_combined/src/px4_ros_com/src/PointCloudProcessor.cpp:19:10:[m[K [01;31m[Kfatal error: [m[Kpredator_detection.cpp: No such file or directory
[9.987s]    19 | #include [01;31m[K"predator_detection.cpp"[m[K
[9.988s]       |          [01;31m[K^~~~~~~~~~~~~~~~~~~~~~~~[m[K
[9.988s] compilation terminated.
[10.030s] gmake[2]: *** [CMakeFiles/PointCloudProcessor.dir/build.make:76: CMakeFiles/PointCloudProcessor.dir/src/PointCloudProcessor.cpp.o] Error 1
[10.031s] gmake[1]: *** [CMakeFiles/Makefile2:277: CMakeFiles/PointCloudProcessor.dir/all] Error 2
[10.031s] gmake[1]: *** Waiting for unfinished jobs....
[15.980s] [ 58%] [32m[1mLinking CXX executable debug_vect_advertiser[0m
[16.320s] [ 58%] Built target debug_vect_advertiser
[16.623s] [ 66%] [32m[1mLinking CXX executable test_flight_control[0m
[17.114s] [ 66%] Built target test_flight_control
[21.085s] [ 75%] [32m[1mLinking CXX executable sensor_combined_listener[0m
[21.886s] [ 75%] Built target sensor_combined_listener
[21.979s] [ 83%] [32m[1mLinking CXX executable vehicle_gps_position_listener[0m
[22.531s] [ 83%] Built target vehicle_gps_position_listener
[23.243s] [ 91%] [32m[1mLinking CXX executable offboard_control[0m
[23.851s] [ 91%] Built target offboard_control
[23.853s] gmake: *** [Makefile:146: all] Error 2
[23.855s] Invoked command in '/home/robmoemac/M-LADIS-Jerry/ws_sensor_combined/build/px4_ros_com' returned '2': CMAKE_PREFIX_PATH=/home/robmoemac/M-LADIS-Jerry/ws_sensor_combined/install/px4_msgs:/home/robmoemac/M-LADIS-Jerry/ws_sensor_combined/install/px4_ros_com:/home/robmoemac/M-LADIS-Jerry/ws_sensor_combined/install/nearest_poster_yaw:/home/robmoemac/M-LADIS-Jerry/ws_sensor_combined/install/localization:/home/robmoemac/M-LADIS-Jerry/ws_sensor_combined/install/classifier:/opt/ros/humble /usr/bin/cmake --build /home/robmoemac/M-LADIS-Jerry/ws_sensor_combined/build/px4_ros_com -- -j8 -l8
