[35m[1mConsolidate compiler generated dependencies of target PointCloudProcessor[0m
[ 58%] Built target test_flight_control
[ 75%] Built target offboard_control
[ 75%] Built target vehicle_gps_position_listener
[ 75%] Built target debug_vect_advertiser
[ 83%] Built target sensor_combined_listener
[ 91%] [32mBuilding CXX object CMakeFiles/PointCloudProcessor.dir/src/computer_viz/PointCloudProcessor.cpp.o[0m
[01m[K/home/robmoemac/M-LADIS-sim/PX4 Aux/ws_sensor_combined/src/px4_ros_com/src/computer_viz/PointCloudProcessor.cpp:51:2:[m[K [01;31m[Kerror: [m[Kexpected â€˜[01m[K}[m[Kâ€™ at end of input
   51 | }
      |  [01;31m[K^[m[K
[01m[K/home/robmoemac/M-LADIS-sim/PX4 Aux/ws_sensor_combined/src/px4_ros_com/src/computer_viz/PointCloudProcessor.cpp:15:49:[m[K [01;36m[Knote: [m[Kto match this â€˜[01m[K{[m[Kâ€™
   15 | class PointCloudProcessor : public rclcpp::Node [01;36m[K{[m[K
      |                                                 [01;36m[K^[m[K
[01m[K/home/robmoemac/M-LADIS-sim/PX4 Aux/ws_sensor_combined/src/px4_ros_com/src/computer_viz/PointCloudProcessor.cpp:51:2:[m[K [01;31m[Kerror: [m[Kexpected unqualified-id at end of input
   51 | }
      |  [01;31m[K^[m[K
gmake[2]: *** [CMakeFiles/PointCloudProcessor.dir/build.make:76: CMakeFiles/PointCloudProcessor.dir/src/computer_viz/PointCloudProcessor.cpp.o] Error 1
gmake[1]: *** [CMakeFiles/Makefile2:277: CMakeFiles/PointCloudProcessor.dir/all] Error 2
gmake: *** [Makefile:146: all] Error 2
