[35m[1mConsolidate compiler generated dependencies of target test_flight_control[0m
[35m[1mConsolidate compiler generated dependencies of target debug_vect_advertiser[0m
[35m[1mConsolidate compiler generated dependencies of target vehicle_gps_position_listener[0m
[35m[1mConsolidate compiler generated dependencies of target offboard_control[0m
[35m[1mConsolidate compiler generated dependencies of target sensor_combined_listener[0m
[35m[1mConsolidate compiler generated dependencies of target frame_transforms[0m
[  7%] [32mBuilding CXX object CMakeFiles/pc_conv.dir/src/examples/listeners/pc_conv.cpp.o[0m
[ 42%] Built target offboard_control
[ 42%] Built target debug_vect_advertiser
[ 50%] Built target vehicle_gps_position_listener
[ 64%] Built target test_flight_control
[ 78%] Built target sensor_combined_listener
[ 92%] Built target frame_transforms
[01m[K/home/robmoemac/M-LADIS-sim/PX4 Aux/ws_sensor_combined/src/px4_ros_com/src/examples/listeners/pc_conv.cpp:5:10:[m[K [01;31m[Kfatal error: [m[K/sensor_msgs/msg/point_cloud2.hpp: No such file or directory
    5 | #include [01;31m[K</sensor_msgs/msg/point_cloud2.hpp>[m[K
      |          [01;31m[K^~~~~~~~~~~~~~~~~~~~~~~~~~~~~~~~~~~[m[K
compilation terminated.
gmake[2]: *** [CMakeFiles/pc_conv.dir/build.make:76: CMakeFiles/pc_conv.dir/src/examples/listeners/pc_conv.cpp.o] Error 1
gmake[1]: *** [CMakeFiles/Makefile2:305: CMakeFiles/pc_conv.dir/all] Error 2
gmake: *** [Makefile:146: all] Error 2
