[0.046s] Invoking command in '/home/robmoemac/M-LADIS-sim/PX4 Aux/ws_sensor_combined/build/px4_ros_com': AMENT_PREFIX_PATH=/home/robmoemac/M-LADIS-sim/PX4 Aux/ws_sensor_combined/install/px4_msgs:${AMENT_PREFIX_PATH} CMAKE_PREFIX_PATH=/home/robmoemac/M-LADIS-sim/PX4 Aux/ws_sensor_combined/install/px4_msgs:/opt/ros/humble LD_LIBRARY_PATH=/home/robmoemac/M-LADIS-sim/PX4 Aux/ws_sensor_combined/install/px4_msgs/lib:${LD_LIBRARY_PATH} PYTHONPATH=/home/robmoemac/M-LADIS-sim/PX4 Aux/ws_sensor_combined/install/px4_msgs/local/lib/python3.10/dist-packages:${PYTHONPATH} /usr/bin/cmake --build /home/robmoemac/M-LADIS-sim/PX4 Aux/ws_sensor_combined/build/px4_ros_com -- -j8 -l8
[0.098s] [35m[1mConsolidate compiler generated dependencies of target test_flight_control[0m
[0.098s] [35m[1mConsolidate compiler generated dependencies of target debug_vect_advertiser[0m
[0.098s] [35m[1mConsolidate compiler generated dependencies of target vehicle_gps_position_listener[0m
[0.098s] [35m[1mConsolidate compiler generated dependencies of target offboard_control[0m
[0.100s] [35m[1mConsolidate compiler generated dependencies of target sensor_combined_listener[0m
[0.103s] [35m[1mConsolidate compiler generated dependencies of target frame_transforms[0m
[0.113s] [  7%] [32mBuilding CXX object CMakeFiles/pc_conv.dir/src/examples/listeners/pc_conv.cpp.o[0m
[0.129s] [ 42%] Built target offboard_control
[0.129s] [ 42%] Built target debug_vect_advertiser
[0.129s] [ 50%] Built target vehicle_gps_position_listener
[0.129s] [ 64%] Built target test_flight_control
[0.130s] [ 78%] Built target sensor_combined_listener
[0.168s] [ 92%] Built target frame_transforms
[0.554s] [01m[K/home/robmoemac/M-LADIS-sim/PX4 Aux/ws_sensor_combined/src/px4_ros_com/src/examples/listeners/pc_conv.cpp:5:10:[m[K [01;31m[Kfatal error: [m[K/sensor_msgs/msg/point_cloud2.hpp: No such file or directory
[0.554s]     5 | #include [01;31m[K</sensor_msgs/msg/point_cloud2.hpp>[m[K
[0.554s]       |          [01;31m[K^~~~~~~~~~~~~~~~~~~~~~~~~~~~~~~~~~~[m[K
[0.554s] compilation terminated.
[0.555s] gmake[2]: *** [CMakeFiles/pc_conv.dir/build.make:76: CMakeFiles/pc_conv.dir/src/examples/listeners/pc_conv.cpp.o] Error 1
[0.556s] gmake[1]: *** [CMakeFiles/Makefile2:305: CMakeFiles/pc_conv.dir/all] Error 2
[0.556s] gmake: *** [Makefile:146: all] Error 2
[0.557s] Invoked command in '/home/robmoemac/M-LADIS-sim/PX4 Aux/ws_sensor_combined/build/px4_ros_com' returned '2': AMENT_PREFIX_PATH=/home/robmoemac/M-LADIS-sim/PX4 Aux/ws_sensor_combined/install/px4_msgs:${AMENT_PREFIX_PATH} CMAKE_PREFIX_PATH=/home/robmoemac/M-LADIS-sim/PX4 Aux/ws_sensor_combined/install/px4_msgs:/opt/ros/humble LD_LIBRARY_PATH=/home/robmoemac/M-LADIS-sim/PX4 Aux/ws_sensor_combined/install/px4_msgs/lib:${LD_LIBRARY_PATH} PYTHONPATH=/home/robmoemac/M-LADIS-sim/PX4 Aux/ws_sensor_combined/install/px4_msgs/local/lib/python3.10/dist-packages:${PYTHONPATH} /usr/bin/cmake --build /home/robmoemac/M-LADIS-sim/PX4 Aux/ws_sensor_combined/build/px4_ros_com -- -j8 -l8
