-- The C compiler identification is GNU 11.4.0
-- The CXX compiler identification is GNU 11.4.0
-- Detecting C compiler ABI info
-- Detecting C compiler ABI info - done
-- Check for working C compiler: /usr/bin/cc - skipped
-- Detecting C compile features
-- Detecting C compile features - done
-- Detecting CXX compiler ABI info
-- Detecting CXX compiler ABI info - done
-- Check for working CXX compiler: /usr/bin/c++ - skipped
-- Detecting CXX compile features
-- Detecting CXX compile features - done
-- Found ament_cmake: 1.3.7 (/opt/ros/humble/share/ament_cmake/cmake)
-- Found Python3: /usr/bin/python3.10 (found version "3.10.12") found components: Interpreter 
-- Found builtin_interfaces: 1.2.1 (/opt/ros/humble/share/builtin_interfaces/cmake)
-- Found rosidl_generator_c: 3.1.5 (/opt/ros/humble/share/rosidl_generator_c/cmake)
-- Found rosidl_adapter: 3.1.5 (/opt/ros/humble/share/rosidl_adapter/cmake)
-- Found rosidl_generator_cpp: 3.1.5 (/opt/ros/humble/share/rosidl_generator_cpp/cmake)
-- Using all available rosidl_typesupport_c: rosidl_typesupport_fastrtps_c;rosidl_typesupport_introspection_c
-- Using all available rosidl_typesupport_cpp: rosidl_typesupport_fastrtps_cpp;rosidl_typesupport_introspection_cpp
-- Found eigen3_cmake_module: 0.1.1 (/opt/ros/humble/share/eigen3_cmake_module/cmake)
-- Found Eigen3: TRUE (found version "3.4.0") 
-- Found geometry_msgs: 4.2.3 (/opt/ros/humble/share/geometry_msgs/cmake)
-- Found px4_msgs: 2.0.1 (/home/robmoemac/M-LADIS-sim/PX4 Aux/ws_sensor_combined/install/px4_msgs/share/px4_msgs/cmake)
-- Found rclcpp: 16.0.8 (/opt/ros/humble/share/rclcpp/cmake)
-- Found rmw_implementation_cmake: 6.1.1 (/opt/ros/humble/share/rmw_implementation_cmake/cmake)
-- Found rmw_fastrtps_cpp: 6.2.6 (/opt/ros/humble/share/rmw_fastrtps_cpp/cmake)
-- Found OpenSSL: /usr/lib/x86_64-linux-gnu/libcrypto.so (found version "3.0.2")  
-- Found FastRTPS: /opt/ros/humble/include  
-- Using RMW implementation 'rmw_fastrtps_cpp' as default
-- Looking for pthread.h
-- Looking for pthread.h - found
-- Performing Test CMAKE_HAVE_LIBC_PTHREAD
-- Performing Test CMAKE_HAVE_LIBC_PTHREAD - Success
-- Found Threads: TRUE  
-- Found sensor_msgs: 4.2.3 (/opt/ros/humble/share/sensor_msgs/cmake)
-- Found ament_lint_auto: 0.12.10 (/opt/ros/humble/share/ament_lint_auto/cmake)
-- Added test 'copyright' to check source files copyright and LICENSE
-- Added test 'cppcheck' to perform static code analysis on C / C++ code
-- Configured cppcheck include dirs: /home/robmoemac/M-LADIS-sim/PX4 Aux/ws_sensor_combined/src/px4_ros_com/include;$<BUILD_INTERFACE:/home/robmoemac/M-LADIS-sim/PX4 Aux/ws_sensor_combined/src/px4_ros_com/include/px4_ros_com>
-- Configured cppcheck exclude dirs and/or files: 
-- Added test 'cpplint' to check C / C++ code against the Google style
-- Configured cpplint exclude dirs and/or files: 
-- Added test 'flake8' to check Python code syntax and style conventions
-- Added test 'lint_cmake' to check CMake code style
-- Added test 'pep257' to check Python code against some of the docstring style conventions in PEP 257
-- Added test 'uncrustify' to check C / C++ code style
-- Configured uncrustify additional arguments: 
-- Added test 'xmllint' to check XML markup files
-- Configuring done
-- Generating done
-- Build files have been written to: /home/robmoemac/M-LADIS-sim/PX4 Aux/ws_sensor_combined/build/px4_ros_com
[  7%] [32mBuilding CXX object CMakeFiles/sensor_combined_listener.dir/src/examples/listeners/sensor_combined_listener.cpp.o[0m
[ 14%] [32mBuilding CXX object CMakeFiles/vehicle_gps_position_listener.dir/src/examples/listeners/vehicle_gps_position_listener.cpp.o[0m
[ 28%] [32mBuilding CXX object CMakeFiles/debug_vect_advertiser.dir/src/examples/advertisers/debug_vect_advertiser.cpp.o[0m
[ 28%] [32mBuilding CXX object CMakeFiles/frame_transforms.dir/src/lib/frame_transforms.cpp.o[0m
[ 35%] [32mBuilding CXX object CMakeFiles/offboard_control.dir/src/examples/offboard/offboard_control.cpp.o[0m
[ 50%] [32mBuilding CXX object CMakeFiles/lidar_handoff.dir/src/examples/listeners/lidar_handoff.cpp.o[0m
[ 50%] [32mBuilding CXX object CMakeFiles/test_flight_control.dir/src/examples/offboard/test_flight_control.cpp.o[0m
[01m[K/home/robmoemac/M-LADIS-sim/PX4 Aux/ws_sensor_combined/src/px4_ros_com/src/examples/listeners/lidar_handoff.cpp:20:26:[m[K [01;31m[Kerror: [m[Kâ€˜[01m[Ksensor_msgs[m[Kâ€™ was not declared in this scope
   20 |     rclcpp::Subscription<[01;31m[Ksensor_msgs[m[K::msg::LaserScan>::SharedPtr lidar_sub_;
      |                          [01;31m[K^~~~~~~~~~~[m[K
[01m[K/home/robmoemac/M-LADIS-sim/PX4 Aux/ws_sensor_combined/src/px4_ros_com/src/examples/listeners/lidar_handoff.cpp:20:53:[m[K [01;31m[Kerror: [m[Ktemplate argument 1 is invalid
   20 |     rclcpp::Subscription<sensor_msgs::msg::LaserScan[01;31m[K>[m[K::SharedPtr lidar_sub_;
      |                                                     [01;31m[K^[m[K
[01m[K/home/robmoemac/M-LADIS-sim/PX4 Aux/ws_sensor_combined/src/px4_ros_com/src/examples/listeners/lidar_handoff.cpp:20:53:[m[K [01;31m[Kerror: [m[Ktemplate argument 3 is invalid
[01m[K/home/robmoemac/M-LADIS-sim/PX4 Aux/ws_sensor_combined/src/px4_ros_com/src/examples/listeners/lidar_handoff.cpp:20:53:[m[K [01;31m[Kerror: [m[Ktemplate argument 4 is invalid
[01m[K/home/robmoemac/M-LADIS-sim/PX4 Aux/ws_sensor_combined/src/px4_ros_com/src/examples/listeners/lidar_handoff.cpp:20:53:[m[K [01;31m[Kerror: [m[Ktemplate argument 5 is invalid
[01m[K/home/robmoemac/M-LADIS-sim/PX4 Aux/ws_sensor_combined/src/px4_ros_com/src/examples/listeners/lidar_handoff.cpp:20:56:[m[K [01;31m[Kerror: [m[Kexpected â€˜[01m[K;[m[Kâ€™ at end of member declaration
   20 |     rclcpp::Subscription<sensor_msgs::msg::LaserScan>::[01;31m[KSharedPtr[m[K lidar_sub_;
      |                                                        [01;31m[K^~~~~~~~~[m[K
      |                                                                 [32m[K;[m[K
[01m[K/home/robmoemac/M-LADIS-sim/PX4 Aux/ws_sensor_combined/src/px4_ros_com/src/examples/listeners/lidar_handoff.cpp:20:66:[m[K [01;31m[Kerror: [m[Kâ€˜[01m[Klidar_sub_[m[Kâ€™ does not name a type
   20 |     rclcpp::Subscription<sensor_msgs::msg::LaserScan>::SharedPtr [01;31m[Klidar_sub_[m[K;
      |                                                                  [01;31m[K^~~~~~~~~~[m[K
[01m[K/home/robmoemac/M-LADIS-sim/PX4 Aux/ws_sensor_combined/src/px4_ros_com/src/examples/listeners/lidar_handoff.cpp:21:23:[m[K [01;31m[Kerror: [m[Kâ€˜[01m[Ksensor_msgs[m[Kâ€™ was not declared in this scope
   21 |     rclcpp::Publisher<[01;31m[Ksensor_msgs[m[K::msg::LaserScan>::SharedPtr lidar_pub_;
      |                       [01;31m[K^~~~~~~~~~~[m[K
[01m[K/home/robmoemac/M-LADIS-sim/PX4 Aux/ws_sensor_combined/src/px4_ros_com/src/examples/listeners/lidar_handoff.cpp:21:50:[m[K [01;31m[Kerror: [m[Ktemplate argument 1 is invalid
   21 |     rclcpp::Publisher<sensor_msgs::msg::LaserScan[01;31m[K>[m[K::SharedPtr lidar_pub_;
      |                                                  [01;31m[K^[m[K
[01m[K/home/robmoemac/M-LADIS-sim/PX4 Aux/ws_sensor_combined/src/px4_ros_com/src/examples/listeners/lidar_handoff.cpp:21:53:[m[K [01;31m[Kerror: [m[Kexpected â€˜[01m[K;[m[Kâ€™ at end of member declaration
   21 |     rclcpp::Publisher<sensor_msgs::msg::LaserScan>::[01;31m[KSharedPtr[m[K lidar_pub_;
      |                                                     [01;31m[K^~~~~~~~~[m[K
      |                                                              [32m[K;[m[K
[01m[K/home/robmoemac/M-LADIS-sim/PX4 Aux/ws_sensor_combined/src/px4_ros_com/src/examples/listeners/lidar_handoff.cpp:21:53:[m[K [01;31m[Kerror: [m[Kredeclaration of â€˜[01m[Kint LidarSubscriber::SharedPtr[m[Kâ€™
[01m[K/home/robmoemac/M-LADIS-sim/PX4 Aux/ws_sensor_combined/src/px4_ros_com/src/examples/listeners/lidar_handoff.cpp:20:56:[m[K [01;36m[Knote: [m[Kprevious declaration â€˜[01m[Kint LidarSubscriber::SharedPtr[m[Kâ€™
   20 |     rclcpp::Subscription<sensor_msgs::msg::LaserScan>::[01;36m[KSharedPtr[m[K lidar_sub_;
      |                                                        [01;36m[K^~~~~~~~~[m[K
[01m[K/home/robmoemac/M-LADIS-sim/PX4 Aux/ws_sensor_combined/src/px4_ros_com/src/examples/listeners/lidar_handoff.cpp:21:63:[m[K [01;31m[Kerror: [m[Kâ€˜[01m[Klidar_pub_[m[Kâ€™ does not name a type
   21 |     rclcpp::Publisher<sensor_msgs::msg::LaserScan>::SharedPtr [01;31m[Klidar_pub_[m[K;
      |                                                               [01;31m[K^~~~~~~~~~[m[K
[01m[K/home/robmoemac/M-LADIS-sim/PX4 Aux/ws_sensor_combined/src/px4_ros_com/src/examples/listeners/lidar_handoff.cpp:[m[K In constructor â€˜[01m[KLidarSubscriber::LidarSubscriber()[m[Kâ€™:
[01m[K/home/robmoemac/M-LADIS-sim/PX4 Aux/ws_sensor_combined/src/px4_ros_com/src/examples/listeners/lidar_handoff.cpp:9:9:[m[K [01;31m[Kerror: [m[Kâ€˜[01m[Klidar_sub_[m[Kâ€™ was not declared in this scope
    9 |         [01;31m[Klidar_sub_[m[K = create_subscription<sensor_msgs::msg::LaserScan>(
      |         [01;31m[K^~~~~~~~~~[m[K
[01m[K/home/robmoemac/M-LADIS-sim/PX4 Aux/ws_sensor_combined/src/px4_ros_com/src/examples/listeners/lidar_handoff.cpp:9:42:[m[K [01;31m[Kerror: [m[Kâ€˜[01m[Ksensor_msgs[m[Kâ€™ was not declared in this scope
    9 |         lidar_sub_ = create_subscription<[01;31m[Ksensor_msgs[m[K::msg::LaserScan>(
      |                                          [01;31m[K^~~~~~~~~~~[m[K
[01m[K/home/robmoemac/M-LADIS-sim/PX4 Aux/ws_sensor_combined/src/px4_ros_com/src/examples/listeners/lidar_handoff.cpp:9:22:[m[K [01;31m[Kerror: [m[Kparse error in template argument list
    9 |         lidar_sub_ = [01;31m[Kcreate_subscription<sensor_msgs::msg::LaserScan>[m[K(
      |                      [01;31m[K^~~~~~~~~~~~~~~~~~~~~~~~~~~~~~~~~~~~~~~~~~~~~~~~[m[K
[01m[K/home/robmoemac/M-LADIS-sim/PX4 Aux/ws_sensor_combined/src/px4_ros_com/src/examples/listeners/lidar_handoff.cpp:12:26:[m[K [01;31m[Kerror: [m[Kâ€˜[01m[Ksensor_msgs[m[Kâ€™ does not name a type
   12 |             [this](const [01;31m[Ksensor_msgs[m[K::msg::LaserScan::SharedPtr msg) {
      |                          [01;31m[K^~~~~~~~~~~[m[K
[01m[K/home/robmoemac/M-LADIS-sim/PX4 Aux/ws_sensor_combined/src/px4_ros_com/src/examples/listeners/lidar_handoff.cpp:[m[K In lambda function:
[01m[K/home/robmoemac/M-LADIS-sim/PX4 Aux/ws_sensor_combined/src/px4_ros_com/src/examples/listeners/lidar_handoff.cpp:14:15:[m[K [01;31m[Kerror: [m[Kexpected â€˜[01m[K{[m[Kâ€™ before â€˜[01m[K;[m[Kâ€™ token
   14 |             })[01;31m[K;[m[K
      |               [01;31m[K^[m[K
[01m[K/home/robmoemac/M-LADIS-sim/PX4 Aux/ws_sensor_combined/src/px4_ros_com/src/examples/listeners/lidar_handoff.cpp:[m[K In constructor â€˜[01m[KLidarSubscriber::LidarSubscriber()[m[Kâ€™:
[01m[K/home/robmoemac/M-LADIS-sim/PX4 Aux/ws_sensor_combined/src/px4_ros_com/src/examples/listeners/lidar_handoff.cpp:14:15:[m[K [01;31m[Kerror: [m[Kexpected â€˜[01m[K)[m[Kâ€™ before â€˜[01m[K;[m[Kâ€™ token
[01m[K/home/robmoemac/M-LADIS-sim/PX4 Aux/ws_sensor_combined/src/px4_ros_com/src/examples/listeners/lidar_handoff.cpp:9:70:[m[K [01;36m[Knote: [m[Kto match this â€˜[01m[K([m[Kâ€™
    9 |         lidar_sub_ = create_subscription<sensor_msgs::msg::LaserScan>[01;36m[K([m[K
      |                                                                      [01;36m[K^[m[K
[01m[K/home/robmoemac/M-LADIS-sim/PX4 Aux/ws_sensor_combined/src/px4_ros_com/src/examples/listeners/lidar_handoff.cpp:16:9:[m[K [01;31m[Kerror: [m[Kâ€˜[01m[Klidar_pub_[m[Kâ€™ was not declared in this scope
   16 |         [01;31m[Klidar_pub_[m[K = create_publisher<sensor_msgs::msg::LaserScan>("lidar", 10);
      |         [01;31m[K^~~~~~~~~~[m[K
[01m[K/home/robmoemac/M-LADIS-sim/PX4 Aux/ws_sensor_combined/src/px4_ros_com/src/examples/listeners/lidar_handoff.cpp:16:22:[m[K [01;31m[Kerror: [m[Kparse error in template argument list
   16 |         lidar_pub_ = [01;31m[Kcreate_publisher<sensor_msgs::msg::LaserScan>[m[K("lidar", 10);
      |                      [01;31m[K^~~~~~~~~~~~~~~~~~~~~~~~~~~~~~~~~~~~~~~~~~~~~[m[K
[01m[K/home/robmoemac/M-LADIS-sim/PX4 Aux/ws_sensor_combined/src/px4_ros_com/src/examples/listeners/lidar_handoff.cpp:16:67:[m[K [01;31m[Kerror: [m[Kno matching function for call to â€˜[01m[KLidarSubscriber::create_publisher<sensor_msgs>(const char [6], int)[m[Kâ€™
   16 |         lidar_pub_ = [01;31m[Kcreate_publisher<sensor_msgs::msg::LaserScan>("lidar", 10)[m[K;
      |                      [01;31m[K~~~~~~~~~~~~~~~~~~~~~~~~~~~~~~~~~~~~~~~~~~~~~^~~~~~~~~~~~~[m[K
In file included from [01m[K/opt/ros/humble/include/rclcpp/rclcpp/executors/single_threaded_executor.hpp:28[m[K,
                 from [01m[K/opt/ros/humble/include/rclcpp/rclcpp/executors.hpp:22[m[K,
                 from [01m[K/opt/ros/humble/include/rclcpp/rclcpp/rclcpp.hpp:155[m[K,
                 from [01m[K/home/robmoemac/M-LADIS-sim/PX4 Aux/ws_sensor_combined/src/px4_ros_com/src/examples/listeners/lidar_handoff.cpp:1[m[K:
[01m[K/opt/ros/humble/include/rclcpp/rclcpp/node.hpp:195:3:[m[K [01;36m[Knote: [m[Kcandidate: â€˜[01m[Ktemplate<class MessageT, class AllocatorT, class PublisherT> std::shared_ptr<PublisherT> rclcpp::Node::create_publisher(const string&, const rclcpp::QoS&, const rclcpp::PublisherOptionsWithAllocator<AllocatorT>&)[m[Kâ€™
  195 |   [01;36m[Kcreate_publisher[m[K(
      |   [01;36m[K^~~~~~~~~~~~~~~~[m[K
[01m[K/opt/ros/humble/include/rclcpp/rclcpp/node.hpp:195:3:[m[K [01;36m[Knote: [m[K  template argument deduction/substitution failed:
gmake[2]: *** [CMakeFiles/lidar_handoff.dir/build.make:76: CMakeFiles/lidar_handoff.dir/src/examples/listeners/lidar_handoff.cpp.o] Error 1
gmake[1]: *** [CMakeFiles/Makefile2:305: CMakeFiles/lidar_handoff.dir/all] Error 2
gmake[1]: *** Waiting for unfinished jobs....
[ 57%] [32m[1mLinking CXX executable debug_vect_advertiser[0m
[ 64%] [32m[1mLinking CXX executable test_flight_control[0m
[ 64%] Built target debug_vect_advertiser
[ 64%] Built target test_flight_control
[ 71%] [32m[1mLinking CXX shared library libframe_transforms.so[0m
[ 71%] Built target frame_transforms
[ 78%] [32m[1mLinking CXX executable sensor_combined_listener[0m
[ 85%] [32m[1mLinking CXX executable vehicle_gps_position_listener[0m
[ 85%] Built target sensor_combined_listener
[ 85%] Built target vehicle_gps_position_listener
[ 92%] [32m[1mLinking CXX executable offboard_control[0m
[ 92%] Built target offboard_control
gmake: *** [Makefile:146: all] Error 2
